K Run Tem Iterate    Move%     Time        CurrentLogL           BestLogL     Fst1     Fst2     Fst3     Fst4     Fst5     Fst6     Fst7     Fst8     Fis1     Fis2     Fis3     Fis4     Fis5     Fis6     Fis7     Fis8
8   6   1       0   1.0000 27:58:12 -4.31543478050E+05 -4.31543478050E+05 -0.22417  0.16816 -0.10054  0.04729  0.14998  0.07692  0.06557 -0.15869 -0.13299 -0.19532 -0.13046 -0.08480 -0.16976 -0.15220 -0.11168 -0.09792
8   6   1     100   1.9802 27:58:12 -4.22470819017E+05 -4.22470819017E+05 -0.22417  0.16816 -0.10054  0.04729  0.14998  0.07692  0.06557 -0.15869 -0.13299 -0.19532 -0.13046 -0.08480 -0.16976 -0.15220 -0.11168 -0.09792
8   6   1     200  32.8358 27:58:12 -3.93089504103E+05 -3.93089504103E+05 -0.22417  0.07692  0.16816  0.06557 -0.10054 -0.15869  0.14998  0.04729 -0.13299 -0.15220 -0.19532 -0.11168 -0.13046 -0.09792 -0.16976 -0.08480
8   6   1     400  40.8978 28:58:12 -3.67445621546E+05 -3.67445621546E+05  0.14998  0.16816  0.07692  0.06557  0.04729 -0.22417 -0.15869 -0.10054 -0.16976 -0.19532 -0.15220 -0.11168 -0.08480 -0.13299 -0.09792 -0.13046
8   6   1     800  32.5843 28:58:12 -3.68093690346E+05 -3.65402269494E+05  0.16816  0.07692  0.04729  0.14998 -0.22417 -0.15869  0.06557 -0.10054 -0.19532 -0.15220 -0.08480 -0.16976 -0.13299 -0.09792 -0.11168 -0.13046
8   6   1    1600  37.3517 28:58:12 -3.68643374784E+05 -3.65393108282E+05  0.16816  0.06557  0.07692 -0.22417  0.04729  0.14998 -0.15869 -0.10054 -0.19532 -0.11168 -0.15220 -0.13299 -0.08480 -0.16976 -0.09792 -0.13046
8   6   1    3200  40.4249 28:58:12 -3.65931972070E+05 -3.60315785339E+05  0.16816  0.04729  0.07692 -0.22417 -0.10054 -0.15869  0.14998  0.06557 -0.19532 -0.08480 -0.15220 -0.13299 -0.13046 -0.09792 -0.16976 -0.11168
8   6   2    6400  45.4256 31:58:12 -3.63957395700E+05 -3.60315785339E+05  0.07692  0.16816  0.04729  0.14998 -0.15869 -0.10054 -0.22417  0.06557 -0.15220 -0.19532 -0.08480 -0.16976 -0.09792 -0.13046 -0.13299 -0.11168
8   6   3   10000  29.6549 34:58:12 -3.62872028737E+05 -3.57394442958E+05 -0.10223  0.41394  0.29106  0.48843  0.52552 -0.09427  0.27817  0.44278 -0.91930 -0.21917 -0.15971 -0.22818 -0.88116 -0.70917 -0.22032 -0.61761
8   6   3   30000  28.9966 38:58:12 -3.63121445618E+05 -3.56988661911E+05  0.42400  0.27007 -0.12110  1.00000  1.00000  1.00000  0.51746  1.00000 -0.21915 -0.19092 -0.88937  0.00000  0.00000  0.00000 -0.88116  0.00000
8   6   4   35000  22.3808 42:58:12 -3.63022262031E+05 -3.56988661911E+05  0.44989  0.27038 -0.12183  1.00000  1.00000  1.00000  0.38701  1.00000 -0.23331 -0.19699 -0.88937  0.00000  0.00000  0.00000 -0.47352  0.00000
8   6   4   40000  24.5596 45:58:12 -3.58827879382E+05 -3.56988661911E+05  0.44989  0.27038  1.00000  1.00000 -0.12183  1.00000  0.38701  1.00000 -0.23331 -0.19699  0.00000  0.00000 -0.88937  0.00000 -0.47352  0.00000
8   6   4   45000  25.8706 48:58:12 -3.61543696775E+05 -3.56946268864E+05  0.28253  0.32503  1.00000  1.00000  1.00000  1.00000 -0.10562  0.38559 -0.22401 -0.19931  0.00000  0.00000  0.00000  0.00000 -0.92877 -0.19683
8   6   4   55000  25.5085 53:58:12 -3.61110517413E+05 -3.56946268864E+05  0.34617  0.28612  1.00000  1.00000  1.00000 -0.10000  0.42583  1.00000 -0.17587 -0.21321  0.00000  0.00000  0.00000 -0.88500 -0.54674  0.00000
8   6   4   60000  25.9589 55:58:12 -3.60407841491E+05 -3.56842426816E+05  0.39507  0.34884  0.00147  1.00000  0.56901  1.00000 -0.00912  1.00000 -0.20063 -0.18859 -0.90973  0.00000 -0.88116  0.00000 -0.88080  0.00000
8   6   6   95000  27.0476 57:58:12 -3.57492001832E+05 -3.56624465422E+05  1.00000  1.00000  0.35902  1.00000  0.24518 -0.16665  0.40568  0.49786  0.00000  0.00000 -0.23667  0.00000 -0.22611 -0.88937 -0.56726 -0.88116
8   6   6  130000  12.7930 59:58:12 -3.51567502776E+05 -3.49524670129E+05  0.33791  1.00000  0.19337  0.37456  0.51594 -0.24431  0.38806  0.32008 -0.22904  0.00000 -0.25772 -0.41540 -0.90634 -0.88937 -0.36320 -0.47352
8   6   7  147079  12.1000 00:59:12 -3.53688960455E+05 -3.48888150932E+05  0.29057  0.36462  0.36974  0.50837 -0.26377  0.18516  0.31481  0.45605 -0.21786 -0.39855 -0.43686 -0.90634 -0.88937 -0.25845 -0.31349 -0.88116
8   6   7  160000  10.7980 01:59:12 -3.52598624784E+05 -3.48888150932E+05  0.39868  0.29898  0.45814  0.57733 -0.08306  1.00000 -0.08863  0.40630 -0.21376 -0.23645 -0.43686 -0.90634 -0.91589  0.00000 -0.87212 -0.47352
8   6   8  170129   4.8000 01:59:12 -3.52065393192E+05 -3.48888150932E+05  0.32161  0.21689  0.52823 -0.21272  0.39520  1.00000  1.00000  0.37059 -0.20057 -0.23950 -0.90634 -0.88937 -0.43686  0.00000  0.00000 -0.55358
8   6   8  190000   5.7098 03:59:12 -3.49482226088E+05 -3.48738772212E+05  0.31201  1.00000  0.20350  0.38232  0.51818 -0.23856  0.37730  0.35718 -0.20682  0.00000 -0.28088 -0.43686 -0.90634 -0.88937 -0.39855 -0.55358
8   6   8  225000   8.4278 05:59:12 -3.48392380358E+05 -3.47662212452E+05  0.28538 -0.26244  0.18835  0.37040  0.50889  0.53700  0.36529  0.31017 -0.20160 -0.88937 -0.28412 -0.43686 -0.90634 -0.83914 -0.39855 -0.47352
8   6   9  227138   4.4000 05:59:12 -3.49312312183E+05 -3.47662212452E+05  0.28538  0.18835  0.37040  0.50889  0.53700  0.36529  0.31017 -0.26244 -0.20160 -0.28412 -0.43686 -0.90634 -0.83914 -0.39855 -0.47352 -0.88937
8   6   9  255000   7.5801 07:59:12 -3.48508760327E+05 -3.47181559647E+05  1.00000  0.19557  0.33232  0.51701  0.38081 -0.24157  0.37578  0.35562  0.00000 -0.25476 -0.22382 -0.90634 -0.43686 -0.88937 -0.39855 -0.55358
8   6  10  258509   3.2000 07:59:12 -3.49348831509E+05 -3.47181559647E+05  0.34073  0.17991  0.37224  0.51032 -0.25876  0.34923  0.31219  0.23800 -0.22553 -0.32735 -0.43686 -0.90634 -0.88937 -0.37518 -0.47352 -0.22821
8   6  11  271204   4.0000 08:59:12 -3.47163408668E+05 -3.47001244426E+05  0.34732  0.22562  0.18170  0.37066  0.50909 -0.26193  0.36554  0.31045 -0.22811 -0.23087 -0.32292 -0.43686 -0.90634 -0.88937 -0.39855 -0.47352
8   6  11  285000   5.9616 09:59:12 -3.48063689655E+05 -3.47001244426E+05  0.34772  0.23541  0.17973  0.37115  0.50947 -0.26094  0.36604  0.31099 -0.23513 -0.22757 -0.32875 -0.43686 -0.90634 -0.88937 -0.39855 -0.47352
8   6  12  295563   3.9000 09:59:12 -3.47250957253E+05 -3.47001244426E+05  0.35623  0.23608  0.17894  0.37138  0.50965 -0.26048  0.34834  0.31124 -0.23056 -0.22250 -0.31971 -0.43686 -0.90634 -0.88937 -0.37518 -0.47352
8   6  13  309496   3.9000 10:59:12 -3.47790389238E+05 -3.47001244426E+05  0.36209  0.22317  0.18038  0.37017  0.50871 -0.26291  0.36505  0.30992 -0.23911 -0.23741 -0.31808 -0.43686 -0.90634 -0.88937 -0.39855 -0.47352
8   6  13  315000   3.3034 13:59:12 -3.47354732870E+05 -3.47001244426E+05  0.34853  0.23627  0.18450  0.37301  0.51092 -0.25721  0.36792  0.45888 -0.23217 -0.22505 -0.33851 -0.43686 -0.90634 -0.88937 -0.39855 -0.88116
8   6  14  345000   3.1616 15:59:12 -3.47304553103E+05 -3.47001244426E+05  0.37138  0.23564  0.18232  0.37076  0.50917 -0.26173  0.34769  0.31056 -0.24161 -0.22617 -0.33451 -0.43686 -0.90634 -0.88937 -0.37518 -0.47352
8   6  15  348387   2.5000 15:59:12 -3.47130602482E+05 -3.47001244426E+05  0.37138  0.23564  0.18232  0.37076  0.50917 -0.26173  0.34769  0.31056 -0.24161 -0.22617 -0.33451 -0.43686 -0.90634 -0.88937 -0.37518 -0.47352
8   6  15  365000   2.3043 17:59:12 -3.47325552928E+05 -3.47001244426E+05  0.38736  0.23173  0.18377  0.36929  0.50802 -0.26468  0.36416  0.30895 -0.24750 -0.22505 -0.31989 -0.43686 -0.90634 -0.88937 -0.39855 -0.47352
8   6  16  372640   1.5000 17:59:12 -3.47231329614E+05 -3.47001244426E+05  0.36473  0.23269  0.18184  0.37007  0.50863 -0.26310  0.36495  0.30981 -0.24030 -0.22505 -0.32983 -0.43686 -0.90634 -0.88937 -0.39855 -0.47352
8   6  17  388109   1.0000 18:59:12 -3.47021882898E+05 -3.47001244426E+05  0.38309  0.23503  0.18380  0.37026  0.50878 -0.26273  0.34717  0.31001 -0.24435 -0.22617 -0.32566 -0.43686 -0.90634 -0.88937 -0.37518 -0.47352
8   6  17  395000   1.7047 19:59:12 -3.47109964009E+05 -3.47001244426E+05  0.37082  0.23495  0.17937  0.37020  0.50873 -0.26286  0.36508  0.30994 -0.24161 -0.22617 -0.32713 -0.43686 -0.90634 -0.88937 -0.39855 -0.47352
8   6  18  420000   1.2818 22:59:12 -3.47129545514E+05 -3.47001244426E+05  0.37066  0.23265  0.18138  0.37004  0.50861 -0.26316  0.36492  0.30978 -0.24161 -0.22505 -0.33451 -0.43686 -0.90634 -0.88937 -0.39855 -0.47352
8   6  19  428316   1.3000 22:59:12 -3.47001244426E+05 -3.47001244426E+05  0.37765  0.23534  0.18307  0.37051  0.50897 -0.26222  0.34743  0.31029 -0.24390 -0.22617 -0.33012 -0.43686 -0.90634 -0.88937 -0.37518 -0.47352
8   6  19  450000   1.0849 24:59:12 -3.47102520601E+05 -3.47001244426E+05  0.37694  0.23234  0.18213  0.36979  0.50841 -0.26367  0.36467  0.30950 -0.24390 -0.22505 -0.33012 -0.43686 -0.90634 -0.88937 -0.39855 -0.47352
8   6  20  453235   1.6000 24:59:12 -3.47021882898E+05 -3.47001244426E+05  0.37694  0.23234  0.18213  0.36979  0.50841 -0.26367  0.36467  0.30950 -0.24390 -0.22505 -0.33012 -0.43686 -0.90634 -0.88937 -0.39855 -0.47352
8   6  21  470000   0.4975 26:59:12 -3.47181559647E+05 -3.47001244426E+05  0.37765  0.23534  0.18307  0.37051  0.50897 -0.26222  0.34743  0.31029 -0.24390 -0.22617 -0.33012 -0.43686 -0.90634 -0.88937 -0.37518 -0.47352
8   6  21  470352   0.8000 26:59:12 -3.47124110895E+05 -3.47001244426E+05  0.37765  0.23534  0.18307  0.37051  0.50897 -0.26222  0.34743  0.31029 -0.24390 -0.22617 -0.33012 -0.43686 -0.90634 -0.88937 -0.37518 -0.47352
8   6  22  495418   0.9000 27:59:12 -3.47007630807E+05 -3.47001244426E+05  0.37694  0.23234  0.18213  0.36979  0.50841 -0.26367  0.36467  0.30950 -0.24390 -0.22505 -0.33012 -0.43686 -0.90634 -0.88937 -0.39855 -0.47352
8   6  22  500000   0.6843 28:59:12 -3.47007630807E+05 -3.47001244426E+05  0.37765  0.23534  0.18307  0.37051  0.50897 -0.26222  0.34743  0.31029 -0.24390 -0.22617 -0.33012 -0.43686 -0.90634 -0.88937 -0.37518 -0.47352
8   6 200  514821   0.0000 29:59:12 -3.47001244426E+05 -3.47001244426E+05  0.37066  0.23265  0.18138  0.37004  0.50861 -0.26316  0.36492  0.30978 -0.24161 -0.22505 -0.33451 -0.43686 -0.90634 -0.88937 -0.39855 -0.47352
