K Run Tem Iterate    Move%     Time        CurrentLogL           BestLogL     Fst1     Fst2     Fst3     Fst4     Fst5     Fst6     Fst7     Fst8     Fst9     Fis1     Fis2     Fis3     Fis4     Fis5     Fis6     Fis7     Fis8     Fis9
9   9   1       0   1.0000 39:13:13 -4.35507127993E+05 -4.35507127993E+05  0.18287  0.06785 -0.06224  0.18957 -0.20689 -0.06119 -0.12568  0.06752 -0.01346 -0.14179 -0.10891 -0.14740 -0.21143 -0.10661 -0.08688 -0.17618 -0.06101 -0.17790
9   9   1     100   1.9417 39:13:13 -4.35057368838E+05 -4.35057368838E+05  0.18287  0.06785 -0.06224  0.18957 -0.20689 -0.06119 -0.12568  0.06752 -0.01346 -0.14179 -0.10891 -0.14740 -0.21143 -0.10661 -0.08688 -0.17618 -0.06101 -0.17790
9   9   1     200  36.4532 39:13:13 -4.01974016852E+05 -4.01974016852E+05  0.18957  0.06752  0.06785 -0.20689 -0.06119  0.18287 -0.12568 -0.01346 -0.06224 -0.21143 -0.06101 -0.10891 -0.10661 -0.08688 -0.14179 -0.17618 -0.17790 -0.14740
9   9   1     400  44.9132 39:13:13 -3.82698280122E+05 -3.82283174315E+05  0.18957 -0.12568  0.06785  0.06752 -0.20689 -0.06224 -0.06119 -0.01346  0.18287 -0.21143 -0.17618 -0.10891 -0.06101 -0.10661 -0.14740 -0.08688 -0.17790 -0.14179
9   9   1     800  44.7073 39:13:13 -3.66231894232E+05 -3.64986024026E+05  0.18957  0.06785 -0.01346 -0.06119 -0.20689  0.18287  0.06752 -0.12568 -0.06224 -0.21143 -0.10891 -0.17790 -0.08688 -0.10661 -0.14179 -0.06101 -0.17618 -0.14740
9   9   1    1600  36.6188 39:13:13 -3.64382341078E+05 -3.62980668429E+05  0.18957  0.06785 -0.06119  0.06752  0.18287 -0.20689 -0.01346 -0.12568 -0.06224 -0.21143 -0.10891 -0.08688 -0.06101 -0.14179 -0.10661 -0.17790 -0.17618 -0.14740
9   9   1    3200  34.0306 39:13:13 -3.58848361699E+05 -3.57358674409E+05 -0.12568 -0.20689  0.18287  0.18957  0.06785 -0.06119  0.06752 -0.01346 -0.06224 -0.17618 -0.10661 -0.14179 -0.21143 -0.10891 -0.08688 -0.06101 -0.17790 -0.14740
9   9   1    6400  33.6717 39:13:13 -3.62893452668E+05 -3.55876946374E+05 -0.20689 -0.12568  0.06785  0.18957 -0.06119  0.06752  0.18287 -0.01346 -0.06224 -0.10661 -0.17618 -0.10891 -0.21143 -0.08688 -0.06101 -0.14179 -0.17790 -0.14740
9   9   1   12800  33.7421 43:13:13 -3.65579783267E+05 -3.55876946374E+05  1.00000  0.43254  0.44525  0.56563 -0.12107 -0.11418  0.27695  0.27973  0.36439  0.00000 -0.44575 -0.24915 -0.90634 -0.88405 -0.89195 -0.20391 -0.24327 -0.34252
9   9   1   15000  33.7399 45:13:13 -3.62060166034E+05 -3.55876946374E+05  0.44525  0.27973  0.43254  0.56563 -0.12107  0.27695 -0.11418  1.00000  0.36439 -0.24915 -0.24327 -0.44575 -0.90634 -0.88405 -0.20391 -0.89195  0.00000 -0.34252
9   9   2   25600  35.2354 46:13:13 -3.64825968250E+05 -3.55876946374E+05  0.35894  1.00000  0.28754  0.56973 -0.10375  0.30419  0.29764 -0.10733  0.39563 -0.18804  0.00000 -0.26077 -0.90634 -0.84289 -0.20844 -0.03931 -0.91229 -0.47352
9   9   2   30000  34.6777 49:13:13 -3.62421447120E+05 -3.55876946374E+05  0.35894  0.28754  0.56973  0.29764 -0.10733  1.00000  0.30419 -0.10375  0.39563 -0.18804 -0.26077 -0.90634 -0.03931 -0.91229  0.00000 -0.20844 -0.84289 -0.47352
9   9   2   35000  31.6793 52:13:13 -3.61446992386E+05 -3.55876946374E+05  0.37607  0.27156  0.56477 -0.11721  1.00000  0.46066  0.43006 -0.11954  0.51846 -0.20847 -0.20690 -0.90634 -0.90367  0.00000 -0.50702 -0.56726 -0.88523 -0.88116
9   9   2   50000  31.4239 57:13:13 -3.60989541530E+05 -3.55741047972E+05  0.32988  0.41019  0.55820  0.49823 -0.12720 -0.13726  0.26511  0.42864  0.21749 -0.18992 -0.55358 -0.67149 -0.66302 -0.96253 -0.87920 -0.23404 -0.39855 -0.12319
9   9   3   51200  40.7407 58:13:13 -3.59888009184E+05 -3.55741047972E+05  0.36048  1.00000  0.33698  0.30477  0.58259 -0.07327  1.00000 -0.07162  0.53818 -0.17931  0.00000 -0.20845 -0.24404 -0.90634 -0.88032  0.00000 -0.94732 -0.88116
9   9   3   60000  23.9646 59:13:13 -3.58753084827E+05 -3.55741047972E+05  1.00000  0.22427  0.53400  0.17934  1.00000 -0.19791  1.00000  0.48440  0.31861  0.00000 -0.19464 -0.90634 -0.40595  0.00000 -0.88937  0.00000 -0.88116 -0.21909
9   9   3   70000  23.5027 03:14:13 -3.62200166994E+05 -3.55741047972E+05  0.31532  1.00000  0.24131  0.54525  1.00000 -0.16888  1.00000  1.00000  0.49685 -0.18951  0.00000 -0.21814 -0.90634  0.00000 -0.90159  0.00000  0.00000 -0.88116
9   9   3   75000  23.1916 05:14:13 -3.62743802431E+05 -3.55741047972E+05  0.31532  0.24131  0.54525  1.00000  1.00000  1.00000  0.49685  1.00000 -0.16888 -0.18951 -0.21814 -0.90634  0.00000  0.00000  0.00000 -0.88116  0.00000 -0.90159
9   9   5  102400  14.1106 06:14:13 -3.55156619863E+05 -3.52153553656E+05  0.30527  0.17258  1.00000  0.50123  0.50285 -0.27796  0.33930  0.49095  0.30169 -0.21075 -0.25503  0.00000 -0.72747 -0.90634 -0.88937 -0.37518 -0.87135 -0.47352
9   9   5  110000  12.3450 07:14:13 -3.54583008578E+05 -3.52032349538E+05  0.31362  0.16445  0.49902  0.49738 -0.28782  0.33420  0.43120  0.44570  0.34395 -0.22320 -0.24994 -0.90634 -0.72747 -0.88937 -0.37518 -0.67994 -0.88116 -0.56726
9   9   5  140000  11.4431 09:14:13 -3.53644530213E+05 -3.51343793911E+05  1.00000  0.29044  0.38639  0.51800 -0.23903  0.37334  1.00000  0.20262  0.32297  0.00000 -0.20028 -0.45840 -0.90634 -0.88937 -0.43208  0.00000 -0.25800 -0.47352
9   9   6  152392   8.4000 09:14:13 -3.53209751869E+05 -3.51343793911E+05  0.29258  0.17561  0.50123  0.50286 -0.27795  0.35749  0.49096  1.00000  0.30170 -0.20883 -0.26163 -0.72747 -0.90634 -0.88937 -0.39855 -0.87135  0.00000 -0.47352
9   9   7  171192   5.3000 10:14:13 -3.52705069023E+05 -3.51343793911E+05  0.32123  0.16423  0.49718  0.49882 -0.28833  0.33394  0.43097  0.26265  0.29603 -0.22716 -0.27321 -0.72747 -0.90634 -0.88937 -0.37518 -0.67994 -0.24539 -0.47352
9   9   7  175000   8.7633 11:14:13 -3.52411073492E+05 -3.50564175461E+05  0.32123  0.16423  0.26265  0.49718  0.49882 -0.28833  0.33394  0.43097  0.29603 -0.22716 -0.27321 -0.24539 -0.72747 -0.90634 -0.88937 -0.37518 -0.67994 -0.47352
9   9   8  210000   4.1131 13:14:13 -3.51920667627E+05 -3.50503798677E+05  0.31030  0.17258  0.50093  0.50255 -0.27542  0.35710  0.43521  0.30127  1.00000 -0.21710 -0.26239 -0.72747 -0.90634 -0.89200 -0.39855 -0.67994 -0.47352  0.00000
9   9   8  210171   3.7000 13:14:13 -3.51847793489E+05 -3.50503798677E+05  0.31030  0.17258  0.50093  0.50255 -0.27542  0.35710  0.43521  0.30127  1.00000 -0.21710 -0.26239 -0.72747 -0.90634 -0.89200 -0.39855 -0.67994 -0.47352  0.00000
9   9   9  227901   9.3000 14:14:13 -3.51623277847E+05 -3.50259052363E+05  0.31582  0.20687  0.15345  0.49570  0.49735 -0.29212  0.35037  0.48531  0.29396 -0.22192 -0.23386 -0.32369 -0.72747 -0.90634 -0.88937 -0.39855 -0.87135 -0.47352
9   9   9  245000   8.8824 15:14:13 -3.50863939780E+05 -3.50259052363E+05  0.35903  0.20758  0.16139  0.49470  0.49635 -0.29467  0.34908  0.42817  0.29256 -0.24391 -0.22572 -0.31898 -0.72747 -0.90634 -0.88937 -0.39855 -0.67994 -0.47352
9   9  10  275781   9.1000 16:14:13 -3.50722786555E+05 -3.50069103603E+05  0.35091  0.16035  0.20409  0.49425  0.49590 -0.29584  0.36273  0.48383  0.29192 -0.24380 -0.32050 -0.21545 -0.72747 -0.90634 -0.88937 -0.36320 -0.87135 -0.47352
9   9  10  280000   7.2730 17:14:13 -3.50923910024E+05 -3.50069103603E+05  0.33816  0.20614  0.16257  0.49501  0.49666 -0.29388  0.34948  0.42852  0.29300 -0.23924 -0.23059 -0.33846 -0.72747 -0.90634 -0.88937 -0.39855 -0.67994 -0.47352
9   9  10  315000   6.4539 19:14:13 -3.51106388802E+05 -3.49987514078E+05  0.33374  0.21067  0.16115  0.49590  0.49755 -0.29160  0.35063  0.48552  0.32966 -0.23648 -0.22401 -0.31379 -0.72747 -0.90634 -0.88937 -0.39855 -0.87135 -0.55358
9   9  11  317380   4.3000 19:14:13 -3.50290771595E+05 -3.49987514078E+05  0.33374  0.21067  0.16115  0.49590  0.49755 -0.29160  0.35063  0.48552  0.32966 -0.23648 -0.22401 -0.31379 -0.72747 -0.90634 -0.88937 -0.39855 -0.87135 -0.55358
9   9  11  350000   4.7731 21:14:13 -3.50699502296E+05 -3.49899531343E+05  0.37666  0.22923  0.18232  0.36951  0.50819 -0.26423  0.36439  1.00000  0.30920 -0.24390 -0.22821 -0.32620 -0.43686 -0.90634 -0.88937 -0.39855  0.00000 -0.47352
9   9  12  356396   4.0000 21:14:13 -3.50569598730E+05 -3.49899531343E+05  0.34784  0.24169  0.17645  0.37149  0.50973 -0.25702  0.36638  1.00000  0.31136 -0.23066 -0.24159 -0.31139 -0.43686 -0.90634 -0.89200 -0.39855  0.00000 -0.47352
9   9  12  380000   4.5237 23:14:13 -3.49904982160E+05 -3.49221233455E+05  0.36366  0.35601  0.17248  0.22287  0.36303  0.50314 -0.27722  0.35786  0.30210 -0.24161 -0.40117 -0.33422 -0.23870 -0.43686 -0.90634 -0.88937 -0.39855 -0.47352
9   9  12  415000   3.4391 25:14:13 -3.49983045095E+05 -3.49216120097E+05  0.32889  0.25424  0.16937  0.25990  0.36425  0.50409 -0.27479  0.37308  0.30342 -0.22110 -0.20134 -0.36312 -0.32801 -0.43686 -0.90634 -0.88937 -0.36320 -0.47352
9   9  13  421308   2.3000 25:14:13 -3.49460216204E+05 -3.49216120097E+05  0.35010  0.25385  0.17237  0.26239  0.36392  0.50383 -0.27545  0.35875  0.30306 -0.24542 -0.20134 -0.32352 -0.33139 -0.43686 -0.90634 -0.88937 -0.39855 -0.47352
9   9  14  429737   3.4000 26:14:13 -3.49739890852E+05 -3.49216120097E+05  0.36218  0.25360  0.17121  0.26499  0.36370  0.50366 -0.27588  0.35853  0.30283 -0.23990 -0.20134 -0.32638 -0.33721 -0.43686 -0.90634 -0.88937 -0.39855 -0.47352
9   9  14  445000   1.7572 27:14:13 -3.49323461453E+05 -3.49216120097E+05  0.37063  0.25326  0.17385  0.25893  0.36341  0.50344 -0.27646  0.35824  0.30251 -0.24390 -0.20134 -0.33012 -0.32801 -0.43686 -0.90634 -0.88937 -0.39855 -0.47352
9   9  15  455290   1.1000 27:14:13 -3.49508479153E+05 -3.49216120097E+05  0.34674  0.25393  0.17395  0.25960  0.36398  0.50388 -0.27532  0.35881  0.30314 -0.23519 -0.20134 -0.34289 -0.32801 -0.43686 -0.90634 -0.88937 -0.39855 -0.47352
9   9  15  475000   1.5507 29:14:13 -3.49381244996E+05 -3.49216120097E+05  0.36260  0.25409  0.17398  0.26547  0.36412  0.50399 -0.27504  0.34081  0.30329 -0.23990 -0.20134 -0.33372 -0.33721 -0.43686 -0.90634 -0.88937 -0.37518 -0.47352
9   9  16  478517   0.7000 29:14:13 -3.49221233455E+05 -3.49216120097E+05  0.36260  0.25409  0.17398  0.26547  0.36412  0.50399 -0.27504  0.34081  0.30329 -0.23990 -0.20134 -0.33372 -0.33721 -0.43686 -0.90634 -0.88937 -0.37518 -0.47352
9   9  17  504465   0.8000 30:14:13 -3.49221233455E+05 -3.49216120097E+05  0.37063  0.25326  0.17385  0.25893  0.36341  0.50344 -0.27646  0.35824  0.30251 -0.24390 -0.20134 -0.33012 -0.32801 -0.43686 -0.90634 -0.88937 -0.39855 -0.47352
9   9  17  510000   0.8581 31:14:13 -3.49221233455E+05 -3.49216120097E+05  0.37063  0.25326  0.17385  0.25893  0.36341  0.50344 -0.27646  0.35824  0.30251 -0.24390 -0.20134 -0.33012 -0.32801 -0.43686 -0.90634 -0.88937 -0.39855 -0.47352
9   9  18  529089   0.5000 32:14:13 -3.49216120097E+05 -3.49216120097E+05  0.37115  0.25388  0.17453  0.26525  0.36394  0.50384 -0.27541  0.34062  0.30308 -0.24390 -0.20134 -0.33012 -0.33721 -0.43686 -0.90634 -0.88937 -0.37518 -0.47352
9   9  18  545000   0.8823 33:14:13 -3.49344421185E+05 -3.49216120097E+05  0.37063  0.25326  0.17385  0.25893  0.36341  0.50344 -0.27646  0.35824  0.30251 -0.24390 -0.20134 -0.33012 -0.32801 -0.43686 -0.90634 -0.88937 -0.39855 -0.47352
9   9  19  555416   0.5000 33:14:13 -3.49221233455E+05 -3.49216120097E+05  0.37520  0.25307  0.17487  0.25875  0.36325  0.50331 -0.27678  0.35808  0.30234 -0.24687 -0.20134 -0.32394 -0.32801 -0.43686 -0.90634 -0.88937 -0.39855 -0.47352
9   9  19  580000   0.8087 35:14:13 -3.49221233455E+05 -3.49216120097E+05  0.37063  0.25326  0.17385  0.25893  0.36341  0.50344 -0.27646  0.35824  0.30251 -0.24390 -0.20134 -0.33012 -0.32801 -0.43686 -0.90634 -0.88937 -0.39855 -0.47352
9   9  20  581946   0.9000 35:14:13 -3.49227619837E+05 -3.49216120097E+05  0.37063  0.25326  0.17385  0.25893  0.36341  0.50344 -0.27646  0.35824  0.30251 -0.24390 -0.20134 -0.33012 -0.32801 -0.43686 -0.90634 -0.88937 -0.39855 -0.47352
9   9  21  590833   1.3000 35:14:13 -3.49227619837E+05 -3.49216120097E+05  0.37063  0.25326  0.17385  0.25893  0.36341  0.50344 -0.27646  0.35824  0.30251 -0.24390 -0.20134 -0.33012 -0.32801 -0.43686 -0.90634 -0.88937 -0.39855 -0.47352
9   9  21  615000   0.6900 37:14:13 -3.49222506478E+05 -3.49216120097E+05  0.36421  0.25346  0.17299  0.25913  0.36358  0.50357 -0.27612  0.35841  0.30270 -0.24161 -0.20134 -0.33451 -0.32801 -0.43686 -0.90634 -0.88937 -0.39855 -0.47352
9   9  22  617692   0.3000 37:14:13 -3.49222506478E+05 -3.49216120097E+05  0.36421  0.25346  0.17299  0.25913  0.36358  0.50357 -0.27612  0.35841  0.30270 -0.24161 -0.20134 -0.33451 -0.32801 -0.43686 -0.90634 -0.88937 -0.39855 -0.47352
9   9  23  644500   0.5000 38:14:13 -3.49221233455E+05 -3.49216120097E+05  0.37063  0.25326  0.17385  0.25893  0.36341  0.50344 -0.27646  0.35824  0.30251 -0.24390 -0.20134 -0.33012 -0.32801 -0.43686 -0.90634 -0.88937 -0.39855 -0.47352
9   9  23  650000   0.5468 39:14:13 -3.49221233455E+05 -3.49216120097E+05  0.37063  0.25326  0.17385  0.25893  0.36341  0.50344 -0.27646  0.35824  0.30251 -0.24390 -0.20134 -0.33012 -0.32801 -0.43686 -0.90634 -0.88937 -0.39855 -0.47352
9   9  24  653466   0.2000 39:14:13 -3.49221233455E+05 -3.49216120097E+05  0.37063  0.25326  0.17385  0.25893  0.36341  0.50344 -0.27646  0.35824  0.30251 -0.24390 -0.20134 -0.33012 -0.32801 -0.43686 -0.90634 -0.88937 -0.39855 -0.47352
9   9  25  680000   0.3922 41:14:13 -3.49221233455E+05 -3.49216120097E+05  0.37115  0.25388  0.17453  0.26525  0.36394  0.50384 -0.27541  0.34062  0.30308 -0.24390 -0.20134 -0.33012 -0.33721 -0.43686 -0.90634 -0.88937 -0.37518 -0.47352
9   9  25  680442   0.2000 41:14:13 -3.49221233455E+05 -3.49216120097E+05  0.37063  0.25326  0.17385  0.25893  0.36341  0.50344 -0.27646  0.35824  0.30251 -0.24390 -0.20134 -0.33012 -0.32801 -0.43686 -0.90634 -0.88937 -0.39855 -0.47352
9   9  26  707546   0.3000 42:14:13 -3.49221233455E+05 -3.49216120097E+05  0.37063  0.25326  0.17385  0.25893  0.36341  0.50344 -0.27646  0.35824  0.30251 -0.24390 -0.20134 -0.33012 -0.32801 -0.43686 -0.90634 -0.88937 -0.39855 -0.47352
9   9  26  710000   0.5892 43:14:13 -3.49227619837E+05 -3.49216120097E+05  0.37063  0.25326  0.17385  0.25893  0.36341  0.50344 -0.27646  0.35824  0.30251 -0.24390 -0.20134 -0.33012 -0.32801 -0.43686 -0.90634 -0.88937 -0.39855 -0.47352
9   9 200  716199   0.0000 43:14:13 -3.49216120097E+05 -3.49216120097E+05  0.37063  0.25326  0.17385  0.25893  0.36341  0.50344 -0.27646  0.35824  0.30251 -0.24390 -0.20134 -0.33012 -0.32801 -0.43686 -0.90634 -0.88937 -0.39855 -0.47352
