 K Run Tem Iterate    Move%     Time        CurrentLogL           BestLogL     Fst1     Fst2     Fst3     Fst4     Fst5     Fst6     Fst7     Fst8     Fst9    Fst10     Fis1     Fis2     Fis3     Fis4     Fis5     Fis6     Fis7     Fis8     Fis9    Fis10
10   7   1       0   1.0000 26:24:13 -4.40425360801E+05 -4.40425360801E+05  0.05627 -0.05268 -0.00822 -0.05106 -0.03088 -0.05313  0.03865  0.05015  0.17685 -0.07524 -0.17127 -0.15929 -0.08754 -0.10735 -0.11649 -0.13491 -0.14144 -0.17159 -0.16798 -0.10128
10   7   1     100   2.9126 26:24:13 -4.39588509078E+05 -4.39439343748E+05  0.05627 -0.05268 -0.00822 -0.05106 -0.03088 -0.05313  0.03865  0.05015  0.17685 -0.07524 -0.17127 -0.15929 -0.08754 -0.10735 -0.11649 -0.13491 -0.14144 -0.17159 -0.16798 -0.10128
10   7   1     200  30.2439 26:24:13 -4.06899716461E+05 -4.06899716461E+05 -0.00822 -0.05268  0.17685  0.05015 -0.07524  0.03865 -0.03088  0.05627 -0.05313 -0.05106 -0.08754 -0.15929 -0.16798 -0.17159 -0.10128 -0.14144 -0.11649 -0.17127 -0.13491 -0.10735
10   7   1     400  36.7901 26:24:13 -3.79043259959E+05 -3.79043259959E+05 -0.00822 -0.07524  0.05015  0.17685  0.05627  0.03865 -0.05313 -0.03088 -0.05106 -0.05268 -0.08754 -0.10128 -0.17159 -0.16798 -0.17127 -0.14144 -0.13491 -0.11649 -0.10735 -0.15929
10   7   1     800  36.2733 26:24:13 -3.72889010474E+05 -3.69989244656E+05 -0.00822 -0.05268 -0.05313  0.17685  0.05627  0.05015  0.03865 -0.03088 -0.07524 -0.05106 -0.08754 -0.15929 -0.13491 -0.16798 -0.17127 -0.17159 -0.14144 -0.11649 -0.10128 -0.10735
10   7   1    1600  36.3863 26:24:13 -3.71482810857E+05 -3.69899095623E+05 -0.00822 -0.05313  0.05627  0.17685  0.03865 -0.03088  0.05015 -0.07524 -0.05106 -0.05268 -0.08754 -0.13491 -0.17127 -0.16798 -0.14144 -0.11649 -0.17159 -0.10128 -0.10735 -0.15929
10   7   1    3200  42.7145 26:24:13 -3.70334412757E+05 -3.69899095623E+05  0.03865 -0.00822 -0.05313  0.05627 -0.07524  0.17685 -0.05106 -0.03088  0.05015 -0.05268 -0.14144 -0.08754 -0.13491 -0.17127 -0.10128 -0.16798 -0.10735 -0.11649 -0.17159 -0.15929
10   7   2    6400  34.6105 26:24:13 -3.64379728873E+05 -3.63085993314E+05 -0.05313  0.17685 -0.07524 -0.00822  0.05627 -0.03088  0.05015  0.03865 -0.05268 -0.05106 -0.13491 -0.16798 -0.10128 -0.08754 -0.17127 -0.11649 -0.17159 -0.14144 -0.15929 -0.10735
10   7   2   10000  33.8414 28:24:13 -3.67668940473E+05 -3.60723520467E+05 -0.05313 -0.03088 -0.00822  0.17685  0.05015 -0.05106 -0.07524  0.05627  0.03865 -0.05268 -0.13491 -0.11649 -0.08754 -0.16798 -0.17159 -0.10735 -0.10128 -0.17127 -0.14144 -0.15929
10   7   2   12800  33.6158 30:24:13 -3.64167689444E+05 -3.60723520467E+05  1.00000  0.41028  0.33348  0.60213 -0.02439 -0.02143  1.00000  0.37115  0.35372 -0.01864  0.00000 -0.11758 -0.21871 -0.90634 -0.92122 -0.83989  0.00000 -0.37417 -0.12821 -0.93062
10   7   2   15000  33.3815 32:24:13 -3.61486199041E+05 -3.60723520467E+05  1.00000  0.41028  0.60213  1.00000 -0.02439  0.33348  0.35372 -0.02143  0.37115 -0.01864  0.00000 -0.11758 -0.90634  0.00000 -0.92122 -0.21871 -0.12821 -0.83989 -0.37417 -0.93062
10   7   2   25600  32.5521 33:24:13 -3.67043233587E+05 -3.58704995730E+05  0.41807  0.29754  0.31662  0.26397 -0.13548  0.50789  0.29122 -0.12519  1.00000  0.51397 -0.22932 -0.18167 -0.11565 -0.21909 -0.87697 -0.69804 -0.19542 -0.91605  0.00000 -0.88116
10   7   2   30000  31.6578 39:24:13 -3.66230643095E+05 -3.58704995730E+05  0.41807  0.29122  0.50789  0.31662 -0.13548  0.29754 -0.12519  0.51397  1.00000  0.26397 -0.22932 -0.19542 -0.69804 -0.11565 -0.87697 -0.18167 -0.91605 -0.88116  0.00000 -0.21909
10   7   3   45000  23.5510 42:24:13 -3.63320311835E+05 -3.58704995730E+05  0.29691  0.25119  0.54595  1.00000  1.00000  1.00000  1.00000 -0.16592  1.00000  0.49817 -0.18378 -0.23383 -0.90203  0.00000  0.00000  0.00000  0.00000 -0.88937  0.00000 -0.88116
10   7   3   50000  22.6954 45:24:13 -3.65538016466E+05 -3.58704995730E+05  0.29691  1.00000  1.00000  0.54595  1.00000 -0.16592  1.00000  0.49817  0.25119  1.00000 -0.18378  0.00000  0.00000 -0.90203  0.00000 -0.88937  0.00000 -0.88116 -0.23383  0.00000
10   7   3   60000  25.1043 47:24:13 -3.66486743295E+05 -3.58704995730E+05  0.25119  0.54595  1.00000  1.00000  1.00000  1.00000  1.00000  0.29691  0.49817 -0.16592 -0.23383 -0.90203  0.00000  0.00000  0.00000  0.00000  0.00000 -0.18378 -0.88116 -0.88937
10   7   3   65000  25.1760 51:24:13 -3.64121667089E+05 -3.58704995730E+05  1.00000  0.25489  0.34959  1.00000  0.40087  1.00000 -0.14783  1.00000  0.50596  1.00000  0.00000 -0.23073 -0.21912  0.00000 -0.27462  0.00000 -0.88937  0.00000 -0.88116  0.00000
10   7   4   90000  19.0196 53:24:13 -3.58667318597E+05 -3.57139923287E+05  0.29921  0.35829  0.57881 -0.07474  0.45565  1.00000  1.00000  0.40838 -0.08256  1.00000 -0.22491 -0.19492 -0.90634 -0.70917 -0.39855  0.00000  0.00000 -0.47352 -0.91930  0.00000
10   7   4  125000  17.5633 55:24:13 -3.58424319643E+05 -3.54415008740E+05  0.28267  0.15992  0.48384  0.49590  0.49425  1.00000  0.34850 -0.29583  0.29193  0.52476 -0.21550 -0.25490 -0.87135 -0.90634 -0.72747  0.00000 -0.39855 -0.88937 -0.47352 -0.83914
10   7   6  155886  14.3000 56:24:13 -3.56809918394E+05 -3.54415008740E+05  1.00000 -0.27217  0.17409  0.28585  0.50510  0.52325  0.36111  0.49326  0.35192  0.45244  0.00000 -0.88937 -0.26275 -0.17482 -0.90634 -0.81434 -0.33881 -0.87135 -0.56726 -0.88116
10   7   6  160000  13.9908 57:24:13 -3.55810285391E+05 -3.54415008740E+05 -0.27217  0.35192  0.28585  0.50510  0.52325  0.36111  0.49326  1.00000  0.17409  0.45244 -0.88937 -0.56726 -0.17482 -0.90634 -0.81434 -0.33881 -0.87135  0.00000 -0.26275 -0.88116
10   7   7  174220   9.0000 58:24:13 -3.57030985484E+05 -3.54415008740E+05  0.27790  0.53369  0.51595 -0.24419  0.37247  0.19710  1.00000  1.00000  0.36612  0.46443 -0.21339 -0.81434 -0.90634 -0.90159 -0.41776 -0.23302  0.00000  0.00000 -0.56726 -0.88116
10   7   7  190000   9.7063 59:24:13 -3.55877795448E+05 -3.53679241289E+05  0.32070  0.18566  0.37172  0.50992  1.00000  0.36661 -0.25969  0.35823  1.00000  0.45776 -0.22965 -0.25580 -0.43686 -0.90634  0.00000 -0.39855 -0.90159 -0.56726  0.00000 -0.88116
10   7   8  204629   8.2000 00:25:13 -3.55474105013E+05 -3.53679241289E+05  0.33297  1.00000 -0.26149  0.49752  0.45400  0.48517  0.37962  0.18297  1.00000  0.31069 -0.21752  0.00000 -0.88937 -0.87135 -0.73303 -0.91966 -0.36320 -0.25001  0.00000 -0.47352
10   7   8  220000   8.8891 01:25:13 -3.56107021781E+05 -3.53679241289E+05  0.17817  0.23981  1.00000  0.37311  0.51100 -0.25701  0.36802  0.32536  1.00000  0.34383 -0.32158 -0.20042  0.00000 -0.43686 -0.90634 -0.88937 -0.39855 -0.20919  0.00000 -0.54674
10   7   9  228673  14.0000 01:25:13 -3.54929699732E+05 -3.53679241289E+05  0.36429  1.00000  0.20772  0.36427  0.50411  0.17081  0.35910 -0.27474  0.35062  0.45133 -0.23931  0.00000 -0.26527 -0.43686 -0.90634 -0.26942 -0.39855 -0.88937 -0.56726 -0.88116
10   7   9  255000  11.1651 03:25:13 -3.55480545526E+05 -3.53122823171E+05  0.37273  0.20748  0.17941  0.50808 -0.26451  0.34625  0.44149  1.00000  0.30904  1.00000 -0.23979 -0.25155 -0.25491 -0.90634 -0.88937 -0.37518 -0.67994  0.00000 -0.47352  0.00000
10   7  10  267367   5.5000 03:25:13 -3.55228232995E+05 -3.53122823171E+05  0.36305  0.18820  0.17037  0.50080 -0.28311  0.35484  0.48886  0.29881  0.51911  1.00000 -0.24038 -0.24036 -0.27706 -0.90634 -0.90159 -0.39855 -0.87135 -0.47352 -0.81434  0.00000
10   7  10  290000  13.1650 05:25:13 -3.55268233480E+05 -3.52911930931E+05  0.33707  0.23765  0.18269  0.51170  1.00000  0.36892  0.37401  1.00000 -0.25528  0.45974 -0.22837 -0.22727 -0.33464 -0.90634  0.00000 -0.39855 -0.43686  0.00000 -0.90477 -0.88116
10   7  11  307152   7.0000 06:25:13 -3.54596838542E+05 -3.52911930931E+05  0.37478  0.22016  0.36178  0.50216  0.17313 -0.27974  0.35241  0.30072  0.52041  1.00000 -0.24435 -0.23719 -0.43686 -0.90634 -0.32523 -0.88937 -0.42215 -0.47352 -0.81434  0.00000
10   7  11  320000   5.9195 07:25:13 -3.54137357071E+05 -3.52911930931E+05  0.35209  0.21351  0.16980  0.36242  0.50266 -0.27846  0.35723  1.00000  0.30142  0.52089 -0.23732 -0.23778 -0.32430 -0.43686 -0.90634 -0.88937 -0.39855  0.00000 -0.47352 -0.81434
10   7  12  330438   3.5000 07:25:13 -3.53535325606E+05 -3.52911930931E+05  0.36801  0.22793  0.16878  0.36232  0.50259 -0.27864  0.35714  1.00000  0.30132  0.52082 -0.24168 -0.24561 -0.31198 -0.43686 -0.90634 -0.88937 -0.39855  0.00000 -0.47352 -0.81434
10   7  12  355000   4.1788 09:25:13 -3.53690900414E+05 -3.52911930931E+05  0.37688  0.22735  0.18269  0.36974  0.50837  1.00000  0.36461  1.00000 -0.26402  0.30944 -0.24390 -0.22876 -0.33294 -0.43686 -0.90634  0.00000 -0.39855  0.00000 -0.88807 -0.47352
10   7  13  357276   5.0000 09:25:13 -3.53892647858E+05 -3.52911930931E+05  0.37688  0.22735  0.18269  0.36974  0.50837 -0.26402  0.36461  1.00000  1.00000  0.30944 -0.24390 -0.22876 -0.33294 -0.43686 -0.90634 -0.88807 -0.39855  0.00000  0.00000 -0.47352
10   7  14  383921   3.8000 10:25:13 -3.53308282917E+05 -3.52911930931E+05  0.36310  0.22947  0.18194  0.37117  0.50949 -0.26098  0.34811  0.31101  1.00000  1.00000 -0.23911 -0.23275 -0.34014 -0.43686 -0.90634 -0.90477 -0.37518 -0.47352  0.00000  0.00000
10   7  14  385000   3.0680 11:25:13 -3.53067846630E+05 -3.52911930931E+05  0.36238  0.23005  0.17278  0.36482  0.50453 -0.27035  0.35965  0.35117  0.45180  1.00000 -0.24080 -0.22605 -0.32192 -0.43686 -0.90634 -0.89200 -0.39855 -0.56726 -0.88116  0.00000
10   7  15  420000   7.4074 13:25:13 -3.53653672350E+05 -3.52814082010E+05  0.37090  0.22897  0.18123  0.37028  0.50879 -0.25922  0.36516  0.31003  1.00000  1.00000 -0.24161 -0.22951 -0.32517 -0.43686 -0.90634 -0.90888 -0.39855 -0.47352  0.00000  0.00000
10   7  15  420851   4.4000 13:25:13 -3.53049004364E+05 -3.52814082010E+05  0.37090  0.18123  0.22897  0.37028  0.50879 -0.25922  0.36516  1.00000  0.31003  1.00000 -0.24161 -0.32517 -0.22951 -0.43686 -0.90634 -0.90888 -0.39855  0.00000 -0.47352  0.00000
10   7  16  445155   1.3000 14:25:13 -3.52994852827E+05 -3.52814082010E+05  0.37250  0.23587  0.18488  0.37096  0.50932 -0.26155  0.34789  1.00000  1.00000  0.31078 -0.24333 -0.22617 -0.32713 -0.43686 -0.90634 -0.91226 -0.37518  0.00000  0.00000 -0.47352
10   7  16  455000   1.7796 15:25:13 -3.52869498014E+05 -3.52814082010E+05  0.37129  0.23278  0.18385  0.37015  0.50869 -0.25948  0.36503  0.30989  1.00000  1.00000 -0.24815 -0.22505 -0.32450 -0.43686 -0.90634 -0.90888 -0.39855 -0.47352  0.00000  0.00000
10   7  17  480000   1.8174 17:25:13 -3.52896522868E+05 -3.52814082010E+05  0.37778  0.23549  0.18323  0.37064  0.50907 -0.25833  0.34757  0.31043  1.00000  1.00000 -0.24390 -0.22617 -0.33012 -0.43686 -0.90634 -0.90541 -0.37518 -0.47352  0.00000  0.00000
10   7  18  500356   1.0000 18:25:13 -3.52915358185E+05 -3.52814082010E+05  0.36805  0.23317  0.18306  0.37047  0.50894 -0.26214  0.36535  1.00000  0.31024  1.00000 -0.24080 -0.22505 -0.33368 -0.43686 -0.90634 -0.91930 -0.39855  0.00000 -0.47352  0.00000
10   7  18  510000   1.5765 19:25:13 -3.52814082010E+05 -3.52814082010E+05  0.36805  0.23317  0.18306  0.37047  0.50894 -0.26214  0.36535  1.00000  0.31024  1.00000 -0.24080 -0.22505 -0.33368 -0.43686 -0.90634 -0.91930 -0.39855  0.00000 -0.47352  0.00000
10   7  19  545000   1.1198 21:25:13 -3.52834720483E+05 -3.52814082010E+05  0.37801  0.23578  0.18355  0.37088  0.50926 -0.26131  0.34782  1.00000  0.31069  1.00000 -0.24390 -0.22617 -0.33012 -0.43686 -0.90634 -0.91930 -0.37518  0.00000 -0.47352  0.00000
10   7  20  556417   1.7000 21:25:13 -3.52814082010E+05 -3.52814082010E+05  0.37175  0.23608  0.18279  0.37113  0.50946 -0.26081  0.34807  1.00000  0.31097  1.00000 -0.24161 -0.22617 -0.33451 -0.43686 -0.90634 -0.91930 -0.37518  0.00000 -0.47352  0.00000
10   7  21  565348   0.6000 22:25:13 -3.52896522868E+05 -3.52814082010E+05  0.37730  0.23279  0.18261  0.37016  0.50870 -0.26276  0.36504  0.30990  1.00000  1.00000 -0.24390 -0.22505 -0.33012 -0.43686 -0.90634 -0.91930 -0.39855 -0.47352  0.00000  0.00000
10   7  21  575000   0.8230 23:25:13 -3.52856361043E+05 -3.52814082010E+05  0.37162  0.23593  0.18263  0.37100  0.50936 -0.25776  0.34794  1.00000  0.31083  1.00000 -0.24161 -0.22617 -0.33451 -0.43686 -0.90634 -0.90888 -0.37518  0.00000 -0.47352  0.00000
10   7  22  593670   1.1000 24:25:13 -3.52834720483E+05 -3.52814082010E+05  0.36353  0.23343  0.18147  0.37069  0.50911 -0.26170  0.36557  1.00000  0.31048  1.00000 -0.23833 -0.22505 -0.33851 -0.43686 -0.90634 -0.91930 -0.39855  0.00000 -0.47352  0.00000
10   7  22  610000   0.8133 25:25:13 -3.52834720483E+05 -3.52814082010E+05  0.37162  0.23593  0.18263  0.37100  0.50936 -0.25776  0.34794  1.00000  0.31083  1.00000 -0.24161 -0.22617 -0.33451 -0.43686 -0.90634 -0.90888 -0.37518  0.00000 -0.47352  0.00000
10   7  23  622161   0.7000 26:25:13 -3.52814082010E+05 -3.52814082010E+05  0.37175  0.23608  0.18279  0.37113  0.50946 -0.26081  0.34807  1.00000  0.31097  1.00000 -0.24161 -0.22617 -0.33451 -0.43686 -0.90634 -0.91930 -0.37518  0.00000 -0.47352  0.00000
10   7  24  631152   0.4000 26:25:13 -3.52834720483E+05 -3.52814082010E+05  0.37103  0.23310  0.18186  0.37041  0.50890 -0.26225  0.36529  1.00000  0.31018  1.00000 -0.24161 -0.22505 -0.33451 -0.43686 -0.90634 -0.91930 -0.39855  0.00000 -0.47352  0.00000
10   7  24  635000   0.5151 27:25:13 -3.52842108952E+05 -3.52814082010E+05  0.37103  0.23310  0.18186  0.37041  0.50890 -0.26225  0.36529  1.00000  0.31018  1.00000 -0.24161 -0.22505 -0.33451 -0.43686 -0.90634 -0.91930 -0.39855  0.00000 -0.47352  0.00000
10   7  25  659691   0.4000 28:25:13 -3.52856361043E+05 -3.52814082010E+05  0.37175  0.23608  0.18279  0.37113  0.50946 -0.26081  0.34807  1.00000  0.31097  1.00000 -0.24161 -0.22617 -0.33451 -0.43686 -0.90634 -0.91930 -0.37518  0.00000 -0.47352  0.00000
10   7  25  670000   0.4785 29:25:13 -3.52841106864E+05 -3.52814082010E+05  0.37162  0.23593  0.18263  0.37100  0.50936 -0.25776  0.34794  1.00000  0.31083  1.00000 -0.24161 -0.22617 -0.33451 -0.43686 -0.90634 -0.90888 -0.37518  0.00000 -0.47352  0.00000
10   7  26  688281   0.4000 30:25:13 -3.52814082010E+05 -3.52814082010E+05  0.37175  0.23608  0.18279  0.37113  0.50946 -0.26081  0.34807  1.00000  0.31097  1.00000 -0.24161 -0.22617 -0.33451 -0.43686 -0.90634 -0.91930 -0.37518  0.00000 -0.47352  0.00000
10   7  26  690000   0.4487 31:25:13 -3.52834720483E+05 -3.52814082010E+05  0.37175  0.23608  0.18279  0.37113  0.50946 -0.26081  0.34807  1.00000  0.31097  1.00000 -0.24161 -0.22617 -0.33451 -0.43686 -0.90634 -0.91930 -0.37518  0.00000 -0.47352  0.00000
10   7  27  703057   0.5000 32:25:13 -3.52814082010E+05 -3.52814082010E+05  0.37103  0.23310  0.18186  0.37041  0.50890 -0.26225  0.36529  1.00000  0.31018  1.00000 -0.24161 -0.22505 -0.33451 -0.43686 -0.90634 -0.91930 -0.39855  0.00000 -0.47352  0.00000
10   7  27  720000   0.4929 33:25:13 -3.52841106864E+05 -3.52814082010E+05  0.37801  0.23578  0.18355  0.37088  0.50926 -0.26131  0.34782  1.00000  0.31069  1.00000 -0.24390 -0.22617 -0.33012 -0.43686 -0.90634 -0.91930 -0.37518  0.00000 -0.47352  0.00000
10   7  28  731762   0.3000 33:25:13 -3.52814082010E+05 -3.52814082010E+05  0.37801  0.23578  0.18355  0.37088  0.50926 -0.26131  0.34782  1.00000  0.31069  1.00000 -0.24390 -0.22617 -0.33012 -0.43686 -0.90634 -0.91930 -0.37518  0.00000 -0.47352  0.00000
10   7  28  755000   0.4490 35:25:13 -3.52814082010E+05 -3.52814082010E+05  0.37103  0.23310  0.18186  0.37041  0.50890 -0.26225  0.36529  1.00000  0.31018  1.00000 -0.24161 -0.22505 -0.33451 -0.43686 -0.90634 -0.91930 -0.39855  0.00000 -0.47352  0.00000
10   7  29  760549   0.6000 35:25:13 -3.52814082010E+05 -3.52814082010E+05  0.37801  0.23578  0.18355  0.37088  0.50926 -0.26131  0.34782  1.00000  0.31069  1.00000 -0.24390 -0.22617 -0.33012 -0.43686 -0.90634 -0.91930 -0.37518  0.00000 -0.47352  0.00000
10   7 200  779918   0.0000 37:25:13 -3.52814082010E+05 -3.52814082010E+05  0.37162  0.23593  0.18263  0.37100  0.50936 -0.25776  0.34794  1.00000  0.31083  1.00000 -0.24161 -0.22617 -0.33451 -0.43686 -0.90634 -0.90888 -0.37518  0.00000 -0.47352  0.00000
