Iter   Tolerance Admix(mean)   Admix(SD)    Fst1    Fst2    Fst3    Fst4    Fst5    Fst6    Fst7    Fst8    Fst9   Fst10   QPop1   QPop2   QPop3   QPop4   QPop5   QPop6   QPop7   QPop8   QPop9  QPop10
   1  1.1160E-02    0.645147    0.233846  0.2327 -0.2466  0.3379  0.0978  0.1656  0.2234  0.2805  0.1878  0.1013  0.1686  0.1332  0.1249  0.1528  0.0601  0.0668  0.0860  0.0855  0.1526  0.0583  0.0799
   2  4.2189E-03    0.463993    0.250585  0.2751 -0.2247  0.3835  0.1908  0.2732  0.3035  0.3883  0.2020  0.1893  0.2328  0.1484  0.1185  0.1763  0.0490  0.0615  0.0895  0.0897  0.1404  0.0475  0.0791
   3  1.1113E-03    0.352410    0.276963  0.2848 -0.2196  0.3926  0.1998  0.3092  0.3221  0.4105  0.2098  0.2612  0.2505  0.1530  0.1175  0.1866  0.0405  0.0581  0.0917  0.0885  0.1393  0.0454  0.0794
   4  2.1083E-04    0.304157    0.284685  0.2867 -0.2161  0.3957  0.1989  0.3148  0.3263  0.4133  0.2139  0.2799  0.2538  0.1553  0.1172  0.1930  0.0366  0.0542  0.0918  0.0863  0.1430  0.0433  0.0793
   5  7.2060E-05    0.278854    0.284165  0.2870 -0.2141  0.3971  0.2007  0.3139  0.3271  0.4128  0.2158  0.2823  0.2534  0.1568  0.1170  0.1972  0.0349  0.0513  0.0910  0.0843  0.1472  0.0414  0.0787
   6  3.9074E-05    0.262646    0.281301  0.2867 -0.2128  0.3977  0.2029  0.3120  0.3272  0.4120  0.2165  0.2808  0.2527  0.1575  0.1170  0.2002  0.0343  0.0494  0.0901  0.0827  0.1509  0.0399  0.0782
   7  2.5224E-05    0.250716    0.278314  0.2864 -0.2119  0.3981  0.2049  0.3101  0.3271  0.4113  0.2169  0.2786  0.2522  0.1577  0.1170  0.2025  0.0340  0.0479  0.0891  0.0814  0.1540  0.0386  0.0777
   8  1.7520E-05    0.241132    0.275919  0.2862 -0.2113  0.3984  0.2064  0.3087  0.3269  0.4107  0.2170  0.2766  0.2518  0.1578  0.1170  0.2043  0.0339  0.0469  0.0883  0.0804  0.1566  0.0376  0.0774
   9  1.2325E-05    0.233449    0.273889  0.2859 -0.2108  0.3985  0.2076  0.3076  0.3267  0.4102  0.2172  0.2750  0.2514  0.1577  0.1170  0.2056  0.0338  0.0461  0.0875  0.0795  0.1588  0.0368  0.0771
  10  8.9669E-06    0.226511    0.271136  0.2859 -0.2103  0.3988  0.2082  0.3064  0.3264  0.4096  0.2174  0.2730  0.2511  0.1575  0.1170  0.2069  0.0336  0.0453  0.0868  0.0787  0.1610  0.0361  0.0770
  11  6.7642E-06    0.220551    0.268882  0.2859 -0.2099  0.3989  0.2086  0.3055  0.3262  0.4091  0.2176  0.2714  0.2509  0.1575  0.1170  0.2080  0.0335  0.0447  0.0862  0.0780  0.1628  0.0354  0.0769
  12  5.1492E-06    0.215406    0.266725  0.2859 -0.2095  0.3991  0.2089  0.3048  0.3259  0.4086  0.2178  0.2699  0.2506  0.1574  0.1170  0.2090  0.0334  0.0441  0.0856  0.0774  0.1644  0.0349  0.0768
  13  4.0243E-06    0.210738    0.264628  0.2859 -0.2092  0.3992  0.2092  0.3041  0.3257  0.4080  0.2179  0.2685  0.2503  0.1572  0.1170  0.2099  0.0333  0.0436  0.0851  0.0767  0.1659  0.0344  0.0767
  14  3.1743E-06    0.206894    0.263058  0.2859 -0.2090  0.3992  0.2094  0.3036  0.3255  0.4077  0.2180  0.2675  0.2500  0.1572  0.1170  0.2105  0.0333  0.0432  0.0847  0.0763  0.1670  0.0340  0.0767
  15  2.2812E-06    0.203539    0.261368  0.2859 -0.2087  0.3993  0.2095  0.3032  0.3254  0.4073  0.2181  0.2665  0.2498  0.1571  0.1170  0.2112  0.0332  0.0429  0.0843  0.0758  0.1681  0.0336  0.0767
  16  1.4739E-06    0.200866    0.260108  0.2859 -0.2086  0.3994  0.2095  0.3029  0.3253  0.4070  0.2181  0.2659  0.2496  0.1570  0.1170  0.2116  0.0331  0.0426  0.0840  0.0755  0.1691  0.0333  0.0767
  17  1.0767E-06    0.198465    0.258660  0.2859 -0.2084  0.3995  0.2094  0.3026  0.3252  0.4068  0.2182  0.2652  0.2495  0.1568  0.1170  0.2120  0.0330  0.0423  0.0838  0.0751  0.1701  0.0331  0.0767
  18  8.3844E-07    0.196600    0.257710  0.2860 -0.2082  0.3995  0.2094  0.3024  0.3252  0.4066  0.2183  0.2647  0.2494  0.1566  0.1170  0.2123  0.0330  0.0421  0.0835  0.0749  0.1709  0.0329  0.0768
  19  7.5397E-07    0.194915    0.256777  0.2860 -0.2081  0.3995  0.2094  0.3023  0.3252  0.4064  0.2183  0.2643  0.2493  0.1566  0.1170  0.2126  0.0329  0.0419  0.0834  0.0746  0.1716  0.0327  0.0768
  20  5.3152E-07    0.193319    0.255650  0.2860 -0.2080  0.3996  0.2093  0.3021  0.3251  0.4061  0.2184  0.2639  0.2492  0.1565  0.1170  0.2128  0.0329  0.0418  0.0832  0.0743  0.1723  0.0325  0.0768
  21  4.0843E-07    0.191828    0.254350  0.2860 -0.2079  0.3996  0.2093  0.3018  0.3250  0.4059  0.2184  0.2635  0.2491  0.1564  0.1170  0.2131  0.0328  0.0415  0.0829  0.0740  0.1730  0.0323  0.0768
  22  4.0442E-07    0.190865    0.253582  0.2860 -0.2078  0.3996  0.2094  0.3016  0.3250  0.4057  0.2184  0.2631  0.2490  0.1565  0.1169  0.2133  0.0328  0.0414  0.0828  0.0738  0.1735  0.0322  0.0768
  23  2.8846E-07    0.189668    0.252516  0.2861 -0.2077  0.3997  0.2094  0.3013  0.3249  0.4055  0.2185  0.2628  0.2490  0.1565  0.1169  0.2135  0.0327  0.0412  0.0826  0.0736  0.1740  0.0321  0.0768
  24  3.4574E-07    0.188701    0.251646  0.2861 -0.2076  0.3997  0.2093  0.3012  0.3248  0.4053  0.2185  0.2626  0.2489  0.1565  0.1169  0.2137  0.0327  0.0411  0.0825  0.0734  0.1745  0.0320  0.0768
  25  3.2210E-07    0.187893    0.251055  0.2861 -0.2075  0.3997  0.2094  0.3010  0.3248  0.4051  0.2185  0.2623  0.2489  0.1566  0.1169  0.2138  0.0327  0.0410  0.0824  0.0732  0.1749  0.0319  0.0768
  26  2.1134E-07    0.186944    0.249976  0.2861 -0.2074  0.3997  0.2094  0.3008  0.3247  0.4050  0.2185  0.2619  0.2489  0.1566  0.1169  0.2139  0.0326  0.0408  0.0822  0.0730  0.1754  0.0318  0.0768
  27  2.9818E-07    0.186167    0.249187  0.2861 -0.2074  0.3998  0.2094  0.3006  0.3246  0.4048  0.2185  0.2616  0.2488  0.1567  0.1169  0.2142  0.0326  0.0407  0.0821  0.0728  0.1757  0.0317  0.0767
  28  1.7142E-07    0.185684    0.249057  0.2861 -0.2073  0.3997  0.2094  0.3006  0.3246  0.4048  0.2185  0.2615  0.2488  0.1567  0.1169  0.2141  0.0326  0.0407  0.0821  0.0727  0.1759  0.0316  0.0767
  29  3.4648E-07    0.184814    0.248027  0.2861 -0.2073  0.3998  0.2094  0.3005  0.3245  0.4046  0.2185  0.2612  0.2488  0.1568  0.1169  0.2144  0.0325  0.0406  0.0819  0.0725  0.1763  0.0315  0.0767
  30  1.4382E-07    0.184430    0.247590  0.2862 -0.2072  0.3998  0.2095  0.3004  0.3245  0.4045  0.2186  0.2609  0.2488  0.1568  0.1169  0.2145  0.0325  0.0405  0.0818  0.0723  0.1765  0.0315  0.0767
  31  1.2054E-07    0.184077    0.247336  0.2861 -0.2072  0.3997  0.2095  0.3004  0.3245  0.4045  0.2186  0.2609  0.2488  0.1568  0.1169  0.2145  0.0325  0.0405  0.0818  0.0723  0.1766  0.0314  0.0767
  32  1.8212E-07    0.183391    0.246485  0.2862 -0.2071  0.3998  0.2095  0.3003  0.3245  0.4043  0.2186  0.2606  0.2488  0.1568  0.1169  0.2147  0.0325  0.0404  0.0816  0.0721  0.1769  0.0314  0.0767
  33  2.0522E-07    0.183115    0.246277  0.2861 -0.2071  0.3997  0.2095  0.3003  0.3244  0.4042  0.2186  0.2605  0.2488  0.1568  0.1170  0.2148  0.0324  0.0404  0.0816  0.0720  0.1770  0.0313  0.0767
  34  2.2817E-07    0.182713    0.245836  0.2862 -0.2071  0.3997  0.2095  0.3003  0.3244  0.4042  0.2186  0.2602  0.2488  0.1568  0.1170  0.2149  0.0324  0.0403  0.0815  0.0719  0.1772  0.0313  0.0767
  35  1.6544E-07    0.182350    0.245134  0.2862 -0.2070  0.3998  0.2096  0.3002  0.3244  0.4041  0.2186  0.2599  0.2488  0.1569  0.1169  0.2150  0.0324  0.0402  0.0814  0.0717  0.1774  0.0312  0.0767
  36  1.9804E-07    0.182156    0.244870  0.2862 -0.2070  0.3998  0.2096  0.3002  0.3244  0.4040  0.2187  0.2596  0.2488  0.1570  0.1169  0.2151  0.0324  0.0402  0.0814  0.0717  0.1775  0.0312  0.0767
  37  1.1375E-07    0.181875    0.244791  0.2862 -0.2070  0.3997  0.2096  0.3002  0.3244  0.4040  0.2187  0.2596  0.2488  0.1569  0.1169  0.2151  0.0324  0.0402  0.0814  0.0716  0.1775  0.0312  0.0767
  38  2.3678E-07    0.181483    0.244322  0.2862 -0.2070  0.3998  0.2096  0.3002  0.3243  0.4039  0.2187  0.2593  0.2488  0.1570  0.1170  0.2152  0.0324  0.0401  0.0813  0.0715  0.1777  0.0311  0.0767
  39  2.0955E-07    0.181281    0.243813  0.2862 -0.2069  0.3998  0.2097  0.3001  0.3243  0.4039  0.2187  0.2590  0.2488  0.1571  0.1169  0.2153  0.0324  0.0401  0.0812  0.0714  0.1779  0.0311  0.0767
  40  9.6988E-08    0.181091    0.243694  0.2862 -0.2069  0.3997  0.2097  0.3001  0.3243  0.4038  0.2187  0.2589  0.2488  0.1570  0.1169  0.2154  0.0324  0.0401  0.0812  0.0713  0.1779  0.0311  0.0767
  41  2.4766E-07    0.180745    0.243293  0.2862 -0.2069  0.3997  0.2097  0.3001  0.3243  0.4038  0.2187  0.2586  0.2488  0.1571  0.1169  0.2154  0.0323  0.0400  0.0811  0.0712  0.1781  0.0310  0.0767
  42  1.1811E-07    0.180566    0.243120  0.2862 -0.2068  0.3997  0.2097  0.3001  0.3243  0.4038  0.2188  0.2583  0.2488  0.1571  0.1169  0.2155  0.0323  0.0400  0.0811  0.0712  0.1781  0.0310  0.0767
  43  2.3829E-07    0.180386    0.242800  0.2863 -0.2068  0.3998  0.2098  0.3001  0.3243  0.4037  0.2188  0.2580  0.2488  0.1572  0.1169  0.2155  0.0323  0.0400  0.0811  0.0711  0.1783  0.0310  0.0767
  44  1.5983E-07    0.180162    0.242400  0.2863 -0.2068  0.3997  0.2098  0.3000  0.3243  0.4037  0.2188  0.2579  0.2488  0.1572  0.1169  0.2156  0.0323  0.0400  0.0810  0.0710  0.1784  0.0309  0.0767
  45  1.3436E-07    0.179818    0.242160  0.2863 -0.2068  0.3997  0.2098  0.3000  0.3242  0.4036  0.2188  0.2576  0.2488  0.1572  0.1169  0.2156  0.0323  0.0399  0.0809  0.0709  0.1785  0.0309  0.0767
  46  1.8608E-07    0.179541    0.242003  0.2863 -0.2067  0.3997  0.2098  0.3000  0.3242  0.4036  0.2188  0.2573  0.2488  0.1573  0.1169  0.2156  0.0323  0.0399  0.0809  0.0709  0.1786  0.0309  0.0767
  47  2.1429E-07    0.179411    0.241861  0.2863 -0.2067  0.3997  0.2098  0.3000  0.3242  0.4036  0.2188  0.2573  0.2488  0.1573  0.1169  0.2157  0.0323  0.0399  0.0809  0.0708  0.1787  0.0308  0.0767
  48  2.5694E-07    0.179229    0.241595  0.2863 -0.2067  0.3997  0.2099  0.3000  0.3242  0.4036  0.2189  0.2569  0.2488  0.1573  0.1169  0.2157  0.0323  0.0399  0.0808  0.0707  0.1787  0.0308  0.0767
  49  1.5071E-07    0.178986    0.241558  0.2863 -0.2067  0.3997  0.2099  0.3000  0.3242  0.4036  0.2189  0.2566  0.2488  0.1573  0.1170  0.2157  0.0323  0.0399  0.0808  0.0707  0.1788  0.0308  0.0767
  50  2.9279E-07    0.178842    0.241418  0.2863 -0.2067  0.3997  0.2099  0.3000  0.3242  0.4036  0.2189  0.2565  0.2488  0.1573  0.1169  0.2158  0.0323  0.0399  0.0808  0.0707  0.1789  0.0308  0.0767
  51  8.0010E-08    0.178860    0.241383  0.2863 -0.2067  0.3997  0.2099  0.3000  0.3242  0.4035  0.2189  0.2565  0.2488  0.1573  0.1169  0.2158  0.0323  0.0398  0.0808  0.0707  0.1789  0.0308  0.0768
