Iter   Tolerance Admix(mean)   Admix(SD)    Fst1    Fst2    Fst3    Fst4    Fst5    Fst6    Fst7    Fst8    Fst9   Fst10   QPop1   QPop2   QPop3   QPop4   QPop5   QPop6   QPop7   QPop8   QPop9  QPop10
   1  1.1144E-02    0.644863    0.233128  0.2312 -0.2473  0.3377  0.0976  0.1653  0.2232  0.2804  0.1875  0.1007  0.1856  0.1283  0.1248  0.1526  0.0600  0.0666  0.0858  0.0854  0.1500  0.0582  0.0883
   2  4.3480E-03    0.459225    0.248455  0.2748 -0.2253  0.3832  0.1904  0.2729  0.3033  0.3880  0.2015  0.1889  0.2408  0.1425  0.1185  0.1759  0.0487  0.0609  0.0895  0.0894  0.1376  0.0472  0.0897
   3  1.0768E-03    0.347676    0.273739  0.2842 -0.2202  0.3923  0.1988  0.3084  0.3215  0.4100  0.2090  0.2603  0.2528  0.1477  0.1175  0.1863  0.0402  0.0575  0.0913  0.0882  0.1364  0.0451  0.0899
   4  1.9932E-04    0.299440    0.281010  0.2859 -0.2167  0.3955  0.1978  0.3136  0.3256  0.4127  0.2130  0.2783  0.2543  0.1505  0.1172  0.1928  0.0363  0.0536  0.0913  0.0859  0.1400  0.0430  0.0895
   5  7.2823E-05    0.273703    0.280078  0.2859 -0.2145  0.3969  0.1995  0.3124  0.3264  0.4123  0.2148  0.2802  0.2541  0.1522  0.1170  0.1973  0.0346  0.0507  0.0904  0.0838  0.1440  0.0410  0.0891
   6  3.9719E-05    0.257145    0.276845  0.2855 -0.2132  0.3976  0.2017  0.3104  0.3265  0.4115  0.2155  0.2784  0.2536  0.1529  0.1170  0.2004  0.0339  0.0487  0.0894  0.0822  0.1476  0.0394  0.0886
   7  2.5745E-05    0.244882    0.273556  0.2852 -0.2123  0.3980  0.2037  0.3085  0.3265  0.4108  0.2158  0.2761  0.2532  0.1533  0.1169  0.2028  0.0337  0.0472  0.0884  0.0809  0.1507  0.0381  0.0881
   8  1.7755E-05    0.235074    0.270886  0.2849 -0.2117  0.3982  0.2053  0.3071  0.3263  0.4102  0.2160  0.2740  0.2528  0.1534  0.1169  0.2045  0.0335  0.0462  0.0875  0.0799  0.1532  0.0371  0.0877
   9  1.2614E-05    0.227105    0.268679  0.2847 -0.2112  0.3984  0.2065  0.3060  0.3261  0.4097  0.2161  0.2723  0.2524  0.1533  0.1170  0.2060  0.0334  0.0454  0.0868  0.0790  0.1554  0.0363  0.0874
  10  9.1540E-06    0.220123    0.265975  0.2846 -0.2107  0.3986  0.2072  0.3050  0.3259  0.4091  0.2163  0.2705  0.2521  0.1532  0.1170  0.2074  0.0333  0.0446  0.0862  0.0782  0.1575  0.0355  0.0871
  11  6.8907E-06    0.214159    0.263808  0.2845 -0.2103  0.3988  0.2077  0.3042  0.3257  0.4086  0.2165  0.2691  0.2517  0.1531  0.1170  0.2085  0.0332  0.0440  0.0856  0.0775  0.1593  0.0349  0.0868
  12  5.2440E-06    0.209047    0.261765  0.2845 -0.2100  0.3989  0.2081  0.3036  0.3254  0.4081  0.2166  0.2678  0.2514  0.1529  0.1170  0.2096  0.0332  0.0435  0.0850  0.0769  0.1609  0.0344  0.0865
  13  4.0887E-06    0.204329    0.259668  0.2845 -0.2097  0.3990  0.2084  0.3030  0.3252  0.4076  0.2167  0.2666  0.2511  0.1528  0.1170  0.2106  0.0331  0.0431  0.0846  0.0763  0.1623  0.0339  0.0863
  14  3.1909E-06    0.200528    0.258260  0.2845 -0.2095  0.3990  0.2087  0.3026  0.3251  0.4072  0.2167  0.2657  0.2508  0.1528  0.1170  0.2113  0.0330  0.0427  0.0842  0.0759  0.1634  0.0335  0.0862
  15  2.3667E-06    0.197344    0.256927  0.2845 -0.2093  0.3991  0.2088  0.3023  0.3249  0.4069  0.2168  0.2650  0.2506  0.1527  0.1170  0.2119  0.0330  0.0424  0.0839  0.0755  0.1643  0.0332  0.0860
  16  1.5729E-06    0.194572    0.255529  0.2846 -0.2092  0.3992  0.2088  0.3020  0.3249  0.4066  0.2168  0.2644  0.2504  0.1526  0.1170  0.2125  0.0329  0.0421  0.0836  0.0751  0.1653  0.0329  0.0859
  17  1.0811E-06    0.192389    0.254493  0.2845 -0.2090  0.3992  0.2088  0.3018  0.3248  0.4063  0.2169  0.2640  0.2502  0.1525  0.1170  0.2129  0.0329  0.0419  0.0834  0.0748  0.1661  0.0327  0.0858
  18  8.9312E-07    0.190461    0.253412  0.2846 -0.2089  0.3993  0.2088  0.3017  0.3248  0.4061  0.2169  0.2635  0.2501  0.1523  0.1170  0.2134  0.0328  0.0417  0.0831  0.0745  0.1670  0.0325  0.0857
  19  6.3511E-07    0.188927    0.252622  0.2846 -0.2088  0.3993  0.2088  0.3016  0.3247  0.4059  0.2169  0.2633  0.2500  0.1522  0.1170  0.2137  0.0328  0.0416  0.0829  0.0743  0.1676  0.0324  0.0855
  20  5.7446E-07    0.187617    0.251954  0.2846 -0.2087  0.3993  0.2088  0.3014  0.3247  0.4057  0.2169  0.2630  0.2500  0.1522  0.1170  0.2139  0.0328  0.0415  0.0828  0.0741  0.1681  0.0322  0.0854
  21  3.9658E-07    0.186462    0.251149  0.2846 -0.2086  0.3994  0.2088  0.3012  0.3246  0.4055  0.2170  0.2627  0.2499  0.1523  0.1169  0.2142  0.0327  0.0413  0.0827  0.0739  0.1687  0.0321  0.0853
  22  4.6762E-07    0.185386    0.250267  0.2846 -0.2085  0.3994  0.2088  0.3011  0.3246  0.4052  0.2170  0.2625  0.2498  0.1523  0.1169  0.2145  0.0327  0.0412  0.0825  0.0736  0.1692  0.0320  0.0852
  23  3.3377E-07    0.184404    0.249383  0.2847 -0.2084  0.3994  0.2088  0.3008  0.3245  0.4050  0.2170  0.2622  0.2498  0.1524  0.1169  0.2147  0.0327  0.0410  0.0824  0.0734  0.1696  0.0319  0.0850
  24  2.5421E-07    0.183662    0.248888  0.2847 -0.2083  0.3994  0.2088  0.3008  0.3244  0.4049  0.2170  0.2620  0.2497  0.1524  0.1169  0.2149  0.0326  0.0409  0.0823  0.0732  0.1700  0.0318  0.0850
  25  2.9969E-07    0.182755    0.248156  0.2847 -0.2083  0.3995  0.2089  0.3005  0.3244  0.4047  0.2170  0.2617  0.2497  0.1526  0.1169  0.2150  0.0326  0.0408  0.0821  0.0730  0.1704  0.0317  0.0848
  26  3.0447E-07    0.182013    0.247365  0.2848 -0.2082  0.3995  0.2089  0.3004  0.3243  0.4045  0.2170  0.2615  0.2496  0.1527  0.1169  0.2152  0.0326  0.0407  0.0820  0.0728  0.1708  0.0317  0.0847
  27  1.8270E-07    0.181392    0.246853  0.2847 -0.2082  0.3995  0.2089  0.3003  0.3243  0.4044  0.2170  0.2615  0.2496  0.1526  0.1169  0.2154  0.0325  0.0406  0.0819  0.0727  0.1711  0.0316  0.0847
  28  3.2713E-07    0.180753    0.246391  0.2848 -0.2081  0.3995  0.2089  0.3002  0.3242  0.4043  0.2170  0.2612  0.2496  0.1528  0.1169  0.2155  0.0325  0.0405  0.0818  0.0725  0.1713  0.0315  0.0846
  29  1.6566E-07    0.180138    0.245775  0.2848 -0.2081  0.3995  0.2089  0.3001  0.3242  0.4041  0.2171  0.2609  0.2496  0.1528  0.1169  0.2157  0.0325  0.0405  0.0817  0.0723  0.1716  0.0315  0.0845
  30  1.3445E-07    0.179821    0.245440  0.2848 -0.2080  0.3995  0.2090  0.3000  0.3241  0.4041  0.2171  0.2607  0.2495  0.1529  0.1169  0.2157  0.0325  0.0404  0.0817  0.0722  0.1718  0.0315  0.0845
  31  2.8136E-07    0.179342    0.244922  0.2848 -0.2080  0.3995  0.2090  0.3000  0.3241  0.4039  0.2171  0.2606  0.2495  0.1530  0.1169  0.2159  0.0325  0.0404  0.0816  0.0721  0.1720  0.0314  0.0844
  32  1.3017E-07    0.178872    0.244588  0.2848 -0.2079  0.3995  0.2090  0.2999  0.3241  0.4039  0.2171  0.2603  0.2495  0.1530  0.1169  0.2160  0.0324  0.0403  0.0815  0.0719  0.1721  0.0314  0.0843
  33  2.7609E-07    0.178480    0.244076  0.2849 -0.2079  0.3995  0.2090  0.2998  0.3240  0.4037  0.2171  0.2601  0.2495  0.1532  0.1169  0.2161  0.0324  0.0402  0.0814  0.0718  0.1723  0.0313  0.0843
  34  1.0101E-07    0.178259    0.243810  0.2849 -0.2079  0.3995  0.2091  0.2998  0.3240  0.4037  0.2171  0.2598  0.2495  0.1532  0.1169  0.2162  0.0324  0.0402  0.0814  0.0717  0.1724  0.0313  0.0842
  35  1.2635E-07    0.178029    0.243415  0.2849 -0.2078  0.3995  0.2091  0.2998  0.3240  0.4036  0.2171  0.2598  0.2495  0.1533  0.1169  0.2163  0.0324  0.0402  0.0813  0.0716  0.1726  0.0313  0.0842
  36  2.7634E-07    0.177805    0.243112  0.2849 -0.2078  0.3995  0.2091  0.2998  0.3240  0.4036  0.2172  0.2595  0.2495  0.1534  0.1169  0.2164  0.0324  0.0401  0.0813  0.0715  0.1726  0.0312  0.0842
  37  1.2137E-07    0.177512    0.242865  0.2849 -0.2078  0.3995  0.2091  0.2997  0.3239  0.4035  0.2172  0.2592  0.2495  0.1534  0.1169  0.2164  0.0324  0.0401  0.0812  0.0714  0.1728  0.0312  0.0841
  38  2.8023E-07    0.177162    0.242481  0.2849 -0.2078  0.3995  0.2091  0.2997  0.3239  0.4034  0.2172  0.2592  0.2494  0.1535  0.1169  0.2165  0.0324  0.0401  0.0811  0.0713  0.1729  0.0312  0.0841
  39  1.0583E-07    0.177070    0.242192  0.2849 -0.2077  0.3995  0.2092  0.2997  0.3239  0.4034  0.2172  0.2589  0.2494  0.1536  0.1169  0.2166  0.0324  0.0400  0.0811  0.0712  0.1730  0.0311  0.0841
  40  2.3564E-07    0.176809    0.241965  0.2849 -0.2077  0.3995  0.2092  0.2997  0.3239  0.4034  0.2173  0.2586  0.2494  0.1537  0.1169  0.2166  0.0324  0.0400  0.0810  0.0712  0.1731  0.0311  0.0840
  41  1.4726E-07    0.176571    0.241618  0.2849 -0.2077  0.3995  0.2092  0.2996  0.3239  0.4033  0.2173  0.2582  0.2494  0.1537  0.1169  0.2167  0.0323  0.0400  0.0810  0.0711  0.1732  0.0311  0.0840
  42  1.2073E-07    0.176433    0.241532  0.2849 -0.2076  0.3995  0.2092  0.2996  0.3239  0.4033  0.2173  0.2582  0.2494  0.1538  0.1169  0.2167  0.0323  0.0400  0.0810  0.0710  0.1732  0.0311  0.0840
  43  1.5621E-07    0.176190    0.241114  0.2849 -0.2076  0.3995  0.2093  0.2996  0.3238  0.4032  0.2173  0.2579  0.2494  0.1538  0.1169  0.2168  0.0323  0.0399  0.0809  0.0709  0.1734  0.0310  0.0839
  44  1.9313E-07    0.176036    0.240884  0.2850 -0.2076  0.3995  0.2093  0.2996  0.3238  0.4032  0.2173  0.2576  0.2494  0.1539  0.1169  0.2169  0.0323  0.0399  0.0809  0.0709  0.1735  0.0310  0.0839
  45  2.7992E-07    0.175798    0.240649  0.2850 -0.2076  0.3995  0.2093  0.2996  0.3238  0.4032  0.2173  0.2575  0.2494  0.1540  0.1169  0.2169  0.0323  0.0399  0.0808  0.0708  0.1736  0.0310  0.0839
  46  2.2632E-07    0.175575    0.240667  0.2850 -0.2075  0.3995  0.2093  0.2996  0.3238  0.4032  0.2173  0.2572  0.2494  0.1540  0.1169  0.2169  0.0323  0.0399  0.0808  0.0707  0.1736  0.0309  0.0839
  47  1.5593E-07    0.175432    0.240440  0.2850 -0.2075  0.3995  0.2094  0.2996  0.3238  0.4031  0.2174  0.2569  0.2494  0.1541  0.1169  0.2170  0.0323  0.0399  0.0808  0.0707  0.1737  0.0309  0.0838
  48  1.8868E-07    0.175305    0.240273  0.2850 -0.2075  0.3995  0.2094  0.2996  0.3238  0.4031  0.2174  0.2567  0.2494  0.1542  0.1169  0.2170  0.0323  0.0399  0.0807  0.0706  0.1737  0.0309  0.0838
  49  2.1856E-07    0.175058    0.240381  0.2850 -0.2075  0.3995  0.2094  0.2996  0.3238  0.4031  0.2174  0.2567  0.2494  0.1542  0.1170  0.2169  0.0323  0.0398  0.0807  0.0706  0.1738  0.0309  0.0838
  50  1.7949E-07    0.174964    0.240150  0.2850 -0.2075  0.3995  0.2094  0.2996  0.3238  0.4031  0.2174  0.2567  0.2494  0.1542  0.1169  0.2170  0.0323  0.0398  0.0807  0.0706  0.1738  0.0309  0.0838
