K Run Tem Iterate    Move%     Time        CurrentLogL           BestLogL     Fst1     Fst2     Fst3     Fst4     Fst5     Fst6     Fst7     Fis1     Fis2     Fis3     Fis4     Fis5     Fis6     Fis7
7   7   1       0   1.0000 42:49:12 -4.29358831413E+05 -4.29358831413E+05  0.00784 -0.05456  0.10641 -0.17383 -0.08314  0.08448  0.15854 -0.10466 -0.09261 -0.17882 -0.12022 -0.19279 -0.08962 -0.18448
7   7   1     100   2.9412 42:49:12 -4.28444280429E+05 -4.28444280429E+05  0.00784 -0.05456 -0.08314 -0.17383  0.15854  0.08448  0.10641 -0.10466 -0.09261 -0.19279 -0.12022 -0.18448 -0.08962 -0.17882
7   7   1     200  42.5743 42:49:12 -4.00516873977E+05 -4.00068444505E+05  0.15854  0.08448 -0.05456 -0.08314  0.10641  0.00784 -0.17383 -0.18448 -0.08962 -0.09261 -0.19279 -0.17882 -0.10466 -0.12022
7   7   1     400  56.2189 42:49:12 -3.76866939847E+05 -3.76866939847E+05 -0.08314  0.15854  0.10641 -0.17383  0.08448  0.00784 -0.05456 -0.19279 -0.18448 -0.17882 -0.12022 -0.08962 -0.10466 -0.09261
7   7   1     800  47.8803 42:49:12 -3.60542577447E+05 -3.59666659006E+05 -0.08314  0.10641  0.15854  0.00784 -0.05456 -0.17383  0.08448 -0.19279 -0.17882 -0.18448 -0.10466 -0.09261 -0.12022 -0.08962
7   7   1    1600  42.2597 42:49:12 -3.66902920638E+05 -3.59666659006E+05  0.10641  0.15854 -0.08314 -0.17383 -0.05456  0.08448  0.00784 -0.17882 -0.18448 -0.19279 -0.12022 -0.09261 -0.08962 -0.10466
7   7   2    3200  40.6897 42:49:12 -3.61168733457E+05 -3.59666659006E+05  0.15854  0.10641  0.00784 -0.05456  0.08448 -0.17383 -0.08314 -0.18448 -0.17882 -0.10466 -0.09261 -0.08962 -0.12022 -0.19279
7   7   2    6400  32.5215 43:49:12 -3.59338741862E+05 -3.56002090397E+05  0.38024  0.34877  0.00186  1.00000  0.00367  1.00000  0.41518 -0.18144 -0.17533 -0.89019  0.00000 -0.88392  0.00000 -0.34559
7   7   2   10000  32.0028 47:49:12 -3.60018119483E+05 -3.56002090397E+05  0.38024  0.34877  0.00186  1.00000  1.00000  0.41518  0.00367 -0.18144 -0.17533 -0.89019  0.00000  0.00000 -0.34559 -0.88392
7   7   2   12800  32.2144 49:49:12 -3.61632730728E+05 -3.56002090397E+05  0.41774  0.38130  0.04336  0.04549  0.03402  1.00000  0.47701 -0.17390 -0.22399 -0.93640 -0.86662 -0.90462  0.00000 -0.47352
7   7   2   15000  31.8528 49:49:12 -3.62518060909E+05 -3.56002090397E+05  0.41774  0.38130  0.04336  0.04549  0.47701  0.03402  1.00000 -0.17390 -0.22399 -0.93640 -0.86662 -0.47352 -0.90462  0.00000
7   7   3   25600  29.9891 50:49:12 -3.57976713738E+05 -3.55162463648E+05  0.52494  1.00000  1.00000 -0.10372  0.33606  0.28212  1.00000 -0.88116  0.00000  0.00000 -0.88937 -0.20684 -0.17100  0.00000
7   7   3   40000  26.9671 51:49:12 -3.59808628543E+05 -3.54020630142E+05  0.33932  0.29224 -0.09769  1.00000  1.00000  0.52754  1.00000 -0.18952 -0.22223 -0.88937  0.00000  0.00000 -0.88116  0.00000
7   7   4   50000  20.7514 53:49:12 -3.57553868866E+05 -3.54020630142E+05  0.33349  0.30014  1.00000 -0.09536  1.00000  0.52854  1.00000 -0.20400 -0.21469  0.00000 -0.88937  0.00000 -0.88116  0.00000
7   7   4   51200  21.3437 53:49:12 -3.58339854022E+05 -3.54020630142E+05  0.35354  0.29104 -0.09992  1.00000  1.00000  1.00000  0.39898 -0.20527 -0.20393 -0.88937  0.00000  0.00000  0.00000 -0.47352
7   7   5   70000  16.9574 55:49:12 -3.53938186233E+05 -3.53334288474E+05  0.31850  0.55754  1.00000  0.23968 -0.17761  0.18981  0.35486 -0.21220 -0.81434  0.00000 -0.21943 -0.89200 -0.12556 -0.47352
7   7   5   95000  15.1606 57:49:12 -3.50094032382E+05 -3.48012368755E+05  0.30962  0.19949  0.51910 -0.23620  0.39205  0.54663  0.32451 -0.20618 -0.24553 -0.90634 -0.88937 -0.36320 -0.83914 -0.47352
7   7   5  102400  15.0617 57:49:12 -3.51068153141E+05 -3.47760245372E+05  0.29324  0.22680  0.53149 -0.20307  0.39514  1.00000  0.37560 -0.19318 -0.23563 -0.90203 -0.88937 -0.39855  0.00000 -0.55358
7   7   6  103817  11.5000 57:49:12 -3.49472585999E+05 -3.47760245372E+05  0.29324  1.00000  0.22680  0.53149 -0.20307  0.39514  0.37560 -0.19318  0.00000 -0.23563 -0.90203 -0.88937 -0.39855 -0.55358
7   7   6  130000  10.7995 59:49:12 -3.48326787867E+05 -3.46051401805E+05  0.25382  0.20974  0.45288  0.51812 -0.23872  0.39081  0.32313 -0.21573 -0.23233 -0.67994 -0.90634 -0.88937 -0.36320 -0.47352
7   7   6  145000   9.4247 07:50:12 -3.47205228809E+05 -3.45871924209E+05  0.26723  0.21426  0.38368  0.51924 -0.23582  0.37867  0.32472 -0.21857 -0.25502 -0.43686 -0.90634 -0.88937 -0.39855 -0.47352
7   7   8  167622   4.3000 08:50:12 -3.47997324375E+05 -3.45871924209E+05  0.36889  0.21641  0.52904 -0.21065  0.37410  1.00000  0.33847 -0.22914 -0.23461 -0.90634 -0.88937 -0.37518  0.00000 -0.47352
7   7   8  180000   4.5588 09:50:12 -3.46835761878E+05 -3.45808844025E+05  0.31076  0.20046  0.38125  0.51735 -0.24070  0.37622  0.32205 -0.21797 -0.26186 -0.43686 -0.90634 -0.88937 -0.39855 -0.47352
7   7  10  203429   2.8000 10:50:12 -3.45970178986E+05 -3.45808844025E+05  0.31539  0.20077  0.38117  0.51728 -0.24086  0.37614  0.32196 -0.20808 -0.27285 -0.43686 -0.90634 -0.88937 -0.39855 -0.47352
7   7  10  210000   3.0675 11:50:12 -3.45886818563E+05 -3.45808844025E+05  0.33093  0.19580  0.38493  0.51642 -0.24309  0.37502  0.32075 -0.21979 -0.26005 -0.44485 -0.90634 -0.88937 -0.39855 -0.47352
7   7  11  224748   2.0000 12:50:12 -3.45876792613E+05 -3.45808844025E+05  0.31585  0.20115  0.38117  0.51729 -0.24085  0.37614  0.32197 -0.20648 -0.27480 -0.43686 -0.90634 -0.88937 -0.39855 -0.47352
7   7  12  234281   2.3000 12:50:12 -3.46093593034E+05 -3.45808844025E+05  0.33211  0.19781  0.38112  0.51725 -0.24095  0.35843  0.32192 -0.22231 -0.26343 -0.43686 -0.90634 -0.88937 -0.37518 -0.47352
7   7  12  240000   2.4710 13:50:12 -3.45920111668E+05 -3.45808844025E+05  0.32295  0.19794  0.38063  0.51687 -0.24194  0.37560  0.32138 -0.22036 -0.26147 -0.43686 -0.90634 -0.88937 -0.39855 -0.47352
7   7  13  256317   1.9000 14:50:12 -3.45808844025E+05 -3.45808844025E+05  0.34346  0.19250  0.37942  0.51592 -0.24436  0.37438  0.32005 -0.22460 -0.25322 -0.43686 -0.90634 -0.88937 -0.39855 -0.47352
7   7  14  266319   2.2000 14:50:12 -3.45808844025E+05 -3.45808844025E+05  0.32645  0.19829  0.38058  0.51683 -0.24204  0.37554  0.32132 -0.21776 -0.26665 -0.43686 -0.90634 -0.88937 -0.39855 -0.47352
7   7  14  270000   1.6747 15:50:12 -3.46013331343E+05 -3.45808844025E+05  0.32082  0.19973  0.38087  0.51705 -0.24146  0.37584  0.32164 -0.21349 -0.26971 -0.43686 -0.90634 -0.88937 -0.39855 -0.47352
7   7  15  288685   2.2000 16:50:12 -3.46043315556E+05 -3.45808844025E+05  0.32329  0.19824  0.38063  0.51687 -0.24194  0.37559  0.32137 -0.21267 -0.26611 -0.43686 -0.90634 -0.88937 -0.39855 -0.47352
7   7  16  299056   1.1000 16:50:12 -3.45842331004E+05 -3.45808844025E+05  0.32648  0.19816  0.38059  0.51684 -0.24202  0.37555  0.32133 -0.21541 -0.26762 -0.43686 -0.90634 -0.88937 -0.39855 -0.47352
7   7  16  300000   1.1500 17:50:12 -3.45876792613E+05 -3.45808844025E+05  0.32648  0.19816  0.38059  0.51684 -0.24202  0.37555  0.32133 -0.21541 -0.26762 -0.43686 -0.90634 -0.88937 -0.39855 -0.47352
7   7  17  321782   2.2000 18:50:12 -3.45871924209E+05 -3.45808844025E+05  0.32177  0.20084  0.38172  0.51772 -0.23976  0.35905  0.32257 -0.21123 -0.27213 -0.43686 -0.90634 -0.88937 -0.37518 -0.47352
7   7  17  330000   1.7312 19:50:12 -3.45808844025E+05 -3.45808844025E+05  0.32160  0.19961  0.38087  0.51706 -0.24145  0.37584  0.32164 -0.21302 -0.27050 -0.43686 -0.90634 -0.88937 -0.39855 -0.47352
7   7  18  332415   1.3000 19:50:12 -3.45992014952E+05 -3.45808844025E+05  0.32160  0.19961  0.38087  0.51706 -0.24145  0.37584  0.32164 -0.21302 -0.27050 -0.43686 -0.90634 -0.88937 -0.39855 -0.47352
7   7  19  355543   1.2000 20:50:12 -3.45808844025E+05 -3.45808844025E+05  0.31187  0.20280  0.38144  0.51750 -0.24032  0.37641  0.32226 -0.20505 -0.27818 -0.43686 -0.90634 -0.88937 -0.39855 -0.47352
7   7  19  360000   1.1923 21:50:12 -3.45808844025E+05 -3.45808844025E+05  0.32645  0.19829  0.38058  0.51683 -0.24204  0.37554  0.32132 -0.21776 -0.26665 -0.43686 -0.90634 -0.88937 -0.39855 -0.47352
7   7 200  366296   0.0000 21:50:12 -3.45808844025E+05 -3.45808844025E+05  0.33793  0.19652  0.38082  0.51701 -0.24156  0.35812  0.32158 -0.22579 -0.26094 -0.43686 -0.90634 -0.88937 -0.37518 -0.47352
