Iter   Tolerance Admix(mean)   Admix(SD)    Fst1    Fst2    Fst3    Fst4    Fst5    Fst6    Fst7   QPop1   QPop2   QPop3   QPop4   QPop5   QPop6   QPop7
   1  6.5950E-03    0.799904    0.067083  0.1820 -0.3105  0.2127  0.0880  0.1195  0.1224  0.1299  0.1959  0.1125  0.1664  0.1238  0.1328  0.1345  0.1341
   2  6.7914E-03    0.655044    0.246121  0.2259 -0.2332  0.3202  0.1479  0.1678  0.1717  0.1999  0.2434  0.1261  0.1962  0.0924  0.1110  0.1153  0.1156
   3  3.0044E-03    0.553336    0.267367  0.2496 -0.2212  0.3694  0.1479  0.1908  0.2111  0.2657  0.2811  0.1236  0.2167  0.0733  0.0957  0.1046  0.1049
   4  3.6119E-03    0.442775    0.278006  0.2598 -0.2147  0.3863  0.1307  0.2552  0.2837  0.3622  0.3027  0.1234  0.2175  0.0559  0.0890  0.1079  0.1035
   5  2.2056E-03    0.352152    0.284953  0.2584 -0.2172  0.3893  0.2271  0.3041  0.3163  0.4062  0.3084  0.1237  0.2163  0.0524  0.0910  0.1071  0.1012
   6  1.0468E-03    0.295794    0.284671  0.2591 -0.2147  0.3922  0.3013  0.3192  0.3276  0.4180  0.3128  0.1222  0.2182  0.0562  0.0905  0.1042  0.0960
   7  3.5855E-04    0.259904    0.282606  0.2652 -0.2029  0.3989  0.2759  0.3270  0.3366  0.4244  0.3192  0.1194  0.2236  0.0531  0.0899  0.1023  0.0924
   8  1.2846E-04    0.237378    0.279124  0.2690 -0.1947  0.4035  0.2508  0.3295  0.3408  0.4267  0.3250  0.1181  0.2324  0.0448  0.0890  0.1005  0.0903
   9  5.6202E-05    0.225042    0.274967  0.2717 -0.1897  0.4062  0.2357  0.3301  0.3428  0.4272  0.3282  0.1177  0.2403  0.0390  0.0877  0.0986  0.0885
  10  2.7131E-05    0.217654    0.271809  0.2740 -0.1865  0.4080  0.2257  0.3303  0.3440  0.4272  0.3300  0.1175  0.2462  0.0363  0.0862  0.0969  0.0870
  11  1.5520E-05    0.212678    0.269106  0.2754 -0.1853  0.4086  0.2245  0.3297  0.3441  0.4264  0.3310  0.1171  0.2506  0.0353  0.0849  0.0954  0.0857
  12  8.1349E-06    0.209556    0.267069  0.2766 -0.1846  0.4089  0.2253  0.3289  0.3440  0.4256  0.3317  0.1169  0.2540  0.0347  0.0837  0.0943  0.0847
  13  5.1236E-06    0.207398    0.265284  0.2776 -0.1841  0.4091  0.2259  0.3284  0.3439  0.4249  0.3323  0.1169  0.2567  0.0344  0.0826  0.0933  0.0838
  14  3.4234E-06    0.205875    0.263572  0.2785 -0.1836  0.4093  0.2263  0.3279  0.3439  0.4243  0.3328  0.1169  0.2589  0.0341  0.0817  0.0926  0.0830
  15  2.3438E-06    0.204745    0.261984  0.2792 -0.1832  0.4096  0.2267  0.3275  0.3438  0.4238  0.3332  0.1169  0.2606  0.0340  0.0809  0.0920  0.0824
  16  1.6342E-06    0.203803    0.260560  0.2799 -0.1828  0.4097  0.2269  0.3272  0.3438  0.4234  0.3337  0.1169  0.2621  0.0338  0.0803  0.0915  0.0818
  17  1.1484E-06    0.202963    0.259320  0.2804 -0.1825  0.4099  0.2271  0.3269  0.3438  0.4231  0.3341  0.1169  0.2633  0.0337  0.0797  0.0911  0.0813
  18  8.2350E-07    0.202269    0.258247  0.2808 -0.1823  0.4100  0.2273  0.3266  0.3438  0.4228  0.3345  0.1169  0.2642  0.0336  0.0792  0.0907  0.0809
  19  5.5445E-07    0.201726    0.257364  0.2812 -0.1821  0.4101  0.2274  0.3265  0.3438  0.4225  0.3348  0.1169  0.2650  0.0336  0.0788  0.0904  0.0806
  20  3.5357E-07    0.201302    0.256690  0.2815 -0.1819  0.4102  0.2275  0.3263  0.3438  0.4224  0.3350  0.1169  0.2656  0.0335  0.0785  0.0902  0.0803
  21  2.2668E-07    0.200988    0.256190  0.2817 -0.1818  0.4102  0.2275  0.3262  0.3438  0.4222  0.3352  0.1169  0.2660  0.0334  0.0783  0.0900  0.0801
  22  1.3940E-07    0.200757    0.255811  0.2819 -0.1817  0.4103  0.2276  0.3261  0.3438  0.4221  0.3353  0.1169  0.2664  0.0334  0.0781  0.0899  0.0800
  23  9.0475E-08    0.200578    0.255518  0.2820 -0.1816  0.4103  0.2276  0.3261  0.3438  0.4220  0.3354  0.1169  0.2667  0.0334  0.0780  0.0898  0.0799
  24  8.2618E-08    0.200387    0.255250  0.2822 -0.1815  0.4103  0.2276  0.3260  0.3438  0.4220  0.3355  0.1168  0.2669  0.0333  0.0779  0.0897  0.0798
  25  7.4245E-08    0.200200    0.254968  0.2823 -0.1814  0.4103  0.2276  0.3259  0.3438  0.4219  0.3357  0.1168  0.2671  0.0333  0.0778  0.0896  0.0797
  26  7.3553E-08    0.200019    0.254661  0.2823 -0.1813  0.4103  0.2276  0.3259  0.3438  0.4218  0.3358  0.1168  0.2673  0.0332  0.0776  0.0895  0.0796
  27  7.4049E-08    0.199776    0.254396  0.2824 -0.1812  0.4104  0.2275  0.3258  0.3437  0.4217  0.3359  0.1168  0.2675  0.0332  0.0775  0.0894  0.0795
  28  6.6915E-08    0.199572    0.254114  0.2825 -0.1812  0.4104  0.2275  0.3257  0.3437  0.4216  0.3361  0.1168  0.2677  0.0332  0.0774  0.0894  0.0794
  29  6.8108E-08    0.199349    0.253844  0.2825 -0.1811  0.4104  0.2275  0.3256  0.3437  0.4216  0.3362  0.1168  0.2679  0.0331  0.0773  0.0893  0.0793
  30  6.7472E-08    0.199140    0.253577  0.2826 -0.1811  0.4104  0.2275  0.3256  0.3437  0.4215  0.3363  0.1168  0.2681  0.0331  0.0772  0.0892  0.0792
  31  6.5992E-08    0.198923    0.253316  0.2826 -0.1810  0.4104  0.2274  0.3255  0.3437  0.4214  0.3364  0.1168  0.2682  0.0331  0.0771  0.0891  0.0791
  32  7.0861E-08    0.198685    0.253079  0.2827 -0.1809  0.4104  0.2274  0.3254  0.3436  0.4213  0.3366  0.1169  0.2684  0.0330  0.0770  0.0891  0.0791
  33  6.1989E-08    0.198473    0.252819  0.2827 -0.1809  0.4104  0.2274  0.3254  0.3436  0.4213  0.3367  0.1169  0.2685  0.0330  0.0769  0.0890  0.0790
  34  5.8655E-08    0.198292    0.252553  0.2828 -0.1809  0.4104  0.2273  0.3253  0.3436  0.4212  0.3369  0.1169  0.2687  0.0330  0.0768  0.0889  0.0789
  35  6.3060E-08    0.198101    0.252296  0.2828 -0.1808  0.4104  0.2273  0.3252  0.3436  0.4211  0.3370  0.1169  0.2688  0.0330  0.0767  0.0889  0.0788
  36  7.0668E-08    0.197819    0.252124  0.2828 -0.1808  0.4104  0.2273  0.3252  0.3436  0.4211  0.3371  0.1169  0.2689  0.0329  0.0766  0.0888  0.0787
  37  6.0048E-08    0.197618    0.251893  0.2829 -0.1807  0.4104  0.2272  0.3251  0.3435  0.4210  0.3372  0.1169  0.2690  0.0329  0.0766  0.0887  0.0787
  38  5.5810E-08    0.197466    0.251630  0.2829 -0.1807  0.4104  0.2272  0.3251  0.3435  0.4210  0.3373  0.1169  0.2692  0.0329  0.0765  0.0887  0.0786
  39  5.8844E-08    0.197283    0.251398  0.2829 -0.1807  0.4104  0.2272  0.3250  0.3435  0.4209  0.3374  0.1169  0.2693  0.0329  0.0764  0.0886  0.0785
  40  6.5962E-08    0.197078    0.251181  0.2829 -0.1806  0.4104  0.2272  0.3249  0.3435  0.4209  0.3375  0.1169  0.2694  0.0328  0.0763  0.0886  0.0785
  41  6.9183E-08    0.196828    0.251010  0.2829 -0.1806  0.4104  0.2271  0.3249  0.3435  0.4208  0.3377  0.1169  0.2695  0.0328  0.0762  0.0885  0.0784
  42  6.5427E-08    0.196635    0.250806  0.2830 -0.1806  0.4104  0.2271  0.3248  0.3434  0.4208  0.3378  0.1169  0.2696  0.0328  0.0762  0.0884  0.0783
  43  5.3181E-08    0.196492    0.250566  0.2830 -0.1805  0.4104  0.2271  0.3248  0.3434  0.4207  0.3379  0.1169  0.2697  0.0328  0.0761  0.0884  0.0783
  44  6.2925E-08    0.196296    0.250386  0.2830 -0.1805  0.4104  0.2271  0.3247  0.3434  0.4207  0.3380  0.1169  0.2698  0.0327  0.0760  0.0883  0.0782
  45  5.9038E-08    0.196104    0.250192  0.2830 -0.1805  0.4104  0.2271  0.3246  0.3434  0.4207  0.3381  0.1169  0.2699  0.0327  0.0759  0.0883  0.0781
  46  4.9187E-08    0.196006    0.249943  0.2830 -0.1805  0.4104  0.2270  0.3246  0.3434  0.4206  0.3382  0.1169  0.2700  0.0327  0.0759  0.0882  0.0781
  47  5.8156E-08    0.195826    0.249753  0.2830 -0.1805  0.4104  0.2270  0.3245  0.3434  0.4206  0.3383  0.1169  0.2701  0.0327  0.0758  0.0882  0.0780
  48  7.2057E-08    0.195605    0.249597  0.2830 -0.1804  0.4104  0.2270  0.3245  0.3434  0.4206  0.3384  0.1169  0.2702  0.0327  0.0757  0.0881  0.0780
  49  5.7782E-08    0.195453    0.249404  0.2831 -0.1804  0.4104  0.2270  0.3244  0.3433  0.4205  0.3385  0.1169  0.2703  0.0326  0.0757  0.0881  0.0779
  50  7.2521E-08    0.195244    0.249258  0.2831 -0.1804  0.4104  0.2270  0.3244  0.3433  0.4205  0.3386  0.1169  0.2704  0.0326  0.0756  0.0881  0.0779
  51  6.7615E-08    0.195068    0.249096  0.2831 -0.1804  0.4104  0.2270  0.3243  0.3433  0.4205  0.3387  0.1170  0.2705  0.0326  0.0755  0.0880  0.0778
