Iter   Tolerance Admix(mean)   Admix(SD)    Fst1    Fst2    Fst3    Fst4    Fst5    Fst6    Fst7    Fst8    Fst9   Fst10   QPop1   QPop2   QPop3   QPop4   QPop5   QPop6   QPop7   QPop8   QPop9  QPop10
   1  1.2200E-02    0.623375    0.219444  0.2539 -0.2175  0.3551  0.1230  0.1883  0.2505  0.3016  0.2078  0.1223 -0.1057  0.1714  0.1182  0.1533  0.0614  0.0668  0.0912  0.0855  0.1522  0.0581  0.0418
   2  3.9799E-03    0.432225    0.241479  0.2964 -0.1685  0.4119  0.2294  0.3115  0.3387  0.4188  0.2404  0.2414 -0.2758  0.1987  0.1116  0.1744  0.0507  0.0629  0.0961  0.0898  0.1459  0.0492  0.0209
   3  8.4476E-04    0.327036    0.265325  0.3195 -0.1316  0.4360  0.2562  0.3597  0.3725  0.4531  0.2677  0.3188 -0.3729  0.2119  0.1111  0.1850  0.0424  0.0591  0.0966  0.0882  0.1480  0.0468  0.0110
   4  1.8591E-04    0.280009    0.268357  0.3372 -0.1002  0.4528  0.2746  0.3797  0.3917  0.4685  0.2891  0.3488 -0.4031  0.2197  0.1109  0.1922  0.0383  0.0551  0.0955  0.0857  0.1535  0.0443  0.0049
   5  5.6000E-04    0.249111    0.261879  0.3362 -0.1013  0.4532  0.2743  0.3766  0.3910  0.4666  0.2890  0.3466 -0.2681  0.2235  0.1090  0.1961  0.0359  0.0515  0.0935  0.0830  0.1576  0.0416  0.0084
   6  3.5153E-05    0.234394    0.258754  0.3364 -0.1000  0.4541  0.2763  0.3750  0.3910  0.4659  0.2895  0.3447 -0.2668  0.2254  0.1091  0.1990  0.0349  0.0494  0.0920  0.0812  0.1610  0.0398  0.0082
   7  2.1765E-05    0.223872    0.255831  0.3365 -0.0992  0.4547  0.2781  0.3735  0.3909  0.4652  0.2897  0.3426 -0.2659  0.2264  0.1091  0.2013  0.0344  0.0478  0.0907  0.0798  0.1639  0.0384  0.0082
   8  1.4543E-05    0.215660    0.253475  0.3366 -0.0985  0.4551  0.2795  0.3723  0.3907  0.4647  0.2898  0.3408 -0.2652  0.2269  0.1091  0.2032  0.0341  0.0466  0.0896  0.0787  0.1664  0.0373  0.0082
   9  1.1514E-05    0.208622    0.251717  0.3368 -0.0980  0.4554  0.2807  0.3713  0.3905  0.4644  0.2899  0.3393 -0.2646  0.2272  0.1091  0.2047  0.0339  0.0457  0.0886  0.0778  0.1685  0.0364  0.0082
  10  7.2856E-06    0.203031    0.249789  0.3370 -0.0975  0.4557  0.2815  0.3706  0.3904  0.4640  0.2900  0.3380 -0.2643  0.2271  0.1091  0.2061  0.0336  0.0449  0.0878  0.0770  0.1705  0.0357  0.0082
  11  5.2712E-06    0.198251    0.248164  0.3372 -0.0971  0.4560  0.2822  0.3700  0.3903  0.4636  0.2901  0.3368 -0.2640  0.2270  0.1091  0.2073  0.0335  0.0443  0.0871  0.0763  0.1722  0.0351  0.0082
  12  3.8575E-06    0.194431    0.246872  0.3374 -0.0968  0.4562  0.2826  0.3696  0.3901  0.4633  0.2902  0.3360 -0.2638  0.2268  0.1091  0.2082  0.0333  0.0438  0.0865  0.0757  0.1737  0.0346  0.0081
  13  2.6549E-06    0.191499    0.245843  0.3376 -0.0965  0.4564  0.2830  0.3693  0.3901  0.4630  0.2903  0.3353 -0.2636  0.2266  0.1091  0.2090  0.0332  0.0434  0.0861  0.0753  0.1750  0.0342  0.0081
  14  1.9329E-06    0.189028    0.244570  0.3378 -0.0962  0.4566  0.2832  0.3690  0.3900  0.4627  0.2904  0.3347 -0.2634  0.2263  0.1091  0.2098  0.0331  0.0431  0.0856  0.0748  0.1763  0.0339  0.0081
  15  1.6567E-06    0.186879    0.243987  0.3380 -0.0961  0.4567  0.2834  0.3688  0.3899  0.4625  0.2904  0.3343 -0.2632  0.2261  0.1091  0.2103  0.0330  0.0428  0.0853  0.0745  0.1772  0.0336  0.0081
  16  1.0846E-06    0.185253    0.243466  0.3381 -0.0959  0.4568  0.2835  0.3687  0.3899  0.4624  0.2904  0.3340 -0.2631  0.2258  0.1091  0.2108  0.0329  0.0426  0.0850  0.0742  0.1780  0.0334  0.0081
  17  8.4216E-07    0.183698    0.242658  0.3383 -0.0958  0.4569  0.2836  0.3685  0.3899  0.4621  0.2904  0.3336 -0.2630  0.2256  0.1091  0.2112  0.0328  0.0424  0.0848  0.0738  0.1789  0.0332  0.0081
  18  6.9041E-07    0.182521    0.242348  0.3384 -0.0957  0.4569  0.2838  0.3684  0.3898  0.4620  0.2904  0.3334 -0.2629  0.2254  0.1091  0.2115  0.0328  0.0423  0.0846  0.0736  0.1795  0.0330  0.0081
  19  5.3511E-07    0.181524    0.242001  0.3385 -0.0956  0.4570  0.2838  0.3684  0.3898  0.4619  0.2905  0.3332 -0.2629  0.2252  0.1091  0.2117  0.0327  0.0422  0.0844  0.0734  0.1801  0.0329  0.0081
  20  4.4075E-07    0.180502    0.241388  0.3386 -0.0955  0.4570  0.2839  0.3683  0.3898  0.4617  0.2905  0.3331 -0.2628  0.2251  0.1091  0.2120  0.0327  0.0420  0.0843  0.0732  0.1807  0.0328  0.0081
  21  3.6032E-07    0.179693    0.240911  0.3386 -0.0954  0.4571  0.2840  0.3682  0.3898  0.4616  0.2904  0.3328 -0.2627  0.2250  0.1091  0.2122  0.0326  0.0419  0.0841  0.0730  0.1812  0.0327  0.0081
  22  2.9465E-07    0.179057    0.240596  0.3387 -0.0954  0.4571  0.2840  0.3682  0.3898  0.4615  0.2904  0.3327 -0.2627  0.2249  0.1091  0.2124  0.0326  0.0419  0.0840  0.0728  0.1816  0.0326  0.0081
  23  3.6806E-07    0.178340    0.240130  0.3388 -0.0953  0.4571  0.2841  0.3681  0.3898  0.4614  0.2905  0.3326 -0.2626  0.2248  0.1091  0.2126  0.0326  0.0417  0.0839  0.0726  0.1820  0.0325  0.0081
  24  2.9136E-07    0.177738    0.239784  0.3388 -0.0953  0.4571  0.2841  0.3681  0.3897  0.4613  0.2904  0.3324 -0.2626  0.2247  0.1091  0.2128  0.0325  0.0417  0.0838  0.0725  0.1824  0.0324  0.0081
  25  2.1495E-07    0.177181    0.239431  0.3389 -0.0952  0.4571  0.2841  0.3681  0.3897  0.4612  0.2904  0.3323 -0.2625  0.2245  0.1091  0.2130  0.0325  0.0416  0.0837  0.0723  0.1828  0.0324  0.0081
  26  1.8597E-07    0.176796    0.239213  0.3389 -0.0952  0.4571  0.2842  0.3679  0.3897  0.4611  0.2904  0.3322 -0.2625  0.2245  0.1091  0.2131  0.0325  0.0415  0.0836  0.0722  0.1830  0.0323  0.0082
