K Run Tem Iterate    Move%     Time        CurrentLogL           BestLogL     Fst1     Fst2     Fst3     Fst4     Fst5     Fst6     Fst7     Fst8     Fis1     Fis2     Fis3     Fis4     Fis5     Fis6     Fis7     Fis8
8   9   1       0   1.0000 00:02:13 -4.37386580521E+05 -4.37386580521E+05  0.07249  0.07262 -0.09844  0.06965  0.04478 -0.15744 -0.01188 -0.02160 -0.12240 -0.08587 -0.12726 -0.12073 -0.11271 -0.14571 -0.12945 -0.14175
8   9   1     100   1.0000 00:02:13 -4.37238104316E+05 -4.37238104316E+05  0.07249  0.07262 -0.09844  0.06965  0.04478 -0.01188 -0.15744 -0.02160 -0.12240 -0.08587 -0.12726 -0.12073 -0.11271 -0.12945 -0.14571 -0.14175
8   9   1     200  35.5000 00:02:13 -4.09972463693E+05 -4.09972463693E+05  0.07249  0.06965 -0.15744 -0.09844 -0.01188  0.04478 -0.02160  0.07262 -0.12240 -0.12073 -0.14571 -0.12726 -0.12945 -0.11271 -0.14175 -0.08587
8   9   1     400  41.2500 00:02:13 -3.74459679643E+05 -3.74459679643E+05  0.07249 -0.15744 -0.01188  0.07262 -0.02160  0.06965 -0.09844  0.04478 -0.12240 -0.14571 -0.12945 -0.08587 -0.14175 -0.12073 -0.12726 -0.11271
8   9   1     800  41.1250 01:02:13 -3.75562382144E+05 -3.70899852652E+05  0.07249 -0.02160 -0.01188  0.06965  0.07262  0.04478 -0.09844 -0.15744 -0.12240 -0.14175 -0.12945 -0.12073 -0.08587 -0.11271 -0.12726 -0.14571
8   9   1    1600  44.5000 01:02:13 -3.68017924830E+05 -3.67403434284E+05  0.07249 -0.01188  0.07262 -0.02160 -0.15744 -0.09844  0.06965  0.04478 -0.12240 -0.12945 -0.08587 -0.14175 -0.14571 -0.12726 -0.12073 -0.11271
8   9   1    3200  45.8438 01:02:13 -3.65160687837E+05 -3.65160687837E+05 -0.02160  0.07262 -0.01188 -0.09844  0.06965  0.04478 -0.15744  0.07249 -0.14175 -0.08587 -0.12945 -0.12726 -0.12073 -0.11271 -0.14571 -0.12240
8   9   1    6400  44.1094 01:02:13 -3.59002008132E+05 -3.56733513730E+05 -0.02160 -0.09844 -0.01188  0.07262  0.06965 -0.15744  0.04478  0.07249 -0.14175 -0.12726 -0.12945 -0.08587 -0.12073 -0.14571 -0.11271 -0.12240
8   9   1   10000  40.7100 03:02:13 -3.57158184195E+05 -3.55089531575E+05  0.44203  0.30233  0.29678  0.57904 -0.08422  1.00000  0.43512 -0.07946 -0.22938 -0.19575 -0.20181 -0.90634 -0.87123  0.00000 -0.54674 -0.90740
8   9   2   12800  25.3428 05:02:13 -3.60759133769E+05 -3.55089531575E+05  0.44203  0.29678  0.57904 -0.07946  1.00000  0.43512 -0.08422  0.30233 -0.22938 -0.20181 -0.90634 -0.90740  0.00000 -0.54674 -0.87123 -0.19575
8   9   2   15000  27.3714 07:02:13 -3.59450807741E+05 -3.55089531575E+05  0.36459  0.30663  0.58288  0.35904 -0.07359 -0.07040  0.41410  1.00000 -0.19665 -0.21688 -0.90634 -0.26077 -0.92224 -0.88141 -0.47352  0.00000
8   9   2   25600  25.0937 08:02:13 -3.56493941011E+05 -3.55089531575E+05  0.38047  0.32143  0.59150 -0.04819  1.00000  1.00000 -0.05063  0.54803 -0.19177 -0.21525 -0.90634 -0.87447  0.00000  0.00000 -0.89082 -0.88116
8   9   2   30000  25.7204 12:02:13 -3.60580352602E+05 -3.54925811257E+05  0.36533  0.42903  0.58070 -0.07927  0.30279 -0.06685  1.00000  0.41103 -0.17775 -0.28356 -0.90634 -0.88783 -0.21758 -0.96225  0.00000 -0.47352
8   9   2   35000  26.0901 14:02:13 -3.59381451726E+05 -3.53957270852E+05  0.34149  0.40974  0.44182  0.60390 -0.02080 -0.01363 -0.01587  0.44362 -0.21865 -0.19952 -0.32612 -0.90634 -0.87956 -0.79684 -0.93324 -0.47352
8   9   3   45000  22.4443 16:02:13 -3.57091501544E+05 -3.52799562950E+05  0.40258 -0.04853  0.31670  0.59132 -0.05234  1.00000  0.42540  1.00000 -0.18803 -0.90518 -0.21176 -0.90550 -0.88638  0.00000 -0.47352  0.00000
8   9   3   50000  21.2288 20:02:13 -3.53815719204E+05 -3.51913423351E+05  0.27215  0.22649  0.53261  1.00000  0.39595 -0.19835  0.34350  1.00000 -0.17066 -0.24419 -0.90634  0.00000 -0.39855 -0.89200 -0.47352  0.00000
8   9   3   51200  21.1113 20:02:13 -3.53985953695E+05 -3.51913423351E+05  0.27215  0.22649  0.53261 -0.19835  0.39595  0.34350  1.00000  1.00000 -0.17066 -0.24419 -0.90634 -0.89200 -0.39855 -0.47352  0.00000  0.00000
8   9   3   60000  20.5241 22:02:13 -3.55538125575E+05 -3.51913423351E+05  0.34479  0.21566  0.53108  1.00000  1.00000  0.28214  0.34133 -0.20541 -0.18668 -0.22185 -0.90634  0.00000  0.00000 -0.27981 -0.47352 -0.88937
8   9   3   65000  19.8811 26:02:13 -3.52427822830E+05 -3.51823199316E+05  0.31429  0.22326  0.53076 -0.20478  0.39428  1.00000  0.37472  1.00000 -0.18463 -0.25709 -0.90415 -0.88937 -0.39855  0.00000 -0.55358  0.00000
8   9   4   90000  14.0851 28:02:13 -3.51432992679E+05 -3.49202558424E+05  0.26780  0.20890  0.45340  0.51857 -0.23756  0.36019  1.00000  0.32377 -0.19184 -0.25977 -0.67994 -0.90634 -0.88937 -0.37518  0.00000 -0.47352
8   9   4  102400  12.7580 29:02:13 -3.52557062216E+05 -3.48975481537E+05  0.32656  0.19543  0.38617  0.51764 -0.23994  0.35896  1.00000  0.35275 -0.20042 -0.25752 -0.47456 -0.90634 -0.88937 -0.37518  0.00000 -0.54674
8   9   4  115000  13.3169 30:02:13 -3.51280026466E+05 -3.48975481537E+05  1.00000  0.19435  0.51651 -0.24294  0.37513  0.45106  0.31226  0.35495  0.00000 -0.23700 -0.90634 -0.88415 -0.39855 -0.67994 -0.21873 -0.55358
8   9   5  116064  11.2000 30:02:13 -3.50606591692E+05 -3.48975481537E+05  1.00000  0.19435  0.45106  0.51651 -0.24294  0.37513  0.31226  0.35495  0.00000 -0.23700 -0.67994 -0.90634 -0.88415 -0.39855 -0.21873 -0.55358
8   9   6  132409   8.3000 31:02:13 -3.50942349441E+05 -3.48975481537E+05  0.32262  0.19388  0.51567 -0.24510  0.35633  0.50408  0.31969  1.00000 -0.19851 -0.25196 -0.90634 -0.88415 -0.37518 -0.87135 -0.47352  0.00000
8   9   6  150000   9.2597 32:02:13 -3.49553547794E+05 -3.48059325559E+05  0.33614  0.18428  0.30940  0.51215 -0.25406  0.35165  0.37458  0.46023 -0.22298 -0.26334 -0.25701 -0.90634 -0.88937 -0.37518 -0.43686 -0.88116
8   9   7  163101   3.6000 32:02:13 -3.50470497215E+05 -3.48059325559E+05  0.32296  0.18480  0.36518  0.50967 -0.26045  0.34835  0.45749  0.35790 -0.21902 -0.25242 -0.45579 -0.90634 -0.88937 -0.37518 -0.88116 -0.56726
8   9   8  175661   4.3000 33:02:13 -3.49759575222E+05 -3.48059325559E+05  0.31689  0.18262  0.37000  0.50857 -0.26326  0.36488  0.25533  0.45628 -0.21497 -0.26129 -0.43686 -0.90634 -0.88937 -0.39855 -0.28731 -0.88116
8   9   8  185000   3.9271 34:02:13 -3.49137380748E+05 -3.48059325559E+05  0.31927  0.18587  0.37175  0.50994 -0.25975  0.36664  0.35825  0.45779 -0.21478 -0.26398 -0.43686 -0.90634 -0.88937 -0.39855 -0.56726 -0.88116
8   9   9  198146   5.8000 34:02:13 -3.49346928188E+05 -3.48059325559E+05  0.31483  0.35859  0.18672  0.51020 -0.25908  0.36698  0.37208  0.45807 -0.21082 -0.56726 -0.26713 -0.90634 -0.88937 -0.39855 -0.43686 -0.88116
8   9   9  225000   8.3630 36:02:13 -3.48173459081E+05 -3.47180912481E+05  0.35280  0.23712  0.17689  0.37107  0.50941 -0.26111  0.36595  0.31090 -0.22850 -0.23920 -0.31200 -0.43686 -0.90634 -0.88937 -0.39855 -0.47352
8   9  10  256795   3.0000 38:02:13 -3.47716048943E+05 -3.47007630807E+05  0.35064  0.23761  0.17725  0.37197  0.51011 -0.25931  0.34894  0.31188 -0.22722 -0.24290 -0.31381 -0.43686 -0.90634 -0.88937 -0.37518 -0.47352
8   9  10  260000   4.2588 38:02:13 -3.47682044426E+05 -3.47001244426E+05  0.35064  0.23761  0.17725  0.37197  0.51011 -0.25931  0.34894  0.31188 -0.22722 -0.24290 -0.31381 -0.43686 -0.90634 -0.88937 -0.37518 -0.47352
8   9  11  282209   4.3000 39:02:13 -3.47535240924E+05 -3.47001244426E+05  0.35972  0.23297  0.17779  0.37101  0.50936 -0.26123  0.36590  0.31084 -0.24047 -0.22337 -0.30139 -0.43686 -0.90634 -0.88937 -0.39855 -0.47352
8   9  11  290000   4.3369 40:02:13 -3.47466248173E+05 -3.47001244426E+05  0.37302  0.23295  0.17929  0.37416  0.50839 -0.26372  0.36464  0.30947 -0.24101 -0.22944 -0.30818 -0.45840 -0.90634 -0.88937 -0.39855 -0.47352
8   9  12  296758   5.6000 40:02:13 -3.47554651397E+05 -3.47001244426E+05  0.33835  0.17994  0.23889  0.37219  0.51028 -0.25887  0.34917  0.31213 -0.22378 -0.35312 -0.22629 -0.43686 -0.90634 -0.88937 -0.37518 -0.47352
8   9  13  320385   2.5000 41:02:13 -3.47565906611E+05 -3.47001244426E+05  0.36324  0.23433  0.17951  0.37100  0.50936 -0.26124  0.34794  0.31083 -0.23135 -0.22961 -0.33314 -0.43686 -0.90634 -0.88937 -0.37518 -0.47352
8   9  13  325000   2.3345 42:02:13 -3.47285577814E+05 -3.47001244426E+05  0.38808  0.23474  0.18472  0.37002  0.50859 -0.26321  0.34693  0.30975 -0.24750 -0.22617 -0.31989 -0.43686 -0.90634 -0.88937 -0.37518 -0.47352
8   9  14  335972   2.7000 42:02:13 -3.47816167017E+05 -3.47001244426E+05  0.36190  0.23299  0.18125  0.37032  0.50882 -0.26261  0.36520  0.31008 -0.24118 -0.22505 -0.33595 -0.43686 -0.90634 -0.88937 -0.39855 -0.47352
8   9  14  355000   2.1413 44:02:13 -3.47181894438E+05 -3.47001244426E+05  0.35549  0.23333  0.18144  0.37060  0.50904 -0.26204  0.36549  0.31039 -0.23623 -0.22505 -0.34272 -0.43686 -0.90634 -0.88937 -0.39855 -0.47352
8   9  15  360023   1.7000 44:02:13 -3.47028269279E+05 -3.47001244426E+05  0.36768  0.23272  0.18258  0.37010  0.50865 -0.26305  0.36498  0.30984 -0.24080 -0.22505 -0.33368 -0.43686 -0.90634 -0.88937 -0.39855 -0.47352
8   9  16  385000   1.4278 46:02:13 -3.47281017674E+05 -3.47001244426E+05  0.37765  0.23534  0.18307  0.37051  0.50897 -0.26222  0.34743  0.31029 -0.24390 -0.22617 -0.33012 -0.43686 -0.90634 -0.88937 -0.37518 -0.47352
8   9  17  400309   0.6000 47:02:13 -3.47001244426E+05 -3.47001244426E+05  0.37765  0.23534  0.18307  0.37051  0.50897 -0.26222  0.34743  0.31029 -0.24390 -0.22617 -0.33012 -0.43686 -0.90634 -0.88937 -0.37518 -0.47352
8   9  17  410000   1.1507 48:02:13 -3.47221524391E+05 -3.47001244426E+05  0.38219  0.22902  0.18293  0.36934  0.50806 -0.26457  0.36422  0.30901 -0.24435 -0.22821 -0.32523 -0.43686 -0.90634 -0.88937 -0.39855 -0.47352
8   9  18  416438   1.0000 48:02:13 -3.47096392762E+05 -3.47001244426E+05  0.37676  0.22935  0.18216  0.36961  0.50827 -0.26404  0.36448  0.30930 -0.24390 -0.22821 -0.32975 -0.43686 -0.90634 -0.88937 -0.39855 -0.47352
8   9  19  441119   0.4000 50:02:13 -3.47007630807E+05 -3.47001244426E+05  0.37765  0.23534  0.18307  0.37051  0.50897 -0.26222  0.34743  0.31029 -0.24390 -0.22617 -0.33012 -0.43686 -0.90634 -0.88937 -0.37518 -0.47352
8   9  19  445000   0.8430 50:02:13 -3.47001244426E+05 -3.47001244426E+05  0.37694  0.23234  0.18213  0.36979  0.50841 -0.26367  0.36467  0.30950 -0.24390 -0.22505 -0.33012 -0.43686 -0.90634 -0.88937 -0.39855 -0.47352
8   9  20  475000   0.7915 52:02:13 -3.47007630807E+05 -3.47001244426E+05  0.37694  0.23234  0.18213  0.36979  0.50841 -0.26367  0.36467  0.30950 -0.24390 -0.22505 -0.33012 -0.43686 -0.90634 -0.88937 -0.39855 -0.47352
8   9  21  483727   0.6000 52:02:13 -3.47102520601E+05 -3.47001244426E+05  0.37138  0.23564  0.18232  0.37076  0.50917 -0.26173  0.34769  0.31056 -0.24161 -0.22617 -0.33451 -0.43686 -0.90634 -0.88937 -0.37518 -0.47352
8   9 200  503623   0.0000 53:02:13 -3.47001244426E+05 -3.47001244426E+05  0.37694  0.23234  0.18213  0.36979  0.50841 -0.26367  0.36467  0.30950 -0.24390 -0.22505 -0.33012 -0.43686 -0.90634 -0.88937 -0.39855 -0.47352
