K Run Tem Iterate    Move%     Time        CurrentLogL           BestLogL     Fst1     Fst2     Fst3     Fst4     Fst5     Fst6     Fst7     Fst8     Fis1     Fis2     Fis3     Fis4     Fis5     Fis6     Fis7     Fis8
8   8   1       0   1.0000 54:00:13 -4.31089211707E+05 -4.31089211707E+05  0.03850  0.15340  0.16737 -0.15629 -0.08780  0.07719  0.06835 -0.21632 -0.12129 -0.12298 -0.14720 -0.11198 -0.07858 -0.21638 -0.13110 -0.15802
8   8   1     100   1.0000 54:00:13 -4.30957625836E+05 -4.30957625836E+05  0.03850  0.15340  0.16737 -0.15629 -0.08780  0.07719  0.06835 -0.21632 -0.12129 -0.12298 -0.14720 -0.11198 -0.07858 -0.21638 -0.13110 -0.15802
8   8   1     200  34.8259 54:00:13 -3.81193005893E+05 -3.81084526521E+05  0.16737  0.15340  0.07719  0.06835 -0.08780  0.03850 -0.21632 -0.15629 -0.14720 -0.12298 -0.21638 -0.13110 -0.07858 -0.12129 -0.15802 -0.11198
8   8   1     400  38.9027 54:00:13 -3.74580644514E+05 -3.72871959108E+05  0.07719 -0.08780  0.15340  0.16737  0.06835  0.03850 -0.21632 -0.15629 -0.21638 -0.07858 -0.12298 -0.14720 -0.13110 -0.12129 -0.15802 -0.11198
8   8   1     800  44.9438 54:00:13 -3.66594626736E+05 -3.66404260612E+05 -0.08780  0.07719  0.06835  0.16737  0.03850 -0.15629 -0.21632  0.15340 -0.07858 -0.21638 -0.13110 -0.14720 -0.12129 -0.11198 -0.15802 -0.12298
8   8   1    1600  40.0999 54:00:13 -3.64277173366E+05 -3.63657327453E+05 -0.08780  0.07719  0.06835  0.03850 -0.15629  0.16737  0.15340 -0.21632 -0.07858 -0.21638 -0.13110 -0.12129 -0.11198 -0.14720 -0.12298 -0.15802
8   8   1    3200  38.4880 54:00:13 -3.65130610131E+05 -3.61477577739E+05 -0.08780  0.06835  0.07719  0.03850 -0.15629 -0.21632  0.15340  0.16737 -0.07858 -0.13110 -0.21638 -0.12129 -0.11198 -0.15802 -0.12298 -0.14720
8   8   2    6400  40.6203 54:00:13 -3.66469852315E+05 -3.60635514163E+05  0.07719  0.06835 -0.08780 -0.15629  0.03850 -0.21632  0.15340  0.16737 -0.21638 -0.13110 -0.07858 -0.11198 -0.12129 -0.15802 -0.12298 -0.14720
8   8   2   12800  33.2421 57:00:13 -3.60247813927E+05 -3.55483605737E+05  0.42066  0.31697  0.58983 -0.05512  1.00000  0.42454 -0.05048  1.00000 -0.20847 -0.21182 -0.90393 -0.89670  0.00000 -0.47352 -0.92752  0.00000
8   8   2   15000  33.8051 59:00:13 -3.60824268988E+05 -3.55483605737E+05  0.49019  0.33050  0.36337 -0.03493  1.00000 -0.04072  0.43309  1.00000 -0.40033 -0.18170 -0.19837 -0.93109  0.00000 -0.90460 -0.47352  0.00000
8   8   3   30000  31.9444 04:01:13 -3.66008248873E+05 -3.55483605737E+05  0.35017  0.28926  1.00000  1.00000  1.00000 -0.09933  1.00000  0.39930 -0.19032 -0.21681  0.00000  0.00000  0.00000 -0.88937  0.00000 -0.47352
8   8   3   35000  30.9115 07:01:13 -3.63556323069E+05 -3.55483605737E+05  0.28510  1.00000 -0.09920  1.00000  0.33806  1.00000  0.39937  1.00000 -0.19526  0.00000 -0.88937  0.00000 -0.18974  0.00000 -0.47352  0.00000
8   8   4   50000  24.3426 13:01:13 -3.63892883297E+05 -3.55483605737E+05  0.33791  0.28928  1.00000  1.00000  1.00000 -0.09870  0.52717  1.00000 -0.18163 -0.21505  0.00000  0.00000  0.00000 -0.89123 -0.88116  0.00000
8   8   4   60000  24.4321 17:01:13 -3.61165519449E+05 -3.55483605737E+05  1.00000  0.28182 -0.10437  1.00000  1.00000  0.52466  1.00000  0.35890  0.00000 -0.21001 -0.88937  0.00000  0.00000 -0.88116  0.00000 -0.18919
8   8   4   65000  24.3705 20:01:13 -3.62892615280E+05 -3.55483605737E+05  0.34960  0.24719  1.00000  1.00000  0.29121  1.00000  0.49736 -0.16601 -0.23004 -0.22428  0.00000  0.00000 -0.32894  0.00000 -0.86690 -0.88937
8   8   6  100000  10.8901 22:01:13 -3.50313064922E+05 -3.48886906065E+05  0.33354  0.16899  0.50071  0.50234 -0.27929  0.33861  0.43496  0.30097 -0.22840 -0.25263 -0.72747 -0.90634 -0.88937 -0.37518 -0.67994 -0.47352
8   8   6  115000   9.3200 24:01:13 -3.49257897876E+05 -3.48807962183E+05  0.26936  0.18613  0.50295  0.50457 -0.27354  0.34159  0.43750  0.30411 -0.20267 -0.27979 -0.72747 -0.90634 -0.88937 -0.37518 -0.67994 -0.47352
8   8   7  125585  15.3000 24:01:13 -3.52010724605E+05 -3.48807962183E+05  0.34180  1.00000  0.51640  0.19344 -0.24313  0.36733  0.37904  0.32073 -0.22115  0.00000 -0.90634 -0.25738 -0.88937 -0.34148 -0.42002 -0.47352
8   8   8  137678   4.0000 25:01:13 -3.49275295774E+05 -3.48724481041E+05  0.31604  0.18583  0.49761  0.50935 -0.26126  0.34793  0.45714  0.35748 -0.21541 -0.25409 -0.87135 -0.90634 -0.88937 -0.37518 -0.88116 -0.56726
8   8   8  150000  10.4627 26:01:13 -3.50046912506E+05 -3.47805220861E+05  0.31827  0.18751  0.27624  0.51043 -0.25850  0.36727  0.37237  0.31233 -0.20943 -0.29144 -0.23692 -0.90634 -0.88937 -0.39855 -0.43686 -0.47352
8   8   8  170000  10.4693 28:01:13 -3.49096630710E+05 -3.47565349264E+05  0.31616  0.17510  0.37271  0.51069 -0.25782  0.38142  0.24471  0.31270 -0.21128 -0.31464 -0.43686 -0.90634 -0.88937 -0.36320 -0.23918 -0.47352
8   8   9  186343   4.7000 29:01:13 -3.50720479974E+05 -3.47565349264E+05  0.30839  0.18492  0.37270  0.51068 -0.25784  0.36760  0.38524  0.31269 -0.21603 -0.26832 -0.43686 -0.90634 -0.88937 -0.39855 -0.46009 -0.47352
8   8   9  195000   4.4473 30:01:13 -3.49442545401E+05 -3.47565349264E+05  0.33381  0.19583  0.17923  0.36625  0.50565 -0.27078  0.36110  0.30562 -0.22791 -0.22288 -0.26575 -0.43686 -0.90634 -0.88937 -0.39855 -0.47352
8   8  10  197426   2.4000 30:01:13 -3.49282779521E+05 -3.47565349264E+05  0.33381  0.17923  0.36625  0.50565 -0.27078  0.36110  0.30562  0.19583 -0.22791 -0.26575 -0.43686 -0.90634 -0.88937 -0.39855 -0.47352 -0.22288
8   8  10  220000   6.7152 32:01:13 -3.48099181775E+05 -3.47021882898E+05  0.35787  0.23454  0.18084  0.37052  0.50898 -0.26222  0.36540  0.31029 -0.23859 -0.22501 -0.32778 -0.43686 -0.90634 -0.88937 -0.39855 -0.47352
8   8  11  232114   5.6000 33:01:13 -3.47462397951E+05 -3.47021882898E+05  0.36631  0.22771  0.18036  0.37030  0.50881 -0.26266  0.36518  0.31005 -0.24515 -0.23603 -0.30612 -0.43686 -0.90634 -0.88937 -0.39855 -0.47352
8   8  12  245964   4.0000 33:01:13 -3.47442420718E+05 -3.47021882898E+05  0.36388  0.23202  0.18121  0.37103  0.50938 -0.26118  0.34797  0.31086 -0.23833 -0.23508 -0.32530 -0.43686 -0.90634 -0.88937 -0.37518 -0.47352
8   8  12  250000   3.9698 34:01:13 -3.47365187260E+05 -3.47001244426E+05  0.37013  0.23267  0.18118  0.36999  0.50857 -0.26326  0.36487  0.30972 -0.23248 -0.22844 -0.31953 -0.43686 -0.90634 -0.88937 -0.39855 -0.47352
8   8  13  272565   2.3000 35:01:13 -3.47353335649E+05 -3.47001244426E+05  0.34897  0.22122  0.18076  0.37038  0.50887 -0.26249  0.36526  0.31015 -0.23516 -0.23558 -0.33763 -0.43686 -0.90634 -0.88937 -0.39855 -0.47352
8   8  13  275000   3.5530 36:01:13 -3.47403657009E+05 -3.47001244426E+05  0.34897  0.22122  0.18076  0.37038  0.50887 -0.26249  0.36526  0.31015 -0.23516 -0.23558 -0.33763 -0.43686 -0.90634 -0.88937 -0.39855 -0.47352
8   8  14  287097   2.5000 37:01:13 -3.47533226948E+05 -3.47001244426E+05  0.37050  0.22717  0.18231  0.36988  0.50848 -0.26350  0.36476  0.30960 -0.24161 -0.22746 -0.33297 -0.43686 -0.90634 -0.88937 -0.39855 -0.47352
8   8  14  305000   2.6553 38:01:13 -3.47096392762E+05 -3.47001244426E+05  0.37066  0.23265  0.18138  0.37004  0.50861 -0.26316  0.36492  0.30978 -0.24161 -0.22505 -0.33451 -0.43686 -0.90634 -0.88937 -0.39855 -0.47352
8   8  16  326527   1.6000 39:01:13 -3.47028269279E+05 -3.47001244426E+05  0.37694  0.23234  0.18213  0.36979  0.50841 -0.26367  0.36467  0.30950 -0.24390 -0.22505 -0.33012 -0.43686 -0.90634 -0.88937 -0.39855 -0.47352
8   8  16  335000   1.5103 40:01:13 -3.47234516205E+05 -3.47001244426E+05  0.38238  0.23203  0.18285  0.36953  0.50821 -0.26419  0.36441  0.30922 -0.24435 -0.22505 -0.32566 -0.43686 -0.90634 -0.88937 -0.39855 -0.47352
8   8  17  350815   1.8000 41:01:13 -3.47475569721E+05 -3.47001244426E+05  0.36706  0.22970  0.18199  0.36990  0.50849 -0.26346  0.36478  0.30962 -0.24286 -0.22821 -0.33091 -0.43686 -0.90634 -0.88937 -0.39855 -0.47352
8   8  17  355000   1.7131 42:01:13 -3.47021882898E+05 -3.47001244426E+05  0.35441  0.23333  0.18167  0.37060  0.50904 -0.26205  0.36549  0.31039 -0.23444 -0.22505 -0.34293 -0.43686 -0.90634 -0.88937 -0.39855 -0.47352
8   8  18  366699   1.0000 43:01:13 -3.47094916641E+05 -3.47001244426E+05  0.37694  0.23234  0.18213  0.36979  0.50841 -0.26367  0.36467  0.30950 -0.24390 -0.22505 -0.33012 -0.43686 -0.90634 -0.88937 -0.39855 -0.47352
8   8  18  370000   1.3514 44:01:13 -3.47075754289E+05 -3.47001244426E+05  0.37694  0.23234  0.18213  0.36979  0.50841 -0.26367  0.36467  0.30950 -0.24390 -0.22505 -0.33012 -0.43686 -0.90634 -0.88937 -0.39855 -0.47352
8   8  19  391404   1.2000 45:01:13 -3.47028269279E+05 -3.47001244426E+05  0.37709  0.23384  0.18053  0.36994  0.50853 -0.26337  0.36482  0.30966 -0.24390 -0.22501 -0.32361 -0.43686 -0.90634 -0.88937 -0.39855 -0.47352
8   8  19  400000   0.9703 46:01:13 -3.47001244426E+05 -3.47001244426E+05  0.37765  0.23534  0.18307  0.37051  0.50897 -0.26222  0.34743  0.31029 -0.24390 -0.22617 -0.33012 -0.43686 -0.90634 -0.88937 -0.37518 -0.47352
8   8  20  407831   0.9000 47:01:13 -3.47007630807E+05 -3.47001244426E+05  0.36857  0.23268  0.18171  0.37007  0.50863 -0.26311  0.36495  0.30981 -0.23990 -0.22505 -0.33372 -0.43686 -0.90634 -0.88937 -0.39855 -0.47352
8   8  20  420000   0.9346 48:01:13 -3.47028269279E+05 -3.47001244426E+05  0.37765  0.23534  0.18307  0.37051  0.50897 -0.26222  0.34743  0.31029 -0.24390 -0.22617 -0.33012 -0.43686 -0.90634 -0.88937 -0.37518 -0.47352
8   8  21  432857   1.0000 49:01:13 -3.47001244426E+05 -3.47001244426E+05  0.37066  0.23265  0.18138  0.37004  0.50861 -0.26316  0.36492  0.30978 -0.24161 -0.22505 -0.33451 -0.43686 -0.90634 -0.88937 -0.39855 -0.47352
8   8  21  440000   0.7487 50:01:13 -3.47096392762E+05 -3.47001244426E+05  0.37066  0.23265  0.18138  0.37004  0.50861 -0.26316  0.36492  0.30978 -0.24161 -0.22505 -0.33451 -0.43686 -0.90634 -0.88937 -0.39855 -0.47352
8   8  22  451476   0.7000 51:01:13 -3.47001244426E+05 -3.47001244426E+05  0.37138  0.23564  0.18232  0.37076  0.50917 -0.26173  0.34769  0.31056 -0.24161 -0.22617 -0.33451 -0.43686 -0.90634 -0.88937 -0.37518 -0.47352
8   8  22  465000   0.6645 52:01:13 -3.47007630807E+05 -3.47001244426E+05  0.37138  0.23564  0.18232  0.37076  0.50917 -0.26173  0.34769  0.31056 -0.24161 -0.22617 -0.33451 -0.43686 -0.90634 -0.88937 -0.37518 -0.47352
8   8  23  476535   0.2000 52:01:13 -3.47021882898E+05 -3.47001244426E+05  0.37066  0.23265  0.18138  0.37004  0.50861 -0.26316  0.36492  0.30978 -0.24161 -0.22505 -0.33451 -0.43686 -0.90634 -0.88937 -0.39855 -0.47352
8   8  23  495000   0.5593 54:01:13 -3.47007630807E+05 -3.47001244426E+05  0.37765  0.23534  0.18307  0.37051  0.50897 -0.26222  0.34743  0.31029 -0.24390 -0.22617 -0.33012 -0.43686 -0.90634 -0.88937 -0.37518 -0.47352
8   8 200  498731   0.0000 54:01:13 -3.47001244426E+05 -3.47001244426E+05  0.37066  0.23265  0.18138  0.37004  0.50861 -0.26316  0.36492  0.30978 -0.24161 -0.22505 -0.33451 -0.43686 -0.90634 -0.88937 -0.39855 -0.47352
