Iter   Tolerance Admix(mean)   Admix(SD)    Fst1    Fst2    Fst3    Fst4    Fst5    Fst6    Fst7    Fst8    Fst9   Fst10   QPop1   QPop2   QPop3   QPop4   QPop5   QPop6   QPop7   QPop8   QPop9  QPop10
   1  1.0939E-02    0.646396    0.223272  0.2442 -0.2254  0.3501  0.1087  0.2209  0.2416  0.2920  0.2034  0.2001 -0.1077  0.1249  0.1187  0.1544  0.0609  0.0794  0.0911  0.0864  0.1517  0.0894  0.0431
   2  4.2320E-03    0.457009    0.242660  0.3097 -0.1679  0.4131  0.2258  0.3265  0.3380  0.4176  0.2411  0.2780 -0.2966  0.1415  0.1115  0.1786  0.0498  0.0793  0.0950  0.0914  0.1420  0.0904  0.0206
   3  8.8073E-04    0.348518    0.267983  0.3438 -0.1199  0.4432  0.2639  0.3684  0.3795  0.4599  0.2759  0.3160 -0.4026  0.1488  0.1108  0.1896  0.0410  0.0811  0.0961  0.0902  0.1420  0.0915  0.0089
   4  5.9261E-04    0.293856    0.269630  0.3511 -0.1078  0.4509  0.2701  0.3745  0.3884  0.4666  0.2852  0.3227 -0.2777  0.1521  0.1096  0.1955  0.0362  0.0806  0.0945  0.0871  0.1450  0.0908  0.0085
   5  6.9640E-05    0.268019    0.270308  0.3512 -0.1060  0.4522  0.2721  0.3737  0.3891  0.4661  0.2866  0.3223 -0.2737  0.1537  0.1092  0.1993  0.0345  0.0797  0.0928  0.0846  0.1479  0.0900  0.0082
   6  3.7009E-05    0.251412    0.268825  0.3506 -0.1055  0.4526  0.2738  0.3726  0.3887  0.4650  0.2868  0.3214 -0.2728  0.1544  0.1091  0.2019  0.0338  0.0787  0.0913  0.0827  0.1505  0.0892  0.0082
   7  2.5206E-05    0.238648    0.267172  0.3501 -0.1052  0.4527  0.2754  0.3718  0.3882  0.4640  0.2868  0.3207 -0.2724  0.1547  0.1090  0.2040  0.0335  0.0779  0.0899  0.0812  0.1529  0.0885  0.0083
   8  1.6500E-05    0.229230    0.265054  0.3496 -0.1050  0.4528  0.2766  0.3711  0.3877  0.4633  0.2868  0.3202 -0.2721  0.1547  0.1090  0.2056  0.0334  0.0770  0.0888  0.0801  0.1550  0.0880  0.0083
   9  1.1868E-05    0.221518    0.263294  0.3493 -0.1048  0.4528  0.2775  0.3706  0.3873  0.4628  0.2868  0.3197 -0.2720  0.1545  0.1090  0.2069  0.0334  0.0763  0.0879  0.0792  0.1569  0.0876  0.0083
  10  9.5414E-06    0.214405    0.261299  0.3491 -0.1045  0.4529  0.2781  0.3702  0.3869  0.4621  0.2868  0.3193 -0.2720  0.1542  0.1090  0.2082  0.0332  0.0755  0.0871  0.0784  0.1587  0.0873  0.0083
  11  6.7385E-06    0.208615    0.259525  0.3489 -0.1043  0.4530  0.2785  0.3699  0.3866  0.4616  0.2869  0.3189 -0.2720  0.1540  0.1090  0.2093  0.0332  0.0748  0.0864  0.0777  0.1603  0.0871  0.0083
  12  5.0368E-06    0.203687    0.257662  0.3488 -0.1041  0.4530  0.2788  0.3696  0.3863  0.4611  0.2869  0.3185 -0.2721  0.1538  0.1091  0.2103  0.0331  0.0742  0.0858  0.0770  0.1617  0.0867  0.0082
  13  4.0464E-06    0.199320    0.255976  0.3487 -0.1040  0.4530  0.2790  0.3693  0.3860  0.4606  0.2869  0.3182 -0.2721  0.1537  0.1091  0.2112  0.0330  0.0737  0.0852  0.0765  0.1630  0.0865  0.0082
  14  3.2331E-06    0.195630    0.254781  0.3486 -0.1039  0.4530  0.2792  0.3690  0.3858  0.4602  0.2869  0.3179 -0.2721  0.1537  0.1091  0.2118  0.0330  0.0732  0.0848  0.0760  0.1640  0.0863  0.0082
  15  2.3072E-06    0.192540    0.253356  0.3485 -0.1038  0.4530  0.2793  0.3688  0.3856  0.4599  0.2869  0.3176 -0.2720  0.1535  0.1091  0.2125  0.0329  0.0728  0.0844  0.0756  0.1649  0.0861  0.0082
  16  1.8873E-06    0.189860    0.252060  0.3485 -0.1037  0.4530  0.2793  0.3687  0.3854  0.4596  0.2869  0.3174 -0.2720  0.1534  0.1091  0.2131  0.0329  0.0724  0.0840  0.0752  0.1658  0.0859  0.0082
  17  1.1252E-06    0.187787    0.251191  0.3485 -0.1036  0.4531  0.2793  0.3686  0.3853  0.4593  0.2869  0.3172 -0.2719  0.1532  0.1091  0.2135  0.0328  0.0721  0.0838  0.0749  0.1666  0.0858  0.0082
  18  8.4496E-07    0.185934    0.250223  0.3485 -0.1035  0.4531  0.2792  0.3685  0.3853  0.4590  0.2869  0.3171 -0.2719  0.1530  0.1091  0.2138  0.0328  0.0719  0.0835  0.0746  0.1674  0.0857  0.0082
  19  6.0891E-07    0.184630    0.249715  0.3485 -0.1035  0.4531  0.2793  0.3684  0.3852  0.4589  0.2869  0.3170 -0.2719  0.1529  0.1091  0.2141  0.0327  0.0717  0.0833  0.0744  0.1679  0.0856  0.0082
  20  4.8892E-07    0.183316    0.248920  0.3485 -0.1034  0.4531  0.2792  0.3683  0.3851  0.4587  0.2869  0.3169 -0.2718  0.1528  0.1091  0.2143  0.0327  0.0715  0.0831  0.0742  0.1686  0.0855  0.0082
  21  4.6958E-07    0.182007    0.247813  0.3485 -0.1034  0.4531  0.2792  0.3682  0.3850  0.4584  0.2869  0.3168 -0.2718  0.1528  0.1091  0.2147  0.0326  0.0713  0.0829  0.0738  0.1692  0.0853  0.0082
  22  3.1062E-07    0.181243    0.247351  0.3485 -0.1034  0.4531  0.2792  0.3682  0.3849  0.4583  0.2869  0.3167 -0.2717  0.1528  0.1090  0.2148  0.0326  0.0712  0.0828  0.0737  0.1695  0.0852  0.0082
  23  3.7201E-07    0.180285    0.246443  0.3485 -0.1033  0.4531  0.2792  0.3681  0.3848  0.4580  0.2869  0.3166 -0.2717  0.1529  0.1090  0.2151  0.0326  0.0710  0.0826  0.0734  0.1701  0.0851  0.0082
  24  3.5160E-07    0.179368    0.245685  0.3485 -0.1033  0.4530  0.2792  0.3680  0.3848  0.4578  0.2868  0.3165 -0.2717  0.1530  0.1090  0.2153  0.0325  0.0709  0.0825  0.0732  0.1705  0.0850  0.0082
  25  2.7328E-07    0.178752    0.245408  0.3484 -0.1033  0.4530  0.2792  0.3680  0.3847  0.4577  0.2868  0.3165 -0.2716  0.1530  0.1090  0.2154  0.0325  0.0708  0.0824  0.0731  0.1707  0.0849  0.0082
  26  3.1337E-07    0.178033    0.244747  0.3484 -0.1032  0.4530  0.2792  0.3680  0.3846  0.4575  0.2868  0.3164 -0.2715  0.1531  0.1090  0.2155  0.0325  0.0707  0.0822  0.0729  0.1711  0.0848  0.0083
  27  1.8254E-07    0.177427    0.244236  0.3484 -0.1032  0.4530  0.2792  0.3679  0.3846  0.4574  0.2868  0.3164 -0.2715  0.1531  0.1089  0.2157  0.0325  0.0706  0.0821  0.0727  0.1714  0.0848  0.0083
  28  1.5772E-07    0.176907    0.243737  0.3484 -0.1032  0.4530  0.2792  0.3679  0.3845  0.4573  0.2868  0.3164 -0.2714  0.1531  0.1089  0.2158  0.0325  0.0706  0.0820  0.0725  0.1716  0.0847  0.0083
  29  3.2843E-07    0.176415    0.243014  0.3484 -0.1032  0.4530  0.2792  0.3678  0.3844  0.4571  0.2868  0.3163 -0.2713  0.1532  0.1089  0.2159  0.0324  0.0704  0.0819  0.0724  0.1719  0.0846  0.0083
  30  1.1975E-07    0.176024    0.242573  0.3484 -0.1032  0.4530  0.2792  0.3678  0.3844  0.4570  0.2868  0.3163 -0.2713  0.1532  0.1089  0.2161  0.0324  0.0704  0.0818  0.0722  0.1721  0.0845  0.0084
  31  1.7822E-07    0.175669    0.242193  0.3484 -0.1032  0.4529  0.2792  0.3677  0.3843  0.4569  0.2868  0.3162 -0.2712  0.1534  0.1088  0.2161  0.0324  0.0703  0.0817  0.0721  0.1723  0.0845  0.0084
  32  2.2389E-07    0.175311    0.241735  0.3484 -0.1032  0.4529  0.2792  0.3677  0.3842  0.4568  0.2868  0.3162 -0.2711  0.1535  0.1088  0.2162  0.0324  0.0703  0.0817  0.0720  0.1725  0.0844  0.0084
  33  1.1406E-07    0.175046    0.241313  0.3484 -0.1032  0.4529  0.2792  0.3677  0.3842  0.4567  0.2867  0.3162 -0.2711  0.1535  0.1088  0.2163  0.0324  0.0702  0.0816  0.0718  0.1726  0.0844  0.0084
  34  2.8414E-07    0.174786    0.241076  0.3484 -0.1032  0.4529  0.2792  0.3676  0.3842  0.4566  0.2867  0.3162 -0.2710  0.1536  0.1088  0.2164  0.0324  0.0702  0.0815  0.0718  0.1727  0.0843  0.0084
  35  1.6486E-07    0.174527    0.240637  0.3484 -0.1032  0.4529  0.2792  0.3676  0.3841  0.4566  0.2868  0.3161 -0.2710  0.1537  0.1087  0.2164  0.0323  0.0701  0.0814  0.0716  0.1729  0.0843  0.0085
  36  1.4193E-07    0.174258    0.240331  0.3483 -0.1032  0.4529  0.2792  0.3676  0.3841  0.4565  0.2867  0.3161 -0.2709  0.1537  0.1087  0.2165  0.0323  0.0701  0.0814  0.0715  0.1730  0.0842  0.0085
  37  1.8471E-07    0.174180    0.240173  0.3483 -0.1032  0.4529  0.2792  0.3676  0.3841  0.4565  0.2868  0.3161 -0.2709  0.1538  0.1087  0.2166  0.0323  0.0701  0.0813  0.0715  0.1730  0.0842  0.0085
  38  1.3093E-07    0.173872    0.239838  0.3483 -0.1031  0.4528  0.2792  0.3675  0.3840  0.4564  0.2868  0.3160 -0.2709  0.1539  0.1087  0.2166  0.0323  0.0700  0.0813  0.0714  0.1732  0.0842  0.0085
  39  1.4290E-07    0.173557    0.239326  0.3483 -0.1031  0.4528  0.2792  0.3675  0.3840  0.4563  0.2867  0.3160 -0.2708  0.1539  0.1087  0.2167  0.0323  0.0700  0.0812  0.0712  0.1733  0.0841  0.0085
  40  1.6025E-07    0.173345    0.239226  0.3483 -0.1031  0.4528  0.2792  0.3675  0.3839  0.4563  0.2867  0.3160 -0.2708  0.1540  0.1087  0.2167  0.0323  0.0699  0.0811  0.0712  0.1734  0.0841  0.0085
  41  2.4089E-07    0.173178    0.238911  0.3483 -0.1031  0.4528  0.2792  0.3674  0.3839  0.4562  0.2867  0.3160 -0.2708  0.1541  0.1087  0.2168  0.0323  0.0699  0.0811  0.0711  0.1735  0.0841  0.0085
  42  1.3244E-07    0.173088    0.238737  0.3483 -0.1031  0.4528  0.2793  0.3674  0.3839  0.4562  0.2867  0.3160 -0.2708  0.1541  0.1087  0.2168  0.0323  0.0699  0.0811  0.0710  0.1735  0.0840  0.0085
