 K Run Tem Iterate    Move%     Time        CurrentLogL           BestLogL     Fst1     Fst2     Fst3     Fst4     Fst5     Fst6     Fst7     Fst8     Fst9    Fst10     Fis1     Fis2     Fis3     Fis4     Fis5     Fis6     Fis7     Fis8     Fis9    Fis10
10   3   1       0   1.0000 56:13:16 -1.73250040625E+05 -1.73250040625E+05  0.00315 -0.00009 -0.00051  0.01052  0.01235  0.00521 -0.01178  0.01787 -0.01780 -0.00543 -0.13738 -0.13749 -0.10684 -0.11643 -0.23743 -0.20476 -0.13204 -0.23337 -0.20649 -0.19068
10   3   1     100   0.0000 56:13:16 -1.73250040625E+05 -1.73250040625E+05  0.00315 -0.00009 -0.00051  0.01052  0.01235  0.00521 -0.01178  0.01787 -0.01780 -0.00543 -0.13738 -0.13749 -0.10684 -0.11643 -0.23743 -0.20476 -0.13204 -0.23337 -0.20649 -0.19068
10   3   1     200  28.9216 56:13:16 -1.69962402906E+05 -1.69962402906E+05 -0.01178 -0.00051 -0.01780 -0.00009  0.01787 -0.00543  0.01052  0.00315  0.01235  0.00521 -0.13204 -0.10684 -0.20649 -0.13749 -0.23337 -0.19068 -0.11643 -0.13738 -0.23743 -0.20476
10   3   1     400  34.1584 56:13:16 -1.66974118931E+05 -1.66492052601E+05 -0.00543  0.01052  0.01235 -0.00051 -0.01780  0.00315  0.01787  0.00521 -0.00009 -0.01178 -0.19068 -0.11643 -0.23743 -0.10684 -0.20649 -0.13738 -0.23337 -0.20476 -0.13749 -0.13204
10   3   1     800  36.5672 56:13:16 -1.65441348932E+05 -1.64640055186E+05 -0.00051 -0.00009 -0.01178  0.00315  0.00521 -0.01780  0.01235  0.01787  0.01052 -0.00543 -0.10684 -0.13749 -0.13204 -0.13738 -0.20476 -0.20649 -0.23743 -0.23337 -0.11643 -0.19068
10   3   1    1600  43.0175 56:13:16 -1.65927109534E+05 -1.64640055186E+05 -0.00009  0.00521 -0.01178 -0.00543 -0.00051  0.01235  0.01787  0.00315  0.01052 -0.01780 -0.13749 -0.20476 -0.13204 -0.19068 -0.10684 -0.23743 -0.23337 -0.13738 -0.11643 -0.20649
10   3   1    3200  46.4107 56:13:16 -1.67376805744E+05 -1.64324268744E+05 -0.00543  0.00315  0.00521 -0.00009  0.01235  0.01787 -0.00051 -0.01780  0.01052 -0.01178 -0.19068 -0.13738 -0.20476 -0.13749 -0.23743 -0.23337 -0.10684 -0.20649 -0.11643 -0.13204
10   3   2    6400  42.1421 56:13:16 -1.66254754529E+05 -1.63660011343E+05 -0.00051 -0.01178 -0.00543  0.01235  0.01787  0.00521 -0.01780 -0.00009  0.00315  0.01052 -0.10684 -0.13204 -0.19068 -0.23743 -0.23337 -0.20476 -0.20649 -0.13749 -0.13738 -0.11643
10   3   4   12800  33.3875 00:14:16 -1.64735595255E+05 -1.63660011343E+05  0.00521 -0.00543 -0.01178  0.00315  0.01235  0.01787 -0.00051  0.01052 -0.00009 -0.01780 -0.20476 -0.19068 -0.13204 -0.13738 -0.23743 -0.23337 -0.10684 -0.11643 -0.13749 -0.20649
10   3   4   15000  31.5798 03:14:16 -1.65189284243E+05 -1.63660011343E+05 -0.01178 -0.00543 -0.00051 -0.00009  0.01235  0.01787  0.00315 -0.01780  0.01052  0.00521 -0.13204 -0.19068 -0.10684 -0.13749 -0.23743 -0.23337 -0.13738 -0.20649 -0.11643 -0.20476
10   3   4   25000  30.1453 05:14:16 -1.64507981226E+05 -1.63498952268E+05  0.35484  0.01701  0.21194  1.00000  0.04388  0.27717  0.33315  1.00000  0.01537  1.00000 -0.81056 -0.24849 -0.65933  0.00000 -0.08955 -0.75111 -0.89436  0.00000 -0.13642  0.00000
10   3   4   25600  30.1219 05:14:16 -1.66944412113E+05 -1.63498952268E+05  1.00000  0.01701  0.21194  0.04388  0.35484  0.27717  0.33315  1.00000  1.00000  0.01537  0.00000 -0.24849 -0.65933 -0.08955 -0.81056 -0.75111 -0.89436  0.00000  0.00000 -0.13642
10   3   4   30000  30.8907 09:14:16 -1.65721506284E+05 -1.63498952268E+05  1.00000  0.01701  0.21194  0.04388  0.27717  0.33315  0.35484  1.00000  0.01537  1.00000  0.00000 -0.24849 -0.65933 -0.08955 -0.75111 -0.89436 -0.81056  0.00000 -0.13642  0.00000
10   3   5   65000  23.6220 47:14:16 -1.65801883570E+05 -1.63498952268E+05 -0.00435 -0.00967  1.00000  1.00000  0.27035  0.32686  1.00000  1.00000  1.00000  1.00000 -0.12633 -0.22715  0.00000  0.00000 -0.75111 -0.89436  0.00000  0.00000  0.00000  0.00000
10   3   5   70000  23.8453 49:14:16 -1.65216529671E+05 -1.63498952268E+05 -0.00967  1.00000  1.00000 -0.00435  1.00000  0.27035  0.32686  1.00000  1.00000  1.00000 -0.22715  0.00000  0.00000 -0.12633  0.00000 -0.75111 -0.89436  0.00000  0.00000  0.00000
10   3   6  100000  20.1140 51:14:16 -1.65152055480E+05 -1.63078802417E+05  0.21809  0.02061  0.01172  0.28281  0.33836  1.00000  1.00000  0.35988  0.02609  0.02359 -0.65933 -0.23519 -0.20898 -0.75111 -0.89436  0.00000  0.00000 -0.81056 -0.09166 -0.12773
10   3   7  110964  14.8000 51:14:16 -1.64329135706E+05 -1.63078802417E+05  0.02359  1.00000  0.02061  1.00000  0.02609  0.28281  0.33836  0.01172  0.21809  0.35988 -0.12773  0.00000 -0.23519  0.00000 -0.09166 -0.75111 -0.89436 -0.20898 -0.65933 -0.81056
10   3   7  145000  15.7964 53:14:16 -1.64122163930E+05 -1.62814898163E+05  1.00000  0.03036  0.03900  0.00543  1.00000  0.27709  0.33307  1.00000  0.35477  0.02418  0.00000 -0.07228 -0.09208 -0.15985  0.00000 -0.75111 -0.89436  0.00000 -0.81056 -0.25702
10   3   8  152091  10.2000 53:14:16 -1.63574170308E+05 -1.62814898163E+05  0.02418  1.00000  1.00000  0.03036  0.27709  0.33307  0.00543  0.03900  0.35477  1.00000 -0.25702  0.00000  0.00000 -0.07228 -0.75111 -0.89436 -0.15985 -0.09208 -0.81056  0.00000
10   3   9  190000  15.1515 55:14:16 -1.63365824842E+05 -1.62359439283E+05  1.00000  1.00000  0.01950  0.03183  1.00000  0.28118  0.33685  0.21631  1.00000  0.10162  0.00000  0.00000 -0.13061 -0.24735  0.00000 -0.75111 -0.89436 -0.65933  0.00000 -0.40928
10   3   9  190457  17.9000 55:14:16 -1.64011647155E+05 -1.62359439283E+05  1.00000  1.00000  0.01950  0.03183  1.00000  0.28118  0.33685  0.21631  1.00000  0.10162  0.00000  0.00000 -0.13061 -0.24735  0.00000 -0.75111 -0.89436 -0.65933  0.00000 -0.40928
10   3   9  220000  12.0912 57:14:16 -1.63913385418E+05 -1.62023817796E+05  0.03736  0.10335  1.00000  1.00000  0.03311  0.28256  0.33812  1.00000  0.21781  0.07231 -0.25989 -0.40928  0.00000  0.00000 -0.14403 -0.75111 -0.89436  0.00000 -0.65933 -0.07250
10   3  10  242079   9.0000 58:14:16 -1.62803531513E+05 -1.62023817796E+05  1.00000  0.03029  0.21191  1.00000  0.05605  0.27714  0.33313  0.01359  0.08491  0.35482  0.00000 -0.15648 -0.65933  0.00000 -0.08143 -0.75111 -0.89436 -0.25497 -0.22817 -0.81056
10   3  11  269848   9.6000 59:14:16 -1.62785961273E+05 -1.62023817796E+05  1.00000  1.00000  0.04155  0.21875  0.03914  0.02026  0.28342  0.33892  0.36042 -0.03872  0.00000  0.00000 -0.27125 -0.65933 -0.16054 -0.09884 -0.75111 -0.89436 -0.81056 -0.23420
10   3  11  270000   9.4017 59:14:16 -1.62401141333E+05 -1.62023817796E+05  1.00000  0.02026  1.00000  0.04155  0.21875  0.03914  0.28342  0.33892  0.36042 -0.03872  0.00000 -0.09884  0.00000 -0.27125 -0.65933 -0.16054 -0.75111 -0.89436 -0.81056 -0.23420
10   3  12  297375   7.1000 01:15:16 -1.62491504515E+05 -1.62023817796E+05  1.00000  0.06882 -0.01209  0.06354  0.05849  0.28143  0.33708  0.04531  1.00000  0.35865  0.00000 -0.34568 -0.19156 -0.15338 -0.09870 -0.75111 -0.89436 -0.27907  0.00000 -0.81056
10   3  12  300000   6.4389 01:15:16 -1.62318199417E+05 -1.62002496639E+05  0.04531  1.00000  0.06882 -0.01209  0.06354  0.05849  0.28143  0.33708  1.00000  0.35865 -0.27907  0.00000 -0.34568 -0.19156 -0.15338 -0.09870 -0.75111 -0.89436  0.00000 -0.81056
10   3  12  340000   7.3114 03:15:16 -1.62853783900E+05 -1.61938376661E+05  1.00000  0.03712  0.21486  0.05584  0.35724  0.27985  0.33563  0.02559  0.05643  1.00000  0.00000 -0.26869 -0.65933 -0.19916 -0.81056 -0.75111 -0.89436 -0.15417 -0.09870  0.00000
10   3  12  345000   7.3708 06:15:16 -1.62246149625E+05 -1.61938376661E+05  0.07128  0.03659  0.21621  1.00000  0.04474 -0.00466  0.28108  0.33676  1.00000  0.35834 -0.08783 -0.26471 -0.65933  0.00000 -0.14837 -0.18158 -0.75111 -0.89436  0.00000 -0.81056
10   3  13  353434   3.5000 08:15:16 -1.62156919514E+05 -1.61906867555E+05  0.07128  0.03659  0.21621  1.00000  0.04474  0.28108  0.33676  1.00000 -0.00466  0.35834 -0.08783 -0.26471 -0.65933  0.00000 -0.14837 -0.75111 -0.89436  0.00000 -0.18158 -0.81056
10   3  13  355000   4.4659 08:15:16 -1.62319121810E+05 -1.61906867555E+05  0.07128  0.03659  0.21621 -0.00466  1.00000  0.04474  0.28108  0.33676  1.00000  0.35834 -0.08783 -0.26471 -0.65933 -0.18158  0.00000 -0.14837 -0.75111 -0.89436  0.00000 -0.81056
10   3  13  380000   5.3441 10:15:16 -1.62425125189E+05 -1.61864762125E+05  0.05478  0.06019 -0.00511  0.07070  1.00000  0.28031  0.33605  0.04010  1.00000  0.35765 -0.14868 -0.08143 -0.20537 -0.35402  0.00000 -0.75111 -0.89436 -0.27811  0.00000 -0.81056
10   3  14  405277   3.7000 11:15:16 -1.62280491653E+05 -1.61864762125E+05  0.05552  1.00000  0.03528  0.21514  0.06820  0.00302  0.28011  0.33586  1.00000  0.35747 -0.09264  0.00000 -0.26471 -0.65933 -0.16750 -0.20757 -0.75111 -0.89436  0.00000 -0.81056
10   3  14  425000   3.3395 12:15:16 -1.62360282594E+05 -1.61864762125E+05  0.05477  0.04462  0.09523  1.00000  0.35695  0.27953  0.33533  0.01227  1.00000  0.02616 -0.09264 -0.27920 -0.38943  0.00000 -0.81056 -0.75111 -0.89436 -0.18966  0.00000 -0.16623
10   3  15  432444   1.4000 12:15:16 -1.62008668085E+05 -1.61864762125E+05  0.05477  0.04462  0.09523  0.01227  1.00000  0.27953  0.33533  1.00000  0.35695  0.02616 -0.09264 -0.27920 -0.38943 -0.18966  0.00000 -0.75111 -0.89436  0.00000 -0.81056 -0.16623
10   3  15  465000   2.7044 14:15:16 -1.62156703038E+05 -1.61812588938E+05  0.05837  0.03819  0.21750  0.08288  0.00982  0.28228  0.33786 -0.03785  0.35940  0.09122 -0.09264 -0.26471 -0.65933 -0.13832 -0.20528 -0.75111 -0.89436 -0.14388 -0.81056 -0.25653
10   3  16  472536   1.1000 14:15:16 -1.61955589220E+05 -1.61812588938E+05  0.05837  0.09122  0.21750  0.08288  0.00982  0.28228  0.33786  0.03819 -0.03785  0.35940 -0.09264 -0.25653 -0.65933 -0.13832 -0.20528 -0.75111 -0.89436 -0.26471 -0.14388 -0.81056
10   3  16  510000   2.7586 16:15:16 -1.62260682031E+05 -1.61732949559E+05  0.05592  0.03903  0.21547  0.06212  0.00169  0.28041  0.33614  1.00000  1.00000  0.35773 -0.09264 -0.26836 -0.65933 -0.15737 -0.22187 -0.75111 -0.89436  0.00000  0.00000 -0.81056
10   3  17  511287   1.8000 16:15:16 -1.61939367766E+05 -1.61732949559E+05  0.05592  0.03903  0.21547  0.06212  0.00169  0.28041  0.33614  1.00000  0.35773  1.00000 -0.09264 -0.26836 -0.65933 -0.15737 -0.22187 -0.75111 -0.89436  0.00000 -0.81056  0.00000
10   3  18  539000   1.6000 17:15:16 -1.62002025407E+05 -1.61732949559E+05  0.05984  0.05297  0.21873  0.06186  0.02472  0.28340  0.33889  1.00000  0.12706  0.00081 -0.09264 -0.28520 -0.65933 -0.15573 -0.22309 -0.75111 -0.89436  0.00000 -0.32671 -0.23767
10   3  18  545000   2.0596 18:15:16 -1.61971584726E+05 -1.61732949559E+05  0.05984  0.00081  0.05297  0.21873  0.06186  0.02472  0.28340  0.33889  1.00000  0.12706 -0.09264 -0.23767 -0.28520 -0.65933 -0.15573 -0.22309 -0.75111 -0.89436  0.00000 -0.32671
10   3  18  550000   2.4450 22:15:16 -1.61772212311E+05 -1.61732949559E+05  0.05984  0.05297  0.21873  0.06186  0.02472  0.28340  0.33889  0.00081  1.00000  0.12706 -0.09264 -0.28520 -0.65933 -0.15573 -0.22309 -0.75111 -0.89436 -0.23767  0.00000 -0.32671
10   3  19  567167   3.7000 23:15:16 -1.61829090734E+05 -1.61732949559E+05  0.05877  0.01619  0.21784  0.05982  0.02618  0.28258  0.33814  0.04407  1.00000  0.35968 -0.09264 -0.22423 -0.65933 -0.15399 -0.20402 -0.75111 -0.89436 -0.27547  0.00000 -0.81056
10   3  19  575000   2.9255 24:15:16 -1.61744389357E+05 -1.61673230654E+05  0.06219  0.09109  0.03351  0.22068  0.07450  0.01006  0.28519  0.34055  0.01090  0.36200 -0.09264 -0.30314 -0.27725 -0.65933 -0.15802 -0.20757 -0.75111 -0.89436 -0.24487 -0.81056
10   3  19  585000   2.9895 26:15:16 -1.61744133984E+05 -1.61673230654E+05  0.06219  0.03351  0.22068  0.07450  0.01006  0.28519  0.34055  0.09109  0.01090  0.36200 -0.09264 -0.27725 -0.65933 -0.15802 -0.20757 -0.75111 -0.89436 -0.30314 -0.24487 -0.81056
10   3  20  601946   3.0000 27:15:16 -1.61841161433E+05 -1.61673230654E+05  0.06294  0.09474  0.22130  0.07013  0.01295  0.28576  0.34107  0.05268  0.02679  0.36251 -0.09264 -0.41232 -0.65933 -0.15591 -0.21877 -0.75111 -0.89436 -0.26361 -0.22556 -0.81056
10   3  20  620000   1.2936 28:15:16 -1.61959589104E+05 -1.61673230654E+05  0.05532  0.03508  0.09576  0.06772  0.00614  0.27995  0.33572  1.00000  1.00000  0.35733 -0.09264 -0.26471 -0.38943 -0.15802 -0.22729 -0.75111 -0.89436  0.00000  0.00000 -0.81056
10   3  21  630120   0.6000 28:15:16 -1.61939367766E+05 -1.61673230654E+05  0.05549  0.03816  0.09592  0.06274  0.00632  0.28008  0.33584  1.00000  0.35745  1.00000 -0.09264 -0.27148 -0.38943 -0.15591 -0.22729 -0.75111 -0.89436  0.00000 -0.81056  0.00000
10   3  22  658687   1.7000 30:15:16 -1.61836067732E+05 -1.61673230654E+05  0.05968  0.04348  0.21860  0.06690  0.00952  0.28328  0.33879  0.05587  1.00000  0.36030 -0.09264 -0.31059 -0.65933 -0.15591 -0.21877 -0.75111 -0.89436 -0.26439  0.00000 -0.81056
10   3  22  660000   1.5783 30:15:16 -1.61814164714E+05 -1.61673230654E+05  0.05968  0.05587  0.04348  0.21860  0.06690  0.00952  0.28328  0.33879  1.00000  0.36030 -0.09264 -0.26439 -0.31059 -0.65933 -0.15591 -0.21877 -0.75111 -0.89436  0.00000 -0.81056
10   3  23  696299   1.3000 31:15:16 -1.61805313425E+05 -1.61644118607E+05  0.06256  0.07119  0.10269  0.06976  0.01375  0.28547  0.34081  0.04149  0.01129  0.36225 -0.09264 -0.28136 -0.38943 -0.15591 -0.22729 -0.75111 -0.89436 -0.29156 -0.24487 -0.81056
10   3  23  705000   1.7310 32:15:16 -1.61723533828E+05 -1.61644118607E+05  0.06256  0.07119  0.10269  0.06976  0.01375  0.28547  0.34081  0.04149  0.01129  0.36225 -0.09264 -0.28136 -0.38943 -0.15591 -0.22729 -0.75111 -0.89436 -0.29156 -0.24487 -0.81056
10   3  24  724988   2.3000 33:15:16 -1.61720029833E+05 -1.61644118607E+05  0.05896  0.02482  0.21800  0.06619  0.00876  0.28273  0.33828  0.08796  1.00000  0.35981 -0.09264 -0.26933 -0.65933 -0.15591 -0.21877 -0.75111 -0.89436 -0.30314  0.00000 -0.81056
10   3  24  750000   1.0536 34:15:16 -1.61655280411E+05 -1.61641536968E+05  0.06255  0.01128  0.03388  0.10268  0.06457  0.01476  0.28546  0.34080  0.09143  0.36225 -0.09264 -0.24487 -0.27725 -0.38943 -0.15573 -0.23665 -0.75111 -0.89436 -0.30314 -0.81056
10   3  25  795000   0.8737 36:15:16 -1.61711385622E+05 -1.61641536968E+05  0.05876  0.02461  0.09905  0.06599  0.00976  0.28258  0.33814  0.08777  1.00000  0.35967 -0.09264 -0.26933 -0.38943 -0.15591 -0.22729 -0.75111 -0.89436 -0.30314  0.00000 -0.81056
10   3  26  806842   0.7000 36:15:16 -1.61683775778E+05 -1.61641536968E+05  0.06252  0.03936  0.10265  0.06972  0.00997  0.28544  0.34078  0.09141 -0.01015  0.36223 -0.09264 -0.28960 -0.38943 -0.15591 -0.22443 -0.75111 -0.89436 -0.30314 -0.20168 -0.81056
10   3  27  835507   0.2000 37:15:16 -1.61644118607E+05 -1.61641536968E+05  0.05876  0.02461  0.09905  0.06599  0.00976  0.28258  0.33814  0.08777  1.00000  0.35967 -0.09264 -0.26933 -0.38943 -0.15591 -0.22729 -0.75111 -0.89436 -0.30314  0.00000 -0.81056
10   3  28  839128   0.2000 38:15:16 -1.61644118607E+05 -1.61641536968E+05  0.05876  0.02461  0.09905  0.06599  0.00976  0.28258  0.33814  0.08777  1.00000  0.35967 -0.09264 -0.26933 -0.38943 -0.15591 -0.22729 -0.75111 -0.89436 -0.30314  0.00000 -0.81056
10   3  28  840000   0.5097 38:15:16 -1.61681071243E+05 -1.61641536968E+05  0.06197  0.03328  0.10212  0.07428  0.00985  0.28502  0.34039  0.09087  0.01066  0.36185 -0.09264 -0.27725 -0.38943 -0.15802 -0.21264 -0.75111 -0.89436 -0.30314 -0.24487 -0.81056
10   3  29  867872   0.7000 39:15:16 -1.61684271076E+05 -1.61641536968E+05  0.06170  0.03852  0.10186  0.06890  0.01285  0.28481  0.34020  0.09061  0.00917  0.36167 -0.09264 -0.28960 -0.38943 -0.15591 -0.22729 -0.75111 -0.89436 -0.30314 -0.22979 -0.81056
10   3  29  880000   0.6000 40:15:16 -1.61683775778E+05 -1.61641536968E+05  0.05885  0.03007  0.09914  0.06607  0.00609  0.28264  0.33820  0.08785  1.00000  0.35973 -0.09264 -0.27725 -0.38943 -0.15591 -0.22443 -0.75111 -0.89436 -0.30314  0.00000 -0.81056
10   3  30  895258   0.7000 41:15:16 -1.61683775778E+05 -1.61641536968E+05  0.05885  0.03007  0.09914  0.06607  0.00609  0.28264  0.33820  0.08785  1.00000  0.35973 -0.09264 -0.27725 -0.38943 -0.15591 -0.22443 -0.75111 -0.89436 -0.30314  0.00000 -0.81056
10   3  30  900000   0.6583 42:15:16 -1.61683775778E+05 -1.61641536968E+05  0.05876  0.02461  0.09905  0.06599  0.00976  0.28258  0.33814  0.08777  1.00000  0.35967 -0.09264 -0.26933 -0.38943 -0.15591 -0.22729 -0.75111 -0.89436 -0.30314  0.00000 -0.81056
10   3  30  910000   0.4645 44:15:16 -1.61684271076E+05 -1.61641536968E+05  0.05876  0.02461  0.09905  0.06599  0.00976  0.28258  0.33814  0.08777  1.00000  0.35967 -0.09264 -0.26933 -0.38943 -0.15591 -0.22729 -0.75111 -0.89436 -0.30314  0.00000 -0.81056
10   3  31  924029   0.0000 44:15:16 -1.61644118607E+05 -1.61641536968E+05  0.06156  0.03286  0.10173  0.06876  0.01270  0.28471  0.34010  0.10226  0.01910  0.36157 -0.09264 -0.27725 -0.38943 -0.15591 -0.22729 -0.75111 -0.89436 -0.32679 -0.22423 -0.81056
10   3  32  924948   0.2000 44:15:16 -1.61644118607E+05 -1.61641536968E+05  0.06156  0.03286  0.10173  0.06876  0.01270  0.28471  0.34010  0.10226  0.01910  0.36157 -0.09264 -0.27725 -0.38943 -0.15591 -0.22729 -0.75111 -0.89436 -0.32679 -0.22423 -0.81056
10   3  33  926790   0.0000 45:15:16 -1.61644118607E+05 -1.61641536968E+05  0.06156  0.03286  0.10173  0.06876  0.01270  0.28471  0.34010  0.10226  0.01910  0.36157 -0.09264 -0.27725 -0.38943 -0.15591 -0.22729 -0.75111 -0.89436 -0.32679 -0.22423 -0.81056
10   3  34  927698   0.0000 45:15:16 -1.61644118607E+05 -1.61641536968E+05  0.06156  0.03286  0.10173  0.06876  0.01270  0.28471  0.34010  0.10226  0.01910  0.36157 -0.09264 -0.27725 -0.38943 -0.15591 -0.22729 -0.75111 -0.89436 -0.32679 -0.22423 -0.81056
10   3  35  928612   0.0000 45:15:16 -1.61644118607E+05 -1.61641536968E+05  0.06156  0.03286  0.10173  0.06876  0.01270  0.28471  0.34010  0.10226  0.01910  0.36157 -0.09264 -0.27725 -0.38943 -0.15591 -0.22729 -0.75111 -0.89436 -0.32679 -0.22423 -0.81056
10   3  36  929534   0.2000 45:15:16 -1.61644118607E+05 -1.61641536968E+05  0.06156  0.03286  0.10173  0.06876  0.01270  0.28471  0.34010  0.10226  0.01910  0.36157 -0.09264 -0.27725 -0.38943 -0.15591 -0.22729 -0.75111 -0.89436 -0.32679 -0.22423 -0.81056
10   3  37  931338   0.0000 45:15:16 -1.61644118607E+05 -1.61641536968E+05  0.06156  0.03286  0.10173  0.06876  0.01270  0.28471  0.34010  0.10226  0.01910  0.36157 -0.09264 -0.27725 -0.38943 -0.15591 -0.22729 -0.75111 -0.89436 -0.32679 -0.22423 -0.81056
10   3  38  932248   0.0000 45:15:16 -1.61644118607E+05 -1.61641536968E+05  0.06156  0.03286  0.10173  0.06876  0.01270  0.28471  0.34010  0.10226  0.01910  0.36157 -0.09264 -0.27725 -0.38943 -0.15591 -0.22729 -0.75111 -0.89436 -0.32679 -0.22423 -0.81056
10   3  40  936796   0.0000 45:15:16 -1.61644118607E+05 -1.61641536968E+05  0.06170  0.03852  0.10186  0.06890  0.01285  0.28481  0.34020  0.09061  0.00917  0.36167 -0.09264 -0.28960 -0.38943 -0.15591 -0.22729 -0.75111 -0.89436 -0.30314 -0.22979 -0.81056
10   3  41  937711   0.0000 45:15:16 -1.61644118607E+05 -1.61641536968E+05  0.06170  0.03852  0.10186  0.06890  0.01285  0.28481  0.34020  0.09061  0.00917  0.36167 -0.09264 -0.28960 -0.38943 -0.15591 -0.22729 -0.75111 -0.89436 -0.30314 -0.22979 -0.81056
10   3  42  938627   0.0000 45:15:16 -1.61644118607E+05 -1.61641536968E+05  0.06170  0.03852  0.10186  0.06890  0.01285  0.28481  0.34020  0.09061  0.00917  0.36167 -0.09264 -0.28960 -0.38943 -0.15591 -0.22729 -0.75111 -0.89436 -0.30314 -0.22979 -0.81056
10   3  43  939533   0.1000 46:15:16 -1.61641536968E+05 -1.61641536968E+05  0.06170  0.03852  0.10186  0.06890  0.01285  0.28481  0.34020  0.09061  0.00917  0.36167 -0.09264 -0.28960 -0.38943 -0.15591 -0.22729 -0.75111 -0.89436 -0.30314 -0.22979 -0.81056
10   3  44  940000   0.0000 46:15:16 -1.61641536968E+05 -1.61641536968E+05  0.06170  0.03852  0.10186  0.06890  0.01285  0.28481  0.34020  0.09061  0.00917  0.36167 -0.09264 -0.28960 -0.38943 -0.15591 -0.22729 -0.75111 -0.89436 -0.30314 -0.22979 -0.81056
10   3 200  940458   0.0000 46:15:16 -1.61641536968E+05 -1.61641536968E+05  0.06170  0.03852  0.10186  0.06890  0.01285  0.28481  0.34020  0.09061  0.00917  0.36167 -0.09264 -0.28960 -0.38943 -0.15591 -0.22729 -0.75111 -0.89436 -0.30314 -0.22979 -0.81056
