K Run Tem Iterate    Move%     Time        CurrentLogL           BestLogL     Fst1     Fst2     Fst3     Fst4     Fst5     Fst6     Fst7     Fis1     Fis2     Fis3     Fis4     Fis5     Fis6     Fis7
7   1   1       0   1.0000 35:41:15 -1.68570345248E+05 -1.68570345248E+05  0.00952 -0.02340  0.01548  0.00451 -0.01180  0.01315  0.00338 -0.10915 -0.20012 -0.13787 -0.12221 -0.21628 -0.18785 -0.22984
7   1   1     100   0.0000 35:41:15 -1.68570345248E+05 -1.68570345248E+05  0.00952 -0.02340  0.01548  0.00451 -0.01180  0.01315  0.00338 -0.10915 -0.20012 -0.13787 -0.12221 -0.21628 -0.18785 -0.22984
7   1   1     200  28.3582 35:41:15 -1.63330549277E+05 -1.63321060667E+05 -0.01180 -0.02340  0.00451  0.01548  0.00338  0.01315  0.00952 -0.21628 -0.20012 -0.12221 -0.13787 -0.22984 -0.18785 -0.10915
7   1   1     400  33.4165 35:41:15 -1.61052549759E+05 -1.60469277958E+05  0.01548  0.00451 -0.01180 -0.02340  0.00338  0.01315  0.00952 -0.13787 -0.12221 -0.21628 -0.20012 -0.22984 -0.18785 -0.10915
7   1   1     800  40.1998 35:41:15 -1.61461012110E+05 -1.60174914723E+05  0.00451  0.01548  0.00952 -0.01180  0.00338  0.01315 -0.02340 -0.12221 -0.13787 -0.10915 -0.21628 -0.22984 -0.18785 -0.20012
7   1   1    1600  46.4085 36:41:15 -1.62236088356E+05 -1.60174914723E+05  0.01315  0.01548 -0.01180  0.00952  0.00338  0.00451 -0.02340 -0.18785 -0.13787 -0.21628 -0.10915 -0.22984 -0.12221 -0.20012
7   1   2    3200  35.2818 37:41:15 -1.61182503983E+05 -1.59743425885E+05 -0.01180  0.01548 -0.02340  0.00338  0.01315  0.00451  0.00952 -0.21628 -0.13787 -0.20012 -0.22984 -0.18785 -0.12221 -0.10915
7   1   2    5000  42.2993 39:41:15 -1.61015614928E+05 -1.59743425885E+05  0.00952  0.01548 -0.02340  0.00338  0.01315 -0.01180  0.00451 -0.10915 -0.13787 -0.20012 -0.22984 -0.18785 -0.21628 -0.12221
7   1   3    6400  39.7590 40:41:15 -1.65320806896E+05 -1.59743425885E+05  0.00451 -0.01180  0.01315  0.00952  0.00338 -0.02340  0.01548 -0.12221 -0.21628 -0.18785 -0.10915 -0.22984 -0.20012 -0.13787
7   1   5   12800  31.8873 41:41:15 -1.61998087560E+05 -1.59743425885E+05  1.00000 -0.01884  1.00000 -0.01262  0.32570  1.00000  1.00000  0.00000 -0.19636  0.00000 -0.14279 -0.89436  0.00000  0.00000
7   1   5   15000  33.1821 41:41:15 -1.60675269245E+05 -1.59743425885E+05 -0.01884  1.00000  1.00000 -0.01262  0.32570  1.00000  1.00000 -0.19636  0.00000  0.00000 -0.14279 -0.89436  0.00000  0.00000
7   1   5   25000  30.1197 44:41:15 -1.59881102696E+05 -1.59073422696E+05 -0.01619 -0.00083  0.27108  0.32753  0.34941  1.00000  1.00000 -0.18888 -0.13277 -0.75111 -0.89436 -0.81056  0.00000  0.00000
7   1   5   25600  29.5928 45:41:15 -1.59602585930E+05 -1.59073422696E+05 -0.01619 -0.00083  1.00000  0.27108  0.32753  1.00000  0.34941 -0.18888 -0.13277  0.00000 -0.75111 -0.89436  0.00000 -0.81056
7   1   5   30000  29.3016 47:41:15 -1.61114091287E+05 -1.59073422696E+05 -0.00083  0.34941 -0.01619  0.27108  0.32753  1.00000  1.00000 -0.13277 -0.81056 -0.18888 -0.75111 -0.89436  0.00000  0.00000
7   1   6   45000  23.5594 50:41:15 -1.59384434554E+05 -1.59033709797E+05  0.01890  0.35310 -0.00181  1.00000  0.27522  0.33135  0.05167 -0.13546 -0.81056 -0.23429  0.00000 -0.75111 -0.89436 -0.08969
7   1   6   50000  23.5981 53:41:15 -1.61476295168E+05 -1.59033709797E+05 -0.00856  0.01328  0.27363  0.32988  1.00000  0.20808  1.00000 -0.20254 -0.11560 -0.75111 -0.89436  0.00000 -0.65933  0.00000
7   1   6   51200  23.7281 53:41:15 -1.61475800361E+05 -1.59033709797E+05  0.01328  1.00000 -0.00856  0.27363  0.32988  1.00000  0.20808 -0.11560  0.00000 -0.20254 -0.75111 -0.89436  0.00000 -0.65933
7   1   7   65000  20.7735 58:41:15 -1.59555542032E+05 -1.59033709797E+05  1.00000  0.01363  0.27032  0.32683  1.00000  1.00000 -0.00002  0.00000 -0.24838 -0.75111 -0.89436  0.00000  0.00000 -0.14190
7   1   7   75000  17.8754 00:42:15 -1.59648831353E+05 -1.58798700120E+05  0.03637  0.02833  0.00469  1.00000  0.27672  0.33274  0.35445 -0.27274 -0.25991 -0.14172  0.00000 -0.75111 -0.89436 -0.81056
7   1   8  102400  13.2182 01:42:15 -1.58644256649E+05 -1.58108045324E+05  0.03978  1.00000  0.03524  0.01299  0.28025  0.33599  0.04246 -0.12877  0.00000 -0.28696 -0.14426 -0.75111 -0.89436 -0.20039
7   1   9  120000  13.4675 02:42:15 -1.58634070701E+05 -1.58030012290E+05  0.01855  0.01679  0.03757  0.05449  0.27932  0.33513  0.35677 -0.19236 -0.16027 -0.26836 -0.09264 -0.75111 -0.89436 -0.81056
7   1   9  120310  16.4000 02:42:15 -1.58726229924E+05 -1.58030012290E+05  0.01855  0.01679  0.03757  0.05449  0.27932  0.33513  0.35677 -0.19236 -0.16027 -0.26836 -0.09264 -0.75111 -0.89436 -0.81056
7   1  10  147529  11.4000 03:42:15 -1.58521981096E+05 -1.58011348507E+05  1.00000  1.00000  0.00462  0.00316  0.27135  0.32778  0.34965  0.00000  0.00000 -0.22779 -0.14172 -0.75111 -0.89436 -0.81056
7   1  10  165000  10.1582 04:42:15 -1.58431209417E+05 -1.57906517773E+05  0.05428  0.03620  0.21411  0.01804  0.27916  0.33499  0.35662 -0.09264 -0.26869 -0.65933 -0.16046 -0.75111 -0.89436 -0.81056
7   1  12  202486   6.0000 06:42:15 -1.58324462298E+05 -1.57706167755E+05  0.04350  0.00232  0.04212  0.01404  0.27884  0.33469  0.35633 -0.09904 -0.15792 -0.28099 -0.17121 -0.75111 -0.89436 -0.81056
7   1  12  205000   5.6594 06:42:15 -1.57740977383E+05 -1.57671599781E+05  0.04350  0.04212  0.01404  0.00232  0.27884  0.33469  0.35633 -0.09904 -0.28099 -0.17121 -0.15792 -0.75111 -0.89436 -0.81056
7   1  13  229868   4.5000 07:42:15 -1.58493177906E+05 -1.57591110240E+05  0.05569 -0.00549  0.04212  0.01691  0.28023  0.33597  0.35758 -0.09264 -0.13220 -0.27585 -0.17459 -0.75111 -0.89436 -0.81056
7   1  13  240000   5.5047 08:42:15 -1.58119423684E+05 -1.57591110240E+05  0.05446  0.02809  0.00323  0.05650  0.27930  0.33511  0.35675 -0.09264 -0.25804 -0.24246 -0.15573 -0.75111 -0.89436 -0.81056
7   1  14  249686   3.5000 08:42:15 -1.57848031854E+05 -1.57591110240E+05  0.05413  0.02774 -0.00110  0.05867  0.27905  0.33488  0.35652 -0.09264 -0.25804 -0.23300 -0.15100 -0.75111 -0.89436 -0.81056
7   1  15  272495   2.6000 09:42:15 -1.57683901698E+05 -1.57591110240E+05  0.05537  0.03847 -0.00292  0.04339  0.27999  0.33575  0.35736 -0.09264 -0.26836 -0.21957 -0.16518 -0.75111 -0.89436 -0.81056
7   1  15  280000   2.6690 10:42:15 -1.57738250836E+05 -1.57591110240E+05  0.05409  0.02771  0.00243  0.06135  0.27902  0.33485  0.35649 -0.09264 -0.25804 -0.23535 -0.15591 -0.75111 -0.89436 -0.81056
7   1  16  290020   1.2000 10:42:15 -1.57658398476E+05 -1.57591110240E+05  0.03352  0.03524  0.00429  0.05751  0.28007  0.33583  0.35744 -0.09555 -0.26471 -0.24246 -0.15573 -0.75111 -0.89436 -0.81056
7   1  17  313019   2.2000 11:42:15 -1.57612962794E+05 -1.57591110240E+05  0.05493  0.04088 -0.01130  0.05200  0.27966  0.33545  0.35707 -0.09264 -0.27080 -0.20032 -0.17066 -0.75111 -0.89436 -0.81056
7   1  17  315000   1.9394 12:42:15 -1.57631708701E+05 -1.57591110240E+05  0.05493  0.04088 -0.01130  0.05200  0.27966  0.33545  0.35707 -0.09264 -0.27080 -0.20032 -0.17066 -0.75111 -0.89436 -0.81056
7   1  18  332757   0.4000 12:42:15 -1.57628546251E+05 -1.57591110240E+05  0.05446  0.02809  0.00323  0.05650  0.27930  0.33511  0.35675 -0.09264 -0.25804 -0.24246 -0.15573 -0.75111 -0.89436 -0.81056
7   1  18  355000   1.3412 14:42:15 -1.57714728248E+05 -1.57591110240E+05  0.05381  0.02742  0.00035  0.06623  0.27880  0.33466  0.35630 -0.09264 -0.25804 -0.22445 -0.15802 -0.75111 -0.89436 -0.81056
7   1  19  355942   1.1000 14:42:15 -1.57622772173E+05 -1.57591110240E+05  0.05381  0.02742  0.00035  0.06623  0.27880  0.33466  0.35630 -0.09264 -0.25804 -0.22445 -0.15802 -0.75111 -0.89436 -0.81056
7   1  20  379234   1.4000 15:42:15 -1.57618021508E+05 -1.57591110240E+05  0.05381  0.02742  0.00035  0.06623  0.27880  0.33466  0.35630 -0.09264 -0.25804 -0.22445 -0.15802 -0.75111 -0.89436 -0.81056
7   1  21  388046   0.6000 16:42:15 -1.57636523183E+05 -1.57591110240E+05  0.05409  0.02771  0.00243  0.06135  0.27902  0.33485  0.35649 -0.09264 -0.25804 -0.23535 -0.15591 -0.75111 -0.89436 -0.81056
7   1  21  390000   0.2170 16:42:15 -1.57591110240E+05 -1.57591110240E+05  0.05409  0.02771  0.00243  0.06135  0.27902  0.33485  0.35649 -0.09264 -0.25804 -0.23535 -0.15591 -0.75111 -0.89436 -0.81056
7   1  22  411353   0.2000 17:42:15 -1.57591110240E+05 -1.57591110240E+05  0.05461  0.03435  0.00298  0.04990  0.27941  0.33522  0.35684 -0.09264 -0.26471 -0.23535 -0.15281 -0.75111 -0.89436 -0.81056
7   1  22  420000   0.3692 18:42:15 -1.57591110240E+05 -1.57591110240E+05  0.05409  0.02771  0.00243  0.06135  0.27902  0.33485  0.35649 -0.09264 -0.25804 -0.23535 -0.15591 -0.75111 -0.89436 -0.81056
7   1  23  434711   0.0000 18:42:15 -1.57591110240E+05 -1.57591110240E+05  0.05409  0.02771  0.00243  0.06135  0.27902  0.33485  0.35649 -0.09264 -0.25804 -0.23535 -0.15591 -0.75111 -0.89436 -0.81056
7   1  24  435611   0.3000 18:42:15 -1.57622772173E+05 -1.57591110240E+05  0.05409  0.02771  0.00243  0.06135  0.27902  0.33485  0.35649 -0.09264 -0.25804 -0.23535 -0.15591 -0.75111 -0.89436 -0.81056
7   1  25  444902   0.0000 19:42:15 -1.57591110240E+05 -1.57591110240E+05  0.05409  0.02771  0.00243  0.06135  0.27902  0.33485  0.35649 -0.09264 -0.25804 -0.23535 -0.15591 -0.75111 -0.89436 -0.81056
7   1  26  445776   0.2000 19:42:15 -1.57591110240E+05 -1.57591110240E+05  0.05409  0.02771  0.00243  0.06135  0.27902  0.33485  0.35649 -0.09264 -0.25804 -0.23535 -0.15591 -0.75111 -0.89436 -0.81056
7   1  27  447560   0.0000 19:42:15 -1.57591110240E+05 -1.57591110240E+05  0.05409  0.02771  0.00243  0.06135  0.27902  0.33485  0.35649 -0.09264 -0.25804 -0.23535 -0.15591 -0.75111 -0.89436 -0.81056
7   1  28  448441   0.0000 19:42:15 -1.57591110240E+05 -1.57591110240E+05  0.05409  0.02771  0.00243  0.06135  0.27902  0.33485  0.35649 -0.09264 -0.25804 -0.23535 -0.15591 -0.75111 -0.89436 -0.81056
7   1  29  449340   0.2000 19:42:15 -1.57591110240E+05 -1.57591110240E+05  0.05409  0.02771  0.00243  0.06135  0.27902  0.33485  0.35649 -0.09264 -0.25804 -0.23535 -0.15591 -0.75111 -0.89436 -0.81056
7   1  30  451127   0.0000 19:42:15 -1.57591110240E+05 -1.57591110240E+05  0.05409  0.02771  0.00243  0.06135  0.27902  0.33485  0.35649 -0.09264 -0.25804 -0.23535 -0.15591 -0.75111 -0.89436 -0.81056
7   1  31  452001   0.0000 19:42:15 -1.57591110240E+05 -1.57591110240E+05  0.05409  0.02771  0.00243  0.06135  0.27902  0.33485  0.35649 -0.09264 -0.25804 -0.23535 -0.15591 -0.75111 -0.89436 -0.81056
7   1  32  452890   0.0000 19:42:15 -1.57591110240E+05 -1.57591110240E+05  0.05409  0.02771  0.00243  0.06135  0.27902  0.33485  0.35649 -0.09264 -0.25804 -0.23535 -0.15591 -0.75111 -0.89436 -0.81056
7   1  33  453785   0.0000 19:42:15 -1.57591110240E+05 -1.57591110240E+05  0.05409  0.02771  0.00243  0.06135  0.27902  0.33485  0.35649 -0.09264 -0.25804 -0.23535 -0.15591 -0.75111 -0.89436 -0.81056
7   1  34  454664   0.0000 19:42:15 -1.57591110240E+05 -1.57591110240E+05  0.05409  0.02771  0.00243  0.06135  0.27902  0.33485  0.35649 -0.09264 -0.25804 -0.23535 -0.15591 -0.75111 -0.89436 -0.81056
7   1 200  454666   0.0000 19:42:15 -1.57591110240E+05 -1.57591110240E+05  0.05409  0.02771  0.00243  0.06135  0.27902  0.33485  0.35649 -0.09264 -0.25804 -0.23535 -0.15591 -0.75111 -0.89436 -0.81056
