K Run Tem Iterate    Move%     Time        CurrentLogL           BestLogL     Fst1     Fst2     Fst3     Fst4     Fst5     Fst6     Fst7     Fst8     Fst9     Fis1     Fis2     Fis3     Fis4     Fis5     Fis6     Fis7     Fis8     Fis9
9   7   1       0   1.0000 14:05:16 -1.71821850873E+05 -1.71821850873E+05  0.01331  0.01248 -0.00943 -0.01102  0.00175 -0.00738 -0.00196 -0.00187  0.00782 -0.10781 -0.18623 -0.21203 -0.16857 -0.17982 -0.16513 -0.16707 -0.19860 -0.14225
9   7   1     100   1.0000 14:05:16 -1.71812322858E+05 -1.71812322858E+05  0.01331  0.01248 -0.00943 -0.01102  0.00175 -0.00738 -0.00196 -0.00187  0.00782 -0.10781 -0.18623 -0.21203 -0.16857 -0.17982 -0.16513 -0.16707 -0.19860 -0.14225
9   7   1     200  32.1782 14:05:16 -1.70098954307E+05 -1.69836586999E+05 -0.00738 -0.00187  0.01248 -0.00943 -0.00196 -0.01102  0.00175  0.00782  0.01331 -0.16513 -0.19860 -0.18623 -0.21203 -0.16707 -0.16857 -0.17982 -0.14225 -0.10781
9   7   1     400  50.0000 14:05:16 -1.66287339168E+05 -1.66287339168E+05 -0.00187  0.01248 -0.00943  0.00175  0.01331 -0.01102 -0.00738 -0.00196  0.00782 -0.19860 -0.18623 -0.21203 -0.17982 -0.10781 -0.16857 -0.16513 -0.16707 -0.14225
9   7   1     800  46.2594 14:05:16 -1.65642350518E+05 -1.64584452577E+05 -0.00187 -0.00738 -0.00943 -0.01102  0.00175  0.01248 -0.00196  0.01331  0.00782 -0.19860 -0.16513 -0.21203 -0.16857 -0.17982 -0.18623 -0.16707 -0.10781 -0.14225
9   7   1    1600  49.3758 14:05:16 -1.63590533942E+05 -1.63590533942E+05 -0.00196  0.01331 -0.00187 -0.00738  0.01248 -0.00943 -0.01102  0.00175  0.00782 -0.16707 -0.10781 -0.19860 -0.16513 -0.18623 -0.21203 -0.16857 -0.17982 -0.14225
9   7   1    3200  49.0631 14:05:16 -1.65932057161E+05 -1.62956237770E+05  0.01248  0.00782 -0.00943  0.01331 -0.01102  0.00175 -0.00187 -0.00738 -0.00196 -0.18623 -0.14225 -0.21203 -0.10781 -0.16857 -0.17982 -0.19860 -0.16513 -0.16707
9   7   2    6400  39.7991 15:05:16 -1.64698841401E+05 -1.62148791503E+05 -0.00196  0.01248  0.00782  0.01331 -0.01102  0.00175 -0.00943 -0.00187 -0.00738 -0.16707 -0.18623 -0.14225 -0.10781 -0.16857 -0.17982 -0.21203 -0.19860 -0.16513
9   7   3   12800  30.0707 18:05:16 -1.63205665842E+05 -1.61947828881E+05 -0.00738 -0.00943 -0.00196 -0.01102  0.00175 -0.00187  0.01248  0.00782  0.01331 -0.16513 -0.21203 -0.16707 -0.16857 -0.17982 -0.19860 -0.18623 -0.14225 -0.10781
9   7   3   15000  29.9138 21:05:16 -1.63320067991E+05 -1.61947828881E+05  0.00397  0.00321 -0.02715  0.31141  0.35540  0.33373  1.00000  1.00000  0.02333 -0.16355 -0.22032 -0.17260 -0.78140 -0.81056 -0.89436  0.00000  0.00000 -0.09701
9   7   3   25600  30.3069 22:05:16 -1.63575449789E+05 -1.61947828881E+05  0.00397  0.00321  0.02333  1.00000 -0.02715  0.31141  0.33373  0.35540  1.00000 -0.16355 -0.22032 -0.09701  0.00000 -0.17260 -0.78140 -0.89436 -0.81056  0.00000
9   7   3   30000  30.8742 24:05:16 -1.65723021382E+05 -1.61947828881E+05 -0.00159  1.00000  0.26975  0.32630  1.00000  1.00000  1.00000 -0.00327  1.00000 -0.13246  0.00000 -0.75111 -0.89436  0.00000  0.00000  0.00000 -0.22452  0.00000
9   7   3   40000  31.3850 28:05:16 -1.62913137945E+05 -1.61947828881E+05  1.00000  1.00000  1.00000 -0.00159  0.26975  1.00000  0.32630  1.00000 -0.00327  0.00000  0.00000  0.00000 -0.13246 -0.75111  0.00000 -0.89436  0.00000 -0.22452
9   7   4   51200  25.0349 30:05:16 -1.63924318195E+05 -1.61947828881E+05  1.00000 -0.00153  0.27163  0.32804  1.00000  1.00000  0.34990 -0.00809  1.00000  0.00000 -0.11836 -0.75111 -0.89436  0.00000  0.00000 -0.81056 -0.22224  0.00000
9   7   4   55000  24.7807 33:05:16 -1.64208123227E+05 -1.61947828881E+05  1.00000  0.34990  1.00000  0.27163  0.32804  1.00000 -0.00809  1.00000 -0.00153  0.00000 -0.81056  0.00000 -0.75111 -0.89436  0.00000 -0.22224  0.00000 -0.11836
9   7   4   70000  26.5412 39:05:16 -1.63650697231E+05 -1.61904708255E+05 -0.01286  1.00000  1.00000  0.26960  0.32616  1.00000  1.00000  1.00000  0.00757 -0.19432  0.00000  0.00000 -0.75111 -0.89436  0.00000  0.00000  0.00000 -0.16034
9   7   4   80000  25.9059 41:05:16 -1.62488729021E+05 -1.61904708255E+05 -0.00730  1.00000  1.00000  0.34983  0.00098  0.27155  0.32796  1.00000  1.00000 -0.22787  0.00000  0.00000 -0.81056 -0.12659 -0.75111 -0.89436  0.00000  0.00000
9   7   5  110000  19.2966 43:05:16 -1.63273275515E+05 -1.61592469950E+05  0.01474  0.00728  0.01833  0.27816  0.33406  1.00000  1.00000  0.35573  0.04356 -0.05500 -0.15123 -0.23970 -0.75111 -0.89436  0.00000  0.00000 -0.81056 -0.24993
9   7   6  141995  21.4000 44:05:16 -1.62111226887E+05 -1.61461549347E+05  0.20936  0.00861  0.00838  1.00000  1.00000  0.27481  0.33097  0.35274  0.08195 -0.65933 -0.23330 -0.12767  0.00000  0.00000 -0.75111 -0.89436 -0.81056 -0.22817
9   7   6  155000  14.5645 45:05:16 -1.61657143369E+05 -1.61076065444E+05  1.00000  1.00000  0.00838  0.20936  0.27481  0.33097  0.08195  0.35274  0.00861  0.00000  0.00000 -0.12767 -0.65933 -0.75111 -0.89436 -0.22817 -0.81056 -0.23330
9   7   7  188352  15.6000 47:05:16 -1.62327128734E+05 -1.61063126345E+05 -0.03271  0.02380  0.00982  0.03608  0.27969  0.33548  1.00000  0.35710  0.21469 -0.08983 -0.09257 -0.14731 -0.26784 -0.75111 -0.89436  0.00000 -0.81056 -0.65933
9   7   7  190000  15.6282 47:05:16 -1.61808848690E+05 -1.61063126345E+05  0.00982  1.00000 -0.03271  0.03608  0.21469  0.02380  0.27969  0.33548  0.35710 -0.14731  0.00000 -0.08983 -0.26784 -0.65933 -0.09257 -0.75111 -0.89436 -0.81056
9   7   8  218129  20.1000 48:05:16 -1.61965158287E+05 -1.60834294640E+05  0.02788  1.00000  0.03914  0.06068  0.28404  0.33948  1.00000  0.13604  0.36097 -0.17760  0.00000 -0.24360 -0.09264 -0.75111 -0.89436  0.00000 -0.62306 -0.81056
9   7   8  230000  11.7375 49:05:16 -1.62057767213E+05 -1.60834294640E+05  1.00000  1.00000  0.02043  0.01573  0.27680  0.33281  0.04467  0.35451  1.00000  0.00000  0.00000 -0.25203 -0.15092 -0.75111 -0.89436 -0.11133 -0.81056  0.00000
9   7   9  264285  11.7000 50:05:16 -1.61803674945E+05 -1.60512742208E+05 -0.00783  0.00972  0.03428  0.02063  0.27718  0.33315  0.04628  0.35485  1.00000 -0.03111 -0.13696 -0.27148 -0.16384 -0.75111 -0.89436 -0.14350 -0.81056  0.00000
9   7   9  270000  10.4953 51:05:16 -1.61277512118E+05 -1.60512742208E+05  0.02862  0.03757  0.04054  0.04081  1.00000  0.28182  0.33744  0.10511  1.00000 -0.16320 -0.26471 -0.27563 -0.06155  0.00000 -0.75111 -0.89436 -0.37499  0.00000
9   7  10  290280  11.1000 52:05:16 -1.60818896839E+05 -1.60512742208E+05  0.05443  0.01847  0.00304  0.04123  0.02666  0.05332  0.27732  0.33329  0.35498 -0.08969 -0.25249 -0.21910 -0.06638 -0.14078 -0.07815 -0.75111 -0.89436 -0.81056
9   7  10  305000   8.8157 53:05:16 -1.61416934126E+05 -1.60512742208E+05  0.04008  0.03711  1.00000  1.00000  0.35646  0.27898  0.33482  0.02152  0.09453 -0.08752 -0.26836  0.00000  0.00000 -0.81056 -0.75111 -0.89436 -0.16324 -0.38943
9   7  10  335000  10.0231 55:05:16 -1.62017742495E+05 -1.60386587923E+05  0.04541  0.05625  0.00806  0.03205  1.00000  0.21574  0.28066  0.33637  0.35796 -0.16140 -0.09264 -0.19211 -0.25711  0.00000 -0.65933 -0.75111 -0.89436 -0.81056
9   7  11  336195  12.6000 55:05:16 -1.61712507025E+05 -1.60386587923E+05  0.04541  0.00806  0.21574  0.03205  0.28066  0.33637  1.00000  0.05625  0.35796 -0.16140 -0.19211 -0.65933 -0.25711 -0.75111 -0.89436  0.00000 -0.09264 -0.81056
9   7  12  361938   5.1000 56:05:16 -1.60656320831E+05 -1.60386587923E+05  1.00000  0.05728 -0.00575  1.00000  0.02078  0.04883  0.28144  0.33709  0.35866  0.00000 -0.09264 -0.22635  0.00000 -0.18175 -0.27707 -0.75111 -0.89436 -0.81056
9   7  12  375000   4.6469 57:05:16 -1.60713198945E+05 -1.60343587584E+05  0.00309  0.05599  0.02965  0.21553  0.06838  0.28046  0.33619  1.00000  0.35778 -0.21114 -0.09264 -0.25804 -0.65933 -0.15802 -0.75111 -0.89436  0.00000 -0.81056
9   7  12  400000   4.2207 59:05:16 -1.60607820385E+05 -1.60337909440E+05  0.04439  0.03782  0.09520  0.04009  0.03008  0.27951  0.33530  1.00000  0.35693 -0.09904 -0.26836 -0.38943 -0.15354 -0.21931 -0.75111 -0.89436  0.00000 -0.81056
9   7  13  406645   6.4000 59:05:16 -1.60826605420E+05 -1.60337909440E+05  0.04439  0.03008  0.03782  0.09520  0.04009  0.27951  1.00000  0.33530  0.35693 -0.09904 -0.21931 -0.26836 -0.38943 -0.15354 -0.75111  0.00000 -0.89436 -0.81056
9   7  13  435000   3.4734 03:06:16 -1.60745355391E+05 -1.60309032745E+05  0.06060  0.04129  0.21936  0.06762  0.00837  0.28398  0.33943  0.04853  0.36092 -0.09264 -0.27221 -0.65933 -0.15418 -0.20381 -0.75111 -0.89436 -0.24571 -0.81056
9   7  13  440000   3.3719 05:06:16 -1.60494066750E+05 -1.60309032745E+05  0.05561  0.04156  0.09603  0.05589  0.00007  0.28017  0.33592  1.00000  0.35752 -0.09264 -0.27080 -0.38943 -0.15401 -0.20142 -0.75111 -0.89436  0.00000 -0.81056
9   7  14  443889   1.6000 05:06:16 -1.60407684798E+05 -1.60309032745E+05  0.05561  0.04156  0.09603  0.05589  0.00007  0.28017  0.33592  1.00000  0.35752 -0.09264 -0.27080 -0.38943 -0.15401 -0.20142 -0.75111 -0.89436  0.00000 -0.81056
9   7  14  465000   2.8102 07:06:16 -1.60448575334E+05 -1.60269504239E+05  0.05549  0.03525  0.09592  0.06274  0.00632  0.28008  0.33584  1.00000  0.35745 -0.09264 -0.26471 -0.38943 -0.15591 -0.22729 -0.75111 -0.89436  0.00000 -0.81056
9   7  15  474758   1.7000 07:06:16 -1.60341909325E+05 -1.60269504239E+05  0.05692  0.04005  0.21630  0.04897  0.00032  0.28117  0.33684  1.00000  0.35842 -0.09264 -0.26836 -0.65933 -0.15266 -0.23814 -0.75111 -0.89436  0.00000 -0.81056
9   7  15  495000   2.3903 09:06:16 -1.60584799123E+05 -1.60248018140E+05  0.05432  0.02794  0.21414  0.06673  0.01304  0.27919  0.33501  1.00000  0.35665 -0.09264 -0.25804 -0.65933 -0.15802 -0.18673 -0.75111 -0.89436  0.00000 -0.81056
9   7  16  514999   0.1000 10:06:16 -1.60337909440E+05 -1.60248018140E+05  0.05561  0.03537  0.21521  0.06286  0.00523  0.28017  0.33592  1.00000  0.35753 -0.09264 -0.26471 -0.65933 -0.15591 -0.21877 -0.75111 -0.89436  0.00000 -0.81056
9   7  17  515867   1.5000 11:06:16 -1.60556861224E+05 -1.60248018140E+05  0.05561  0.03537  0.21521  0.06286  0.00523  0.28017  0.33592  1.00000  0.35753 -0.09264 -0.26471 -0.65933 -0.15591 -0.21877 -0.75111 -0.89436  0.00000 -0.81056
9   7  17  520000   1.0666 11:06:16 -1.60363409887E+05 -1.60248018140E+05  0.05561  0.03537  0.21521  0.06286  0.00523  0.28017  0.33592  1.00000  0.35753 -0.09264 -0.26471 -0.65933 -0.15591 -0.21877 -0.75111 -0.89436  0.00000 -0.81056
9   7  18  542046   1.6000 12:06:16 -1.60376312800E+05 -1.60248018140E+05  0.06066  0.04269  0.10087  0.06787  0.01175  0.28402  0.33947 -0.01216  0.36096 -0.09264 -0.26869 -0.38943 -0.15591 -0.22729 -0.75111 -0.89436 -0.20168 -0.81056
9   7  18  555000   0.9721 13:06:16 -1.60341909325E+05 -1.60248018140E+05  0.05549  0.03525  0.09592  0.06274  0.00632  0.28008  0.33584  1.00000  0.35745 -0.09264 -0.26471 -0.38943 -0.15591 -0.22729 -0.75111 -0.89436  0.00000 -0.81056
9   7  19  568502   0.6000 13:06:16 -1.60380042684E+05 -1.60248018140E+05  0.05561  0.03537  0.21521  0.06286  0.00523  0.28017  0.33592  1.00000  0.35753 -0.09264 -0.26471 -0.65933 -0.15591 -0.21877 -0.75111 -0.89436  0.00000 -0.81056
9   7  20  577388   0.6000 14:06:16 -1.60386587923E+05 -1.60248018140E+05  0.05561  0.03537  0.21521  0.06286  0.00523  0.28017  0.33592  1.00000  0.35753 -0.09264 -0.26471 -0.65933 -0.15591 -0.21877 -0.75111 -0.89436  0.00000 -0.81056
9   7  20  600000   0.8667 15:06:16 -1.60436341456E+05 -1.60248018140E+05  0.06066 -0.01216  0.04269  0.10087  0.06787  0.01175  0.28402  0.33947  0.36096 -0.09264 -0.20168 -0.26869 -0.38943 -0.15591 -0.22729 -0.75111 -0.89436 -0.81056
9   7  21  604123   4.6000 15:06:16 -1.60366103946E+05 -1.60248018140E+05  0.06066  0.04269  0.10087  0.06787  0.01175  0.28402  0.33947 -0.01216  0.36096 -0.09264 -0.26869 -0.38943 -0.15591 -0.22729 -0.75111 -0.89436 -0.20168 -0.81056
9   7  21  625000   1.9072 17:06:16 -1.60341073519E+05 -1.60220825757E+05  0.05922  0.08821  0.01659  0.09949  0.06644  0.01024  0.28293  0.33846  0.35998 -0.09264 -0.30314 -0.25871 -0.38943 -0.15591 -0.22729 -0.75111 -0.89436 -0.81056
9   7  22  646545   0.3000 18:06:16 -1.60248018140E+05 -1.60220825757E+05  0.05549  1.00000  0.03525  0.09592  0.06274  0.00632  0.28008  0.33584  0.35745 -0.09264  0.00000 -0.26471 -0.38943 -0.15591 -0.22729 -0.75111 -0.89436 -0.81056
9   7  22  655000   1.3207 19:06:16 -1.60247799938E+05 -1.60220825757E+05  0.05964  0.00733  0.09989  0.06686  0.01068  0.28325  0.33875  0.05528  0.36027 -0.09264 -0.23957 -0.38943 -0.15591 -0.22729 -0.75111 -0.89436 -0.28103 -0.81056
9   7  23  673578   1.3000 19:06:16 -1.60246326204E+05 -1.60220825757E+05  0.05943  0.01469  0.09970  0.06666  0.01047  0.28309  0.33861  0.08065  0.36013 -0.09264 -0.26210 -0.38943 -0.15591 -0.22729 -0.75111 -0.89436 -0.29034 -0.81056
9   7  23  695000   1.3458 21:06:16 -1.60247799938E+05 -1.60220825757E+05  0.05933  0.01972  0.09960  0.06656  0.00661  0.28301  0.33854  0.08832  0.36006 -0.09264 -0.26341 -0.38943 -0.15591 -0.22443 -0.75111 -0.89436 -0.30314 -0.81056
9   7  25  701529   1.1000 21:06:16 -1.60220825757E+05 -1.60220825757E+05  0.05933  0.01972  0.09960  0.06656  0.00661  0.28301  0.33854  0.08832  0.36006 -0.09264 -0.26341 -0.38943 -0.15591 -0.22443 -0.75111 -0.89436 -0.30314 -0.81056
9   7  26  715408   1.3000 22:06:16 -1.60220825757E+05 -1.60220825757E+05  0.05966  0.00240  0.09991  0.06688  0.01070  0.28326  0.33877  0.05753  0.36028 -0.09264 -0.21872 -0.38943 -0.15591 -0.22729 -0.75111 -0.89436 -0.29030 -0.81056
9   7  26  725000   0.8622 23:06:16 -1.60263467446E+05 -1.60220825757E+05  0.05922  0.01659  0.09949  0.06644  0.01024  0.28293  0.33846  0.08821  0.35998 -0.09264 -0.25871 -0.38943 -0.15591 -0.22729 -0.75111 -0.89436 -0.30314 -0.81056
9   7  27  742596   0.3000 24:06:16 -1.60242629271E+05 -1.60220825757E+05  0.05922  0.01659  0.09949  0.06644  0.01024  0.28293  0.33846  0.08821  0.35998 -0.09264 -0.25871 -0.38943 -0.15591 -0.22729 -0.75111 -0.89436 -0.30314 -0.81056
9   7  27  765000   0.4674 25:06:16 -1.60220825757E+05 -1.60220825757E+05  0.05922  0.01659  0.09949  0.06644  0.01024  0.28293  0.33846  0.08821  0.35998 -0.09264 -0.25871 -0.38943 -0.15591 -0.22729 -0.75111 -0.89436 -0.30314 -0.81056
9   7  28  769827   0.4000 25:06:16 -1.60220825757E+05 -1.60220825757E+05  0.05922  0.01659  0.09949  0.06644  0.01024  0.28293  0.33846  0.08821  0.35998 -0.09264 -0.25871 -0.38943 -0.15591 -0.22729 -0.75111 -0.89436 -0.30314 -0.81056
9   7  29  797041   0.0000 26:06:16 -1.60220825757E+05 -1.60220825757E+05  0.05922  0.01659  0.09949  0.06644  0.01024  0.28293  0.33846  0.08821  0.35998 -0.09264 -0.25871 -0.38943 -0.15591 -0.22729 -0.75111 -0.89436 -0.30314 -0.81056
9   7  30  797956   1.0000 26:06:16 -1.60220825757E+05 -1.60220825757E+05  0.05922  0.01659  0.09949  0.06644  0.01024  0.28293  0.33846  0.08821  0.35998 -0.09264 -0.25871 -0.38943 -0.15591 -0.22729 -0.75111 -0.89436 -0.30314 -0.81056
9   7  30  805000   0.2045 27:06:16 -1.60220825757E+05 -1.60220825757E+05  0.05922  0.01659  0.09949  0.06644  0.01024  0.28293  0.33846  0.08821  0.35998 -0.09264 -0.25871 -0.38943 -0.15591 -0.22729 -0.75111 -0.89436 -0.30314 -0.81056
9   7  31  825168   0.4000 28:06:16 -1.60220825757E+05 -1.60220825757E+05  0.05922  0.01659  0.09949  0.06644  0.01024  0.28293  0.33846  0.08821  0.35998 -0.09264 -0.25871 -0.38943 -0.15591 -0.22729 -0.75111 -0.89436 -0.30314 -0.81056
9   7  32  836066   0.2000 29:06:16 -1.60220825757E+05 -1.60220825757E+05  0.05922  0.01659  0.09949  0.06644  0.01024  0.28293  0.33846  0.08821  0.35998 -0.09264 -0.25871 -0.38943 -0.15591 -0.22729 -0.75111 -0.89436 -0.30314 -0.81056
9   7  33  837891   0.0000 29:06:16 -1.60220825757E+05 -1.60220825757E+05  0.05922  0.01659  0.09949  0.06644  0.01024  0.28293  0.33846  0.08821  0.35998 -0.09264 -0.25871 -0.38943 -0.15591 -0.22729 -0.75111 -0.89436 -0.30314 -0.81056
9   7  34  838800   0.0000 29:06:16 -1.60220825757E+05 -1.60220825757E+05  0.05922  0.01659  0.09949  0.06644  0.01024  0.28293  0.33846  0.08821  0.35998 -0.09264 -0.25871 -0.38943 -0.15591 -0.22729 -0.75111 -0.89436 -0.30314 -0.81056
9   7  35  839710   0.0000 29:06:16 -1.60220825757E+05 -1.60220825757E+05  0.05922  0.01659  0.09949  0.06644  0.01024  0.28293  0.33846  0.08821  0.35998 -0.09264 -0.25871 -0.38943 -0.15591 -0.22729 -0.75111 -0.89436 -0.30314 -0.81056
9   7  36  840000   0.0000 29:06:16 -1.60220825757E+05 -1.60220825757E+05  0.05922  0.01659  0.09949  0.06644  0.01024  0.28293  0.33846  0.08821  0.35998 -0.09264 -0.25871 -0.38943 -0.15591 -0.22729 -0.75111 -0.89436 -0.30314 -0.81056
9   7  36  840589   0.0000 29:06:16 -1.60220825757E+05 -1.60220825757E+05  0.05922  0.01659  0.09949  0.06644  0.01024  0.28293  0.33846  0.08821  0.35998 -0.09264 -0.25871 -0.38943 -0.15591 -0.22729 -0.75111 -0.89436 -0.30314 -0.81056
9   7  37  841508   0.0000 29:06:16 -1.60220825757E+05 -1.60220825757E+05  0.05922  0.01659  0.09949  0.06644  0.01024  0.28293  0.33846  0.08821  0.35998 -0.09264 -0.25871 -0.38943 -0.15591 -0.22729 -0.75111 -0.89436 -0.30314 -0.81056
9   7 200  841510   0.0000 29:06:16 -1.60220825757E+05 -1.60220825757E+05  0.05922  0.01659  0.09949  0.06644  0.01024  0.28293  0.33846  0.08821  0.35998 -0.09264 -0.25871 -0.38943 -0.15591 -0.22729 -0.75111 -0.89436 -0.30314 -0.81056
