Iter   Tolerance Admix(mean)   Admix(SD)    Fst1    Fst2    Fst3    Fst4    Fst5    Fst6   QPop1   QPop2   QPop3   QPop4   QPop5   QPop6
   1  7.3974E-04    0.825302    0.010378 -0.0005  0.0157  0.0053  0.0019  0.0049  0.0001  0.1637  0.1720  0.1691  0.1674  0.1642  0.1636
   2  1.1102E-02    0.714754    0.145407  0.0001  0.1052  0.0509  0.0326  0.0224  0.0002  0.1469  0.1676  0.2096  0.1799  0.1468  0.1492
   3  6.7895E-03    0.568341    0.247738  0.0032  0.1834  0.0711  0.0880  0.0503  0.0003  0.1445  0.1544  0.2271  0.1607  0.1691  0.1442
   4  3.6296E-03    0.464979    0.268570  0.0092  0.1946  0.0705  0.1310  0.0698  0.0110  0.1451  0.1409  0.2407  0.1385  0.1875  0.1473
   5  2.1948E-03    0.387019    0.257319  0.0322  0.1979  0.0749  0.1633  0.0863  0.0425  0.1445  0.1303  0.2539  0.1200  0.2011  0.1501
   6  9.5564E-04    0.327721    0.248058  0.0412  0.1961  0.0763  0.1698  0.0897  0.0541  0.1446  0.1242  0.2648  0.1059  0.2119  0.1487
   7  2.9501E-04    0.291920    0.242810  0.0414  0.1951  0.0765  0.1674  0.0889  0.0548  0.1439  0.1215  0.2721  0.0978  0.2195  0.1453
   8  1.3223E-04    0.266780    0.239446  0.0395  0.1942  0.0759  0.1629  0.0874  0.0525  0.1438  0.1199  0.2776  0.0925  0.2240  0.1422
   9  7.9062E-05    0.247078    0.236653  0.0372  0.1934  0.0753  0.1586  0.0860  0.0500  0.1444  0.1187  0.2818  0.0888  0.2270  0.1394
  10  5.4219E-05    0.231211    0.234109  0.0354  0.1928  0.0746  0.1555  0.0849  0.0479  0.1453  0.1179  0.2845  0.0862  0.2293  0.1368
  11  4.6515E-05    0.216098    0.232142  0.0339  0.1922  0.0740  0.1530  0.0840  0.0462  0.1463  0.1169  0.2868  0.0840  0.2309  0.1351
  12  3.9179E-05    0.203573    0.229592  0.0328  0.1916  0.0735  0.1513  0.0834  0.0448  0.1473  0.1162  0.2884  0.0826  0.2321  0.1334
  13  2.6366E-05    0.193521    0.227728  0.0319  0.1912  0.0730  0.1501  0.0828  0.0439  0.1480  0.1157  0.2900  0.0815  0.2333  0.1315
  14  3.2999E-05    0.182120    0.226212  0.0312  0.1909  0.0726  0.1489  0.0824  0.0430  0.1488  0.1152  0.2914  0.0803  0.2345  0.1298
  15  3.5384E-05    0.171789    0.224562  0.0307  0.1905  0.0722  0.1481  0.0819  0.0422  0.1506  0.1148  0.2923  0.0795  0.2346  0.1281
  16  1.8748E-05    0.165085    0.223131  0.0303  0.1904  0.0719  0.1475  0.0816  0.0417  0.1524  0.1146  0.2930  0.0791  0.2339  0.1269
  17  1.1110E-05    0.160070    0.221306  0.0300  0.1903  0.0716  0.1469  0.0813  0.0413  0.1536  0.1143  0.2934  0.0787  0.2336  0.1264
  18  1.7066E-05    0.154716    0.219334  0.0297  0.1901  0.0713  0.1465  0.0810  0.0409  0.1545  0.1142  0.2939  0.0785  0.2332  0.1257
  19  6.4307E-06    0.151506    0.217664  0.0293  0.1899  0.0710  0.1460  0.0808  0.0407  0.1551  0.1143  0.2944  0.0782  0.2328  0.1252
  20  4.2111E-06    0.148769    0.216268  0.0290  0.1898  0.0708  0.1457  0.0807  0.0405  0.1554  0.1140  0.2950  0.0780  0.2327  0.1249
  21  5.8822E-06    0.145395    0.215720  0.0287  0.1896  0.0706  0.1454  0.0805  0.0404  0.1560  0.1139  0.2950  0.0778  0.2328  0.1246
  22  6.1677E-06    0.141661    0.214942  0.0284  0.1894  0.0704  0.1451  0.0803  0.0402  0.1570  0.1137  0.2950  0.0776  0.2322  0.1245
  23  4.0989E-06    0.138738    0.214207  0.0281  0.1893  0.0702  0.1449  0.0802  0.0401  0.1577  0.1136  0.2953  0.0774  0.2317  0.1244
  24  3.5181E-06    0.135943    0.213579  0.0278  0.1891  0.0700  0.1447  0.0801  0.0400  0.1581  0.1134  0.2952  0.0773  0.2315  0.1245
  25  2.4165E-06    0.134170    0.212745  0.0275  0.1890  0.0699  0.1445  0.0800  0.0399  0.1584  0.1132  0.2954  0.0772  0.2312  0.1246
  26  1.9352E-06    0.132815    0.211345  0.0272  0.1889  0.0697  0.1443  0.0799  0.0398  0.1587  0.1133  0.2954  0.0771  0.2309  0.1245
  27  2.6796E-06    0.130469    0.210738  0.0270  0.1888  0.0696  0.1442  0.0798  0.0397  0.1593  0.1131  0.2956  0.0770  0.2306  0.1244
  28  1.9687E-06    0.128773    0.210084  0.0267  0.1887  0.0695  0.1440  0.0797  0.0396  0.1596  0.1130  0.2957  0.0769  0.2305  0.1243
  29  1.6763E-06    0.127253    0.209435  0.0264  0.1886  0.0694  0.1439  0.0797  0.0396  0.1599  0.1129  0.2957  0.0768  0.2303  0.1244
  30  1.7033E-06    0.125828    0.208851  0.0262  0.1886  0.0693  0.1437  0.0796  0.0395  0.1603  0.1129  0.2957  0.0766  0.2301  0.1244
  31  1.9380E-06    0.124023    0.207959  0.0259  0.1885  0.0692  0.1436  0.0796  0.0394  0.1608  0.1128  0.2958  0.0765  0.2299  0.1242
  32  2.1063E-06    0.122081    0.207004  0.0257  0.1884  0.0691  0.1435  0.0795  0.0394  0.1611  0.1126  0.2961  0.0764  0.2297  0.1241
  33  1.2710E-06    0.120672    0.206426  0.0255  0.1883  0.0690  0.1433  0.0794  0.0393  0.1614  0.1125  0.2962  0.0764  0.2296  0.1240
  34  1.2019E-06    0.119254    0.205917  0.0253  0.1883  0.0689  0.1432  0.0794  0.0393  0.1616  0.1125  0.2962  0.0763  0.2295  0.1239
  35  8.1947E-07    0.118364    0.205235  0.0252  0.1882  0.0688  0.1431  0.0793  0.0392  0.1617  0.1124  0.2963  0.0762  0.2295  0.1238
  36  3.3137E-07    0.118246    0.204942  0.0250  0.1882  0.0688  0.1431  0.0793  0.0392  0.1619  0.1125  0.2963  0.0762  0.2294  0.1237
  37  2.1083E-07    0.118134    0.204770  0.0249  0.1882  0.0688  0.1431  0.0793  0.0392  0.1620  0.1124  0.2963  0.0762  0.2293  0.1238
  38  2.0972E-07    0.117989    0.204644  0.0248  0.1882  0.0687  0.1430  0.0793  0.0392  0.1620  0.1124  0.2963  0.0762  0.2293  0.1238
  39  5.3638E-07    0.117495    0.204494  0.0248  0.1882  0.0687  0.1430  0.0793  0.0391  0.1620  0.1124  0.2963  0.0762  0.2293  0.1237
  40  2.7989E-07    0.117101    0.204565  0.0247  0.1882  0.0687  0.1430  0.0793  0.0391  0.1620  0.1125  0.2963  0.0762  0.2293  0.1236
  41  2.5483E-07    0.117133    0.204154  0.0246  0.1882  0.0687  0.1430  0.0793  0.0391  0.1621  0.1125  0.2963  0.0762  0.2292  0.1236
  42  3.0791E-07    0.116913    0.203779  0.0245  0.1881  0.0686  0.1429  0.0792  0.0391  0.1622  0.1125  0.2963  0.0763  0.2292  0.1235
  43  3.3852E-07    0.116610    0.203493  0.0244  0.1881  0.0686  0.1429  0.0792  0.0391  0.1623  0.1124  0.2963  0.0762  0.2292  0.1236
  44  1.5894E-07    0.116565    0.203428  0.0244  0.1881  0.0686  0.1429  0.0792  0.0391  0.1622  0.1124  0.2964  0.0763  0.2292  0.1235
  45  1.3657E-07    0.116681    0.203195  0.0243  0.1881  0.0686  0.1429  0.0792  0.0391  0.1622  0.1124  0.2963  0.0763  0.2292  0.1235
  46  5.9984E-07    0.116272    0.203187  0.0243  0.1881  0.0686  0.1429  0.0792  0.0391  0.1622  0.1124  0.2963  0.0762  0.2294  0.1235
  47  2.3341E-07    0.116004    0.203202  0.0242  0.1881  0.0686  0.1428  0.0792  0.0390  0.1622  0.1126  0.2963  0.0762  0.2294  0.1234
  48  9.8312E-08    0.116228    0.202987  0.0242  0.1881  0.0686  0.1428  0.0791  0.0390  0.1622  0.1126  0.2963  0.0762  0.2294  0.1234
  49  2.2035E-07    0.116107    0.202766  0.0241  0.1881  0.0686  0.1428  0.0791  0.0390  0.1622  0.1125  0.2963  0.0761  0.2294  0.1234
  50  2.6693E-07    0.115955    0.202610  0.0241  0.1881  0.0686  0.1428  0.0791  0.0390  0.1622  0.1125  0.2963  0.0761  0.2295  0.1234
  51  1.0704E-07    0.116002    0.202549  0.0241  0.1881  0.0685  0.1428  0.0791  0.0390  0.1623  0.1125  0.2963  0.0761  0.2295  0.1234
