Iter   Tolerance Admix(mean)   Admix(SD)    Fst1    Fst2    Fst3    Fst4    Fst5    Fst6    Fst7   QPop1   QPop2   QPop3   QPop4   QPop5   QPop6   QPop7
   1  3.2150E-04    0.853710    0.005890  0.0004  0.0131  0.0012  0.0015 -0.0004  0.0003  0.0017  0.1427  0.1482  0.1419  0.1446  0.1362  0.1416  0.1448
   2  3.9569E-03    0.807263    0.081486  0.0005  0.0949  0.0327  0.0161  0.0025  0.0002  0.0050  0.1334  0.1559  0.1633  0.1499  0.1212  0.1333  0.1430
   3  6.1249E-03    0.686143    0.219437  0.0048  0.1863  0.0755  0.0713  0.0332  0.0034  0.0033  0.1193  0.1604  0.2011  0.1487  0.1252  0.1201  0.1251
   4  2.8338E-03    0.586928    0.294470  0.0129  0.2265  0.0933  0.1467  0.0652  0.0163  0.0005  0.1151  0.1521  0.2244  0.1391  0.1403  0.1181  0.1110
   5  1.9302E-03    0.517761    0.303912  0.0167  0.2350  0.0990  0.1986  0.0958  0.0404  0.0065  0.1134  0.1383  0.2411  0.1211  0.1546  0.1222  0.1092
   6  2.0109E-03    0.446296    0.289511  0.0091  0.2337  0.1008  0.2167  0.1129  0.0732  0.0139  0.1023  0.1315  0.2549  0.1084  0.1748  0.1261  0.1020
   7  1.6049E-03    0.372570    0.277730  0.0037  0.2250  0.0990  0.2105  0.1133  0.0848  0.0350  0.0918  0.1265  0.2645  0.0999  0.1903  0.1321  0.0948
   8  1.0420E-03    0.310367    0.275522  0.0312  0.2246  0.1000  0.2107  0.1139  0.0904  0.0746  0.0876  0.1224  0.2725  0.0946  0.2009  0.1358  0.0861
   9  2.8689E-04    0.270371    0.279336  0.0183  0.2055  0.0915  0.1809  0.1021  0.0721  0.0664  0.0856  0.1198  0.2793  0.0911  0.2088  0.1377  0.0778
  10  1.0716E-04    0.245045    0.279581  0.0292  0.2052  0.0909  0.1783  0.1010  0.0713  0.0832  0.0837  0.1181  0.2840  0.0886  0.2152  0.1386  0.0719
  11  5.5447E-05    0.227745    0.278946  0.0340  0.2048  0.0900  0.1761  0.0999  0.0704  0.0930  0.0820  0.1170  0.2875  0.0867  0.2200  0.1390  0.0678
  12  4.0992E-05    0.213332    0.278808  0.0361  0.2044  0.0891  0.1742  0.0991  0.0697  0.0984  0.0804  0.1161  0.2901  0.0853  0.2237  0.1398  0.0646
  13  2.0708E-05    0.205153    0.278066  0.0379  0.2041  0.0883  0.1727  0.0985  0.0690  0.1019  0.0793  0.1154  0.2918  0.0844  0.2262  0.1403  0.0626
  14  1.6064E-05    0.198955    0.277314  0.0394  0.2037  0.0877  0.1714  0.0979  0.0685  0.1040  0.0785  0.1150  0.2926  0.0838  0.2286  0.1401  0.0614
  15  1.0714E-05    0.194671    0.276475  0.0409  0.2035  0.0872  0.1704  0.0975  0.0681  0.1053  0.0784  0.1145  0.2934  0.0833  0.2299  0.1399  0.0605
  16  5.4804E-06    0.192487    0.275636  0.0423  0.2033  0.0868  0.1695  0.0973  0.0678  0.1061  0.0784  0.1143  0.2939  0.0830  0.2307  0.1398  0.0599
  17  1.9873E-06    0.191528    0.275268  0.0435  0.2031  0.0865  0.1688  0.0971  0.0676  0.1066  0.0783  0.1143  0.2941  0.0827  0.2314  0.1396  0.0597
  18  8.2308E-07    0.191009    0.274780  0.0447  0.2029  0.0863  0.1681  0.0970  0.0674  0.1069  0.0782  0.1142  0.2943  0.0825  0.2319  0.1394  0.0596
  19  8.0332E-07    0.190330    0.274267  0.0459  0.2028  0.0861  0.1675  0.0969  0.0673  0.1071  0.0781  0.1141  0.2945  0.0823  0.2322  0.1394  0.0594
  20  5.8717E-07    0.189554    0.273940  0.0469  0.2026  0.0859  0.1669  0.0968  0.0672  0.1071  0.0780  0.1140  0.2947  0.0821  0.2326  0.1392  0.0593
  21  3.4403E-07    0.188541    0.273837  0.0479  0.2025  0.0857  0.1663  0.0967  0.0670  0.1071  0.0781  0.1138  0.2949  0.0818  0.2329  0.1392  0.0593
  22  4.9190E-07    0.187802    0.273396  0.0487  0.2023  0.0855  0.1658  0.0966  0.0669  0.1070  0.0780  0.1137  0.2951  0.0816  0.2332  0.1391  0.0593
  23  5.5921E-07    0.186939    0.273193  0.0496  0.2022  0.0854  0.1652  0.0965  0.0668  0.1069  0.0781  0.1136  0.2954  0.0814  0.2334  0.1390  0.0592
  24  3.7565E-07    0.186432    0.272845  0.0504  0.2020  0.0852  0.1647  0.0964  0.0667  0.1068  0.0781  0.1135  0.2955  0.0812  0.2335  0.1390  0.0592
  25  5.6341E-07    0.185856    0.272322  0.0510  0.2019  0.0851  0.1642  0.0964  0.0666  0.1067  0.0781  0.1134  0.2956  0.0810  0.2337  0.1389  0.0593
  26  6.9514E-07    0.185473    0.271948  0.0517  0.2018  0.0850  0.1638  0.0963  0.0665  0.1066  0.0782  0.1133  0.2957  0.0809  0.2339  0.1388  0.0593
  27  3.3284E-07    0.185135    0.271785  0.0524  0.2016  0.0849  0.1634  0.0962  0.0664  0.1065  0.0783  0.1132  0.2956  0.0807  0.2340  0.1387  0.0594
  28  4.1278E-07    0.184715    0.271528  0.0530  0.2015  0.0848  0.1629  0.0961  0.0663  0.1064  0.0786  0.1130  0.2957  0.0806  0.2341  0.1387  0.0595
  29  5.0503E-07    0.184082    0.270992  0.0535  0.2014  0.0847  0.1624  0.0960  0.0662  0.1062  0.0786  0.1129  0.2958  0.0804  0.2342  0.1386  0.0595
  30  5.7917E-07    0.183972    0.270651  0.0541  0.2012  0.0847  0.1620  0.0959  0.0661  0.1061  0.0788  0.1128  0.2958  0.0803  0.2342  0.1385  0.0596
  31  6.2375E-07    0.183450    0.270401  0.0546  0.2011  0.0846  0.1616  0.0959  0.0660  0.1060  0.0789  0.1127  0.2960  0.0801  0.2343  0.1384  0.0597
  32  3.5075E-07    0.183194    0.269968  0.0552  0.2010  0.0845  0.1612  0.0958  0.0659  0.1060  0.0791  0.1126  0.2961  0.0800  0.2343  0.1382  0.0598
  33  5.6915E-07    0.182886    0.269597  0.0557  0.2009  0.0845  0.1607  0.0957  0.0658  0.1059  0.0792  0.1125  0.2961  0.0798  0.2343  0.1382  0.0599
  34  4.5714E-07    0.182778    0.269144  0.0561  0.2007  0.0844  0.1603  0.0957  0.0657  0.1058  0.0794  0.1124  0.2961  0.0797  0.2343  0.1381  0.0600
  35  5.6829E-07    0.182263    0.268493  0.0565  0.2006  0.0843  0.1599  0.0956  0.0656  0.1057  0.0795  0.1122  0.2962  0.0795  0.2345  0.1380  0.0601
  36  8.6666E-07    0.182074    0.268254  0.0570  0.2005  0.0842  0.1596  0.0955  0.0655  0.1056  0.0796  0.1122  0.2962  0.0794  0.2344  0.1380  0.0602
  37  3.0283E-07    0.181995    0.268001  0.0574  0.2004  0.0842  0.1593  0.0955  0.0654  0.1055  0.0798  0.1121  0.2961  0.0793  0.2344  0.1379  0.0603
  38  3.2681E-07    0.181908    0.267692  0.0579  0.2002  0.0842  0.1589  0.0954  0.0653  0.1053  0.0800  0.1119  0.2960  0.0792  0.2344  0.1379  0.0605
  39  3.3417E-07    0.181668    0.267363  0.0583  0.2001  0.0841  0.1586  0.0953  0.0652  0.1052  0.0802  0.1118  0.2960  0.0791  0.2343  0.1378  0.0606
  40  4.8156E-07    0.181469    0.267079  0.0587  0.2000  0.0841  0.1582  0.0953  0.0651  0.1051  0.0804  0.1117  0.2960  0.0790  0.2343  0.1378  0.0608
  41  8.1419E-07    0.181222    0.266474  0.0591  0.1999  0.0840  0.1579  0.0952  0.0650  0.1050  0.0806  0.1117  0.2961  0.0789  0.2342  0.1377  0.0609
  42  3.9480E-07    0.181031    0.266123  0.0595  0.1998  0.0840  0.1575  0.0951  0.0649  0.1049  0.0807  0.1116  0.2961  0.0787  0.2342  0.1376  0.0610
  43  3.1075E-07    0.180813    0.265819  0.0599  0.1997  0.0839  0.1572  0.0951  0.0648  0.1047  0.0809  0.1114  0.2961  0.0786  0.2341  0.1376  0.0612
  44  3.1745E-07    0.180833    0.265500  0.0603  0.1996  0.0839  0.1569  0.0950  0.0647  0.1046  0.0811  0.1113  0.2961  0.0785  0.2341  0.1375  0.0613
  45  2.9413E-07    0.180616    0.265109  0.0607  0.1995  0.0838  0.1566  0.0949  0.0645  0.1045  0.0813  0.1113  0.2961  0.0784  0.2340  0.1374  0.0615
  46  1.1804E-06    0.180622    0.264628  0.0611  0.1993  0.0838  0.1563  0.0949  0.0644  0.1044  0.0816  0.1111  0.2962  0.0783  0.2338  0.1374  0.0616
  47  3.1059E-07    0.180525    0.264186  0.0615  0.1992  0.0837  0.1560  0.0948  0.0643  0.1042  0.0818  0.1110  0.2961  0.0782  0.2338  0.1373  0.0618
  48  2.4355E-07    0.180390    0.263747  0.0618  0.1991  0.0837  0.1556  0.0947  0.0642  0.1041  0.0820  0.1109  0.2962  0.0781  0.2336  0.1372  0.0619
  49  1.6484E-07    0.180319    0.263411  0.0622  0.1990  0.0837  0.1553  0.0947  0.0641  0.1040  0.0822  0.1108  0.2961  0.0780  0.2335  0.1372  0.0621
  50  2.6580E-06    0.180423    0.263635  0.0622  0.1990  0.0836  0.1551  0.0946  0.0640  0.1045  0.0822  0.1110  0.2958  0.0780  0.2334  0.1371  0.0625
  51  9.6562E-07    0.180218    0.263179  0.0625  0.1989  0.0835  0.1548  0.0946  0.0639  0.1045  0.0823  0.1109  0.2958  0.0779  0.2334  0.1369  0.0627
  52  1.7473E-07    0.180145    0.262998  0.0629  0.1989  0.0835  0.1545  0.0945  0.0638  0.1045  0.0825  0.1109  0.2956  0.0778  0.2333  0.1369  0.0629
  53  1.1452E-07    0.180078    0.262718  0.0633  0.1988  0.0835  0.1543  0.0945  0.0636  0.1044  0.0827  0.1108  0.2955  0.0777  0.2333  0.1368  0.0631
  54  1.7243E-07    0.179864    0.262243  0.0637  0.1987  0.0835  0.1540  0.0944  0.0635  0.1043  0.0828  0.1107  0.2955  0.0777  0.2332  0.1368  0.0633
  55  1.8139E-07    0.179541    0.261927  0.0641  0.1986  0.0834  0.1537  0.0943  0.0634  0.1042  0.0830  0.1106  0.2954  0.0775  0.2332  0.1367  0.0635
  56  2.7619E-07    0.179270    0.261568  0.0645  0.1985  0.0834  0.1535  0.0942  0.0632  0.1041  0.0832  0.1105  0.2954  0.0774  0.2331  0.1366  0.0637
  57  1.4650E-07    0.179189    0.261155  0.0649  0.1984  0.0833  0.1532  0.0942  0.0631  0.1040  0.0834  0.1105  0.2954  0.0773  0.2330  0.1365  0.0639
  58  5.7311E-08    0.179046    0.260748  0.0653  0.1984  0.0833  0.1529  0.0941  0.0629  0.1039  0.0836  0.1104  0.2953  0.0772  0.2329  0.1364  0.0641
  59  1.1280E-07    0.178895    0.260373  0.0657  0.1983  0.0833  0.1527  0.0940  0.0627  0.1038  0.0838  0.1103  0.2953  0.0771  0.2328  0.1363  0.0643
  60  1.5600E-07    0.178620    0.259897  0.0661  0.1982  0.0832  0.1524  0.0940  0.0626  0.1037  0.0840  0.1102  0.2953  0.0770  0.2327  0.1362  0.0645
  61  6.1702E-08    0.178518    0.259540  0.0665  0.1981  0.0832  0.1522  0.0939  0.0624  0.1036  0.0843  0.1102  0.2952  0.0769  0.2326  0.1361  0.0647
