K Run Tem Iterate    Move%     Time        CurrentLogL           BestLogL     Fst1     Fst2     Fst3     Fst4     Fst5     Fis1     Fis2     Fis3     Fis4     Fis5
5   8   1       0   1.0000 01:33:15 -1.65810906559E+05 -1.65810906559E+05 -0.00821  0.00252 -0.00270  0.00060  0.00369 -0.16765 -0.19146 -0.15501 -0.15818 -0.17023
5   8   1     100   3.8462 01:33:15 -1.65762636204E+05 -1.65762636204E+05 -0.00821  0.00252 -0.00270  0.00060  0.00369 -0.16765 -0.19146 -0.15501 -0.15818 -0.17023
5   8   1     200  27.6699 01:33:15 -1.61954628642E+05 -1.61899034423E+05 -0.00821  0.00369  0.00252 -0.00270  0.00060 -0.16765 -0.17023 -0.19146 -0.15501 -0.15818
5   8   1     400  38.4236 01:33:15 -1.59077989609E+05 -1.59077989609E+05  0.00369  0.00252 -0.00821  0.00060 -0.00270 -0.17023 -0.19146 -0.16765 -0.15818 -0.15501
5   8   1     800  41.4392 01:33:15 -1.58200928026E+05 -1.58200928026E+05 -0.00821  0.00252 -0.00270  0.00369  0.00060 -0.16765 -0.19146 -0.15501 -0.17023 -0.15818
5   8   1    1600  44.7073 01:33:15 -1.60921682434E+05 -1.58077895619E+05 -0.00270  0.00252 -0.00821  0.00369  0.00060 -0.15501 -0.19146 -0.16765 -0.17023 -0.15818
5   8   1    3200  44.2296 01:33:15 -1.59041763014E+05 -1.57290505484E+05  0.00369 -0.00270  0.00252 -0.00821  0.00060 -0.17023 -0.15501 -0.19146 -0.16765 -0.15818
5   8   2    6400  39.0949 01:33:15 -1.57802681083E+05 -1.57290505484E+05 -0.00175 -0.00438 -0.00056  0.21416  0.33405 -0.22767 -0.16600 -0.11773 -0.58497 -0.89436
5   8   3   12800  35.1805 03:33:15 -1.58753595014E+05 -1.56688241086E+05  0.01785 -0.01397 -0.00578  0.20415  0.33421 -0.16026 -0.16326 -0.16831 -0.57231 -0.89436
5   8   3   15000  37.7020 04:33:15 -1.58347091595E+05 -1.56688241086E+05 -0.01397  0.01785  0.20415  0.33421 -0.00578 -0.16326 -0.16026 -0.57231 -0.89436 -0.16831
5   8   4   20000  34.7623 07:33:15 -1.58390164677E+05 -1.56559515836E+05 -0.00092 -0.00284  0.27674  0.33276  0.04194 -0.12396 -0.15770 -0.75111 -0.89436 -0.26033
5   8   4   25600  37.3146 07:33:15 -1.59507497844E+05 -1.56230947294E+05  0.02371  0.01349  0.03566  0.12606  0.28010 -0.19478 -0.13767 -0.26994 -0.38828 -0.75111
5   8   5   35000  31.5480 10:33:15 -1.57817909330E+05 -1.56097033378E+05  0.01133  0.00200  0.00815  0.27783  0.33376 -0.14114 -0.17729 -0.20521 -0.75111 -0.89436
5   8   5   40000  30.1224 13:33:15 -1.57997192289E+05 -1.56097033378E+05  0.02634 -0.00914  0.08482  0.27628  0.11389 -0.05695 -0.16036 -0.30835 -0.75111 -0.38951
5   8   6   51200  27.5918 14:33:15 -1.56708681687E+05 -1.56097033378E+05 -0.02588  0.03113  0.27897  0.33481  0.01456 -0.18932 -0.26048 -0.75111 -0.89436 -0.13540
5   8   7   60000  22.4305 18:33:15 -1.56153216978E+05 -1.55825784084E+05  0.00735  0.02139  0.00441  0.27533  0.33145 -0.14179 -0.10706 -0.23417 -0.75111 -0.89436
5   8   7   65000  22.0299 20:33:15 -1.56911983386E+05 -1.55825784084E+05  0.05859  0.00857  0.00396  0.27536  0.33148 -0.18331 -0.14792 -0.21182 -0.75111 -0.89436
5   8   8   80000  19.7438 22:33:15 -1.56269653651E+05 -1.55782019339E+05 -0.00904  0.03050  0.02909  0.27774  0.33368 -0.16166 -0.13993 -0.25462 -0.75111 -0.89436
5   8   8   85000  19.7274 25:33:15 -1.56401291544E+05 -1.55782019339E+05  0.02755 -0.00353  0.00717  0.27374  0.32999 -0.08586 -0.14291 -0.22763 -0.75111 -0.89436
5   8   9  102400  17.9215 26:33:15 -1.56756743524E+05 -1.55735007255E+05  0.00117  1.00000  0.00198  0.27058  0.32707 -0.13703  0.00000 -0.24712 -0.75111 -0.89436
5   8  10  103515  14.4000 26:33:15 -1.56036555691E+05 -1.55735007255E+05  0.00117  0.00198  1.00000  0.27058  0.32707 -0.13703 -0.24712  0.00000 -0.75111 -0.89436
5   8  10  110000  14.0835 27:33:15 -1.56967699879E+05 -1.55673659478E+05  0.01555  0.01510  0.02225  0.27747  0.33342 -0.08889 -0.16236 -0.26431 -0.75111 -0.89436
5   8  12  132662   2.4000 28:33:15 -1.55842213365E+05 -1.55621927351E+05  0.05053  0.02405  0.01642  0.27630  0.33235 -0.09264 -0.25804 -0.17138 -0.75111 -0.89436
5   8  13  141334   6.4000 28:33:15 -1.56092155163E+05 -1.55621927351E+05  0.01264  0.03520  0.03057  0.27659  0.33262 -0.17078 -0.08828 -0.26471 -0.75111 -0.89436
5   8  14  155000   4.6748 29:33:15 -1.56047501376E+05 -1.55589047389E+05 -0.00231  0.03218  0.03387  0.27687  0.33287 -0.14976 -0.14408 -0.27148 -0.75111 -0.89436
5   8  14  155447   7.4000 29:33:15 -1.55912062896E+05 -1.55589047389E+05 -0.00231  0.03387  0.03218  0.27687  0.33287 -0.14976 -0.27148 -0.14408 -0.75111 -0.89436
5   8  15  169667   6.5000 29:33:15 -1.56143201041E+05 -1.55589047389E+05  0.05200  0.03377  0.00993  0.27648  0.33251 -0.09870 -0.26836 -0.16509 -0.75111 -0.89436
5   8  16  178514   1.1000 30:33:15 -1.55757224670E+05 -1.55589047389E+05  0.05053  0.01642  0.02405  0.27630  0.33235 -0.09264 -0.17138 -0.25804 -0.75111 -0.89436
5   8  17  192801   2.1000 30:33:15 -1.55635621105E+05 -1.55589047389E+05  0.05047  0.03012  0.01181  0.27626  0.33231 -0.09264 -0.26471 -0.16978 -0.75111 -0.89436
5   8  18  201665   0.9000 31:33:15 -1.55621927351E+05 -1.55589047389E+05  0.05053  0.03355  0.01049  0.27630  0.33235 -0.09264 -0.26836 -0.17118 -0.75111 -0.89436
5   8  18  205000   1.5976 31:33:15 -1.55645393256E+05 -1.55589047389E+05  0.05415  0.02322  0.01330  0.27569  0.33178 -0.08143 -0.25804 -0.16783 -0.75111 -0.89436
5   8  19  215993   0.8000 31:33:15 -1.55621927351E+05 -1.55589047389E+05  0.05065  0.02671  0.01475  0.27639  0.33243 -0.09264 -0.26069 -0.17256 -0.75111 -0.89436
5   8  20  225678   1.7000 32:33:15 -1.55690283770E+05 -1.55589047389E+05  0.02985  0.03157  0.01783  0.27734  0.33331 -0.09555 -0.26471 -0.17138 -0.75111 -0.89436
5   8  21  240003   0.7000 32:33:15 -1.55621927351E+05 -1.55589047389E+05  0.05047  0.03012  0.01181  0.27626  0.33231 -0.09264 -0.26471 -0.16978 -0.75111 -0.89436
5   8  21  250000   0.9422 33:33:15 -1.55635621105E+05 -1.55589047389E+05  0.05047  0.03012  0.01181  0.27626  0.33231 -0.09264 -0.26471 -0.16978 -0.75111 -0.89436
5   8  22  252132   0.2000 33:33:15 -1.55621927351E+05 -1.55589047389E+05  0.05047  0.03012  0.01181  0.27626  0.33231 -0.09264 -0.26471 -0.16978 -0.75111 -0.89436
5   8  23  266374   1.5000 33:33:15 -1.55645393256E+05 -1.55589047389E+05  0.05053  0.02405  0.01642  0.27630  0.33235 -0.09264 -0.25804 -0.17138 -0.75111 -0.89436
5   8  24  280606   0.4000 34:33:15 -1.55621927351E+05 -1.55589047389E+05  0.05053  0.02405  0.01642  0.27630  0.33235 -0.09264 -0.25804 -0.17138 -0.75111 -0.89436
5   8  25  300000   0.7721 35:33:15 -1.55621927351E+05 -1.55589047389E+05  0.05053  0.03355  0.01049  0.27630  0.33235 -0.09264 -0.26836 -0.17118 -0.75111 -0.89436
5   8  26  303648   0.8000 35:33:15 -1.55635621105E+05 -1.55589047389E+05  0.05047  0.03012  0.01181  0.27626  0.33231 -0.09264 -0.26471 -0.16978 -0.75111 -0.89436
5   8  27  317878   0.7000 36:33:15 -1.55635621105E+05 -1.55589047389E+05  0.05053  0.02405  0.01642  0.27630  0.33235 -0.09264 -0.25804 -0.17138 -0.75111 -0.89436
5   8 200  325753   0.0000 36:33:15 -1.55589047389E+05 -1.55589047389E+05  0.05053  0.02405  0.01642  0.27630  0.33235 -0.09264 -0.25804 -0.17138 -0.75111 -0.89436
