Iter   Tolerance Admix(mean)   Admix(SD)    Fst1    Fst2    Fst3    Fst4    Fst5    Fst6    Fst7    Fst8    Fst9   QPop1   QPop2   QPop3   QPop4   QPop5   QPop6   QPop7   QPop8   QPop9
   1  2.2525E-04    0.886126    0.005849  0.0012  0.0202 -0.0008  0.0005  0.0001 -0.0004  0.0009  0.0004 -0.0011  0.1120  0.1182  0.1093  0.1110  0.1068  0.1097  0.1116  0.1113  0.1101
   2  3.0104E-03    0.842698    0.109311  0.0028  0.1246  0.0037  0.0179  0.0086  0.0006  0.0015  0.0007  0.0023  0.1091  0.1505  0.1035  0.1120  0.1019  0.1049  0.1076  0.1061  0.1044
   3  3.3792E-03    0.757192    0.235027  0.0036  0.2101  0.0357  0.0950  0.0520  0.0128  0.0026  0.0076  0.0218  0.1003  0.1626  0.0958  0.1156  0.1201  0.1046  0.1001  0.1028  0.0982
   4  2.1972E-03    0.681270    0.291242  0.0019  0.2457  0.0754  0.1813  0.0939  0.0374  0.0062  0.0152  0.0424  0.0913  0.1570  0.0995  0.1149  0.1419  0.1080  0.0936  0.0998  0.0939
   5  2.2894E-03    0.611956    0.291622 -0.0022  0.2542  0.1069  0.2286  0.1248  0.0805  0.0202  0.0177  0.0678  0.0837  0.1431  0.1148  0.1050  0.1571  0.1110  0.0885  0.0922  0.1045
   6  1.9791E-03    0.529576    0.285249  0.0024  0.2553  0.1276  0.2434  0.1356  0.1111  0.0575  0.0122  0.0805  0.0764  0.1341  0.1227  0.0967  0.1748  0.1177  0.0846  0.0809  0.1122
   7  2.1009E-03    0.434591    0.283372  0.0329  0.2467  0.1366  0.2348  0.1312  0.1093  0.0910  0.0038  0.0892  0.0765  0.1275  0.1255  0.0906  0.1882  0.1211  0.0786  0.0704  0.1216
   8  1.2043E-03    0.353325    0.283317  0.0467  0.2364  0.1342  0.2198  0.1236  0.0981  0.1031  0.0269  0.0920  0.0736  0.1225  0.1270  0.0862  0.1966  0.1222  0.0678  0.0732  0.1309
   9  5.0721E-04    0.299467    0.276852  0.0155  0.2176  0.1164  0.1889  0.1112  0.0759  0.0601  0.0152  0.0790  0.0683  0.1194  0.1286  0.0834  0.2025  0.1230  0.0582  0.0802  0.1366
  10  1.9259E-04    0.261990    0.269447  0.0136  0.2174  0.1151  0.1856  0.1104  0.0749  0.0510  0.0210  0.0791  0.0644  0.1174  0.1299  0.0812  0.2066  0.1234  0.0518  0.0845  0.1409
  11  9.2134E-05    0.235170    0.263173  0.0064  0.2170  0.1132  0.1835  0.1098  0.0744  0.0409  0.0209  0.0772  0.0617  0.1163  0.1312  0.0797  0.2096  0.1234  0.0478  0.0871  0.1432
  12  6.8818E-05    0.210954    0.260543  0.0472  0.2356  0.1294  0.2122  0.1205  0.0948  0.0977  0.0489  0.0919  0.0598  0.1151  0.1325  0.0785  0.2125  0.1243  0.0448  0.0885  0.1440
  13  4.7151E-05    0.193837    0.258622  0.0433  0.2354  0.1277  0.2115  0.1202  0.0947  0.0942  0.0482  0.0901  0.0586  0.1143  0.1343  0.0777  0.2143  0.1241  0.0428  0.0899  0.1439
  14  3.7734E-05    0.180963    0.256030  0.0409  0.2351  0.1262  0.2111  0.1200  0.0946  0.0920  0.0479  0.0887  0.0577  0.1139  0.1355  0.0773  0.2158  0.1234  0.0414  0.0911  0.1439
  15  1.9312E-05    0.171535    0.252604  0.0393  0.2351  0.1251  0.2107  0.1199  0.0945  0.0902  0.0477  0.0876  0.0569  0.1134  0.1363  0.0769  0.2164  0.1229  0.0404  0.0923  0.1445
  16  1.7623E-05    0.164265    0.250700  0.0384  0.2350  0.1242  0.2105  0.1198  0.0944  0.0895  0.0475  0.0866  0.0569  0.1131  0.1370  0.0766  0.2165  0.1228  0.0398  0.0923  0.1449
  17  8.6719E-06    0.159631    0.248903  0.0377  0.2350  0.1235  0.2103  0.1197  0.0944  0.0891  0.0474  0.0857  0.0567  0.1129  0.1380  0.0765  0.2169  0.1226  0.0395  0.0922  0.1446
  18  7.6466E-06    0.156255    0.246861  0.0372  0.2349  0.1230  0.2102  0.1197  0.0944  0.0887  0.0474  0.0848  0.0563  0.1129  0.1394  0.0763  0.2171  0.1225  0.0393  0.0923  0.1439
  19  5.0819E-06    0.153668    0.245643  0.0368  0.2349  0.1227  0.2100  0.1197  0.0943  0.0884  0.0475  0.0840  0.0561  0.1128  0.1405  0.0762  0.2175  0.1222  0.0392  0.0925  0.1430
  20  4.1136E-06    0.151478    0.244562  0.0365  0.2348  0.1226  0.2099  0.1197  0.0943  0.0882  0.0473  0.0833  0.0559  0.1128  0.1413  0.0761  0.2176  0.1220  0.0390  0.0928  0.1425
  21  2.4400E-06    0.149881    0.243331  0.0362  0.2348  0.1225  0.2098  0.1197  0.0942  0.0881  0.0471  0.0828  0.0557  0.1127  0.1417  0.0760  0.2178  0.1219  0.0389  0.0928  0.1425
  22  2.1451E-06    0.148443    0.242444  0.0360  0.2348  0.1224  0.2097  0.1197  0.0942  0.0881  0.0469  0.0824  0.0557  0.1127  0.1420  0.0759  0.2180  0.1216  0.0389  0.0930  0.1423
  23  1.6085E-06    0.147455    0.241494  0.0359  0.2347  0.1223  0.2095  0.1196  0.0941  0.0880  0.0467  0.0820  0.0556  0.1127  0.1421  0.0759  0.2180  0.1214  0.0388  0.0931  0.1425
  24  1.7471E-06    0.146146    0.240660  0.0357  0.2347  0.1222  0.2095  0.1196  0.0941  0.0879  0.0465  0.0816  0.0554  0.1126  0.1421  0.0758  0.2181  0.1214  0.0388  0.0932  0.1425
  25  1.7338E-06    0.145269    0.239406  0.0356  0.2347  0.1221  0.2094  0.1196  0.0941  0.0879  0.0462  0.0814  0.0553  0.1126  0.1422  0.0758  0.2182  0.1212  0.0388  0.0933  0.1427
  26  1.8096E-06    0.144196    0.238186  0.0354  0.2346  0.1220  0.2092  0.1196  0.0940  0.0878  0.0459  0.0812  0.0552  0.1125  0.1423  0.0757  0.2182  0.1211  0.0387  0.0935  0.1427
  27  1.5734E-06    0.143206    0.236770  0.0353  0.2346  0.1219  0.2090  0.1196  0.0939  0.0877  0.0457  0.0810  0.0551  0.1124  0.1423  0.0756  0.2183  0.1209  0.0387  0.0937  0.1429
  28  1.0961E-06    0.142791    0.235596  0.0352  0.2346  0.1218  0.2088  0.1196  0.0939  0.0876  0.0454  0.0809  0.0550  0.1125  0.1424  0.0756  0.2184  0.1207  0.0387  0.0937  0.1430
  29  1.6566E-06    0.141409    0.234639  0.0351  0.2345  0.1217  0.2086  0.1196  0.0938  0.0875  0.0452  0.0808  0.0550  0.1123  0.1426  0.0755  0.2184  0.1206  0.0387  0.0938  0.1430
  30  1.1080E-06    0.141093    0.233703  0.0350  0.2345  0.1216  0.2084  0.1196  0.0938  0.0874  0.0450  0.0807  0.0550  0.1123  0.1428  0.0755  0.2186  0.1204  0.0386  0.0939  0.1429
  31  1.1035E-06    0.140336    0.233218  0.0349  0.2345  0.1216  0.2084  0.1196  0.0938  0.0874  0.0448  0.0807  0.0549  0.1122  0.1429  0.0755  0.2188  0.1203  0.0386  0.0939  0.1428
  32  1.3527E-06    0.139822    0.232216  0.0348  0.2344  0.1215  0.2082  0.1196  0.0937  0.0873  0.0446  0.0807  0.0549  0.1123  0.1429  0.0754  0.2188  0.1203  0.0386  0.0940  0.1429
  33  1.1282E-06    0.139148    0.231650  0.0347  0.2344  0.1214  0.2080  0.1196  0.0937  0.0872  0.0444  0.0807  0.0549  0.1123  0.1430  0.0753  0.2190  0.1201  0.0386  0.0940  0.1428
  34  6.9451E-07    0.138490    0.230945  0.0347  0.2344  0.1214  0.2078  0.1196  0.0937  0.0872  0.0442  0.0807  0.0548  0.1122  0.1431  0.0752  0.2190  0.1201  0.0386  0.0940  0.1429
  35  9.4522E-07    0.137838    0.230120  0.0346  0.2343  0.1213  0.2077  0.1196  0.0936  0.0871  0.0440  0.0807  0.0548  0.1122  0.1433  0.0752  0.2191  0.1199  0.0385  0.0941  0.1430
  36  6.5797E-07    0.137490    0.229574  0.0345  0.2343  0.1212  0.2077  0.1196  0.0936  0.0870  0.0438  0.0807  0.0548  0.1121  0.1433  0.0752  0.2192  0.1198  0.0385  0.0941  0.1430
  37  1.1903E-06    0.136901    0.228992  0.0344  0.2343  0.1212  0.2077  0.1196  0.0935  0.0869  0.0436  0.0807  0.0547  0.1121  0.1435  0.0752  0.2191  0.1198  0.0385  0.0941  0.1429
  38  1.7800E-06    0.135975    0.228472  0.0343  0.2342  0.1211  0.2077  0.1196  0.0935  0.0869  0.0433  0.0808  0.0547  0.1121  0.1436  0.0752  0.2192  0.1197  0.0385  0.0941  0.1429
  39  5.6274E-07    0.135948    0.228136  0.0343  0.2342  0.1211  0.2077  0.1196  0.0935  0.0868  0.0431  0.0808  0.0547  0.1121  0.1437  0.0752  0.2191  0.1197  0.0385  0.0941  0.1428
  40  1.0356E-06    0.135311    0.227675  0.0342  0.2341  0.1210  0.2077  0.1196  0.0935  0.0867  0.0429  0.0809  0.0547  0.1121  0.1438  0.0752  0.2192  0.1195  0.0385  0.0942  0.1428
  41  7.1713E-07    0.135372    0.227585  0.0341  0.2341  0.1210  0.2078  0.1196  0.0935  0.0866  0.0427  0.0809  0.0547  0.1121  0.1440  0.0753  0.2191  0.1195  0.0386  0.0943  0.1426
  42  1.0013E-06    0.134857    0.226740  0.0340  0.2340  0.1210  0.2077  0.1196  0.0934  0.0865  0.0425  0.0809  0.0547  0.1120  0.1440  0.0752  0.2191  0.1194  0.0385  0.0943  0.1428
  43  9.4607E-07    0.134091    0.226165  0.0339  0.2340  0.1211  0.2076  0.1196  0.0934  0.0863  0.0423  0.0809  0.0546  0.1119  0.1442  0.0752  0.2193  0.1193  0.0385  0.0944  0.1427
  44  1.9675E-06    0.134032    0.226256  0.0338  0.2339  0.1211  0.2078  0.1196  0.0934  0.0863  0.0421  0.0810  0.0546  0.1118  0.1442  0.0753  0.2192  0.1192  0.0385  0.0943  0.1428
  45  9.8587E-07    0.133961    0.226122  0.0337  0.2339  0.1211  0.2080  0.1196  0.0934  0.0862  0.0419  0.0810  0.0545  0.1118  0.1443  0.0754  0.2191  0.1192  0.0386  0.0943  0.1427
  46  3.6151E-07    0.133850    0.225780  0.0336  0.2338  0.1211  0.2080  0.1197  0.0934  0.0860  0.0418  0.0811  0.0545  0.1118  0.1445  0.0754  0.2190  0.1191  0.0385  0.0944  0.1427
  47  3.5222E-07    0.133800    0.225561  0.0335  0.2338  0.1211  0.2081  0.1197  0.0934  0.0859  0.0416  0.0811  0.0545  0.1117  0.1447  0.0754  0.2190  0.1191  0.0386  0.0945  0.1425
  48  6.9584E-07    0.133453    0.224798  0.0334  0.2338  0.1211  0.2079  0.1197  0.0933  0.0856  0.0414  0.0812  0.0545  0.1116  0.1448  0.0754  0.2191  0.1190  0.0385  0.0945  0.1426
  49  7.3915E-07    0.133095    0.224415  0.0333  0.2337  0.1211  0.2079  0.1197  0.0933  0.0855  0.0413  0.0812  0.0544  0.1116  0.1450  0.0755  0.2190  0.1190  0.0385  0.0945  0.1426
  50  3.6878E-07    0.132955    0.224202  0.0332  0.2337  0.1211  0.2081  0.1197  0.0933  0.0853  0.0412  0.0813  0.0544  0.1116  0.1451  0.0755  0.2189  0.1190  0.0385  0.0946  0.1425
  51  5.6961E-07    0.132796    0.223908  0.0331  0.2336  0.1212  0.2081  0.1197  0.0933  0.0851  0.0411  0.0813  0.0544  0.1115  0.1452  0.0755  0.2189  0.1189  0.0385  0.0946  0.1425
  52  6.4134E-07    0.132633    0.223517  0.0330  0.2336  0.1212  0.2081  0.1198  0.0933  0.0849  0.0410  0.0814  0.0544  0.1114  0.1453  0.0755  0.2189  0.1189  0.0385  0.0946  0.1425
  53  1.7314E-07    0.132481    0.223533  0.0328  0.2336  0.1213  0.2082  0.1198  0.0933  0.0846  0.0409  0.0814  0.0544  0.1113  0.1454  0.0756  0.2188  0.1189  0.0385  0.0947  0.1425
  54  1.9073E-07    0.132220    0.223195  0.0327  0.2335  0.1214  0.2082  0.1198  0.0933  0.0844  0.0408  0.0815  0.0543  0.1113  0.1455  0.0756  0.2187  0.1188  0.0385  0.0947  0.1426
  55  1.2281E-07    0.132309    0.223062  0.0325  0.2335  0.1215  0.2082  0.1198  0.0933  0.0841  0.0407  0.0816  0.0543  0.1112  0.1457  0.0755  0.2186  0.1188  0.0385  0.0947  0.1426
  56  1.6552E-07    0.132124    0.222608  0.0324  0.2334  0.1215  0.2081  0.1199  0.0933  0.0838  0.0407  0.0816  0.0543  0.1112  0.1458  0.0755  0.2186  0.1187  0.0385  0.0948  0.1427
  57  5.7561E-07    0.131834    0.222549  0.0322  0.2334  0.1216  0.2082  0.1199  0.0933  0.0835  0.0407  0.0817  0.0542  0.1111  0.1459  0.0756  0.2186  0.1187  0.0385  0.0947  0.1427
  58  2.3091E-07    0.131547    0.222069  0.0320  0.2333  0.1217  0.2081  0.1199  0.0933  0.0832  0.0406  0.0818  0.0542  0.1111  0.1460  0.0755  0.2186  0.1186  0.0384  0.0947  0.1429
  59  4.6656E-07    0.131535    0.221926  0.0319  0.2333  0.1218  0.2081  0.1199  0.0933  0.0829  0.0406  0.0818  0.0541  0.1110  0.1461  0.0755  0.2186  0.1186  0.0384  0.0947  0.1429
  60  1.3525E-07    0.131495    0.221762  0.0317  0.2333  0.1219  0.2081  0.1200  0.0933  0.0825  0.0405  0.0819  0.0541  0.1109  0.1462  0.0755  0.2185  0.1186  0.0384  0.0947  0.1430
  61  6.2162E-07    0.131091    0.221494  0.0315  0.2332  0.1220  0.2081  0.1200  0.0932  0.0821  0.0405  0.0820  0.0541  0.1109  0.1463  0.0756  0.2185  0.1185  0.0384  0.0947  0.1431
  62  1.2551E-07    0.130995    0.221169  0.0313  0.2332  0.1221  0.2081  0.1200  0.0932  0.0817  0.0405  0.0820  0.0540  0.1108  0.1464  0.0755  0.2184  0.1185  0.0383  0.0947  0.1432
