Iter   Tolerance Admix(mean)   Admix(SD)    Fst1    Fst2    Fst3    Fst4   QPop1   QPop2   QPop3   QPop4
   1  5.2376E-04    0.747334    0.004502 -0.0009  0.0055 -0.0002  0.0017  0.2373  0.2582  0.2482  0.2563
   2  6.7113E-03    0.704685    0.103123  0.0002  0.0402  0.0071  0.0076  0.2114  0.2863  0.2433  0.2589
   3  1.1417E-02    0.600349    0.187047  0.0002  0.0852  0.0160  0.0035  0.2054  0.2535  0.2754  0.2656
   4  8.6965E-03    0.494904    0.209096  0.0344  0.1453  0.0374  0.0277  0.2763  0.2129  0.2668  0.2440
   5  5.6558E-03    0.397861    0.216561  0.0488  0.1780  0.0496  0.0658  0.3451  0.1772  0.2662  0.2115
   6  3.3671E-03    0.313817    0.210724  0.0537  0.1850  0.0572  0.1076  0.4050  0.1511  0.2768  0.1671
   7  1.4615E-03    0.255276    0.195105  0.0527  0.1848  0.0610  0.1377  0.4444  0.1372  0.2859  0.1325
   8  5.7860E-04    0.213763    0.185508  0.0496  0.1835  0.0617  0.1475  0.4678  0.1304  0.2905  0.1113
   9  2.5271E-04    0.182087    0.183073  0.0471  0.1824  0.0612  0.1456  0.4825  0.1261  0.2932  0.0981
  10  1.1057E-04    0.161837    0.181694  0.0457  0.1813  0.0605  0.1420  0.4917  0.1235  0.2940  0.0909
  11  5.9696E-05    0.147678    0.180883  0.0448  0.1805  0.0601  0.1389  0.4979  0.1214  0.2943  0.0864
  12  2.3407E-05    0.139042    0.179809  0.0443  0.1800  0.0597  0.1372  0.5018  0.1203  0.2938  0.0840
  13  7.6056E-06    0.135391    0.178737  0.0440  0.1797  0.0594  0.1362  0.5034  0.1200  0.2935  0.0830
  14  4.0486E-06    0.133363    0.178159  0.0437  0.1795  0.0591  0.1358  0.5044  0.1199  0.2930  0.0827
  15  7.6716E-07    0.132459    0.177671  0.0436  0.1794  0.0589  0.1356  0.5049  0.1198  0.2928  0.0825
  16  5.7885E-07    0.131774    0.177325  0.0435  0.1793  0.0588  0.1354  0.5051  0.1198  0.2928  0.0823
  17  1.6006E-06    0.131355    0.177152  0.0436  0.1789  0.0590  0.1351  0.5053  0.1196  0.2930  0.0821
  18  2.5101E-07    0.130951    0.177043  0.0436  0.1789  0.0589  0.1350  0.5055  0.1195  0.2930  0.0820
  19  8.1172E-08    0.130748    0.176918  0.0435  0.1788  0.0589  0.1349  0.5056  0.1195  0.2930  0.0819
  20  2.7435E-07    0.130420    0.176843  0.0435  0.1788  0.0588  0.1348  0.5058  0.1195  0.2929  0.0819
  21  6.9117E-08    0.130230    0.176764  0.0434  0.1787  0.0588  0.1347  0.5059  0.1195  0.2928  0.0818
  22  6.1909E-08    0.130039    0.176718  0.0434  0.1787  0.0588  0.1346  0.5059  0.1195  0.2928  0.0818
  23  4.7285E-08    0.129923    0.176643  0.0434  0.1786  0.0588  0.1346  0.5060  0.1195  0.2928  0.0817
  24  1.1306E-07    0.129745    0.176615  0.0434  0.1786  0.0587  0.1345  0.5061  0.1195  0.2927  0.0817
  25  5.1490E-08    0.129605    0.176585  0.0433  0.1786  0.0587  0.1344  0.5062  0.1195  0.2927  0.0817
  26  4.3847E-08    0.129506    0.176539  0.0433  0.1785  0.0587  0.1344  0.5062  0.1195  0.2927  0.0816
  27  2.3787E-07    0.129262    0.176521  0.0433  0.1785  0.0587  0.1343  0.5063  0.1194  0.2927  0.0816
  28  6.6903E-08    0.129134    0.176483  0.0433  0.1785  0.0587  0.1343  0.5064  0.1194  0.2926  0.0815
  29  6.9311E-08    0.129104    0.176432  0.0433  0.1785  0.0587  0.1342  0.5064  0.1195  0.2926  0.0815
  30  5.1205E-08    0.129060    0.176391  0.0433  0.1784  0.0587  0.1342  0.5064  0.1194  0.2926  0.0815
  31  8.7843E-07    0.128339    0.176548  0.0433  0.1784  0.0587  0.1341  0.5068  0.1194  0.2925  0.0814
  32  1.9562E-07    0.128253    0.176533  0.0433  0.1784  0.0587  0.1341  0.5068  0.1194  0.2924  0.0814
  33  7.3904E-08    0.128071    0.176542  0.0432  0.1784  0.0587  0.1340  0.5069  0.1193  0.2924  0.0814
  34  4.1134E-08    0.127994    0.176507  0.0432  0.1784  0.0587  0.1340  0.5070  0.1193  0.2923  0.0813
  35  4.2861E-08    0.127903    0.176489  0.0432  0.1784  0.0587  0.1339  0.5070  0.1193  0.2923  0.0813
  36  3.3128E-08    0.127867    0.176451  0.0432  0.1783  0.0586  0.1339  0.5070  0.1193  0.2923  0.0813
  37  1.9536E-07    0.127718    0.176313  0.0432  0.1783  0.0586  0.1339  0.5071  0.1193  0.2923  0.0813
  38  7.3008E-08    0.127614    0.176300  0.0432  0.1783  0.0586  0.1338  0.5072  0.1193  0.2923  0.0812
  39  1.5736E-07    0.127613    0.176255  0.0432  0.1783  0.0586  0.1338  0.5072  0.1193  0.2923  0.0812
  40  7.1240E-08    0.127529    0.176235  0.0432  0.1783  0.0586  0.1338  0.5072  0.1192  0.2923  0.0812
  41  5.3575E-08    0.127472    0.176209  0.0432  0.1783  0.0586  0.1337  0.5073  0.1192  0.2923  0.0812
  42  3.6286E-07    0.127553    0.176136  0.0432  0.1783  0.0586  0.1337  0.5072  0.1192  0.2923  0.0812
  43  2.3723E-07    0.127299    0.176131  0.0432  0.1783  0.0586  0.1337  0.5074  0.1192  0.2922  0.0812
  44  4.7371E-08    0.127220    0.176108  0.0432  0.1783  0.0586  0.1337  0.5074  0.1192  0.2922  0.0811
  45  1.4305E-07    0.127200    0.176028  0.0432  0.1782  0.0586  0.1337  0.5074  0.1192  0.2922  0.0811
  46  1.1298E-07    0.127126    0.176034  0.0432  0.1782  0.0586  0.1336  0.5075  0.1192  0.2922  0.0811
  47  1.1285E-07    0.127029    0.175942  0.0432  0.1782  0.0586  0.1336  0.5076  0.1192  0.2922  0.0811
  48  3.7717E-08    0.127050    0.175893  0.0432  0.1782  0.0586  0.1336  0.5076  0.1192  0.2922  0.0811
  49  2.9722E-08    0.127033    0.175865  0.0431  0.1782  0.0586  0.1336  0.5076  0.1192  0.2922  0.0811
