K Run Tem Iterate    Move%     Time        CurrentLogL           BestLogL     Fst1     Fst2     Fst3     Fst4     Fst5     Fst6     Fis1     Fis2     Fis3     Fis4     Fis5     Fis6
6   7   1       0   1.0000 49:38:15 -1.67301213295E+05 -1.67301213295E+05 -0.00607  0.00706  0.01116 -0.00604 -0.00891  0.00013 -0.14072 -0.15661 -0.13573 -0.10686 -0.22614 -0.24184
6   7   1     100   1.9802 49:38:15 -1.67087426103E+05 -1.67087426103E+05 -0.00607  0.00706  0.01116 -0.00604 -0.00891  0.00013 -0.14072 -0.15661 -0.13573 -0.10686 -0.22614 -0.24184
6   7   1     200  29.0640 49:38:15 -1.63147296843E+05 -1.63085555154E+05 -0.00604  0.00706 -0.00607  0.01116 -0.00891  0.00013 -0.10686 -0.15661 -0.14072 -0.13573 -0.22614 -0.24184
6   7   1     400  29.7767 49:38:15 -1.59435527703E+05 -1.59435527703E+05  0.00706  0.01116 -0.00891 -0.00607 -0.00604  0.00013 -0.15661 -0.13573 -0.22614 -0.14072 -0.10686 -0.24184
6   7   1     800  35.4919 49:38:15 -1.59400003531E+05 -1.58554965220E+05  0.00706  0.01116 -0.00891 -0.00604  0.00013 -0.00607 -0.15661 -0.13573 -0.22614 -0.10686 -0.24184 -0.14072
6   7   1    1600  38.3656 49:38:15 -1.60195142396E+05 -1.58343517348E+05 -0.00891  0.00706 -0.00607 -0.00604  0.00013  0.01116 -0.22614 -0.15661 -0.14072 -0.10686 -0.24184 -0.13573
6   7   2    3200  46.6667 49:38:15 -1.60608181344E+05 -1.58343517348E+05  0.01116 -0.00607  0.00706 -0.00604 -0.00891  0.00013 -0.13573 -0.14072 -0.15661 -0.10686 -0.22614 -0.24184
6   7   3    6400  44.0000 49:38:15 -1.60783187572E+05 -1.58343517348E+05  0.00802 -0.01109  1.00000  0.27476  0.33093  0.09877 -0.13557 -0.17243  0.00000 -0.75111 -0.89436 -0.32664
6   7   5   12800  35.9617 50:38:15 -1.61882459399E+05 -1.58343517348E+05  1.00000 -0.01180 -0.02153  0.32380  1.00000  1.00000  0.00000 -0.19825 -0.16656 -0.89436  0.00000  0.00000
6   7   5   15000  34.5058 51:38:15 -1.62788999697E+05 -1.58343517348E+05 -0.01180 -0.02153  1.00000  0.32380  1.00000  1.00000 -0.19825 -0.16656  0.00000 -0.89436  0.00000  0.00000
6   7   5   25000  33.5303 56:38:15 -1.62489508854E+05 -1.58343517348E+05  0.18331 -0.02888  0.31811  1.00000  1.00000  0.34030 -0.56056 -0.15553 -0.89436  0.00000  0.00000 -0.81056
6   7   7   50000  13.1007 01:39:15 -1.57554517504E+05 -1.57467887763E+05 -0.00466 -0.00232  0.02654  0.27355  0.32981  0.35162 -0.14738 -0.05760 -0.25284 -0.75111 -0.89436 -0.81056
6   7   7   65000  15.9181 03:39:15 -1.58555871305E+05 -1.56977125375E+05 -0.01357  0.04326  0.27870  0.33456  0.01949  0.35621 -0.15357 -0.28150 -0.75111 -0.89436 -0.14131 -0.81056
6   7   8   70000  20.0000 07:39:15 -1.58507777741E+05 -1.56977125375E+05  0.00240  1.00000  0.00288  0.27187  0.32826  0.35011 -0.13409  0.00000 -0.24530 -0.75111 -0.89436 -0.81056
6   7   8   80000  13.9151 09:39:15 -1.57903426858E+05 -1.56680663238E+05 -0.00227  1.00000  0.00128  0.27170  0.32811  0.34997 -0.22521  0.00000 -0.13590 -0.75111 -0.89436 -0.81056
6   7   8   90000  13.4722 13:39:15 -1.57835566989E+05 -1.56680663238E+05  0.00635  0.04221  0.27615  0.33221  0.35394 -0.00221 -0.09289 -0.28490 -0.75111 -0.89436 -0.81056 -0.14905
6   7   9  100000  13.9808 15:39:15 -1.57770596642E+05 -1.56680663238E+05  0.05235  0.00800  0.05246  0.01444  0.27361  0.32987 -0.10660 -0.15320 -0.03004 -0.25678 -0.75111 -0.89436
6   7  10  107178   7.1000 15:39:15 -1.57379311491E+05 -1.56680663238E+05  0.21406  0.01562  0.03396  0.01278  0.27912  0.33495 -0.65933 -0.12806 -0.26471 -0.13306 -0.75111 -0.89436
6   7  11  127671  11.0000 16:39:15 -1.57132256820E+05 -1.56455938750E+05  0.01556  0.01671  0.05636  0.27596  0.33203  0.35376 -0.15315 -0.25766 -0.08201 -0.75111 -0.89436 -0.81056
6   7  11  145000   7.4431 17:39:15 -1.56996398012E+05 -1.56455938750E+05  0.05617  0.04213  0.02171  0.28060  0.33631  0.03990 -0.09264 -0.27080 -0.16999 -0.75111 -0.89436 -0.24506
6   7  12  147674   5.7000 17:39:15 -1.56806956340E+05 -1.56455938750E+05  0.05617  0.04213  0.02171  0.28060  0.33631  0.03990 -0.09264 -0.27080 -0.16999 -0.75111 -0.89436 -0.24506
6   7  13  156121   6.5000 17:39:15 -1.57018289696E+05 -1.56455938750E+05  0.01398  0.05105  0.03071  0.27670  0.33271  0.35442 -0.17053 -0.09264 -0.26471 -0.75111 -0.89436 -0.81056
6   7  14  175933   3.0000 18:39:15 -1.56771015761E+05 -1.56379251264E+05  0.05117  0.03419  0.01261  0.27679  0.33280  0.35450 -0.09264 -0.26836 -0.17208 -0.75111 -0.89436 -0.81056
6   7  14  185000   4.1760 19:39:15 -1.56720778491E+05 -1.56379251264E+05  0.05099  0.02452  0.01889  0.27665  0.33267  0.35438 -0.09264 -0.25804 -0.17229 -0.75111 -0.89436 -0.81056
6   7  15  195886   3.0000 19:39:15 -1.56720778491E+05 -1.56379251264E+05  0.05133  0.02943  0.01436  0.27691  0.33291  0.35462 -0.09264 -0.26447 -0.17212 -0.75111 -0.89436 -0.81056
6   7  16  204386   2.3000 19:39:15 -1.56705501791E+05 -1.56379251264E+05  0.05463  0.02826  0.06066  0.27943  0.33523  0.00406 -0.09264 -0.25804 -0.15550 -0.75111 -0.89436 -0.22420
6   7  17  224506   1.3000 20:39:15 -1.56433786592E+05 -1.56379251264E+05  0.04486  0.03312  0.00356  0.05251  0.27987  0.33564 -0.09904 -0.26779 -0.20907 -0.16419 -0.75111 -0.89436
6   7  17  230000   1.8619 21:39:15 -1.56424664208E+05 -1.56379251264E+05  0.05477  0.02840  0.01512  0.05207  0.27953  0.33533 -0.09264 -0.25804 -0.22475 -0.16419 -0.75111 -0.89436
6   7  18  234332   0.9000 21:39:15 -1.56542573735E+05 -1.56379251264E+05  0.05588  0.02955  0.04312  0.02314  0.28038  0.33611 -0.09264 -0.25804 -0.16692 -0.23970 -0.75111 -0.89436
6   7  19  254767   1.0000 22:39:15 -1.56417736774E+05 -1.56379251264E+05  0.05458  0.02820  0.00879  0.06184  0.27939  0.33520 -0.09264 -0.25804 -0.23134 -0.15591 -0.75111 -0.89436
6   7  20  267116   1.1000 22:39:15 -1.56450368102E+05 -1.56379251264E+05  0.05458  0.02820  0.00879  0.06184  0.27939  0.33520 -0.09264 -0.25804 -0.23134 -0.15591 -0.75111 -0.89436
6   7  20  275000   0.7298 23:39:15 -1.56408752915E+05 -1.56379251264E+05  0.05458  0.02820  0.00879  0.06184  0.27939  0.33520 -0.09264 -0.25804 -0.23134 -0.15591 -0.75111 -0.89436
6   7  21  287619   1.0000 23:39:15 -1.56379251264E+05 -1.56379251264E+05  0.05483  0.03792 -0.00241  0.06208  0.27958  0.33537 -0.09264 -0.26836 -0.22021 -0.15591 -0.75111 -0.89436
6   7  22  303085   0.8000 24:39:15 -1.56405941039E+05 -1.56379251264E+05  0.05458  0.02820  0.00879  0.06184  0.27939  0.33520 -0.09264 -0.25804 -0.23134 -0.15591 -0.75111 -0.89436
6   7  22  320000   0.3384 25:39:15 -1.56379251264E+05 -1.56379251264E+05  0.05458  0.02820  0.00879  0.06184  0.27939  0.33520 -0.09264 -0.25804 -0.23134 -0.15591 -0.75111 -0.89436
6   7  23  323529   0.8000 25:39:15 -1.56379251264E+05 -1.56379251264E+05  0.05458  0.02820  0.00879  0.06184  0.27939  0.33520 -0.09264 -0.25804 -0.23134 -0.15591 -0.75111 -0.89436
6   7  24  344048   0.2000 26:39:15 -1.56379251264E+05 -1.56379251264E+05  0.05549  0.03525  0.01106  0.04685  0.28008  0.33584 -0.09264 -0.26471 -0.23738 -0.15309 -0.75111 -0.89436
6   7  25  352873   0.2000 26:39:15 -1.56379251264E+05 -1.56379251264E+05  0.05458  0.02820  0.00879  0.06184  0.27939  0.33520 -0.09264 -0.25804 -0.23134 -0.15591 -0.75111 -0.89436
6   7  25  370000   0.2732 27:39:15 -1.56379251264E+05 -1.56379251264E+05  0.05458  0.02820  0.00879  0.06184  0.27939  0.33520 -0.09264 -0.25804 -0.23134 -0.15591 -0.75111 -0.89436
6   7  26  373439   0.0000 27:39:15 -1.56379251264E+05 -1.56379251264E+05  0.05458  0.02820  0.00879  0.06184  0.27939  0.33520 -0.09264 -0.25804 -0.23134 -0.15591 -0.75111 -0.89436
6   7  27  374301   0.2000 27:39:15 -1.56468567461E+05 -1.56379251264E+05  0.05458  0.02820  0.00879  0.06184  0.27939  0.33520 -0.09264 -0.25804 -0.23134 -0.15591 -0.75111 -0.89436
6   7  29  395616   0.0000 28:39:15 -1.56379251264E+05 -1.56379251264E+05  0.05458  0.02820  0.00879  0.06184  0.27939  0.33520 -0.09264 -0.25804 -0.23134 -0.15591 -0.75111 -0.89436
6   7  30  396493   0.0000 28:39:15 -1.56379251264E+05 -1.56379251264E+05  0.05458  0.02820  0.00879  0.06184  0.27939  0.33520 -0.09264 -0.25804 -0.23134 -0.15591 -0.75111 -0.89436
6   7  31  397368   0.0000 28:39:15 -1.56379251264E+05 -1.56379251264E+05  0.05458  0.02820  0.00879  0.06184  0.27939  0.33520 -0.09264 -0.25804 -0.23134 -0.15591 -0.75111 -0.89436
6   7  32  398254   0.0000 28:39:15 -1.56379251264E+05 -1.56379251264E+05  0.05458  0.02820  0.00879  0.06184  0.27939  0.33520 -0.09264 -0.25804 -0.23134 -0.15591 -0.75111 -0.89436
6   7  33  399142   0.0000 28:39:15 -1.56379251264E+05 -1.56379251264E+05  0.05458  0.02820  0.00879  0.06184  0.27939  0.33520 -0.09264 -0.25804 -0.23134 -0.15591 -0.75111 -0.89436
6   7 200  399144   0.0000 28:39:15 -1.56379251264E+05 -1.56379251264E+05  0.05458  0.02820  0.00879  0.06184  0.27939  0.33520 -0.09264 -0.25804 -0.23134 -0.15591 -0.75111 -0.89436
