K Run Tem Iterate    Move%     Time        CurrentLogL           BestLogL     Fst1     Fst2     Fst3     Fst4     Fst5     Fst6     Fst7     Fst8     Fis1     Fis2     Fis3     Fis4     Fis5     Fis6     Fis7     Fis8
8   7   1       0   1.0000 46:32:09 -3.14439146228E+05 -3.14439146228E+05  0.21321  0.11487 -0.13868 -0.03609  0.19787 -0.11587 -0.27063  0.09813 -0.17321 -0.18153 -0.08633 -0.17673 -0.22108 -0.17260 -0.20108 -0.15086
8   7   1     100   2.9126 46:32:09 -3.14041709512E+05 -3.14041709512E+05  0.09813  0.11487 -0.13868  0.21321 -0.03609  0.19787 -0.11587 -0.27063 -0.15086 -0.18153 -0.08633 -0.17321 -0.17673 -0.22108 -0.17260 -0.20108
8   7   1     200  30.8824 46:32:09 -2.91765967262E+05 -2.91700812002E+05  0.09813  0.11487 -0.03609  0.19787 -0.13868  0.21321 -0.11587 -0.27063 -0.15086 -0.18153 -0.17673 -0.22108 -0.08633 -0.17321 -0.17260 -0.20108
8   7   1     400  37.1287 46:32:09 -2.65469270995E+05 -2.65469270995E+05 -0.13868  0.19787  0.11487 -0.11587 -0.27063  0.09813 -0.03609  0.21321 -0.08633 -0.22108 -0.18153 -0.17260 -0.20108 -0.15086 -0.17673 -0.17321
8   7   1     800  30.3483 46:32:09 -2.58908743843E+05 -2.58908743843E+05  0.21321  0.19787 -0.13868 -0.27063 -0.11587  0.11487 -0.03609  0.09813 -0.17321 -0.22108 -0.08633 -0.20108 -0.17260 -0.18153 -0.17673 -0.15086
8   7   1    1600  27.4938 46:32:09 -2.63035849291E+05 -2.58059403977E+05 -0.13868  0.19787  0.21321 -0.27063 -0.03609  0.09813  0.11487 -0.11587 -0.08633 -0.22108 -0.17321 -0.20108 -0.17673 -0.15086 -0.18153 -0.17260
8   7   1    3200  26.8727 46:32:09 -2.59949392673E+05 -2.56531637357E+05  0.19787  0.21321 -0.13868 -0.27063  0.11487 -0.11587 -0.03609  0.09813 -0.22108 -0.17321 -0.08633 -0.20108 -0.18153 -0.17260 -0.17673 -0.15086
8   7   1    6400  25.6090 46:32:09 -2.56676570139E+05 -2.54427883264E+05  0.19787  0.21321 -0.13868 -0.03609  0.11487 -0.27063 -0.11587  0.09813 -0.22108 -0.17321 -0.08633 -0.17673 -0.18153 -0.20108 -0.17260 -0.15086
8   7   1   12800  27.0150 46:32:09 -2.58857424259E+05 -2.54427883264E+05  0.00707  0.35638  0.48412  0.00089  0.45893  0.01547  1.00000  0.41437 -0.89946 -0.30085 -0.14428 -0.89353 -0.46754 -0.96055  0.00000 -0.19657
8   7   1   25600  28.0347 47:32:09 -2.55215827439E+05 -2.54427883264E+05  0.36411  0.41625  0.01282  0.35192  0.01149  0.00801  1.00000  0.39036 -0.32270 -0.19818 -0.88028 -0.29431 -0.88356 -0.88379  0.00000 -0.21473
8   7   2   32000  21.0262 48:32:09 -2.59532825160E+05 -2.53695690939E+05  1.00000  0.36579  0.43279  0.02046  0.02330  0.01760  0.43234  0.58173  0.00000 -0.35800 -0.49617 -0.88463 -0.85931 -0.91526 -0.22141 -0.87945
8   7   2   51200  21.4847 49:32:09 -2.57493243886E+05 -2.53695690939E+05  0.31378  0.38560  0.32363 -0.07086 -0.06625  0.30269  1.00000  0.33376 -0.17964 -0.22392 -0.42083 -0.86509 -0.93243 -0.37627  0.00000 -0.31667
8   7   4   68000  23.7920 50:32:09 -2.55194293290E+05 -2.50981764943E+05  0.53660  0.36012  0.22495 -0.20444  0.21111  1.00000  1.00000  0.37469 -0.90156 -0.21149 -0.35270 -0.88868 -0.35386  0.00000  0.00000 -0.54133
8   7   4   92000  14.7835 52:32:09 -2.54869656321E+05 -2.49485291366E+05  0.46746  0.31260  0.42378 -0.05216  1.00000  1.00000 -0.04916  0.55114 -0.56210 -0.29602 -0.23340 -0.90765  0.00000  0.00000 -0.87844 -0.87945
8   7   5  102400  11.9826 52:32:09 -2.54108409437E+05 -2.49485291366E+05  0.28021  0.54757 -0.17423  0.45121  1.00000  1.00000  0.39395  0.03575 -0.23286 -0.90288 -0.88659 -0.87865  0.00000  0.00000 -0.54822  0.04181
8   7   6  118506   1.0000 53:32:09 -2.55493345580E+05 -2.49485291366E+05  0.34408  0.44869 -0.07649  1.00000  1.00000  1.00000  0.39409  1.00000 -0.24457 -0.66228 -0.88929  0.00000  0.00000  0.00000 -0.43119  0.00000
8   7   6  128000   4.8990 54:32:09 -2.54730156694E+05 -2.49485291366E+05  0.34627  0.40670  1.00000 -0.07767  1.00000  1.00000  1.00000  0.41240 -0.24486 -0.56444  0.00000 -0.89147  0.00000  0.00000  0.00000 -0.46754
8   7   7  142762  12.2000 55:32:09 -2.54216168334E+05 -2.49485291366E+05  0.39611  0.53955  0.00642  1.00000  0.01694  1.00000  0.46431  1.00000 -0.23967 -0.87865 -0.90732  0.00000 -0.90306  0.00000 -0.46754  0.00000
8   7   7  156000  10.1258 56:32:09 -2.53664831055E+05 -2.49485291366E+05  0.36006  0.23310  0.54625 -0.17800  1.00000  1.00000  1.00000  0.35948 -0.20411 -0.36175 -0.90489 -0.90417  0.00000  0.00000  0.00000 -0.46754
8   7   8  161851   7.7000 56:32:09 -2.51909262210E+05 -2.49485291366E+05  0.38266  0.22864  0.54459 -0.18241  1.00000  1.00000  1.00000  0.35714 -0.20914 -0.34651 -0.90489 -0.90061  0.00000  0.00000  0.00000 -0.46754
8   7   9  182685  10.1000 58:32:09 -2.52654400806E+05 -2.49485291366E+05  0.36054  0.23705  0.54677 -0.17666  1.00000  1.00000  1.00000  0.36021 -0.21500 -0.36727 -0.90489 -0.90417  0.00000  0.00000  0.00000 -0.46754
8   7   9  184000   8.6449 58:32:09 -2.52476962535E+05 -2.49485291366E+05  0.36054  0.23705  0.54677 -0.17666  1.00000  1.00000  1.00000  0.36021 -0.21500 -0.36727 -0.90489 -0.90417  0.00000  0.00000  0.00000 -0.46754
8   7  10  206263   4.8000 59:32:09 -2.51496416097E+05 -2.49485291366E+05  0.37607  0.22991  0.54549 -0.18061  1.00000  1.00000  1.00000  0.49622 -0.21207 -0.34392 -0.90489 -0.91154  0.00000  0.00000  0.00000 -0.87945
8   7  11  213982   3.7000 59:32:09 -2.51103801479E+05 -2.49485291366E+05  0.37337  0.23204  0.54579 -0.17934  1.00000  1.00000  1.00000  0.35883 -0.21109 -0.35642 -0.90489 -0.91172  0.00000  0.00000  0.00000 -0.46754
8   7  11  224000   5.4418 00:33:09 -2.49531757836E+05 -2.49033936288E+05  0.38965  0.39125  1.00000  0.54085 -0.19201  0.22664  1.00000  0.35187 -0.21855 -0.66228  0.00000 -0.90489 -0.90417 -0.36212  0.00000 -0.46754
8   7  12  253924   0.7000 01:33:09 -2.49640442684E+05 -2.48807520338E+05  0.43330  0.24617  0.38928  0.53937 -0.19601  1.00000  1.00000  0.48944 -0.27334 -0.27586 -0.66228 -0.90489 -0.91172  0.00000  0.00000 -0.87945
8   7  12  256000   0.5418 02:33:09 -2.49951290633E+05 -2.48807520338E+05  0.43330  0.24617  0.38928  0.53937 -0.19601  1.00000  1.00000  0.48944 -0.27334 -0.27586 -0.66228 -0.90489 -0.91172  0.00000  0.00000 -0.87945
8   7  13  273237   4.2000 03:33:09 -2.50159208980E+05 -2.48807520338E+05  0.38143  0.39247  0.23075  0.54177 -0.18963  1.00000  1.00000  0.49210 -0.22411 -0.66228 -0.34271 -0.90489 -0.90417  0.00000  0.00000 -0.87945
8   7  13  292000   1.5158 04:33:09 -2.49645164030E+05 -2.48807520338E+05  0.43492  0.24287  0.38958  0.53960 -0.19543  1.00000  1.00000  0.48969 -0.26648 -0.28764 -0.66228 -0.90489 -0.90743  0.00000  0.00000 -0.87945
8   7  15  304051   0.0000 04:33:09 -2.49686809103E+05 -2.48807520338E+05  0.49562  0.24514  0.38504  0.53617 -0.20433  1.00000  1.00000  0.34525 -0.33974 -0.26738 -0.66228 -0.90489 -0.90743  0.00000  0.00000 -0.46754
8   7  16  304887   0.0000 04:33:09 -2.49686809103E+05 -2.48807520338E+05  0.43495  0.24069  0.38973  0.53970 -0.19515  1.00000  1.00000  0.48981 -0.26326 -0.29302 -0.66228 -0.90489 -0.90743  0.00000  0.00000 -0.87945
8   7  17  305726   0.0000 04:33:09 -2.49686809103E+05 -2.48807520338E+05  0.43495  0.24069  0.38973  0.53970 -0.19515  1.00000  1.00000  0.48981 -0.26326 -0.29302 -0.66228 -0.90489 -0.90743  0.00000  0.00000 -0.87945
8   7  18  306544   0.0000 04:33:09 -2.49686809103E+05 -2.48807520338E+05  0.43495  0.24069  0.38973  0.53970 -0.19515  1.00000  1.00000  0.48981 -0.26326 -0.29302 -0.66228 -0.90489 -0.90743  0.00000  0.00000 -0.87945
8   7  19  307349   0.0000 04:33:09 -2.49686809103E+05 -2.48807520338E+05  0.43495  0.24069  0.38973  0.53970 -0.19515  1.00000  1.00000  0.48981 -0.26326 -0.29302 -0.66228 -0.90489 -0.90743  0.00000  0.00000 -0.87945
8   7  20  308186   0.0000 04:33:09 -2.49686809103E+05 -2.48807520338E+05  0.43495  0.24069  0.38973  0.53970 -0.19515  1.00000  1.00000  0.48981 -0.26326 -0.29302 -0.66228 -0.90489 -0.90743  0.00000  0.00000 -0.87945
8   7 200  308188   0.0000 04:33:09 -2.48807520338E+05 -2.48807520338E+05  0.43495  0.38973  1.00000  0.53970 -0.19515  1.00000  0.24069  0.48981 -0.26326 -0.66228  0.00000 -0.90489 -0.90743  0.00000 -0.29302 -0.87945
