K Run Tem Iterate    Move%     Time        CurrentLogL           BestLogL     Fst1     Fst2     Fst3     Fst4     Fst5     Fst6     Fis1     Fis2     Fis3     Fis4     Fis5     Fis6
6   5   1       0   1.0000 08:23:09 -3.13168419691E+05 -3.13168419691E+05 -0.04874  0.02964 -0.07080  0.15591  0.03897 -0.10243 -0.15371 -0.22629 -0.11091 -0.14845 -0.17232 -0.15310
6   5   1     100   0.9901 08:23:09 -3.12709811924E+05 -3.12709811924E+05 -0.04874  0.02964 -0.07080  0.15591  0.03897 -0.10243 -0.15371 -0.22629 -0.11091 -0.14845 -0.17232 -0.15310
6   5   1     200  40.2985 08:23:09 -2.75488342038E+05 -2.75488342038E+05 -0.04874  0.15591 -0.07080  0.02964 -0.10243  0.03897 -0.15371 -0.14845 -0.11091 -0.22629 -0.15310 -0.17232
6   5   1     400  38.6534 08:23:09 -2.53521525396E+05 -2.52913573607E+05 -0.04874 -0.07080  0.02964  0.03897 -0.10243  0.15591 -0.15371 -0.11091 -0.22629 -0.17232 -0.15310 -0.14845
6   5   1     800  31.9600 08:23:09 -2.51570757958E+05 -2.51045094005E+05 -0.04874  0.02964 -0.10243  0.03897 -0.07080  0.15591 -0.15371 -0.22629 -0.15310 -0.17232 -0.11091 -0.14845
6   5   1    1600  33.1668 08:23:09 -2.58969655190E+05 -2.50830582653E+05 -0.04874  0.15591  0.03897  0.02964 -0.10243 -0.07080 -0.15371 -0.14845 -0.17232 -0.22629 -0.15310 -0.11091
6   5   1    3200  33.6770 08:23:09 -2.55366295174E+05 -2.50830582653E+05 -0.04874  0.15591 -0.07080 -0.10243  0.02964  0.03897 -0.15371 -0.14845 -0.11091 -0.15310 -0.22629 -0.17232
6   5   1    6400  31.9325 08:23:09 -2.57887524480E+05 -2.49855512658E+05  0.35771  0.29967  0.38963  0.33352 -0.03358 -0.03296 -0.32281 -0.18576 -0.24063 -0.22440 -0.89678 -0.85350
6   5   1   12800  30.9976 09:23:09 -2.56457634712E+05 -2.49296785432E+05  0.39721  0.43819  0.36073  0.35726 -0.03386 -0.03189 -0.22019 -0.46754 -0.29833 -0.40328 -0.88687 -0.89230
6   5   2   25600  23.4607 09:23:09 -2.51253603443E+05 -2.49169337368E+05  0.39931  0.33853  0.40748  0.32672 -0.03016 -0.03123 -0.32480 -0.34661 -0.22596 -0.32488 -0.88780 -0.88812
6   5   3   32000  12.4339 10:23:09 -2.52270735160E+05 -2.49169337368E+05  0.46105  0.31190  0.42603 -0.05473 -0.05561  0.41999 -0.19083 -0.32745 -0.46754 -0.82606 -0.91185 -0.22889
6   5   4   51200  12.2450 11:23:09 -2.51824923694E+05 -2.48018654987E+05  1.00000  0.34002  0.41286 -0.07993  1.00000  0.44444  0.00000 -0.23939 -0.46754 -0.89700  0.00000 -0.64854
6   5   5   68000  17.5051 12:23:09 -2.48656057742E+05 -2.44521694683E+05  0.23471  1.00000  0.54738 -0.17501  0.33265  0.36108 -0.33247  0.00000 -0.90489 -0.88868 -0.22402 -0.46754
6   5   7  100000   8.8720 14:23:09 -2.47315176830E+05 -2.44521694683E+05  0.34113  0.23325  0.54680 -0.17641  1.00000  0.39274 -0.20859 -0.32972 -0.90489 -0.90098  0.00000 -0.54822
6   5   7  102400   8.2939 14:23:09 -2.46399261497E+05 -2.44521694683E+05  0.34113  0.23325  0.54680 -0.17641  1.00000  0.39274 -0.20859 -0.32972 -0.90489 -0.90098  0.00000 -0.54822
6   5   8  118737   0.3000 15:23:09 -2.46770474385E+05 -2.43346353174E+05  0.23355  0.44386  0.54164 -0.18990  0.38872  0.35298 -0.30066 -0.87865 -0.90489 -0.88868 -0.21397 -0.46754
6   5   8  132000   8.0905 16:23:09 -2.44171595152E+05 -2.43089980686E+05  0.36832  0.19933  0.37823  0.52718 -0.22744  0.47593 -0.22149 -0.33462 -0.56210 -0.90489 -0.88868 -0.87945
6   5  10  153853   8.9000 17:23:09 -2.43909584751E+05 -2.43005724058E+05  0.43616  0.38791  0.23474  0.53834 -0.19848  0.34831 -0.24327 -0.66228 -0.30728 -0.90489 -0.88868 -0.46754
6   5  11  159795   7.0000 17:23:09 -2.44109333312E+05 -2.43005724058E+05  0.37547  0.23265  0.39042  0.54023 -0.19358  0.35098 -0.22566 -0.32178 -0.66228 -0.90489 -0.88868 -0.46754
6   5  11  164000   7.5995 18:23:09 -2.43660747745E+05 -2.43005724058E+05  0.38582  0.39094  0.23876  0.54062 -0.19256  0.49083 -0.22470 -0.66228 -0.29863 -0.90489 -0.88868 -0.87945
6   5  12  174130   5.4000 19:23:09 -2.43279524797E+05 -2.43005724058E+05  0.40236  0.39090  0.23477  0.54059 -0.19264  0.49079 -0.21728 -0.66228 -0.31924 -0.90489 -0.88868 -0.87945
6   5  13  188000   4.6849 20:23:09 -2.43364006655E+05 -2.43005724058E+05  0.41777  0.38919  0.23001  0.53930 -0.19597  0.34968 -0.23392 -0.66228 -0.32868 -0.90489 -0.88868 -0.46754
6   5  14  198916   3.5000 20:23:09 -2.43574545358E+05 -2.43005724058E+05  0.38802  0.22770  0.39087  0.54057 -0.19269  0.35147 -0.22253 -0.35464 -0.66228 -0.90489 -0.88868 -0.46754
6   5  15  204618   3.1000 21:23:09 -2.43287425076E+05 -2.43005724058E+05  0.39731  0.38988  0.22989  0.53982 -0.19463  0.35041 -0.23520 -0.66228 -0.32776 -0.90489 -0.88868 -0.46754
6   5  16  220000   2.1316 22:23:09 -2.43157217427E+05 -2.43005724058E+05  0.37236  0.40610  0.22773  0.54210 -0.18871  0.35363 -0.21002 -0.72214 -0.36961 -0.90489 -0.88868 -0.46754
6   5  18  242226   1.6000 23:23:09 -2.43073828588E+05 -2.43005724058E+05  0.40416  0.22908  0.38988  0.53982 -0.19464  0.35040 -0.23094 -0.33650 -0.66228 -0.90489 -0.88868 -0.46754
6   5  18  252000   1.7689 24:23:09 -2.43005724058E+05 -2.43005724058E+05  0.40123  0.39019  0.22827  0.54005 -0.19403  0.35073 -0.22902 -0.66228 -0.34443 -0.90489 -0.88868 -0.46754
6   5 200  278119   0.0000 25:23:09 -2.43005724058E+05 -2.43005724058E+05  0.41927  0.38917  0.22997  0.53928 -0.19603  0.34965 -0.23480 -0.66228 -0.32976 -0.90489 -0.88868 -0.46754
