Iter   Tolerance Admix(mean)   Admix(SD)    Fst1    Fst2    Fst3    Fst4    Fst5   QPop1   QPop2   QPop3   QPop4   QPop5
   1  2.0672E-02    0.676805    0.127650  0.2949 -0.2146  0.2150  0.1322  0.1857  0.2375  0.1672  0.2380  0.1708  0.1865
   2  9.7338E-03    0.502884    0.250023  0.3772 -0.1666  0.2431  0.2017  0.2794  0.2834  0.1780  0.2763  0.1136  0.1487
   3  5.2524E-03    0.389784    0.237855  0.4140 -0.1582  0.2624  0.2471  0.3778  0.2983  0.1762  0.2859  0.0967  0.1428
   4  3.2605E-03    0.290040    0.233102  0.4309 -0.1474  0.2750  0.2716  0.4398  0.3080  0.1719  0.2956  0.0809  0.1436
   5  5.1473E-04    0.244182    0.233068  0.4391 -0.1396  0.2818  0.2598  0.4561  0.3230  0.1708  0.3028  0.0646  0.1387
   6  1.3336E-04    0.224918    0.230691  0.4428 -0.1361  0.2855  0.2541  0.4571  0.3360  0.1702  0.3050  0.0562  0.1325
   7  6.0586E-05    0.217131    0.229651  0.4449 -0.1340  0.2889  0.2539  0.4553  0.3462  0.1702  0.3042  0.0523  0.1272
   8  4.0528E-05    0.213983    0.229254  0.4464 -0.1323  0.2925  0.2552  0.4536  0.3545  0.1701  0.3020  0.0503  0.1230
   9  3.1224E-05    0.212708    0.229304  0.4475 -0.1308  0.2964  0.2568  0.4525  0.3615  0.1701  0.2992  0.0493  0.1198
  10  2.5332E-05    0.212345    0.229674  0.4484 -0.1294  0.3005  0.2583  0.4518  0.3676  0.1701  0.2962  0.0487  0.1174
  11  2.1615E-05    0.212364    0.230180  0.4491 -0.1282  0.3048  0.2597  0.4514  0.3729  0.1701  0.2931  0.0483  0.1155
  12  1.8331E-05    0.212538    0.230795  0.4497 -0.1270  0.3092  0.2608  0.4512  0.3778  0.1702  0.2901  0.0480  0.1140
  13  1.5885E-05    0.212842    0.231348  0.4502 -0.1260  0.3136  0.2619  0.4511  0.3822  0.1702  0.2871  0.0477  0.1128
  14  1.4224E-05    0.213244    0.231835  0.4506 -0.1250  0.3181  0.2628  0.4510  0.3863  0.1702  0.2841  0.0476  0.1119
  15  1.2654E-05    0.213581    0.232362  0.4509 -0.1241  0.3226  0.2636  0.4511  0.3901  0.1702  0.2812  0.0474  0.1112
  16  1.1215E-05    0.213952    0.232885  0.4512 -0.1233  0.3272  0.2643  0.4512  0.3935  0.1702  0.2784  0.0473  0.1106
  17  9.9651E-06    0.214323    0.233333  0.4514 -0.1225  0.3317  0.2650  0.4513  0.3967  0.1702  0.2758  0.0472  0.1101
  18  8.9115E-06    0.214660    0.233719  0.4516 -0.1218  0.3362  0.2656  0.4515  0.3997  0.1702  0.2733  0.0471  0.1098
  19  8.0437E-06    0.214955    0.234053  0.4518 -0.1212  0.3406  0.2662  0.4516  0.4025  0.1702  0.2708  0.0471  0.1095
  20  7.1476E-06    0.215086    0.234420  0.4519 -0.1206  0.3450  0.2667  0.4518  0.4051  0.1702  0.2685  0.0470  0.1092
  21  6.5523E-06    0.215267    0.234668  0.4519 -0.1200  0.3492  0.2672  0.4519  0.4076  0.1702  0.2663  0.0470  0.1089
  22  5.9086E-06    0.215409    0.234887  0.4520 -0.1194  0.3534  0.2676  0.4521  0.4100  0.1701  0.2642  0.0469  0.1087
  23  5.3583E-06    0.215539    0.235039  0.4520 -0.1189  0.3574  0.2681  0.4523  0.4122  0.1701  0.2622  0.0469  0.1086
  24  4.8184E-06    0.215621    0.235162  0.4520 -0.1184  0.3613  0.2685  0.4525  0.4143  0.1701  0.2602  0.0469  0.1085
  25  4.3196E-06    0.215664    0.235254  0.4520 -0.1180  0.3650  0.2688  0.4527  0.4163  0.1701  0.2583  0.0469  0.1084
  26  3.8321E-06    0.215668    0.235330  0.4519 -0.1176  0.3686  0.2692  0.4529  0.4181  0.1701  0.2566  0.0469  0.1083
  27  3.3813E-06    0.215644    0.235380  0.4518 -0.1172  0.3719  0.2695  0.4530  0.4198  0.1701  0.2549  0.0469  0.1083
  28  2.9411E-06    0.215621    0.235388  0.4517 -0.1168  0.3751  0.2698  0.4532  0.4214  0.1701  0.2534  0.0469  0.1082
  29  2.4781E-06    0.215510    0.235411  0.4516 -0.1164  0.3780  0.2701  0.4533  0.4229  0.1701  0.2519  0.0469  0.1082
  30  2.1789E-06    0.215383    0.235439  0.4515 -0.1161  0.3807  0.2703  0.4535  0.4243  0.1701  0.2506  0.0469  0.1081
  31  1.8811E-06    0.215288    0.235444  0.4513 -0.1158  0.3833  0.2706  0.4536  0.4256  0.1701  0.2493  0.0469  0.1081
  32  1.5717E-06    0.215229    0.235386  0.4512 -0.1155  0.3856  0.2708  0.4537  0.4268  0.1701  0.2482  0.0469  0.1081
  33  1.2817E-06    0.215168    0.235332  0.4510 -0.1153  0.3877  0.2710  0.4539  0.4278  0.1701  0.2471  0.0469  0.1081
  34  1.0878E-06    0.215111    0.235271  0.4509 -0.1151  0.3896  0.2711  0.4540  0.4288  0.1701  0.2462  0.0469  0.1080
  35  8.9890E-07    0.215057    0.235213  0.4507 -0.1149  0.3914  0.2713  0.4541  0.4297  0.1701  0.2453  0.0469  0.1080
  36  7.3941E-07    0.214986    0.235156  0.4505 -0.1147  0.3929  0.2714  0.4541  0.4305  0.1700  0.2445  0.0469  0.1080
  37  6.5100E-07    0.214845    0.235183  0.4504 -0.1145  0.3944  0.2716  0.4542  0.4312  0.1701  0.2438  0.0469  0.1080
  38  5.4509E-07    0.214834    0.235116  0.4502 -0.1144  0.3956  0.2717  0.4543  0.4319  0.1701  0.2431  0.0469  0.1080
  39  4.8938E-07    0.214787    0.235103  0.4500 -0.1143  0.3968  0.2718  0.4543  0.4326  0.1701  0.2425  0.0469  0.1080
  40  3.7550E-07    0.214759    0.235057  0.4499 -0.1142  0.3978  0.2719  0.4544  0.4331  0.1701  0.2419  0.0469  0.1080
  41  3.2968E-07    0.214654    0.235094  0.4497 -0.1141  0.3988  0.2720  0.4544  0.4336  0.1701  0.2414  0.0469  0.1079
  42  2.3757E-07    0.214587    0.235095  0.4496 -0.1140  0.3996  0.2721  0.4544  0.4340  0.1701  0.2410  0.0470  0.1079
  43  2.0515E-07    0.214518    0.235101  0.4494 -0.1139  0.4003  0.2722  0.4544  0.4344  0.1701  0.2406  0.0470  0.1079
  44  1.5377E-07    0.214502    0.235070  0.4493 -0.1139  0.4010  0.2722  0.4545  0.4348  0.1701  0.2403  0.0470  0.1079
  45  1.4718E-07    0.214443    0.235081  0.4491 -0.1138  0.4016  0.2723  0.4545  0.4351  0.1701  0.2400  0.0470  0.1079
  46  1.3433E-07    0.214362    0.235122  0.4490 -0.1138  0.4021  0.2723  0.4545  0.4353  0.1701  0.2397  0.0470  0.1078
  47  1.3238E-07    0.214229    0.235212  0.4489 -0.1137  0.4026  0.2724  0.4545  0.4356  0.1702  0.2395  0.0470  0.1078
  48  9.5746E-08    0.214195    0.235215  0.4487 -0.1137  0.4030  0.2724  0.4545  0.4358  0.1702  0.2392  0.0470  0.1078
  49  7.9794E-08    0.214180    0.235223  0.4486 -0.1136  0.4034  0.2725  0.4545  0.4360  0.1702  0.2390  0.0470  0.1078
  50  1.0036E-07    0.214078    0.235317  0.4485 -0.1136  0.4037  0.2725  0.4545  0.4361  0.1702  0.2388  0.0470  0.1078
  51  6.9614E-08    0.214065    0.235328  0.4484 -0.1136  0.4040  0.2725  0.4545  0.4363  0.1702  0.2387  0.0470  0.1078
