K Run Tem Iterate    Move%     Time        CurrentLogL           BestLogL     Fst1     Fst2     Fst3     Fst4     Fst5     Fst6     Fst7     Fst8     Fis1     Fis2     Fis3     Fis4     Fis5     Fis6     Fis7     Fis8
8   3   1       0   1.0000 52:30:09 -3.11511856154E+05 -3.11511856154E+05 -0.04314  0.15850  0.12553  0.08460  0.20960 -0.00311 -0.06243 -0.29651 -0.13468 -0.16220 -0.17181 -0.17288 -0.18026 -0.15670 -0.18943 -0.28166
8   3   1     100   2.9412 52:30:09 -3.08241871954E+05 -3.08241871954E+05 -0.04314  0.15850  0.12553  0.20960 -0.00311 -0.06243 -0.29651  0.08460 -0.13468 -0.16220 -0.17181 -0.18026 -0.15670 -0.18943 -0.28166 -0.17288
8   3   1     200  33.9901 52:30:09 -2.77451297851E+05 -2.77451297851E+05  0.12553  0.20960  0.15850 -0.00311 -0.04314  0.08460 -0.06243 -0.29651 -0.17181 -0.18026 -0.16220 -0.15670 -0.13468 -0.17288 -0.18943 -0.28166
8   3   1     400  36.7246 52:30:09 -2.68675436590E+05 -2.68315937098E+05  0.15850  0.12553 -0.04314 -0.00311  0.20960  0.08460 -0.29651 -0.06243 -0.16220 -0.17181 -0.13468 -0.15670 -0.18026 -0.17288 -0.28166 -0.18943
8   3   1     800  36.1146 52:30:09 -2.63837510706E+05 -2.62389210717E+05  0.12553  0.15850 -0.04314 -0.29651 -0.00311  0.08460  0.20960 -0.06243 -0.17181 -0.16220 -0.13468 -0.28166 -0.15670 -0.17288 -0.18026 -0.18943
8   3   1    1600  35.1840 52:30:09 -2.60758887913E+05 -2.58650893353E+05 -0.04314  0.15850 -0.06243  0.12553  0.08460 -0.29651 -0.00311  0.20960 -0.13468 -0.16220 -0.18943 -0.17181 -0.17288 -0.28166 -0.15670 -0.18026
8   3   1    3200  31.2832 52:30:09 -2.63815337372E+05 -2.57622796119E+05  0.20960  0.12553  0.15850  0.08460 -0.00311 -0.06243 -0.29651 -0.04314 -0.18026 -0.17181 -0.16220 -0.17288 -0.15670 -0.18943 -0.28166 -0.13468
8   3   1    6400  32.9377 52:30:09 -2.59020690364E+05 -2.57225411476E+05  0.12553  0.15850 -0.00311 -0.06243 -0.04314 -0.29651  0.08460  0.20960 -0.17181 -0.16220 -0.15670 -0.18943 -0.13468 -0.28166 -0.17288 -0.18026
8   3   1   12800  31.7347 53:30:09 -2.66385794830E+05 -2.55922738328E+05  0.44333 -0.00235  0.45889  1.00000  0.01539  0.51318  0.00684  0.34970 -0.20796 -0.90468 -0.46754  0.00000 -0.96055 -0.44067 -0.89204 -0.28961
8   3   1   25600  29.4692 53:30:09 -2.58698809587E+05 -2.53203592695E+05  0.35175  0.33332  0.42142 -0.01623 -0.02530 -0.01751  0.46516  0.36811 -0.36310 -0.15025 -0.30380 -0.93367 -0.82216 -0.88799 -0.19668 -0.29384
8   3   2   28000  27.7167 54:30:09 -2.55358990826E+05 -2.53203592695E+05  0.35175  0.33332  0.42142 -0.01751 -0.01623  0.46516 -0.02530  0.36811 -0.36310 -0.15025 -0.30380 -0.88799 -0.93367 -0.19668 -0.82216 -0.29384
8   3   2   51200  21.3939 55:30:09 -2.56861778151E+05 -2.51432428361E+05  0.48542  0.39861 -0.00890 -0.01384  0.34684  0.39621 -0.00606  0.47878 -0.22595 -0.24006 -0.89553 -0.88323 -0.41690 -0.46752 -0.88918 -0.54822
8   3   3   68000  13.8572 56:30:09 -2.54783356119E+05 -2.51315759334E+05  1.00000  0.17274  0.50967 -0.27296  0.22262  0.27836  0.27772  0.27064  0.00000 -0.35877 -0.90489 -0.88659 -0.17473 -0.20580 -0.15775 -0.27204
8   3   4  102400  19.3947 58:30:09 -2.56349556465E+05 -2.51315759334E+05  0.32535  0.23828 -0.18251  1.00000  1.00000  1.00000  0.24306  0.24899 -0.19060 -0.24623 -0.87907  0.00000  0.00000  0.00000 -0.23821 -0.13763
8   3   4  104000  19.5350 58:30:09 -2.53255875707E+05 -2.51315759334E+05  0.32535  0.23828  0.24306 -0.18251  1.00000  1.00000  1.00000  0.24899 -0.19060 -0.24623 -0.23821 -0.87907  0.00000  0.00000  0.00000 -0.13763
8   3   5  106072  16.8000 58:30:09 -2.59262901487E+05 -2.51315759334E+05  1.00000  0.24306 -0.18251  0.23828  0.32535  1.00000  0.24899  1.00000  0.00000 -0.23821 -0.87907 -0.24623 -0.19060  0.00000 -0.13763  0.00000
8   3   6  130532   0.2000 59:30:09 -2.55014197777E+05 -2.51315759334E+05  0.34440  0.44816 -0.07749  1.00000  1.00000  1.00000  1.00000  0.41246 -0.24592 -0.66228 -0.87791  0.00000  0.00000  0.00000  0.00000 -0.46754
8   3   7  132286   0.0000 59:30:09 -2.55014197777E+05 -2.51315759334E+05  0.34440  0.44816 -0.07749  1.00000  1.00000  1.00000  1.00000  0.41246 -0.24592 -0.66228 -0.87791  0.00000  0.00000  0.00000  0.00000 -0.46754
8   3   8  133127   7.8000 59:30:09 -2.55560992930E+05 -2.51315759334E+05  0.44816  0.34440 -0.07749  1.00000  1.00000  1.00000  0.41246  1.00000 -0.66228 -0.24592 -0.87791  0.00000  0.00000  0.00000 -0.46754  0.00000
8   3   8  148000   8.6081 00:31:09 -2.55656743601E+05 -2.51315759334E+05  0.40631  0.27810 -0.10908  1.00000  1.00000  1.00000  1.00000  0.39736 -0.23054 -0.35373 -0.87948  0.00000  0.00000  0.00000  0.00000 -0.46754
8   3   9  157291   9.5000 00:31:09 -2.55277999005E+05 -2.51315759334E+05  0.39415  0.28873  1.00000 -0.10263  1.00000  1.00000  1.00000  0.40059 -0.22164 -0.39025  0.00000 -0.88154  0.00000  0.00000  0.00000 -0.46754
8   3   9  184000   7.8358 02:31:09 -2.50151188179E+05 -2.48884262188E+05  0.38395  0.39116  0.23259  0.54078 -0.19202  1.00000  0.38108  1.00000 -0.22771 -0.66228 -0.32826 -0.90489 -0.90098  0.00000 -0.54133  0.00000
8   3  10  198708   4.0000 02:31:09 -2.50032403248E+05 -2.48884262188E+05  0.38214  0.22963  0.39124  0.54084 -0.19197  1.00000  1.00000  0.35186 -0.22366 -0.36608 -0.66228 -0.90489 -0.88868  0.00000  0.00000 -0.46754
8   3  11  224318   3.4000 04:31:09 -2.49582795178E+05 -2.48874087769E+05  0.43422  0.30728  0.45301  0.58743 -0.06873  1.00000 -0.08162  0.54271 -0.21373 -0.33716 -0.66228 -0.90489 -0.88474  0.00000 -0.90181 -0.87945
8   3  11  228000   4.9204 04:31:09 -2.50226479876E+05 -2.48874087769E+05  0.35866  0.40646  0.23002  0.54238  1.00000 -0.18820  1.00000  0.35402 -0.21062 -0.72214 -0.35915 -0.90489  0.00000 -0.89445  0.00000 -0.46754
8   3  12  244962   5.3000 05:31:09 -2.49889724796E+05 -2.48874087769E+05  0.38098  0.39094  0.22747  0.54062 -0.19277  1.00000  1.00000  0.35153 -0.20978 -0.66228 -0.35003 -0.90489 -0.89445  0.00000  0.00000 -0.46754
8   3  13  253237   3.1000 05:31:09 -2.50102746867E+05 -2.48874087769E+05  0.40907  0.22919  0.38965  0.53965 -0.19578  1.00000  1.00000  0.35017 -0.22470 -0.33367 -0.66228 -0.90489 -0.89292  0.00000  0.00000 -0.46754
8   3  13  256000   3.8772 06:31:09 -2.49603831648E+05 -2.48874087769E+05  0.45780  0.45296  0.30941  0.58740  1.00000 -0.06872 -0.08691  0.54268 -0.22715 -0.66228 -0.33478 -0.90489  0.00000 -0.88065 -0.90190 -0.87945
8   3  14  285835   0.0000 07:31:09 -2.49579752120E+05 -2.48840821282E+05  0.40323  0.21407  0.37446  0.52819 -0.22163  1.00000  0.47705  0.37956 -0.23902 -0.31885 -0.66228 -0.90489 -0.89133  0.00000 -0.87945 -0.56210
8   3  15  286685   0.2000 07:31:09 -2.49579752120E+05 -2.48840821282E+05  0.40323  0.21407  0.37446  0.52819 -0.22163  1.00000  0.47705  0.37956 -0.23902 -0.31885 -0.66228 -0.90489 -0.89133  0.00000 -0.87945 -0.56210
8   3  15  292000   1.6127 08:31:09 -2.49829227378E+05 -2.48840821282E+05  0.40395  0.23128  0.39111  0.54075  1.00000 -0.18912  1.00000  0.49097 -0.22798 -0.33430 -0.66228 -0.90489  0.00000 -0.89133  0.00000 -0.87945
8   3  17  332000   1.6498 10:31:09 -2.49214806976E+05 -2.48840821282E+05  0.41836  0.22943  0.38961  0.53961 -0.19539  1.00000  1.00000  0.35012 -0.24266 -0.33478 -0.66228 -0.90489 -0.88738  0.00000  0.00000 -0.46754
8   3  18  357269   0.6000 11:31:09 -2.49432551376E+05 -2.48807520338E+05  0.40142  0.22856  0.39039  0.54020 -0.19353  1.00000  1.00000  0.35095 -0.22902 -0.35199 -0.66228 -0.90489 -0.90098  0.00000  0.00000 -0.46754
8   3  18  368000   1.3251 12:31:09 -2.49089598089E+05 -2.48807520338E+05  0.41281  0.38960  0.22938  0.53961 -0.19171  1.00000  1.00000  0.35011 -0.23220 -0.66228 -0.33430 -0.90489 -0.90482  0.00000  0.00000 -0.46754
8   3  20  388677   0.5000 13:31:09 -2.49213384765E+05 -2.48807520338E+05  0.40839  0.38994  0.22874  0.53987 -0.19104  1.00000  1.00000  0.35048 -0.23221 -0.66228 -0.33979 -0.90489 -0.90482  0.00000  0.00000 -0.46754
8   3  21  409777   0.5000 14:31:09 -2.49084289630E+05 -2.48807520338E+05  0.40163  0.22880  0.39060  0.54036 -0.19305  1.00000  1.00000  0.35118 -0.22902 -0.34443 -0.66228 -0.90489 -0.91880  0.00000  0.00000 -0.46754
8   3  21  412000   0.6770 14:31:09 -2.48817694756E+05 -2.48807520338E+05  0.40163  0.39060  0.22880  0.54036 -0.19305  1.00000  1.00000  0.35118 -0.22902 -0.66228 -0.34443 -0.90489 -0.91880  0.00000  0.00000 -0.46754
8   3  22  434499   0.6000 15:31:09 -2.48913508483E+05 -2.48807520338E+05  0.40148  0.39044  0.22860  0.54025 -0.19022  1.00000  1.00000  0.35101 -0.22902 -0.66228 -0.34443 -0.90489 -0.90831  0.00000  0.00000 -0.46754
8   3  23  443832   0.7000 15:31:09 -2.48807520338E+05 -2.48807520338E+05  0.40868  0.39025  0.22913  0.54010 -0.19374  1.00000  1.00000  0.35080 -0.23221 -0.66228 -0.33979 -0.90489 -0.91880  0.00000  0.00000 -0.46754
8   3  23  448000   0.8437 16:31:09 -2.48807520338E+05 -2.48807520338E+05  0.40868  0.39025  0.22913  0.54010 -0.19374  1.00000  1.00000  0.35080 -0.23221 -0.66228 -0.33979 -0.90489 -0.91880  0.00000  0.00000 -0.46754
8   3  24  464447   0.5000 16:31:09 -2.48807520338E+05 -2.48807520338E+05  0.40868  0.39025  0.22913  0.54010 -0.19374  1.00000  1.00000  0.35080 -0.23221 -0.66228 -0.33979 -0.90489 -0.91880  0.00000  0.00000 -0.46754
8   3  25  488000   0.4149 18:31:09 -2.48817694756E+05 -2.48807520338E+05  0.40868  0.39025  0.22913  0.54010 -0.19374  1.00000  1.00000  0.35080 -0.23221 -0.66228 -0.33979 -0.90489 -0.91880  0.00000  0.00000 -0.46754
8   3  25  488454   0.3000 18:31:09 -2.48807520338E+05 -2.48807520338E+05  0.40868  0.39025  0.22913  0.54010 -0.19374  1.00000  1.00000  0.35080 -0.23221 -0.66228 -0.33979 -0.90489 -0.91880  0.00000  0.00000 -0.46754
8   3  26  502930   0.5000 18:31:09 -2.48817694756E+05 -2.48807520338E+05  0.40868  0.39025  0.22913  0.54010 -0.19374  1.00000  1.00000  0.35080 -0.23221 -0.66228 -0.33979 -0.90489 -0.91880  0.00000  0.00000 -0.46754
8   3  27  527556   0.3000 20:31:09 -2.48893133261E+05 -2.48807520338E+05  0.40868  0.39025  0.22913  0.54010 -0.19374  1.00000  1.00000  0.35080 -0.23221 -0.66228 -0.33979 -0.90489 -0.91880  0.00000  0.00000 -0.46754
8   3  27  528000   0.2640 20:31:09 -2.48903307679E+05 -2.48807520338E+05  0.40868  0.39025  0.22913  0.54010 -0.19374  1.00000  1.00000  0.35080 -0.23221 -0.66228 -0.33979 -0.90489 -0.91880  0.00000  0.00000 -0.46754
8   3  28  552199   0.5000 21:31:09 -2.48807520338E+05 -2.48807520338E+05  0.41458  0.38993  0.22984  0.53986 -0.19437  1.00000  1.00000  0.35046 -0.23445 -0.66228 -0.33478 -0.90489 -0.91880  0.00000  0.00000 -0.46754
8   3  28  568000   0.3684 22:31:09 -2.48829251855E+05 -2.48807520338E+05  0.41443  0.38977  0.22964  0.53974 -0.19153  1.00000  1.00000  0.35030 -0.23445 -0.66228 -0.33478 -0.90489 -0.90831  0.00000  0.00000 -0.46754
8   3  29  570757   0.4000 22:31:09 -2.48807520338E+05 -2.48807520338E+05  0.41443  0.38977  0.22964  0.53974 -0.19153  1.00000  1.00000  0.35030 -0.23445 -0.66228 -0.33478 -0.90489 -0.90831  0.00000  0.00000 -0.46754
8   3  30  595058   0.4000 23:31:09 -2.48839426273E+05 -2.48807520338E+05  0.41443  0.38977  0.22964  0.53974 -0.19153  1.00000  1.00000  0.35030 -0.23445 -0.66228 -0.33478 -0.90489 -0.90831  0.00000  0.00000 -0.46754
8   3  30  612000   0.3386 24:31:09 -2.48817694756E+05 -2.48807520338E+05  0.41458  0.38993  0.22984  0.53986 -0.19437  1.00000  1.00000  0.35046 -0.23445 -0.66228 -0.33478 -0.90489 -0.91880  0.00000  0.00000 -0.46754
8   3  31  619756   0.6000 24:31:09 -2.48807520338E+05 -2.48807520338E+05  0.41458  0.38993  0.22984  0.53986 -0.19437  1.00000  1.00000  0.35046 -0.23445 -0.66228 -0.33478 -0.90489 -0.91880  0.00000  0.00000 -0.46754
8   3  32  643716   0.3000 25:31:09 -2.48817694756E+05 -2.48807520338E+05  0.41458  0.38993  0.22984  0.53986 -0.19437  1.00000  1.00000  0.35046 -0.23445 -0.66228 -0.33478 -0.90489 -0.91880  0.00000  0.00000 -0.46754
8   3  32  656000   0.3106 26:31:09 -2.48817694756E+05 -2.48807520338E+05  0.41458  0.38993  0.22984  0.53986 -0.19437  1.00000  1.00000  0.35046 -0.23445 -0.66228 -0.33478 -0.90489 -0.91880  0.00000  0.00000 -0.46754
8   3 200  667452   0.0000 26:31:09 -2.48807520338E+05 -2.48807520338E+05  0.41458  0.38993  0.22984  0.53986 -0.19437  1.00000  1.00000  0.35046 -0.23445 -0.66228 -0.33478 -0.90489 -0.91880  0.00000  0.00000 -0.46754
