K Run Tem Iterate    Move%     Time        CurrentLogL           BestLogL     Fst1     Fst2     Fst3     Fst4     Fst5     Fst6     Fst7     Fst8     Fis1     Fis2     Fis3     Fis4     Fis5     Fis6     Fis7     Fis8
8   4   1       0   1.0000 31:31:09 -3.13323436153E+05 -3.13323436153E+05 -0.26812 -0.13252  0.10321  0.25180  0.13268 -0.14379 -0.04647  0.19077 -0.21882 -0.16432 -0.11612 -0.24522 -0.17338 -0.12883 -0.13871 -0.21117
8   4   1     100   1.9802 31:31:09 -3.06466424125E+05 -3.06466424125E+05 -0.26812 -0.13252  0.10321  0.25180  0.13268 -0.14379 -0.04647  0.19077 -0.21882 -0.16432 -0.11612 -0.24522 -0.17338 -0.12883 -0.13871 -0.21117
8   4   1     200  31.8408 31:31:09 -2.73199705185E+05 -2.73199705185E+05 -0.26812  0.19077  0.10321 -0.04647  0.25180 -0.14379 -0.13252  0.13268 -0.21882 -0.21117 -0.11612 -0.13871 -0.24522 -0.12883 -0.16432 -0.17338
8   4   1     400  31.4214 31:31:09 -2.60101492836E+05 -2.60101492836E+05  0.19077  0.10321 -0.14379  0.13268  0.25180 -0.13252 -0.26812 -0.04647 -0.21117 -0.11612 -0.12883 -0.17338 -0.24522 -0.16432 -0.21882 -0.13871
8   4   1     800  29.0886 31:31:09 -2.64460154514E+05 -2.54983128216E+05  0.19077  0.10321 -0.04647 -0.14379  0.25180 -0.13252 -0.26812  0.13268 -0.21117 -0.11612 -0.13871 -0.12883 -0.24522 -0.16432 -0.21882 -0.17338
8   4   1    1600  32.2299 31:31:09 -2.62749321154E+05 -2.54983128216E+05  0.10321  0.25180 -0.14379 -0.04647 -0.26812 -0.13252  0.19077  0.13268 -0.11612 -0.24522 -0.12883 -0.13871 -0.21882 -0.16432 -0.21117 -0.17338
8   4   1    3200  28.2724 31:31:09 -2.61816645186E+05 -2.54983128216E+05  0.25180  0.10321 -0.04647 -0.26812 -0.13252 -0.14379  0.19077  0.13268 -0.24522 -0.11612 -0.13871 -0.21882 -0.16432 -0.12883 -0.21117 -0.17338
8   4   1    6400  28.3549 31:31:09 -2.60199427235E+05 -2.53591384004E+05  0.10321  0.13268  0.19077  0.25180 -0.14379 -0.13252 -0.26812 -0.04647 -0.11612 -0.17338 -0.21117 -0.24522 -0.12883 -0.16432 -0.21882 -0.13871
8   4   1   12800  31.0132 32:31:09 -2.62468924580E+05 -2.53591384004E+05 -0.00811  0.41900 -0.01390  0.39934  0.32915  0.29712 -0.00832  0.43426 -0.86878 -0.18126 -0.88538 -0.22645 -0.25903 -0.16788 -0.91666 -0.38291
8   4   2   25600  27.4419 32:31:09 -2.59276650610E+05 -2.53364033300E+05  0.47699  0.52956  0.29428 -0.00937 -0.00950  0.61194  0.37279 -0.00499 -0.54133 -0.87021 -0.14343 -0.91340 -0.83223 -0.90489 -0.22280 -0.86866
8   4   2   28000  23.3344 33:31:09 -2.56431995148E+05 -2.53364033300E+05  0.47699  0.52956  0.61194  0.37279 -0.00937  0.29428 -0.00950 -0.00499 -0.54133 -0.87021 -0.90489 -0.22280 -0.91340 -0.14343 -0.83223 -0.86866
8   4   2   51200  24.8821 34:31:09 -2.61303208431E+05 -2.53364033300E+05  0.50750  0.41860  0.52290  0.04795  0.04713  0.02809  0.05002  0.34928 -0.54822 -0.23687 -0.72348 -0.89075 -0.89021 -0.78655 -0.93487 -0.20246
8   4   3   68000   9.2270 35:31:09 -2.54763758626E+05 -2.51144854680E+05  0.44273  0.59109 -0.06065  0.30699  1.00000 -0.05239  1.00000  0.42348 -0.21891 -0.90267 -0.91615 -0.31330  0.00000 -0.70734  0.00000 -0.46754
8   4   4  102400  14.3562 36:31:09 -2.53553222155E+05 -2.51144854680E+05  0.38837  0.23646  0.49221 -0.17069  0.38066  1.00000 -0.45672  0.50067 -0.22277 -0.33397 -0.63835 -0.87848 -0.27055  0.00000 -0.10410 -0.87945
8   4   4  104000  14.0953 37:31:09 -2.55782516933E+05 -2.51144854680E+05  0.38837  0.23646 -0.17069  0.38066  0.49221  1.00000 -0.45672  0.50067 -0.22277 -0.33397 -0.87848 -0.27055 -0.63835  0.00000 -0.10410 -0.87945
8   4   5  107716  17.6000 37:31:09 -2.58339675996E+05 -2.51144854680E+05  0.38837  0.23646  1.00000  0.49221  0.38066 -0.17069 -0.45672  0.50067 -0.22277 -0.33397  0.00000 -0.63835 -0.27055 -0.87848 -0.10410 -0.87945
8   4   6  148000  10.3657 39:31:09 -2.50029467764E+05 -2.49704692423E+05  0.32693  0.24123  0.54205 -0.18934  1.00000  1.00000  0.39284  0.49242 -0.20454 -0.31010 -0.90489 -0.88190  0.00000  0.00000 -0.66228 -0.87945
8   4   7  172072   4.8000 40:31:09 -2.53751983453E+05 -2.49704692423E+05  0.40476  0.21840  0.53921  1.00000 -0.19662  1.00000  0.32321  1.00000 -0.23267 -0.29861 -0.90489  0.00000 -0.90499  0.00000 -0.34960  0.00000
8   4   7  176000   4.6359 41:31:09 -2.53384614662E+05 -2.49704692423E+05  0.45399  0.25542  0.56054 -0.13980 -0.14130  0.58267  0.51290  0.42209 -0.24787 -0.30560 -0.90489 -0.84597 -0.89904 -0.77576 -0.87945 -0.56210
8   4   8  212000   6.5081 43:31:09 -2.50318544191E+05 -2.49088181171E+05  0.40720  0.23217  0.38919  0.53930  1.00000 -0.19615  1.00000  0.34968 -0.23854 -0.31402 -0.66228 -0.90489  0.00000 -0.89055  0.00000 -0.46754
8   4   9  235671   0.3000 44:31:09 -2.53700042472E+05 -2.48998979501E+05  0.36776  0.47201  0.60176 -0.03084 -0.05095  1.00000  1.00000  0.46639 -0.24160 -0.66228 -0.90489 -0.90028 -0.90528  0.00000  0.00000 -0.54822
8   4   9  256000   2.5565 45:31:09 -2.52883103836E+05 -2.48998979501E+05  0.29814  0.41387  0.55791 -0.14831  1.00000  1.00000  1.00000  0.37595 -0.24160 -0.66228 -0.90489 -0.90039  0.00000  0.00000  0.00000 -0.46754
8   4  10  260020   0.2000 45:31:09 -2.52231954571E+05 -2.48998979501E+05  0.29814  0.41387  0.55791 -0.14831  1.00000  1.00000  1.00000  0.37595 -0.24160 -0.66228 -0.90489 -0.90039  0.00000  0.00000  0.00000 -0.46754
8   4  11  261729   0.0000 45:31:09 -2.52231954571E+05 -2.48998979501E+05  0.29814  0.41387  0.55791 -0.14831  1.00000  1.00000  1.00000  0.37595 -0.24160 -0.66228 -0.90489 -0.90039  0.00000  0.00000  0.00000 -0.46754
8   4  12  262568   0.0000 45:31:09 -2.52231954571E+05 -2.48998979501E+05  0.29814  0.41387  0.55791 -0.14831  1.00000  1.00000  1.00000  0.37595 -0.24160 -0.66228 -0.90489 -0.90039  0.00000  0.00000  0.00000 -0.46754
8   4  13  263432   0.0000 45:31:09 -2.52231954571E+05 -2.48998979501E+05  0.29814  0.41387  0.55791 -0.14831  1.00000  1.00000  1.00000  0.37595 -0.24160 -0.66228 -0.90489 -0.90039  0.00000  0.00000  0.00000 -0.46754
8   4  14  264282   0.0000 45:31:09 -2.52231954571E+05 -2.48998979501E+05  0.29814  0.41387  0.55791 -0.14831  1.00000  1.00000  1.00000  0.37595 -0.24160 -0.66228 -0.90489 -0.90039  0.00000  0.00000  0.00000 -0.46754
8   4  15  265134   0.0000 45:31:09 -2.52231954571E+05 -2.48998979501E+05  0.29814  0.41387  0.55791 -0.14831  1.00000  1.00000  1.00000  0.37595 -0.24160 -0.66228 -0.90489 -0.90039  0.00000  0.00000  0.00000 -0.46754
8   4 200  265136   0.0000 45:31:09 -2.48998979501E+05 -2.48998979501E+05  1.00000  0.41387  1.00000  0.29814 -0.14831  1.00000  0.55791  0.37595  0.00000 -0.66228  0.00000 -0.24160 -0.90039  0.00000 -0.90489 -0.46754
