K Run Tem Iterate    Move%     Time        CurrentLogL           BestLogL     Fst1     Fst2     Fst3     Fst4     Fst5     Fst6     Fst7     Fis1     Fis2     Fis3     Fis4     Fis5     Fis6     Fis7
7   8   1       0   1.0000 51:28:09 -3.15195907338E+05 -3.15195907338E+05  0.07247  0.11600  0.03346 -0.16369  0.10022 -0.02085 -0.13274 -0.21184 -0.15045 -0.16565 -0.17759 -0.12786 -0.15382 -0.13523
7   8   1     100   2.9412 51:28:09 -3.14629697813E+05 -3.14629697813E+05  0.07247  0.11600  0.03346 -0.16369  0.10022 -0.02085 -0.13274 -0.21184 -0.15045 -0.16565 -0.17759 -0.12786 -0.15382 -0.13523
7   8   1     200  29.7030 51:28:09 -2.78632775203E+05 -2.78631926645E+05  0.11600 -0.16369  0.07247  0.10022 -0.13274  0.03346 -0.02085 -0.15045 -0.17759 -0.21184 -0.12786 -0.13523 -0.16565 -0.15382
7   8   1     400  31.8408 51:28:09 -2.58095866612E+05 -2.58095866612E+05  0.11600  0.10022 -0.13274 -0.16369  0.07247  0.03346 -0.02085 -0.15045 -0.12786 -0.13523 -0.17759 -0.21184 -0.16565 -0.15382
7   8   1     800  29.9252 51:28:09 -2.60533622785E+05 -2.57178611661E+05  0.10022  0.03346 -0.13274 -0.16369  0.07247  0.11600 -0.02085 -0.12786 -0.16565 -0.13523 -0.17759 -0.21184 -0.15045 -0.15382
7   8   1    1600  31.9600 51:28:09 -2.58665339172E+05 -2.54932162759E+05  0.10022  0.11600  0.03346 -0.13274 -0.02085 -0.16369  0.07247 -0.12786 -0.15045 -0.16565 -0.13523 -0.15382 -0.17759 -0.21184
7   8   1    3200  33.1355 51:28:09 -2.58211002843E+05 -2.54932162759E+05 -0.13274 -0.02085  0.10022  0.11600 -0.16369  0.07247  0.03346 -0.13523 -0.15382 -0.12786 -0.15045 -0.17759 -0.21184 -0.16565
7   8   1    6400  30.9747 51:28:09 -2.57912265005E+05 -2.54074323490E+05  1.00000  0.59522  0.32323 -0.04809 -0.04441  0.38218  0.43099  0.00000 -0.89017 -0.34509 -0.93359 -0.85029 -0.22757 -0.46754
7   8   1   12800  28.1597 52:28:09 -2.59688666194E+05 -2.51257623147E+05  0.16601  0.35087  0.37622 -0.06954  0.34384 -0.06394  0.43056 -0.11726 -0.27336 -0.49523 -0.85953 -0.23358 -0.91455 -0.20895
7   8   2   25600  25.1590 52:28:09 -2.59893497141E+05 -2.50737865856E+05  0.34899  0.38628  0.32981  0.41820 -0.06840 -0.06432  0.44553 -0.24283 -0.20536 -0.22231 -0.60147 -0.90754 -0.81664 -0.54133
7   8   2   32000  26.7922 53:28:09 -2.55965043962E+05 -2.50737865856E+05  0.50024  0.43562  0.57970  0.38567  0.01775  0.01264  0.02040 -0.21398 -0.51228 -0.87945 -0.28101 -0.82687 -0.87628 -0.96119
7   8   4   51200   6.1681 53:28:09 -2.49599887938E+05 -2.49414670073E+05  0.36525  0.47022  0.59954 -0.03386  1.00000 -0.04807  0.46146 -0.23935 -0.66228 -0.88846 -0.92626  0.00000 -0.81219 -0.54133
7   8   4   76000  14.2612 55:28:09 -2.53473556980E+05 -2.47734148849E+05  1.00000  0.54314 -0.18602  0.44568  0.33750  0.23612  0.35509  0.00000 -0.90489 -0.88868 -0.87865 -0.21584 -0.31418 -0.46754
7   8   5  102400  10.0604 57:28:09 -2.52852951828E+05 -2.47734148849E+05  0.44761  0.35038  1.00000 -0.00257  1.00000  0.00221  0.45480 -0.22641 -0.37682  0.00000 -0.93460  0.00000 -0.78619 -0.46754
7   8   6  104000  15.6218 57:28:09 -2.49414181503E+05 -2.47734148849E+05  0.44761  0.45480  1.00000 -0.00257  1.00000  0.00221  0.35038 -0.22641 -0.46754  0.00000 -0.93460  0.00000 -0.78619 -0.37682
7   8   6  104020  15.3000 57:28:09 -2.49042113652E+05 -2.47734148849E+05  0.44761  0.45480  1.00000 -0.00257  1.00000  0.00221  0.35038 -0.22641 -0.46754  0.00000 -0.93460  0.00000 -0.78619 -0.37682
7   8   7  126143  19.2000 58:28:09 -2.53174030500E+05 -2.47734148849E+05  0.37221  0.28085  1.00000 -0.10332  1.00000  1.00000  0.40023 -0.22246 -0.33172  0.00000 -0.88161  0.00000  0.00000 -0.46754
7   8   8  138302  14.9000 59:28:09 -2.52099064701E+05 -2.47734148849E+05  0.39894  0.27974 -0.10707  1.00000  1.00000  1.00000  0.42555 -0.22770 -0.35523 -0.88407  0.00000  0.00000  0.00000 -0.54133
7   8   8  140000  17.5905 59:28:09 -2.49173020063E+05 -2.47625156772E+05  0.39894  1.00000  1.00000  0.27974 -0.10707  1.00000  0.42555 -0.22770  0.00000  0.00000 -0.35523 -0.88407  0.00000 -0.54133
7   8   9  166804   5.9000 00:29:09 -2.48927256810E+05 -2.46009803666E+05  0.44463  0.30853  0.59237 -0.05576  1.00000 -0.06611  0.54819 -0.21632 -0.30306 -0.90489 -0.90363  0.00000 -0.84593 -0.87945
7   8   9  172000   6.6803 01:29:09 -2.51170377442E+05 -2.46009803666E+05  0.37430  0.22939  0.54534  1.00000 -0.18053  1.00000  0.35820 -0.21701 -0.35077 -0.90489  0.00000 -0.88463  0.00000 -0.46754
7   8  10  177130   5.3000 01:29:09 -2.48964876676E+05 -2.46009803666E+05  0.34809  0.23173  0.54670  1.00000 -0.17686  1.00000  0.49757 -0.20326 -0.34335 -0.90489  0.00000 -0.88343  0.00000 -0.87945
7   8  11  204000   6.7392 03:29:09 -2.46545562411E+05 -2.45892280550E+05  0.45452  0.45207  0.30537  0.58673 -0.06966 -0.07682  0.41662 -0.22260 -0.66228 -0.34876 -0.90489 -0.86756 -0.91212 -0.46754
7   8  12  219200   6.6000 03:29:09 -2.46604274630E+05 -2.45892280550E+05  0.39230  0.23165  0.39179  0.54126 -0.19090  1.00000  0.49154 -0.22554 -0.33735 -0.66228 -0.90489 -0.88868  0.00000 -0.87945
7   8  13  240000   4.3864 05:29:09 -2.47064675976E+05 -2.45892280550E+05  0.40481  0.23086  0.39074  0.54047 -0.19299  1.00000  0.38066 -0.22934 -0.33478 -0.66228 -0.90489 -0.88659  0.00000 -0.54133
7   8  14  251535   1.6000 05:29:09 -2.46758239438E+05 -2.45892280550E+05  0.40281  0.22887  0.53979 -0.19161  0.38984  1.00000  0.35036 -0.23255 -0.33387 -0.90489 -0.89133 -0.66228  0.00000 -0.46754
7   8  15  269900   2.5000 06:29:09 -2.46437830864E+05 -2.45892280550E+05  0.39426  0.39081  0.22924  0.54052 -0.19288  1.00000  0.35140 -0.22702 -0.66228 -0.34954 -0.90489 -0.90417  0.00000 -0.46754
7   8  15  276000   2.0418 07:29:09 -2.46397943304E+05 -2.45892280550E+05  0.40572  0.39017  0.23028  0.54004 -0.19413  1.00000  0.35072 -0.23146 -0.66228 -0.33909 -0.90489 -0.90417  0.00000 -0.46754
7   8  16  292495   1.8000 07:29:09 -2.46464863729E+05 -2.45892280550E+05  0.41654  0.38911  0.23256  0.53924 -0.19620  1.00000  0.34959 -0.24137 -0.66228 -0.31740 -0.90489 -0.90417  0.00000 -0.46754
7   8  17  312000   6.2500 09:29:09 -2.46318991991E+05 -2.45892280550E+05  0.40487  0.23077  0.39067  0.54041 -0.19326  1.00000  0.38419 -0.23001 -0.33478 -0.66228 -0.90489 -0.89055  0.00000 -0.54822
7   8  17  312774   1.1000 09:29:09 -2.46127162091E+05 -2.45892280550E+05  0.40487  0.39067  0.23077  0.54041 -0.19326  1.00000  0.38419 -0.23001 -0.66228 -0.33478 -0.90489 -0.89055  0.00000 -0.54822
7   8  18  334426   0.7000 10:29:09 -2.46309477852E+05 -2.45892280550E+05  0.41413  0.38946  0.22925  0.53951 -0.19590  1.00000  0.34997 -0.23445 -0.66228 -0.33478 -0.90489 -0.88684  0.00000 -0.46754
7   8  18  340000   1.6699 11:29:09 -2.46431449704E+05 -2.45892280550E+05  0.39713  0.39175  0.23213  0.54123  1.00000 -0.19118  0.49150 -0.22715 -0.66228 -0.33478 -0.90489  0.00000 -0.89445 -0.87945
7   8  19  351009   1.6000 12:29:09 -2.46446292233E+05 -2.45892280550E+05  0.39502  0.39024  0.23004  0.54009  1.00000 -0.19400  0.35079 -0.22324 -0.66228 -0.34323 -0.90489  0.00000 -0.88429 -0.46754
7   8  19  352000   1.8083 13:29:09 -2.46307798629E+05 -2.45892280550E+05  0.39502  0.39024  0.23004  0.54009 -0.19400  1.00000  0.35079 -0.22324 -0.66228 -0.34323 -0.90489 -0.88429  0.00000 -0.46754
7   8  20  372000   0.8214 15:29:09 -2.46146878147E+05 -2.45892280550E+05  0.41443  0.38978  0.22965  0.53974  1.00000 -0.19489  0.35030 -0.23445 -0.66228 -0.33478 -0.90489  0.00000 -0.90417 -0.46754
7   8  20  372434   1.4000 15:29:09 -2.46231134775E+05 -2.45892280550E+05  0.41443  0.38978  0.22965  0.53974  1.00000 -0.19489  0.35030 -0.23445 -0.66228 -0.33478 -0.90489  0.00000 -0.90417 -0.46754
7   8  21  391248   0.6000 16:29:09 -2.46026522989E+05 -2.45892280550E+05  0.41443  0.38978  0.22965  0.53974 -0.19489  1.00000  0.35030 -0.23445 -0.66228 -0.33478 -0.90489 -0.90417  0.00000 -0.46754
7   8  21  400000   0.8923 17:29:09 -2.45925547038E+05 -2.45892280550E+05  0.41430  0.38964  0.22947  0.53964 -0.19500  1.00000  0.35015 -0.23445 -0.66228 -0.33478 -0.90489 -0.90098  0.00000 -0.46754
7   8  22  413848   0.4000 17:29:09 -2.45992789772E+05 -2.45892280550E+05  0.41952  0.23031  0.38943  0.53948 -0.19557  1.00000  0.34993 -0.23480 -0.32976 -0.66228 -0.90489 -0.90417  0.00000 -0.46754
7   8  23  436000   0.4684 19:29:09 -2.45902454968E+05 -2.45892280550E+05  0.40127  0.39023  0.22832  0.54008 -0.19412  1.00000  0.35078 -0.22902 -0.66228 -0.34443 -0.90489 -0.89055  0.00000 -0.46754
7   8  23  436488   0.5000 19:29:09 -2.45998698010E+05 -2.45892280550E+05  0.40127  0.39023  0.22832  0.54008 -0.19412  1.00000  0.35078 -0.22902 -0.66228 -0.34443 -0.90489 -0.89055  0.00000 -0.46754
7   8 200  444252   0.0000 19:29:09 -2.45892280550E+05 -2.45892280550E+05  0.42395  0.38915  0.23131  0.53927 -0.19613  1.00000  0.34963 -0.24378 -0.66228 -0.32083 -0.90489 -0.90417  0.00000 -0.46754
