K Run Tem Iterate    Move%     Time        CurrentLogL           BestLogL     Fst1     Fst2     Fst3     Fst4     Fst5     Fst6     Fst7     Fis1     Fis2     Fis3     Fis4     Fis5     Fis6     Fis7
7   9   1       0   1.0000 24:29:09 -3.14681629204E+05 -3.14681629204E+05 -0.00018  0.07258 -0.24597 -0.00069 -0.08485  0.12558  0.14738 -0.14987 -0.17161 -0.23193 -0.18035 -0.09560 -0.16050 -0.12547
7   9   1     100   1.9048 24:29:09 -3.13343283315E+05 -3.13343283315E+05 -0.00018  0.12558 -0.24597 -0.00069 -0.08485  0.14738  0.07258 -0.14987 -0.16050 -0.23193 -0.18035 -0.09560 -0.12547 -0.17161
7   9   1     200  24.8804 24:29:09 -2.81929002151E+05 -2.81929002151E+05 -0.00018  0.12558 -0.00069  0.14738 -0.08485 -0.24597  0.07258 -0.14987 -0.16050 -0.18035 -0.12547 -0.09560 -0.23193 -0.17161
7   9   1     400  29.0954 24:29:09 -2.58495570050E+05 -2.57827926062E+05  0.12558  0.14738  0.07258 -0.24597 -0.08485 -0.00069 -0.00018 -0.16050 -0.12547 -0.17161 -0.23193 -0.09560 -0.18035 -0.14987
7   9   1     800  31.6440 24:29:09 -2.54224000490E+05 -2.52629688253E+05 -0.08485  0.14738  0.12558 -0.00069 -0.24597  0.07258 -0.00018 -0.09560 -0.12547 -0.16050 -0.18035 -0.23193 -0.17161 -0.14987
7   9   1    1600  35.3636 24:29:09 -2.57493902616E+05 -2.52629688253E+05  0.14738 -0.00069 -0.08485  0.07258 -0.00018  0.12558 -0.24597 -0.12547 -0.18035 -0.09560 -0.17161 -0.14987 -0.16050 -0.23193
7   9   1    3200  36.5223 24:29:09 -2.58201916458E+05 -2.52629688253E+05 -0.00069  0.14738 -0.24597  0.07258  0.12558 -0.08485 -0.00018 -0.18035 -0.12547 -0.23193 -0.17161 -0.16050 -0.09560 -0.14987
7   9   1    6400  32.5948 24:29:09 -2.59237977232E+05 -2.52629688253E+05  0.31325  0.38405  0.46231 -0.07261 -0.09453  0.33302  0.43594 -0.28638 -0.22891 -0.72348 -0.88659 -0.89993 -0.24329 -0.20307
7   9   1   12800  30.5488 24:29:09 -2.59842599420E+05 -2.52629688253E+05  0.44392  0.46036  0.32962  0.35737  0.00816  0.01631  0.01757 -0.33673 -0.21698 -0.22866 -0.29604 -0.87810 -0.83575 -0.94412
7   9   2   25600  28.5541 25:29:09 -2.53709841646E+05 -2.52460408741E+05  0.57388  0.45699  0.40810  0.00496 -0.00848  0.00469  0.35384 -0.87945 -0.20466 -0.17594 -0.82518 -0.92458 -0.91919 -0.31466
7   9   2   36000  29.1348 26:29:09 -2.58296003106E+05 -2.52460408741E+05  0.46832  0.40908  0.36569  0.00089  0.01204  0.01300  0.41550 -0.21506 -0.21168 -0.40834 -0.86992 -0.85234 -0.93392 -0.33433
7   9   3   51200  19.1733 27:29:09 -2.56074580521E+05 -2.51156644293E+05  0.40802 -0.33462  0.30695 -0.06150  1.00000  0.35227  1.00000 -0.22775 -0.07372 -0.34263 -0.89133  0.00000 -0.21856  0.00000
7   9   3   64000  13.9444 28:29:09 -2.56169300255E+05 -2.51156644293E+05  0.53988  0.38707  1.00000  0.01665  1.00000  0.48800  0.01175 -0.86331 -0.22441  0.00000 -0.90028  0.00000 -0.54133 -0.83223
7   9   4   96000  16.6606 30:29:09 -2.54340575660E+05 -2.49522336835E+05  0.37703  0.46911 -0.02414  0.51919 -0.01993  1.00000  0.56297 -0.24309 -0.62257 -0.88109 -0.84667 -0.93831  0.00000 -0.87945
7   9   5  102400  15.4259 30:29:09 -2.52770713378E+05 -2.49522336835E+05  0.27990  1.00000  1.00000 -0.10781  0.34740  1.00000  0.39767 -0.26230  0.00000  0.00000 -0.90056 -0.22418  0.00000 -0.46754
7   9   5  128000  13.1380 32:29:09 -2.53202601510E+05 -2.48378605918E+05  0.37949  0.43643 -0.02854  1.00000 -0.02799  0.21809  0.42327 -0.24695 -0.56522 -0.89687  0.00000 -0.82919 -0.04085 -0.41329
7   9   6  135319  16.3000 32:29:09 -2.53047534201E+05 -2.48378605918E+05  0.37713  0.26671  0.47064 -0.12396  1.00000  1.00000  0.38721 -0.21769 -0.30918 -0.84667 -0.89356  0.00000  0.00000 -0.46754
7   9   6  160000  13.1630 34:29:09 -2.51989485836E+05 -2.47155920808E+05  0.31227  0.42127 -0.13321  1.00000  1.00000  0.51618  0.42599 -0.24536 -0.66228 -0.88659  0.00000  0.00000 -0.87945 -0.56210
7   9   7  169056  19.0000 34:29:09 -2.53974160737E+05 -2.47155920808E+05  0.33817  0.33972  0.44545 -0.08675  1.00000  1.00000  1.00000 -0.25244 -0.24745 -0.66228 -0.89177  0.00000  0.00000  0.00000
7   9   8  177635   0.0000 34:29:09 -2.51946040647E+05 -2.47155920808E+05  0.34506  0.44872 -0.07993  1.00000  1.00000  1.00000  0.41305 -0.24592 -0.66228 -0.88879  0.00000  0.00000  0.00000 -0.46754
7   9   9  178509   0.4000 34:29:09 -2.51946040647E+05 -2.47155920808E+05  0.34506  0.44872 -0.07993  1.00000  1.00000  1.00000  0.41305 -0.24592 -0.66228 -0.88879  0.00000  0.00000  0.00000 -0.46754
7   9   9  200000   4.4591 36:29:09 -2.46563888404E+05 -2.46250050087E+05  0.35870  1.00000  0.22922  0.54571 -0.17627  1.00000  0.39128 -0.20734  0.00000 -0.34640 -0.90489 -0.89133  0.00000 -0.54822
7   9  10  213629   3.5000 36:29:09 -2.47962779878E+05 -2.45925547038E+05  0.37882  0.23124  0.54545 -0.17986  1.00000  1.00000  0.35835 -0.21508 -0.35634 -0.90489 -0.91880  0.00000  0.00000 -0.46754
7   9  11  234309   5.0000 37:29:09 -2.48455951531E+05 -2.45925547038E+05  0.40330  0.22464  0.54231 -0.18543  1.00000  1.00000  0.35393 -0.22982 -0.32450 -0.90489 -0.88616  0.00000  0.00000 -0.46754
7   9  11  240000   5.9979 38:29:09 -2.46624069293E+05 -2.45925547038E+05  0.40046  0.38954  0.22998  0.53956 -0.19552  1.00000  0.35005 -0.22943 -0.66228 -0.32398 -0.90489 -0.88372  0.00000 -0.46754
7   9  12  242855   4.8000 38:29:09 -2.46010370891E+05 -2.45925547038E+05  0.40579  0.23457  0.39074  0.54047 -0.19339  1.00000  0.49066 -0.22928 -0.31716 -0.66228 -0.90489 -0.88684  0.00000 -0.87945
7   9  13  268013   3.6000 39:29:09 -2.46272750816E+05 -2.45892280550E+05  0.45944  0.30956  0.45215  0.58678 -0.06973  0.54200 -0.07632 -0.23375 -0.32524 -0.66228 -0.90489 -0.87834 -0.87945 -0.90008
7   9  13  272000   3.7878 40:29:09 -2.46324358731E+05 -2.45892280550E+05  0.39560  0.37488  0.21184  0.52851 -0.22400  0.37997  0.47740 -0.22326 -0.66228 -0.32534 -0.90489 -0.88868 -0.56210 -0.87945
7   9  14  284969   2.1000 40:29:09 -2.46410198353E+05 -2.45892280550E+05  0.40840  0.38996  0.22876  0.53988 -0.19437  1.00000  0.35049 -0.23221 -0.66228 -0.33979 -0.90489 -0.90098  0.00000 -0.46754
7   9  15  304000   1.6854 42:29:09 -2.46400491496E+05 -2.45892280550E+05  0.40187  0.37478  0.21228  0.52843 -0.22419  0.47732  0.37988 -0.24319 -0.66228 -0.32311 -0.90489 -0.88868 -0.87945 -0.56210
7   9  16  317979   3.0000 42:29:09 -2.46060682249E+05 -2.45892280550E+05  0.39237  0.37555  0.21085  0.52901 -0.22268  0.47796  0.38064 -0.23053 -0.66228 -0.33894 -0.90489 -0.88868 -0.87945 -0.56210
7   9  17  334623   1.1000 43:29:09 -2.46607449738E+05 -2.45892280550E+05  0.38952  0.23191  0.39200  0.54142 -0.19071  1.00000  0.49171 -0.22678 -0.33630 -0.66228 -0.90489 -0.88738  0.00000 -0.87945
7   9  17  336000   1.4101 44:29:09 -2.46224961123E+05 -2.45892280550E+05  0.38952  0.39200  0.23191  0.54142 -0.19071  1.00000  0.49171 -0.22678 -0.66228 -0.33630 -0.90489 -0.88738  0.00000 -0.87945
7   9  18  353579   1.0000 45:29:09 -2.46139441073E+05 -2.45892280550E+05  0.41416  0.38949  0.22928  0.53953 -0.19228  1.00000  0.35000 -0.23445 -0.66228 -0.33478 -0.90489 -0.89133  0.00000 -0.46754
7   9  19  376887   0.7000 46:29:09 -2.46223697701E+05 -2.45892280550E+05  0.41651  0.38919  0.23023  0.53930 -0.19623  1.00000  0.34967 -0.24041 -0.66228 -0.32487 -0.90489 -0.88413  0.00000 -0.46754
7   9  19  380000   1.2164 46:29:09 -2.46288413649E+05 -2.45892280550E+05  0.41651  0.38919  0.23023  0.53930 -0.19623  1.00000  0.34967 -0.24041 -0.66228 -0.32487 -0.90489 -0.88413  0.00000 -0.46754
7   9  20  399263   1.1000 47:29:09 -2.46104457617E+05 -2.45892280550E+05  0.42395  0.38886  0.23086  0.53905 -0.19668  1.00000  0.34932 -0.23791 -0.66228 -0.32339 -0.90489 -0.88659  0.00000 -0.46754
7   9  21  407756   0.8000 47:29:09 -2.46165033139E+05 -2.45892280550E+05  0.40626  0.38982  0.22889  0.53978 -0.19519  1.00000  0.35035 -0.23053 -0.66228 -0.33894 -0.90489 -0.88684  0.00000 -0.46754
7   9  21  416000   1.0583 48:29:09 -2.46109113065E+05 -2.45892280550E+05  0.41413  0.38946  0.22925  0.53951 -0.19590  1.00000  0.34997 -0.23445 -0.66228 -0.33478 -0.90489 -0.88684  0.00000 -0.46754
7   9  22  428688   1.4000 48:29:09 -2.46143378998E+05 -2.45892280550E+05  0.41275  0.38953  0.22929  0.53956 -0.19548  1.00000  0.35004 -0.23220 -0.66228 -0.33430 -0.90489 -0.89055  0.00000 -0.46754
7   9  23  448485   0.7000 49:29:09 -2.46153553416E+05 -2.45892280550E+05  0.40817  0.38972  0.22847  0.53970 -0.19517  1.00000  0.35024 -0.23221 -0.66228 -0.33979 -0.90489 -0.88372  0.00000 -0.46754
7   9  23  452000   0.7799 50:29:09 -2.46143378998E+05 -2.45892280550E+05  0.40817  0.38972  0.22847  0.53970 -0.19517  1.00000  0.35024 -0.23221 -0.66228 -0.33979 -0.90489 -0.88372  0.00000 -0.46754
7   9  24  484000   0.7274 52:29:09 -2.46211483528E+05 -2.45892280550E+05  0.40817  0.22847  0.38972  0.53970 -0.19517  1.00000  0.35024 -0.23221 -0.33979 -0.66228 -0.90489 -0.88372  0.00000 -0.46754
7   9  25  488603   0.6000 52:29:09 -2.46143378998E+05 -2.45892280550E+05  0.41407  0.38940  0.22917  0.53946 -0.19579  1.00000  0.34990 -0.23445 -0.66228 -0.33478 -0.90489 -0.88372  0.00000 -0.46754
7   9 200  494614   0.0000 52:29:09 -2.45892280550E+05 -2.45892280550E+05  0.41278  0.38956  0.22927  0.53958  1.00000 -0.19525  0.35007 -0.23220 -0.66228 -0.33897 -0.90489  0.00000 -0.88868 -0.46754
