K Run Tem Iterate    Move%     Time        CurrentLogL           BestLogL     Fst1     Fst2     Fst3     Fst4     Fst5     Fst6     Fst7     Fis1     Fis2     Fis3     Fis4     Fis5     Fis6     Fis7
7   7   1       0   1.0000 20:28:09 -3.14029077404E+05 -3.14029077404E+05 -0.07035 -0.14094 -0.01265  0.07660  0.20561  0.08170 -0.12658 -0.16889 -0.15130 -0.09216 -0.12234 -0.17552 -0.20896 -0.20592
7   7   1     100   1.9802 20:28:09 -3.08699810403E+05 -3.08699810403E+05  0.08170 -0.14094 -0.01265  0.07660  0.20561 -0.07035 -0.12658 -0.20896 -0.15130 -0.09216 -0.12234 -0.17552 -0.16889 -0.20592
7   7   1     200  35.1485 20:28:09 -2.79981984928E+05 -2.79981984928E+05  0.08170 -0.14094  0.20561 -0.01265 -0.07035  0.07660 -0.12658 -0.20896 -0.15130 -0.17552 -0.09216 -0.16889 -0.12234 -0.20592
7   7   1     400  41.2935 20:28:09 -2.58800634930E+05 -2.56734208714E+05 -0.12658 -0.01265  0.08170 -0.14094  0.20561 -0.07035  0.07660 -0.20592 -0.09216 -0.20896 -0.15130 -0.17552 -0.16889 -0.12234
7   7   1     800  37.1571 20:28:09 -2.57757415940E+05 -2.56734208714E+05 -0.12658  0.20561  0.08170 -0.01265 -0.07035 -0.14094  0.07660 -0.20592 -0.17552 -0.20896 -0.09216 -0.16889 -0.15130 -0.12234
7   7   1    1600  32.1473 20:28:09 -2.58826066634E+05 -2.54840550894E+05 -0.12658  0.08170 -0.01265 -0.14094 -0.07035  0.07660  0.20561 -0.20592 -0.20896 -0.09216 -0.15130 -0.16889 -0.12234 -0.17552
7   7   1    3200  30.7308 20:28:09 -2.56214930050E+05 -2.52281528215E+05  0.08170  0.20561 -0.07035 -0.01265 -0.14094 -0.12658  0.07660 -0.20896 -0.17552 -0.16889 -0.09216 -0.15130 -0.20592 -0.12234
7   7   1    6400  29.4127 21:28:09 -2.57317293567E+05 -2.52281528215E+05  0.39580  0.36805  0.44798  0.01685 -0.00504  0.01556  0.46347 -0.23743 -0.36899 -0.21417 -0.88712 -0.78655 -0.91556 -0.46754
7   7   1   12800  30.3078 21:28:09 -2.55452461202E+05 -2.52281528215E+05  0.35170  0.35125  0.01448  0.00078  0.43365  0.01333  0.46726 -0.32109 -0.22484 -0.90147 -0.81219 -0.22045 -0.91347 -0.37084
7   7   2   20000  24.9235 22:28:09 -2.53827317178E+05 -2.51712583564E+05  0.48542  0.51559  0.00574  0.00095  0.36481 -0.00071  0.33705 -0.54822 -0.20919 -0.91356 -0.81166 -0.24432 -0.88309 -0.16055
7   7   2   25600  23.5587 22:28:09 -2.58716657415E+05 -2.50415863807E+05  0.42233  0.38468  0.01661  0.01524  0.00837  0.52787  0.40549 -0.31271 -0.44772 -0.90747 -0.92345 -0.85160 -0.51964 -0.22280
7   7   3   51200   5.8659 23:28:09 -2.49586198021E+05 -2.48806576299E+05  0.36879  0.47205  0.50492 -0.03074 -0.05295  0.55863  1.00000 -0.23683 -0.66228 -0.60606 -0.90482 -0.78655 -0.87945  0.00000
7   7   3   56000   5.4893 24:28:09 -2.53705537087E+05 -2.48806576299E+05  0.36879  0.47205 -0.03074  0.50492 -0.05295  1.00000  0.55863 -0.23683 -0.66228 -0.90482 -0.60606 -0.78655  0.00000 -0.87945
7   7   4   92000  15.0417 26:28:09 -2.52473303811E+05 -2.46776871156E+05  0.36289  0.28962 -0.17908  1.00000  0.24161  0.39814  0.38818 -0.21915 -0.38843 -0.88407  0.00000 -0.33448 -0.66228 -0.54133
7   7   5  102400   1.7689 26:28:09 -2.55749701371E+05 -2.46776871156E+05  0.32356  0.47939 -0.06222  0.61159 -0.06156  1.00000  0.44875 -0.21393 -0.54758 -0.89183 -0.77576 -0.83338  0.00000 -0.54133
7   7   6  114501   1.7000 27:28:09 -2.53589630021E+05 -2.46776871156E+05  0.57609  0.38975  0.48769  0.01032  0.00641  1.00000  1.00000 -0.87945 -0.23489 -0.63488 -0.92250 -0.80402  0.00000  0.00000
7   7   6  128000   9.3369 28:28:09 -2.53241790065E+05 -2.46776871156E+05  0.37533  1.00000 -0.09975  0.28780  1.00000  1.00000  0.42914 -0.22409  0.00000 -0.89963 -0.37160  0.00000  0.00000 -0.54133
7   7   8  138105   0.5000 28:28:09 -2.51862417665E+05 -2.46776871156E+05  0.34094  1.00000 -0.07440  0.49647  1.00000  1.00000  0.41419 -0.23742  0.00000 -0.88584 -0.87865  0.00000  0.00000 -0.46754
7   7   9  156974   8.2000 29:28:09 -2.51741702118E+05 -2.46776871156E+05  0.38661  0.22972  0.39065 -0.19302  0.56355  1.00000  0.35123 -0.25538 -0.33605 -0.66228 -0.90098 -0.77576  0.00000 -0.46754
7   7   9  168000   8.1402 30:28:09 -2.50118995538E+05 -2.46776871156E+05  0.45695  0.47428  0.33974 -0.02632 -0.03472  1.00000  0.56050 -0.22535 -0.66228 -0.31833 -0.91300 -0.83995  0.00000 -0.87945
7   7  10  192836   0.9000 31:28:09 -2.47270813775E+05 -2.45942266361E+05  0.38871  0.23583  0.39164  0.54115 -0.19142  1.00000  0.49141 -0.22258 -0.32370 -0.66228 -0.90489 -0.88738  0.00000 -0.87945
7   7  10  208000   3.9739 32:28:09 -2.46416800790E+05 -2.45902454968E+05  0.38147  0.23238  0.39211  0.54150 -0.19015  0.49181  1.00000 -0.21395 -0.33479 -0.66228 -0.90489 -0.90098 -0.87945  0.00000
7   7  11  221685   5.4000 32:28:09 -2.46336671036E+05 -2.45902454968E+05  0.47250  0.46463  0.30713  0.58722 -0.07226 -0.06775  0.41732 -0.23147 -0.72214 -0.32598 -0.90489 -0.88179 -0.93263 -0.46754
7   7  12  240000   4.3737 34:28:09 -2.46679289450E+05 -2.45902454968E+05  0.38804  0.22977  0.39155  0.54108 -0.19135  0.38149  1.00000 -0.22769 -0.35217 -0.66228 -0.90489 -0.88868 -0.54133  0.00000
7   7  13  268000   3.3270 36:28:09 -2.46361959646E+05 -2.45892280550E+05  0.41443  0.22965  0.38978  0.53974 -0.19489  1.00000  0.35030 -0.23445 -0.33478 -0.66228 -0.90489 -0.90417  0.00000 -0.46754
7   7  14  280967   1.7000 36:28:09 -2.46562715975E+05 -2.45892280550E+05  0.41430  0.22947  0.38964  0.53964 -0.19531  1.00000  0.35015 -0.23445 -0.33478 -0.66228 -0.90489 -0.89445  0.00000 -0.46754
7   7  15  304000   2.7117 38:28:09 -2.45964439208E+05 -2.45892280550E+05  0.37509  0.37640  0.21273  0.52966 -0.22102  0.47868  0.38148 -0.22747 -0.66228 -0.34592 -0.90489 -0.88868 -0.87945 -0.56210
7   7  17  336000   1.9582 40:28:09 -2.46038521418E+05 -2.45892280550E+05  0.38964  0.37560  0.21172  0.52905 -0.22259  0.47801  0.38069 -0.22305 -0.66228 -0.34135 -0.90489 -0.88868 -0.87945 -0.56210
7   7  18  341471   2.1000 40:28:09 -2.46062815316E+05 -2.45892280550E+05  0.39439  0.37551  0.21050  0.52898 -0.22276  0.47793  0.38060 -0.23221 -0.66228 -0.33979 -0.90489 -0.88868 -0.87945 -0.56210
7   7  19  357370   1.8000 41:28:09 -2.45954264790E+05 -2.45892280550E+05  0.40191  0.39088  0.22915  0.54057 -0.19268  0.38080  1.00000 -0.22902 -0.66228 -0.34443 -0.90489 -0.88868 -0.54133  0.00000
7   7  19  368000   1.3653 42:28:09 -2.45964439208E+05 -2.45892280550E+05  0.40037  0.37512  0.21114  0.52869 -0.22353  0.47760  0.38021 -0.23445 -0.66228 -0.33478 -0.90489 -0.88868 -0.87945 -0.56210
7   7  20  372842   0.6000 42:28:09 -2.46038521418E+05 -2.45892280550E+05  0.39887  0.37510  0.21108  0.52868 -0.22356  0.47759  0.38019 -0.23220 -0.66228 -0.33430 -0.90489 -0.88868 -0.87945 -0.56210
7   7  22  400000   0.8381 44:28:09 -2.45954264790E+05 -2.45892280550E+05  0.40037  0.37512  0.21114  0.52869 -0.22353  0.47760  0.38021 -0.23445 -0.66228 -0.33478 -0.90489 -0.88868 -0.87945 -0.56210
7   7  23  409191   1.0000 44:28:09 -2.45954264790E+05 -2.45892280550E+05  0.40553  0.37471  0.21175  0.52838 -0.22433  0.47726  0.37980 -0.23480 -0.66228 -0.32976 -0.90489 -0.88868 -0.87945 -0.56210
7   7  25  430297   0.3000 45:28:09 -2.45964439208E+05 -2.45892280550E+05  0.40037  0.37512  0.21114  0.52869 -0.22353  0.47760  0.38021 -0.23445 -0.66228 -0.33478 -0.90489 -0.88868 -0.87945 -0.56210
7   7  25  432000   0.7457 46:28:09 -2.45964439208E+05 -2.45892280550E+05  0.40037  0.37512  0.21114  0.52869 -0.22353  0.47760  0.38021 -0.23445 -0.66228 -0.33478 -0.90489 -0.88868 -0.87945 -0.56210
7   7  26  445675   0.8000 46:28:09 -2.45964439208E+05 -2.45892280550E+05  0.39439  0.37551  0.21050  0.52898 -0.22276  0.47793  0.38060 -0.23221 -0.66228 -0.33979 -0.90489 -0.88868 -0.87945 -0.56210
7   7 200  464924   0.0000 47:28:09 -2.45892280550E+05 -2.45892280550E+05  0.40853  0.39010  0.22894  0.53998 -0.19427  1.00000  0.35064 -0.23221 -0.66228 -0.33979 -0.90489 -0.90417  0.00000 -0.46754
