Iter   Tolerance Admix(mean)   Admix(SD)    Fst1    Fst2    Fst3    Fst4   QPop1   QPop2   QPop3   QPop4
   1  2.3876E-02    0.633468    0.123286  0.2981 -0.2311  0.2178  0.1307  0.2978  0.2130  0.2683  0.2208
   2  1.4401E-02    0.445025    0.223310  0.3893 -0.1320  0.2654  0.2399  0.3600  0.1856  0.3141  0.1403
   3  3.5827E-03    0.357690    0.223285  0.4215 -0.1169  0.2859  0.2800  0.3835  0.1816  0.3139  0.1210
   4  2.0163E-03    0.309754    0.211464  0.4325 -0.1103  0.2981  0.3288  0.3973  0.1774  0.3109  0.1144
   5  1.3827E-03    0.265101    0.204240  0.4409 -0.0977  0.3104  0.3325  0.4135  0.1732  0.3134  0.0999
   6  5.2804E-04    0.231110    0.200490  0.4468 -0.0867  0.3196  0.3148  0.4361  0.1715  0.3141  0.0784
   7  2.9130E-04    0.210565    0.200255  0.4502 -0.0792  0.3268  0.2979  0.4562  0.1707  0.3101  0.0630
   8  1.2962E-04    0.202476    0.200740  0.4514 -0.0758  0.3326  0.2945  0.4698  0.1702  0.3036  0.0564
   9  8.7990E-05    0.199189    0.203313  0.4519 -0.0738  0.3386  0.2953  0.4804  0.1701  0.2963  0.0532
  10  6.6213E-05    0.197798    0.206412  0.4521 -0.0723  0.3448  0.2969  0.4886  0.1701  0.2895  0.0517
  11  5.1563E-05    0.197093    0.209192  0.4521 -0.0710  0.3512  0.2986  0.4955  0.1701  0.2834  0.0510
  12  4.1397E-05    0.196577    0.211569  0.4521 -0.0699  0.3577  0.3001  0.5015  0.1701  0.2778  0.0506
  13  3.4441E-05    0.196202    0.213630  0.4522 -0.0689  0.3642  0.3013  0.5068  0.1702  0.2727  0.0503
  14  2.8874E-05    0.195876    0.215270  0.4522 -0.0679  0.3705  0.3025  0.5117  0.1702  0.2681  0.0501
  15  2.4299E-05    0.195758    0.216360  0.4522 -0.0670  0.3766  0.3035  0.5161  0.1702  0.2638  0.0499
  16  2.4038E-05    0.196220    0.216734  0.4522 -0.0661  0.3825  0.3044  0.5203  0.1702  0.2597  0.0498
  17  2.3633E-05    0.196736    0.216912  0.4522 -0.0653  0.3882  0.3053  0.5243  0.1702  0.2558  0.0497
  18  1.5228E-05    0.196687    0.217267  0.4521 -0.0646  0.3935  0.3060  0.5277  0.1701  0.2525  0.0496
  19  1.2399E-05    0.196493    0.217567  0.4521 -0.0639  0.3984  0.3067  0.5308  0.1702  0.2495  0.0496
  20  9.9266E-06    0.196246    0.217769  0.4520 -0.0633  0.4028  0.3074  0.5335  0.1702  0.2468  0.0495
  21  7.6367E-06    0.196011    0.217871  0.4518 -0.0628  0.4068  0.3079  0.5359  0.1702  0.2445  0.0495
  22  5.6585E-06    0.195748    0.217962  0.4517 -0.0624  0.4104  0.3084  0.5379  0.1702  0.2425  0.0494
  23  3.6399E-06    0.195494    0.218026  0.4515 -0.0621  0.4135  0.3088  0.5394  0.1702  0.2410  0.0494
  24  2.3129E-06    0.195311    0.218049  0.4513 -0.0618  0.4161  0.3091  0.5406  0.1702  0.2398  0.0494
  25  1.4731E-06    0.195178    0.218068  0.4511 -0.0617  0.4184  0.3093  0.5416  0.1702  0.2389  0.0494
  26  8.9519E-07    0.195050    0.218104  0.4509 -0.0616  0.4203  0.3096  0.5423  0.1702  0.2382  0.0494
  27  5.4818E-07    0.194973    0.218133  0.4507 -0.0615  0.4219  0.3097  0.5428  0.1702  0.2377  0.0494
  28  3.2111E-07    0.194927    0.218170  0.4506 -0.0615  0.4232  0.3099  0.5432  0.1702  0.2373  0.0494
  29  2.1129E-07    0.194890    0.218224  0.4504 -0.0614  0.4243  0.3100  0.5435  0.1702  0.2370  0.0494
  30  1.4582E-07    0.194884    0.218258  0.4502 -0.0614  0.4252  0.3101  0.5437  0.1702  0.2367  0.0494
  31  1.1716E-07    0.194835    0.218343  0.4501 -0.0614  0.4260  0.3102  0.5439  0.1702  0.2365  0.0494
  32  8.0076E-08    0.194832    0.218394  0.4500 -0.0614  0.4267  0.3102  0.5440  0.1702  0.2364  0.0494
  33  8.0396E-08    0.194786    0.218486  0.4499 -0.0614  0.4272  0.3103  0.5441  0.1702  0.2362  0.0494
  34  8.2658E-08    0.194713    0.218607  0.4497 -0.0614  0.4277  0.3104  0.5442  0.1703  0.2361  0.0494
  35  4.3090E-08    0.194726    0.218655  0.4496 -0.0614  0.4281  0.3104  0.5443  0.1703  0.2360  0.0494
  36  5.8287E-08    0.194692    0.218745  0.4496 -0.0614  0.4284  0.3105  0.5444  0.1703  0.2359  0.0494
  37  3.5131E-08    0.194722    0.218783  0.4495 -0.0614  0.4287  0.3105  0.5444  0.1703  0.2358  0.0494
  38  5.2522E-08    0.194697    0.218870  0.4494 -0.0614  0.4290  0.3106  0.5445  0.1704  0.2357  0.0495
  39  3.9578E-08    0.194696    0.218938  0.4493 -0.0614  0.4292  0.3106  0.5445  0.1704  0.2356  0.0495
  40  4.7042E-08    0.194688    0.219015  0.4493 -0.0614  0.4294  0.3107  0.5445  0.1704  0.2356  0.0495
  41  4.5701E-08    0.194680    0.219091  0.4492 -0.0614  0.4296  0.3107  0.5446  0.1705  0.2355  0.0495
  42  6.2002E-08    0.194606    0.219228  0.4492 -0.0614  0.4298  0.3107  0.5446  0.1705  0.2354  0.0495
  43  4.9813E-08    0.194592    0.219313  0.4491 -0.0614  0.4299  0.3108  0.5446  0.1705  0.2354  0.0495
  44  4.1768E-08    0.194592    0.219388  0.4491 -0.0614  0.4300  0.3108  0.5446  0.1706  0.2353  0.0495
  45  6.0230E-08    0.194552    0.219498  0.4490 -0.0614  0.4302  0.3108  0.5446  0.1706  0.2352  0.0495
  46  3.2237E-08    0.194578    0.219551  0.4490 -0.0614  0.4303  0.3109  0.5446  0.1706  0.2352  0.0495
  47  3.7644E-08    0.194601    0.219608  0.4489 -0.0614  0.4304  0.3109  0.5446  0.1707  0.2352  0.0496
  48  3.6521E-08    0.194602    0.219685  0.4489 -0.0614  0.4304  0.3109  0.5446  0.1707  0.2351  0.0496
  49  2.7041E-08    0.194651    0.219720  0.4488 -0.0614  0.4305  0.3110  0.5446  0.1707  0.2351  0.0496
