K Run Tem Iterate    Move%     Time        CurrentLogL           BestLogL     Fst1     Fst2     Fst3     Fst4     Fst5     Fst6     Fst7     Fis1     Fis2     Fis3     Fis4     Fis5     Fis6     Fis7
7   3   1       0   1.0000 58:00:12 -1.72585225692E+05 -1.72585225692E+05 -0.00249  0.00188  0.01250  0.01289 -0.02155 -0.00038 -0.00563 -0.17121 -0.10516 -0.18470 -0.17695 -0.20765 -0.15197 -0.15779
7   3   1     100   3.8835 58:00:12 -1.72515312065E+05 -1.72407133899E+05 -0.00249  0.00188  0.01250  0.01289 -0.02155 -0.00038 -0.00563 -0.17121 -0.10516 -0.18470 -0.17695 -0.20765 -0.15197 -0.15779
7   3   1     200  27.4510 58:00:12 -1.69891061606E+05 -1.69860052908E+05 -0.02155  0.01250 -0.00563  0.01289 -0.00038  0.00188 -0.00249 -0.20765 -0.18470 -0.15779 -0.17695 -0.15197 -0.10516 -0.17121
7   3   1     400  31.4356 58:00:12 -1.65672234326E+05 -1.65209348286E+05  0.00188 -0.02155 -0.00249 -0.00038  0.01289  0.01250 -0.00563 -0.10516 -0.20765 -0.17121 -0.15197 -0.17695 -0.18470 -0.15779
7   3   1     800  34.2040 58:00:12 -1.64874573448E+05 -1.64180283591E+05 -0.02155 -0.00249  0.00188  0.01289  0.01250 -0.00563 -0.00038 -0.20765 -0.17121 -0.10516 -0.17695 -0.18470 -0.15779 -0.15197
7   3   1    1600  41.8329 58:00:12 -1.66109510771E+05 -1.64149597597E+05  0.01289 -0.00249  0.00188 -0.00038 -0.02155  0.01250 -0.00563 -0.17695 -0.17121 -0.10516 -0.15197 -0.20765 -0.18470 -0.15779
7   3   1    3200  46.0674 58:00:12 -1.67732876099E+05 -1.64055215351E+05  0.00188  0.01289 -0.02155 -0.00249  0.01250 -0.00038 -0.00563 -0.10516 -0.17695 -0.20765 -0.17121 -0.18470 -0.15197 -0.15779
7   3   3    6400  38.0952 58:00:12 -1.65018575194E+05 -1.63861165479E+05 -0.02155  0.01289  0.00188 -0.00563  0.01250 -0.00038 -0.00249 -0.20765 -0.17695 -0.10516 -0.15779 -0.18470 -0.15197 -0.17121
7   3   4   12800  31.4689 58:00:12 -1.63864519599E+05 -1.63566373349E+05 -0.00930  1.00000  1.00000  0.20431  0.27329  0.00118  1.00000 -0.18908  0.00000  0.00000 -0.58801 -0.75006 -0.14740  0.00000
7   3   4   25600  35.0559 59:00:12 -1.65882276439E+05 -1.63318080018E+05  1.00000 -0.01951  0.32592  0.26940  0.01581  1.00000  1.00000  0.00000 -0.20069 -0.89373 -0.75006 -0.11922  0.00000  0.00000
7   3   5   40000  24.3134 00:01:12 -1.63594467317E+05 -1.62851459366E+05  0.01573  0.00494  0.06166  1.00000  0.33318  0.27727  1.00000 -0.14427 -0.21206 -0.10267  0.00000 -0.89373 -0.75006  0.00000
7   3   5   51200  26.0482 00:01:12 -1.64938598321E+05 -1.62687885177E+05  0.01002 -0.00164  0.33026  0.27410 -0.01202  0.35574  1.00000 -0.13209 -0.22209 -0.89373 -0.75006 -0.03022 -0.81087  0.00000
7   3   6   80000  19.0949 02:01:12 -1.62419062165E+05 -1.61665686508E+05  0.00666  0.00775  1.00000  0.13923  0.33290  0.27697  0.35829 -0.14872 -0.19894  0.00000 -0.26293 -0.89373 -0.75006 -0.81087
7   3   7  102400  14.0116 03:01:12 -1.62370664619E+05 -1.61597716177E+05  1.00000  0.00458  1.00000  0.00331  0.32754  0.27116  0.35313  0.00000 -0.24704  0.00000 -0.13618 -0.89373 -0.75006 -0.81087
7   3   8  118383  15.2000 03:01:12 -1.63085942804E+05 -1.61597716177E+05  0.00562  1.00000  0.01013  0.02284  0.33386  0.27801  0.35921 -0.23130  0.00000 -0.01704 -0.13583 -0.89373 -0.75006 -0.81087
7   3   8  124000  14.9024 04:01:12 -1.62254159948E+05 -1.61597716177E+05  0.02544  0.01073  0.03689  0.35991  0.33459  0.27880  0.05539 -0.23772 -0.16307 -0.21048 -0.81087 -0.89373 -0.75006 -0.09865
7   3   9  147307   8.9000 05:01:12 -1.61511134236E+05 -1.61511134236E+05 -0.00709  0.03720  0.03618  0.06289  0.33524  0.27950  0.36054 -0.18312 -0.26769 -0.09187 -0.15147 -0.89373 -0.75006 -0.81087
7   3   9  164000   9.3700 06:01:12 -1.61604221434E+05 -1.61417493507E+05  0.03341  0.03122  0.01729  1.00000  0.33277  0.27682  0.35816 -0.08845 -0.26374 -0.16036  0.00000 -0.89373 -0.75006 -0.81087
7   3  10  175754   7.5000 06:01:12 -1.62673758985E+05 -1.61417493507E+05  0.01547  0.03181  0.03467  0.03268  0.33548  0.27976  0.36076 -0.17139 -0.26836 -0.15591 -0.06784 -0.89373 -0.75006 -0.81087
7   3  11  204000   6.9348 08:01:12 -1.61608995332E+05 -1.61417493507E+05  0.04283  0.03134  0.01654  0.02944  0.33530  0.27957  0.36060 -0.07706 -0.25989 -0.15580 -0.19611 -0.89373 -0.75006 -0.81087
7   3  12  225957   3.1000 09:01:12 -1.61798103011E+05 -1.61307309748E+05  0.05528  0.03185  0.01924  0.14249  0.33544  0.27971  0.36072 -0.09251 -0.25592 -0.17472 -0.26293 -0.89373 -0.75006 -0.81087
7   3  13  243507   1.8000 10:01:12 -1.61630431079E+05 -1.61307309748E+05  0.05524  0.02903  0.14246  0.02519  0.33541  0.27968  0.36070 -0.09251 -0.25707 -0.26293 -0.17478 -0.89373 -0.75006 -0.81087
7   3  13  244000   2.2416 10:01:12 -1.61827697322E+05 -1.61307309748E+05  0.05524  0.02903  0.14246  0.02519  0.33541  0.27968  0.36070 -0.09251 -0.25707 -0.26293 -0.17478 -0.89373 -0.75006 -0.81087
7   3  14  265243   1.5000 11:01:12 -1.61750967327E+05 -1.61307309748E+05  0.05754  0.03026  0.02727  0.14455  0.33703  0.28144  0.14314 -0.09251 -0.26193 -0.16855 -0.26293 -0.89373 -0.75006 -0.34151
7   3  14  280000   2.4472 12:01:12 -1.61759008312E+05 -1.61307309748E+05  0.05565  0.04048  0.04231  0.01759  0.04983  0.33914  0.28373 -0.10518 -0.26374 -0.17346 -0.09748 -0.25259 -0.89373 -0.75006
7   3  15  283721   2.1000 12:01:12 -1.61572367241E+05 -1.61307309748E+05  0.05565  0.04048  0.01759  0.04231  0.33914  0.28373  0.04983 -0.10518 -0.26374 -0.09748 -0.17346 -0.89373 -0.75006 -0.25259
7   3  16  305730   2.8000 13:01:12 -1.61515623394E+05 -1.61307309748E+05  0.05534  0.03159  0.14255  0.36076  0.02319  0.33548  0.27976 -0.09251 -0.25989 -0.26293 -0.81087 -0.17577 -0.89373 -0.75006
7   3  16  320000   1.7292 14:01:12 -1.61277619008E+05 -1.61245455782E+05  0.05879  0.03268  0.14568  0.01450  0.06629  0.33791  0.28239 -0.09251 -0.25707 -0.26293 -0.23986 -0.15562 -0.89373 -0.75006
7   3  17  333024   1.7000 14:01:12 -1.61687401842E+05 -1.61245455782E+05  0.05919  0.04234  0.03261  0.14604  0.33819  0.28270  0.03798 -0.09251 -0.26756 -0.17208 -0.26293 -0.89373 -0.75006 -0.23527
7   3  18  355317   1.1000 15:01:12 -1.61294233097E+05 -1.61245455782E+05  0.05928  0.04243  0.14613  0.00410  0.05945  0.33825  0.28277 -0.09251 -0.26756 -0.26293 -0.22768 -0.15683 -0.89373 -0.75006
7   3  18  360000   1.1936 16:01:12 -1.61324564054E+05 -1.61245455782E+05  0.05961  0.03352  0.14643  0.01775  0.05683  0.33848  0.28302 -0.09251 -0.25707 -0.26293 -0.25649 -0.15396 -0.89373 -0.75006
7   3  19  363799   1.1000 16:01:12 -1.61332061389E+05 -1.61245455782E+05  0.05961  0.03352  0.14643  0.01775  0.05683  0.33848  0.28302 -0.09251 -0.25707 -0.26293 -0.25649 -0.15396 -0.89373 -0.75006
7   3  20  391164   0.2000 17:01:12 -1.61245488541E+05 -1.61245455782E+05  0.05888  0.03277  0.14576  0.02170  0.05642  0.33797  0.28246 -0.09251 -0.25707 -0.26293 -0.23399 -0.16380 -0.89373 -0.75006
7   3  20  404000   0.6390 18:01:12 -1.61245488541E+05 -1.61245455782E+05  0.05850  0.03238  0.14542  0.01214  0.07105  0.33770  0.28217 -0.09251 -0.25707 -0.26293 -0.22938 -0.15782 -0.89373 -0.75006
7   3  21  413578   0.3000 18:01:12 -1.61245488541E+05 -1.61245455782E+05  0.05879  0.03268  0.14568  0.01450  0.06629  0.33791  0.28239 -0.09251 -0.25707 -0.26293 -0.23986 -0.15562 -0.89373 -0.75006
7   3  22  422115   0.6000 18:01:12 -1.61245488541E+05 -1.61245455782E+05  0.05879  0.03268  0.14568  0.01450  0.06629  0.33791  0.28239 -0.09251 -0.25707 -0.26293 -0.23986 -0.15562 -0.89373 -0.75006
7   3  23  444000   0.5952 20:01:12 -1.61245488541E+05 -1.61245455782E+05  0.06142  0.04137  0.02170  0.01726  0.06890  0.33976  0.28440 -0.09251 -0.26374 -0.15408 -0.23986 -0.15562 -0.89373 -0.75006
7   3  23  444700   0.5000 20:01:12 -1.61245488541E+05 -1.61245455782E+05  0.06142  0.04137  0.02170  0.01726  0.06890  0.33976  0.28440 -0.09251 -0.26374 -0.15408 -0.23986 -0.15562 -0.89373 -0.75006
7   3  24  467343   0.5000 21:01:12 -1.61245488541E+05 -1.61245455782E+05  0.05917  0.03307  0.14603  0.01665  0.06138  0.33817  0.28268 -0.09251 -0.25707 -0.26293 -0.24759 -0.15539 -0.89373 -0.75006
7   3  25  484029   0.2000 21:01:12 -1.61245488541E+05 -1.61245455782E+05  0.05879  0.03268  0.14568  0.01450  0.06629  0.33791  0.28239 -0.09251 -0.25707 -0.26293 -0.23986 -0.15562 -0.89373 -0.75006
7   3  25  492000   0.2813 22:01:12 -1.61277619008E+05 -1.61245455782E+05  0.05879  0.03268  0.14568  0.01450  0.06629  0.33791  0.28239 -0.09251 -0.25707 -0.26293 -0.23986 -0.15562 -0.89373 -0.75006
7   3  26  506700   0.1000 22:01:12 -1.61245488541E+05 -1.61245455782E+05  0.05879  0.03268  0.14568  0.01450  0.06629  0.33791  0.28239 -0.09251 -0.25707 -0.26293 -0.23986 -0.15562 -0.89373 -0.75006
7   3  27  507555   0.2000 22:01:12 -1.61245488541E+05 -1.61245455782E+05  0.05879  0.03268  0.14568  0.01450  0.06629  0.33791  0.28239 -0.09251 -0.25707 -0.26293 -0.23986 -0.15562 -0.89373 -0.75006
7   3  28  530230   0.2000 23:01:12 -1.61245488541E+05 -1.61245455782E+05  0.05879  0.03268  0.14568  0.01450  0.06629  0.33791  0.28239 -0.09251 -0.25707 -0.26293 -0.23986 -0.15562 -0.89373 -0.75006
7   3  28  536000   0.1829 24:01:12 -1.61245488541E+05 -1.61245455782E+05  0.05879  0.03268  0.14568  0.01450  0.06629  0.33791  0.28239 -0.09251 -0.25707 -0.26293 -0.23986 -0.15562 -0.89373 -0.75006
7   3  29  553132   0.4000 24:01:12 -1.61245488541E+05 -1.61245455782E+05  0.06142  0.04137  0.02170  0.01726  0.06890  0.33976  0.28440 -0.09251 -0.26374 -0.15408 -0.23986 -0.15562 -0.89373 -0.75006
7   3  30  561756   0.3000 25:01:12 -1.61245455782E+05 -1.61245455782E+05  0.06142  0.04137  0.02170  0.01726  0.06890  0.33976  0.28440 -0.09251 -0.26374 -0.15408 -0.23986 -0.15562 -0.89373 -0.75006
7   3  31  568613   0.0000 25:01:12 -1.61245488541E+05 -1.61245455782E+05  0.06142  0.04137  0.02170  0.01726  0.06890  0.33976  0.28440 -0.09251 -0.26374 -0.15408 -0.23986 -0.15562 -0.89373 -0.75006
7   3  33  571198   0.1000 25:01:12 -1.61245455782E+05 -1.61245455782E+05  0.05879  0.03268  0.14568  0.01450  0.06629  0.33791  0.28239 -0.09251 -0.25707 -0.26293 -0.23986 -0.15562 -0.89373 -0.75006
7   3  34  572065   0.1000 25:01:12 -1.61245488541E+05 -1.61245455782E+05  0.05879  0.03268  0.14568  0.01450  0.06629  0.33791  0.28239 -0.09251 -0.25707 -0.26293 -0.23986 -0.15562 -0.89373 -0.75006
7   3  35  572914   0.0000 25:01:12 -1.61245488541E+05 -1.61245455782E+05  0.05879  0.03268  0.14568  0.01450  0.06629  0.33791  0.28239 -0.09251 -0.25707 -0.26293 -0.23986 -0.15562 -0.89373 -0.75006
7   3  36  573771   0.0000 25:01:12 -1.61245488541E+05 -1.61245455782E+05  0.05879  0.03268  0.14568  0.01450  0.06629  0.33791  0.28239 -0.09251 -0.25707 -0.26293 -0.23986 -0.15562 -0.89373 -0.75006
7   3  37  574644   0.2000 25:01:12 -1.61245488541E+05 -1.61245455782E+05  0.05879  0.03268  0.14568  0.01450  0.06629  0.33791  0.28239 -0.09251 -0.25707 -0.26293 -0.23986 -0.15562 -0.89373 -0.75006
7   3  38  576369   0.3000 25:01:12 -1.61245455782E+05 -1.61245455782E+05  0.05879  0.03268  0.14568  0.01450  0.06629  0.33791  0.28239 -0.09251 -0.25707 -0.26293 -0.23986 -0.15562 -0.89373 -0.75006
7   3  39  579839   0.3000 25:01:12 -1.61245455782E+05 -1.61245455782E+05  0.05879  0.03268  0.14568  0.01450  0.06629  0.33791  0.28239 -0.09251 -0.25707 -0.26293 -0.23986 -0.15562 -0.89373 -0.75006
7   3  39  584000   0.1029 26:01:12 -1.61245488541E+05 -1.61245455782E+05  0.05879  0.03268  0.14568  0.01450  0.06629  0.33791  0.28239 -0.09251 -0.25707 -0.26293 -0.23986 -0.15562 -0.89373 -0.75006
7   3  40  584986   0.0000 26:01:12 -1.61245488541E+05 -1.61245455782E+05  0.05879  0.03268  0.14568  0.01450  0.06629  0.33791  0.28239 -0.09251 -0.25707 -0.26293 -0.23986 -0.15562 -0.89373 -0.75006
7   3  41  585813   0.0000 26:01:12 -1.61245488541E+05 -1.61245455782E+05  0.05879  0.03268  0.14568  0.01450  0.06629  0.33791  0.28239 -0.09251 -0.25707 -0.26293 -0.23986 -0.15562 -0.89373 -0.75006
7   3  42  586669   0.0000 26:01:12 -1.61245488541E+05 -1.61245455782E+05  0.05879  0.03268  0.14568  0.01450  0.06629  0.33791  0.28239 -0.09251 -0.25707 -0.26293 -0.23986 -0.15562 -0.89373 -0.75006
7   3  43  587521   0.0000 26:01:12 -1.61245488541E+05 -1.61245455782E+05  0.05879  0.03268  0.14568  0.01450  0.06629  0.33791  0.28239 -0.09251 -0.25707 -0.26293 -0.23986 -0.15562 -0.89373 -0.75006
7   3  44  588397   0.2000 26:01:12 -1.61245488541E+05 -1.61245455782E+05  0.05879  0.03268  0.14568  0.01450  0.06629  0.33791  0.28239 -0.09251 -0.25707 -0.26293 -0.23986 -0.15562 -0.89373 -0.75006
7   3  45  590092   0.2000 26:01:12 -1.61245488541E+05 -1.61245455782E+05  0.05879  0.03268  0.14568  0.01450  0.06629  0.33791  0.28239 -0.09251 -0.25707 -0.26293 -0.23986 -0.15562 -0.89373 -0.75006
7   3  46  612890   0.2000 27:01:12 -1.61245488541E+05 -1.61245455782E+05  0.05879  0.03268  0.14568  0.01450  0.06629  0.33791  0.28239 -0.09251 -0.25707 -0.26293 -0.23986 -0.15562 -0.89373 -0.75006
7   3  47  619769   0.0000 27:01:12 -1.61245488541E+05 -1.61245455782E+05  0.05879  0.03268  0.14568  0.01450  0.06629  0.33791  0.28239 -0.09251 -0.25707 -0.26293 -0.23986 -0.15562 -0.89373 -0.75006
7   3  48  620640   0.0000 27:01:12 -1.61245488541E+05 -1.61245455782E+05  0.05879  0.03268  0.14568  0.01450  0.06629  0.33791  0.28239 -0.09251 -0.25707 -0.26293 -0.23986 -0.15562 -0.89373 -0.75006
7   3  49  621513   0.2000 27:01:12 -1.61245488541E+05 -1.61245455782E+05  0.05879  0.03268  0.14568  0.01450  0.06629  0.33791  0.28239 -0.09251 -0.25707 -0.26293 -0.23986 -0.15562 -0.89373 -0.75006
7   3  50  623214   0.0000 27:01:12 -1.61245488541E+05 -1.61245455782E+05  0.05879  0.03268  0.14568  0.01450  0.06629  0.33791  0.28239 -0.09251 -0.25707 -0.26293 -0.23986 -0.15562 -0.89373 -0.75006
7   3  51  624057   0.2000 27:01:12 -1.61245488541E+05 -1.61245455782E+05  0.05879  0.03268  0.14568  0.01450  0.06629  0.33791  0.28239 -0.09251 -0.25707 -0.26293 -0.23986 -0.15562 -0.89373 -0.75006
7   3  54  627513   0.0000 27:01:12 -1.61245488541E+05 -1.61245455782E+05  0.05879  0.03268  0.14568  0.01450  0.06629  0.33791  0.28239 -0.09251 -0.25707 -0.26293 -0.23986 -0.15562 -0.89373 -0.75006
7   3  55  628362   0.0000 27:01:12 -1.61245488541E+05 -1.61245455782E+05  0.05879  0.03268  0.14568  0.01450  0.06629  0.33791  0.28239 -0.09251 -0.25707 -0.26293 -0.23986 -0.15562 -0.89373 -0.75006
7   3  56  629204   0.1000 27:01:12 -1.61245455782E+05 -1.61245455782E+05  0.06142  0.04137  0.02170  0.01726  0.06890  0.33976  0.28440 -0.09251 -0.26374 -0.15408 -0.23986 -0.15562 -0.89373 -0.75006
7   3 200  629206   0.0000 27:01:12 -1.61245455782E+05 -1.61245455782E+05  0.06142  0.04137  0.02170  0.01726  0.06890  0.33976  0.28440 -0.09251 -0.26374 -0.15408 -0.23986 -0.15562 -0.89373 -0.75006
