K Run Tem Iterate    Move%     Time        CurrentLogL           BestLogL     Fst1     Fst2     Fst3     Fst4     Fst5     Fis1     Fis2     Fis3     Fis4     Fis5
5   3   1       0   1.0000 41:54:11 -1.69609783578E+05 -1.69609783578E+05 -0.00381  0.00657 -0.00575 -0.00192  0.00072 -0.15622 -0.18154 -0.16331 -0.17463 -0.14649
5   3   1     100   1.0000 41:54:11 -1.69452969404E+05 -1.69452969404E+05 -0.00381  0.00657 -0.00575 -0.00192  0.00072 -0.15622 -0.18154 -0.16331 -0.17463 -0.14649
5   3   1     200  28.5000 41:54:11 -1.67095374305E+05 -1.67075843192E+05 -0.00575  0.00072  0.00657 -0.00381 -0.00192 -0.16331 -0.14649 -0.18154 -0.15622 -0.17463
5   3   1     400  29.2500 41:54:11 -1.63879181932E+05 -1.63840237123E+05 -0.00381  0.00657  0.00072 -0.00192 -0.00575 -0.15622 -0.18154 -0.14649 -0.17463 -0.16331
5   3   1     800  30.1250 41:54:11 -1.62784014321E+05 -1.61668576508E+05 -0.00381  0.00657  0.00072 -0.00575 -0.00192 -0.15622 -0.18154 -0.14649 -0.16331 -0.17463
5   3   1    1600  37.5625 41:54:11 -1.64972021351E+05 -1.61668576508E+05 -0.00381 -0.00575  0.00072 -0.00192  0.00657 -0.15622 -0.16331 -0.14649 -0.17463 -0.18154
5   3   2    3200  35.9873 41:54:11 -1.61841217257E+05 -1.61441102799E+05  0.00657  0.00072 -0.00381 -0.00192 -0.00575 -0.18154 -0.14649 -0.15622 -0.17463 -0.16331
5   3   2    6400  39.2430 41:54:11 -1.62403486737E+05 -1.60491063037E+05 -0.00322  0.01633 -0.01398  0.32989  0.27371 -0.05405 -0.09204 -0.18429 -0.89373 -0.75006
5   3   3   12800  35.0254 41:54:11 -1.61668897980E+05 -1.60370642183E+05  0.02078  0.00720  0.01282  0.33285  0.27691  0.00258 -0.13534 -0.24448 -0.89373 -0.75006
5   3   4   25600  27.3151 42:54:11 -1.61520287346E+05 -1.59768177800E+05 -0.00519  0.02887  0.04842  0.33100  0.27491 -0.12524 -0.28622 -0.16443 -0.89373 -0.75006
5   3   5   40000  21.3727 43:54:11 -1.60197838187E+05 -1.59483779854E+05  0.03165  0.01793  0.00695  0.33482  0.27905 -0.15957 -0.23003 -0.14471 -0.89373 -0.75006
5   3   6   51200  17.1921 43:54:11 -1.60206733325E+05 -1.59483779854E+05  0.03091 -0.01129  0.03157  0.33097  0.27487 -0.10125 -0.21062 -0.13123 -0.89373 -0.75006
5   3   8   84000  15.3581 45:54:11 -1.59478291528E+05 -1.59249747648E+05  0.01552  0.03264 -0.01161  0.33500  0.27924 -0.12979 -0.25681 -0.16275 -0.89373 -0.75006
5   3   9  102400   9.0844 46:54:11 -1.59318059438E+05 -1.59145719728E+05  0.03351  0.03542  0.01181  0.33340  0.27751 -0.09187 -0.26756 -0.16033 -0.89373 -0.75006
5   3  10  109118   6.4000 46:54:11 -1.59808579068E+05 -1.59145719728E+05  0.03764  0.02064  0.01943  0.33363  0.27776 -0.08717 -0.26439 -0.16361 -0.89373 -0.75006
5   3  11  117721   3.6000 46:54:11 -1.59302953932E+05 -1.59145719728E+05  0.12001  0.03829 -0.00155  0.33065  0.27453 -0.31534 -0.27841 -0.13425 -0.89373 -0.75006
5   3  11  124000   3.9239 47:54:11 -1.59558510198E+05 -1.59145719728E+05  0.02090  0.02262  0.03726  0.33337  0.27747 -0.17314 -0.25039 -0.08717 -0.89373 -0.75006
5   3  12  131570   2.5000 47:54:11 -1.59315767038E+05 -1.59145719728E+05  0.03735  0.02614  0.02024  0.33343  0.27754 -0.08717 -0.25707 -0.17335 -0.89373 -0.75006
5   3  13  139864   3.1000 47:54:11 -1.59145719728E+05 -1.59145719728E+05  0.03272  0.02637  0.01898  0.33359  0.27771 -0.09671 -0.25707 -0.16296 -0.89373 -0.75006
5   3  14  153510   3.2000 48:54:11 -1.59166399565E+05 -1.59145719728E+05  0.03735  0.02614  0.02024  0.33343  0.27754 -0.08717 -0.25707 -0.17335 -0.89373 -0.75006
5   3  15  163090   2.3000 49:54:11 -1.59189369881E+05 -1.59145719728E+05  0.03735  0.02614  0.02024  0.33343  0.27754 -0.08717 -0.25707 -0.17335 -0.89373 -0.75006
5   3  15  164000   1.8269 49:54:11 -1.59145719728E+05 -1.59145719728E+05  0.03735  0.02614  0.02024  0.33343  0.27754 -0.08717 -0.25707 -0.17335 -0.89373 -0.75006
5   3  16  176782   1.1000 49:54:11 -1.59166399565E+05 -1.59145719728E+05  0.03733  0.03544  0.01395  0.33342  0.27753 -0.08717 -0.26756 -0.17262 -0.89373 -0.75006
5   3  17  187331   1.3000 50:54:11 -1.59278045897E+05 -1.59145719728E+05  0.03025  0.03185  0.01871  0.33367  0.27781 -0.09191 -0.26637 -0.17430 -0.89373 -0.75006
5   3  17  200000   1.2440 51:54:11 -1.59145719728E+05 -1.59145719728E+05  0.03729  0.03212  0.01535  0.33339  0.27749 -0.08717 -0.26374 -0.17140 -0.89373 -0.75006
5   3  18  201029   0.8000 51:54:11 -1.59145719728E+05 -1.59145719728E+05  0.03735  0.02614  0.02024  0.33343  0.27754 -0.08717 -0.25707 -0.17335 -0.89373 -0.75006
5   3  19  213212   1.7000 51:54:11 -1.59166399565E+05 -1.59145719728E+05  0.01793  0.03603  0.02104  0.33397  0.27812 -0.09511 -0.27046 -0.17335 -0.89373 -0.75006
5   3  20  227054   0.8000 52:54:11 -1.59145719728E+05 -1.59145719728E+05  0.03729  0.03212  0.01535  0.33339  0.27749 -0.08717 -0.26374 -0.17140 -0.89373 -0.75006
5   3 200  239826   0.0000 53:54:11 -1.59145719728E+05 -1.59145719728E+05  0.03733  0.03544  0.01395  0.33342  0.27753 -0.08717 -0.26756 -0.17262 -0.89373 -0.75006
