Iter   Tolerance Admix(mean)   Admix(SD)    Fst1    Fst2    Fst3    Fst4    Fst5    Fst6    Fst7   QPop1   QPop2   QPop3   QPop4   QPop5   QPop6   QPop7
   1  3.1089E-04    0.853828    0.005647 -0.0001  0.0127  0.0014  0.0014  0.0004  0.0002  0.0011  0.1368  0.1481  0.1416  0.1445  0.1417  0.1420  0.1452
   2  4.0046E-03    0.807130    0.085659  0.0033  0.0941  0.0316  0.0153  0.0001  0.0006  0.0041  0.1234  0.1582  0.1587  0.1488  0.1337  0.1330  0.1441
   3  5.9119E-03    0.689649    0.218967  0.0333  0.1850  0.0749  0.0698  0.0047  0.0071  0.0033  0.1278  0.1608  0.1924  0.1472  0.1223  0.1210  0.1286
   4  2.9902E-03    0.591086    0.289730  0.0663  0.2263  0.0935  0.1482  0.0184  0.0200  0.0015  0.1440  0.1513  0.2139  0.1342  0.1211  0.1209  0.1146
   5  2.0074E-03    0.519653    0.296647  0.0979  0.2368  0.1005  0.2005  0.0434  0.0336  0.0061  0.1587  0.1405  0.2318  0.1140  0.1232  0.1212  0.1105
   6  2.4871E-03    0.438218    0.274577  0.1124  0.2333  0.1021  0.2132  0.0710  0.0566  0.0018  0.1760  0.1297  0.2438  0.1002  0.1196  0.1281  0.1025
   7  1.5837E-03    0.360438    0.259247  0.1111  0.2234  0.0997  0.2016  0.0785  0.0640  0.0068  0.1898  0.1239  0.2506  0.0917  0.1145  0.1332  0.0963
   8  7.2697E-04    0.303608    0.251784  0.1110  0.2232  0.1009  0.1998  0.0826  0.0694  0.0329  0.1994  0.1200  0.2559  0.0866  0.1114  0.1357  0.0910
   9  2.7582E-04    0.263987    0.248355  0.0997  0.2045  0.0929  0.1680  0.0596  0.0527  0.0064  0.2064  0.1175  0.2615  0.0835  0.1105  0.1384  0.0822
  10  1.3393E-04    0.235439    0.242959  0.1003  0.2051  0.0934  0.1667  0.0591  0.0527  0.0065  0.2118  0.1158  0.2663  0.0813  0.1113  0.1403  0.0733
  11  9.2285E-05    0.213462    0.238512  0.1006  0.2055  0.0933  0.1657  0.0586  0.0521  0.0010  0.2164  0.1145  0.2703  0.0796  0.1124  0.1418  0.0650
  12  5.9965E-05    0.196048    0.235553  0.1117  0.2251  0.1014  0.1967  0.0807  0.0688  0.0498  0.2199  0.1135  0.2734  0.0784  0.1139  0.1423  0.0586
  13  4.3409E-05    0.184600    0.232981  0.1119  0.2254  0.1009  0.1963  0.0805  0.0683  0.0451  0.2222  0.1130  0.2758  0.0777  0.1150  0.1428  0.0535
  14  3.1382E-05    0.174741    0.231187  0.1120  0.2255  0.1004  0.1961  0.0804  0.0680  0.0405  0.2233  0.1127  0.2775  0.0771  0.1161  0.1436  0.0498
  15  2.1430E-05    0.167102    0.229568  0.1120  0.2257  0.1001  0.1958  0.0804  0.0678  0.0364  0.2241  0.1123  0.2789  0.0766  0.1169  0.1442  0.0470
  16  7.0407E-06    0.163713    0.227892  0.1120  0.2257  0.0997  0.1955  0.0805  0.0675  0.0338  0.2247  0.1121  0.2801  0.0763  0.1171  0.1442  0.0455
  17  4.5701E-06    0.161782    0.226321  0.1121  0.2257  0.0995  0.1952  0.0807  0.0673  0.0318  0.2250  0.1120  0.2810  0.0761  0.1176  0.1441  0.0442
  18  3.0418E-06    0.160761    0.226061  0.1121  0.2257  0.0993  0.1951  0.0808  0.0671  0.0306  0.2254  0.1120  0.2815  0.0759  0.1179  0.1437  0.0435
  19  2.1891E-06    0.159878    0.226088  0.1121  0.2257  0.0991  0.1950  0.0809  0.0670  0.0297  0.2256  0.1120  0.2818  0.0758  0.1182  0.1433  0.0431
  20  1.1662E-06    0.159433    0.225974  0.1121  0.2257  0.0990  0.1949  0.0809  0.0669  0.0291  0.2258  0.1120  0.2819  0.0758  0.1185  0.1431  0.0429
  21  1.1055E-06    0.158807    0.225703  0.1120  0.2256  0.0989  0.1948  0.0810  0.0668  0.0285  0.2259  0.1120  0.2822  0.0757  0.1187  0.1428  0.0426
  22  7.9603E-07    0.157837    0.225446  0.1120  0.2256  0.0988  0.1947  0.0811  0.0667  0.0280  0.2259  0.1120  0.2824  0.0756  0.1189  0.1428  0.0424
  23  6.0832E-07    0.156911    0.225042  0.1120  0.2256  0.0987  0.1945  0.0811  0.0667  0.0276  0.2259  0.1119  0.2826  0.0755  0.1190  0.1427  0.0423
  24  9.0252E-07    0.155897    0.224831  0.1119  0.2255  0.0986  0.1944  0.0811  0.0666  0.0273  0.2258  0.1119  0.2828  0.0755  0.1191  0.1428  0.0421
  25  1.3545E-06    0.154931    0.224797  0.1119  0.2254  0.0985  0.1944  0.0811  0.0666  0.0271  0.2259  0.1118  0.2830  0.0754  0.1192  0.1426  0.0420
  26  4.7541E-07    0.154556    0.224794  0.1119  0.2254  0.0985  0.1944  0.0811  0.0666  0.0269  0.2260  0.1117  0.2832  0.0754  0.1193  0.1425  0.0419
  27  6.7076E-07    0.154087    0.224771  0.1119  0.2254  0.0984  0.1943  0.0811  0.0665  0.0267  0.2261  0.1117  0.2833  0.0754  0.1193  0.1425  0.0418
  28  5.0813E-07    0.153669    0.224726  0.1119  0.2254  0.0984  0.1943  0.0810  0.0665  0.0267  0.2262  0.1116  0.2834  0.0754  0.1192  0.1424  0.0418
  29  8.0337E-07    0.153279    0.224607  0.1119  0.2253  0.0983  0.1943  0.0810  0.0664  0.0265  0.2262  0.1116  0.2835  0.0753  0.1193  0.1423  0.0418
  30  6.0557E-07    0.152909    0.224243  0.1119  0.2253  0.0984  0.1942  0.0811  0.0665  0.0258  0.2262  0.1116  0.2838  0.0753  0.1193  0.1422  0.0417
  31  1.0971E-06    0.152251    0.223844  0.1119  0.2253  0.0983  0.1942  0.0811  0.0665  0.0255  0.2263  0.1115  0.2841  0.0752  0.1192  0.1421  0.0416
  32  8.3422E-07    0.152123    0.223723  0.1119  0.2253  0.0983  0.1942  0.0811  0.0664  0.0254  0.2264  0.1115  0.2841  0.0752  0.1192  0.1420  0.0416
  33  8.7085E-07    0.152057    0.223805  0.1119  0.2253  0.0983  0.1942  0.0811  0.0665  0.0253  0.2264  0.1115  0.2842  0.0752  0.1192  0.1420  0.0415
  34  8.5011E-07    0.151835    0.223672  0.1119  0.2253  0.0983  0.1941  0.0811  0.0665  0.0252  0.2264  0.1114  0.2843  0.0752  0.1192  0.1420  0.0415
  35  7.3704E-07    0.151941    0.223641  0.1119  0.2252  0.0983  0.1941  0.0811  0.0665  0.0251  0.2265  0.1115  0.2843  0.0752  0.1192  0.1419  0.0415
  36  6.1198E-07    0.151818    0.223443  0.1119  0.2252  0.0982  0.1941  0.0811  0.0665  0.0251  0.2265  0.1114  0.2844  0.0751  0.1193  0.1418  0.0415
  37  6.4908E-07    0.151650    0.223388  0.1119  0.2252  0.0982  0.1941  0.0810  0.0665  0.0250  0.2266  0.1114  0.2844  0.0751  0.1193  0.1417  0.0414
  38  8.9472E-07    0.151447    0.222964  0.1119  0.2252  0.0982  0.1940  0.0810  0.0665  0.0247  0.2266  0.1113  0.2846  0.0751  0.1192  0.1417  0.0414
  39  1.0687E-06    0.151312    0.222861  0.1119  0.2252  0.0982  0.1940  0.0810  0.0666  0.0246  0.2268  0.1113  0.2846  0.0751  0.1191  0.1418  0.0413
  40  5.4730E-07    0.151294    0.222842  0.1119  0.2252  0.0982  0.1940  0.0810  0.0665  0.0246  0.2268  0.1113  0.2846  0.0751  0.1192  0.1418  0.0414
  41  7.9998E-07    0.151306    0.222783  0.1119  0.2252  0.0982  0.1940  0.0810  0.0666  0.0245  0.2269  0.1112  0.2846  0.0751  0.1191  0.1417  0.0414
  42  7.0230E-07    0.151300    0.222784  0.1119  0.2252  0.0982  0.1940  0.0810  0.0666  0.0245  0.2270  0.1112  0.2847  0.0751  0.1190  0.1417  0.0414
  43  6.6288E-07    0.151285    0.222864  0.1119  0.2252  0.0982  0.1940  0.0810  0.0666  0.0244  0.2270  0.1112  0.2847  0.0751  0.1190  0.1416  0.0413
  44  7.4779E-07    0.151412    0.222663  0.1119  0.2251  0.0982  0.1941  0.0810  0.0666  0.0243  0.2271  0.1112  0.2847  0.0751  0.1190  0.1416  0.0413
  45  5.0975E-07    0.151269    0.222270  0.1119  0.2252  0.0982  0.1940  0.0810  0.0666  0.0242  0.2271  0.1111  0.2849  0.0751  0.1190  0.1416  0.0413
  46  4.4846E-07    0.151202    0.222262  0.1119  0.2251  0.0982  0.1941  0.0810  0.0667  0.0241  0.2271  0.1111  0.2849  0.0751  0.1190  0.1416  0.0413
  47  4.8544E-07    0.151157    0.222239  0.1119  0.2251  0.0982  0.1941  0.0810  0.0667  0.0240  0.2271  0.1111  0.2849  0.0751  0.1189  0.1417  0.0413
  48  3.3540E-07    0.151203    0.222182  0.1119  0.2251  0.0982  0.1940  0.0810  0.0667  0.0240  0.2270  0.1111  0.2849  0.0751  0.1189  0.1417  0.0413
  49  3.1872E-07    0.151056    0.222057  0.1119  0.2251  0.0982  0.1941  0.0810  0.0667  0.0239  0.2272  0.1110  0.2848  0.0751  0.1189  0.1417  0.0413
  50  3.6027E-07    0.150929    0.221924  0.1119  0.2250  0.0982  0.1941  0.0810  0.0667  0.0238  0.2271  0.1110  0.2848  0.0751  0.1189  0.1418  0.0413
  51  6.6922E-07    0.151044    0.221850  0.1119  0.2250  0.0982  0.1941  0.0809  0.0667  0.0237  0.2272  0.1110  0.2849  0.0751  0.1188  0.1417  0.0413
  52  5.2899E-07    0.150972    0.221658  0.1119  0.2251  0.0982  0.1941  0.0809  0.0668  0.0236  0.2273  0.1110  0.2851  0.0751  0.1188  0.1416  0.0412
  53  1.8663E-07    0.151074    0.221714  0.1119  0.2251  0.0982  0.1941  0.0809  0.0668  0.0235  0.2273  0.1109  0.2851  0.0751  0.1188  0.1416  0.0412
  54  1.3806E-07    0.151164    0.221691  0.1119  0.2251  0.0982  0.1941  0.0809  0.0668  0.0234  0.2273  0.1109  0.2851  0.0751  0.1187  0.1416  0.0412
  55  1.0902E-07    0.151167    0.221775  0.1120  0.2251  0.0982  0.1941  0.0809  0.0668  0.0234  0.2274  0.1109  0.2851  0.0751  0.1187  0.1416  0.0412
  56  2.9802E-07    0.151117    0.221546  0.1120  0.2251  0.0982  0.1941  0.0809  0.0669  0.0233  0.2274  0.1109  0.2851  0.0751  0.1187  0.1416  0.0412
  57  2.0458E-07    0.151088    0.221540  0.1120  0.2251  0.0982  0.1941  0.0809  0.0669  0.0232  0.2275  0.1109  0.2851  0.0751  0.1186  0.1416  0.0412
  58  3.1081E-07    0.150972    0.221361  0.1120  0.2251  0.0982  0.1941  0.0808  0.0669  0.0230  0.2275  0.1108  0.2853  0.0751  0.1186  0.1416  0.0412
  59  1.6921E-07    0.150965    0.221211  0.1120  0.2251  0.0982  0.1941  0.0808  0.0669  0.0229  0.2275  0.1108  0.2853  0.0751  0.1186  0.1416  0.0412
  60  1.5798E-07    0.150954    0.221201  0.1120  0.2251  0.0982  0.1941  0.0808  0.0669  0.0228  0.2276  0.1108  0.2853  0.0751  0.1185  0.1415  0.0412
  61  1.9876E-07    0.150853    0.221259  0.1120  0.2250  0.0982  0.1941  0.0808  0.0670  0.0227  0.2276  0.1108  0.2852  0.0751  0.1185  0.1416  0.0412
