Iter   Tolerance Admix(mean)   Admix(SD)    Fst1    Fst2    Fst3    Fst4    Fst5    Fst6    Fst7    Fst8   QPop1   QPop2   QPop3   QPop4   QPop5   QPop6   QPop7   QPop8
   1  2.6985E-04    0.871760    0.005658 -0.0008  0.0154  0.0016  0.0013 -0.0002  0.0005  0.0015  0.0012  0.1188  0.1300  0.1238  0.1261  0.1233  0.1251  0.1262  0.1267
   2  2.9819E-03    0.831106    0.070226  0.0058  0.1077  0.0378  0.0198  0.0006  0.0018  0.0053  0.0055  0.1063  0.1355  0.1438  0.1319  0.1157  0.1174  0.1239  0.1255
   3  5.2098E-03    0.715379    0.218482  0.0423  0.2017  0.0837  0.0854  0.0060  0.0050  0.0020  0.0021  0.1137  0.1497  0.1773  0.1324  0.1056  0.1047  0.1075  0.1092
   4  2.6646E-03    0.613908    0.296005  0.0834  0.2390  0.1044  0.1698  0.0245  0.0157  0.0042  0.0007  0.1311  0.1446  0.2039  0.1244  0.1034  0.1004  0.0966  0.0956
   5  1.8301E-03    0.537255    0.305482  0.1164  0.2475  0.1131  0.2197  0.0597  0.0203  0.0144 -0.0010  0.1497  0.1337  0.2270  0.1102  0.1033  0.0957  0.0923  0.0881
   6  1.6783E-03    0.460929    0.295839  0.1319  0.2520  0.1186  0.2399  0.0998  0.0254  0.0469 -0.0069  0.1712  0.1276  0.2431  0.1006  0.1073  0.0864  0.0859  0.0779
   7  1.6785E-03    0.383358    0.286774  0.1321  0.2478  0.1191  0.2360  0.1145  0.0425  0.0924  0.0081  0.1849  0.1232  0.2537  0.0924  0.1119  0.0786  0.0794  0.0758
   8  9.7166E-04    0.319951    0.283007  0.1229  0.2335  0.1129  0.2153  0.1036  0.0479  0.1061  0.0208  0.1945  0.1190  0.2596  0.0879  0.1119  0.0771  0.0716  0.0784
   9  3.8401E-04    0.276936    0.283584  0.1105  0.2143  0.1037  0.1846  0.0814  0.0316  0.0906  0.0125  0.2014  0.1164  0.2644  0.0851  0.1115  0.0757  0.0659  0.0795
  10  1.1768E-04    0.249688    0.282489  0.1096  0.2139  0.1027  0.1821  0.0800  0.0412  0.1040  0.0285  0.2067  0.1147  0.2684  0.0831  0.1125  0.0748  0.0624  0.0773
  11  8.2008E-05    0.229599    0.280539  0.1095  0.2136  0.1021  0.1797  0.0784  0.0451  0.1062  0.0376  0.2125  0.1135  0.2720  0.0814  0.1137  0.0736  0.0591  0.0741
  12  6.4163E-05    0.214636    0.276802  0.1096  0.2132  0.1017  0.1775  0.0765  0.0483  0.1087  0.0378  0.2166  0.1121  0.2751  0.0798  0.1154  0.0738  0.0574  0.0698
  13  4.2385E-05    0.204178    0.273157  0.1100  0.2134  0.1016  0.1764  0.0753  0.0498  0.1078  0.0358  0.2195  0.1115  0.2785  0.0789  0.1167  0.0737  0.0557  0.0656
  14  2.8313E-05    0.196651    0.270544  0.1103  0.2136  0.1013  0.1756  0.0742  0.0510  0.1078  0.0329  0.2219  0.1110  0.2805  0.0783  0.1178  0.0736  0.0547  0.0620
  15  3.4556E-05    0.187726    0.268724  0.1103  0.2136  0.1010  0.1747  0.0732  0.0522  0.1077  0.0291  0.2238  0.1105  0.2824  0.0776  0.1194  0.0739  0.0539  0.0585
  16  1.9015E-05    0.182314    0.267424  0.1103  0.2137  0.1006  0.1740  0.0724  0.0533  0.1077  0.0260  0.2250  0.1102  0.2838  0.0772  0.1206  0.0740  0.0535  0.0557
  17  1.2307E-05    0.178970    0.265892  0.1102  0.2137  0.1003  0.1733  0.0719  0.0542  0.1075  0.0229  0.2259  0.1101  0.2849  0.0769  0.1215  0.0739  0.0533  0.0535
  18  7.5442E-06    0.176557    0.265097  0.1102  0.2136  0.1000  0.1726  0.0716  0.0550  0.1072  0.0206  0.2268  0.1099  0.2857  0.0766  0.1221  0.0738  0.0532  0.0519
  19  4.1959E-06    0.174902    0.264599  0.1101  0.2135  0.0997  0.1721  0.0716  0.0557  0.1069  0.0188  0.2276  0.1098  0.2861  0.0764  0.1225  0.0737  0.0532  0.0508
  20  1.8915E-06    0.174479    0.263813  0.1101  0.2134  0.0995  0.1716  0.0716  0.0564  0.1067  0.0173  0.2281  0.1098  0.2863  0.0762  0.1225  0.0737  0.0532  0.0501
  21  1.5095E-06    0.173862    0.263213  0.1100  0.2133  0.0994  0.1712  0.0716  0.0571  0.1065  0.0159  0.2286  0.1097  0.2864  0.0760  0.1226  0.0738  0.0532  0.0496
  22  1.5032E-06    0.173154    0.262443  0.1099  0.2132  0.0993  0.1708  0.0716  0.0578  0.1062  0.0139  0.2288  0.1097  0.2865  0.0759  0.1227  0.0741  0.0532  0.0490
  23  1.0378E-06    0.172268    0.261851  0.1099  0.2131  0.0992  0.1704  0.0716  0.0584  0.1060  0.0125  0.2291  0.1095  0.2866  0.0757  0.1230  0.0742  0.0532  0.0486
  24  9.3589E-07    0.171628    0.261209  0.1098  0.2130  0.0992  0.1700  0.0716  0.0590  0.1058  0.0111  0.2293  0.1094  0.2868  0.0755  0.1229  0.0745  0.0533  0.0482
  25  9.9144E-07    0.170816    0.260449  0.1097  0.2130  0.0991  0.1696  0.0716  0.0594  0.1057  0.0099  0.2293  0.1093  0.2870  0.0754  0.1230  0.0747  0.0533  0.0480
  26  6.7039E-07    0.170445    0.259693  0.1096  0.2128  0.0990  0.1693  0.0715  0.0599  0.1056  0.0090  0.2293  0.1092  0.2871  0.0752  0.1229  0.0751  0.0534  0.0478
  27  1.0927E-06    0.169771    0.259177  0.1095  0.2127  0.0989  0.1690  0.0714  0.0603  0.1055  0.0080  0.2293  0.1091  0.2872  0.0751  0.1228  0.0755  0.0534  0.0476
  28  1.2905E-06    0.169347    0.258417  0.1095  0.2126  0.0989  0.1688  0.0713  0.0605  0.1054  0.0072  0.2294  0.1090  0.2872  0.0750  0.1227  0.0758  0.0534  0.0475
  29  1.1419E-06    0.168735    0.257716  0.1094  0.2125  0.0988  0.1685  0.0712  0.0607  0.1053  0.0062  0.2294  0.1089  0.2872  0.0748  0.1226  0.0763  0.0535  0.0473
  30  1.1585E-06    0.168246    0.256800  0.1093  0.2124  0.0988  0.1682  0.0710  0.0607  0.1053  0.0054  0.2294  0.1088  0.2871  0.0748  0.1225  0.0767  0.0535  0.0472
  31  1.5916E-06    0.167397    0.255970  0.1092  0.2124  0.0988  0.1680  0.0709  0.0607  0.1052  0.0044  0.2292  0.1087  0.2873  0.0746  0.1225  0.0772  0.0535  0.0470
  32  2.1098E-06    0.166670    0.254937  0.1092  0.2123  0.0987  0.1677  0.0708  0.0606  0.1053  0.0033  0.2292  0.1086  0.2872  0.0745  0.1222  0.0777  0.0536  0.0469
  33  7.2467E-06    0.166078    0.253758  0.1199  0.2319  0.1070  0.2006  0.0921  0.0913  0.1495  0.0605  0.2296  0.1085  0.2872  0.0746  0.1219  0.0783  0.0536  0.0463
  34  3.4715E-06    0.165671    0.252886  0.1200  0.2319  0.1071  0.2005  0.0921  0.0908  0.1493  0.0589  0.2298  0.1084  0.2873  0.0745  0.1216  0.0788  0.0535  0.0460
  35  2.9810E-06    0.165038    0.252052  0.1200  0.2319  0.1072  0.2004  0.0920  0.0902  0.1491  0.0576  0.2298  0.1083  0.2875  0.0744  0.1214  0.0793  0.0534  0.0458
  36  2.3922E-06    0.164728    0.250845  0.1201  0.2319  0.1072  0.2003  0.0920  0.0896  0.1489  0.0564  0.2299  0.1082  0.2876  0.0743  0.1212  0.0798  0.0533  0.0455
  37  2.7078E-06    0.163781    0.249847  0.1202  0.2319  0.1073  0.2001  0.0920  0.0891  0.1490  0.0549  0.2300  0.1081  0.2878  0.0742  0.1210  0.0803  0.0532  0.0453
  38  2.0668E-05    0.163250    0.248205  0.1205  0.2320  0.1077  0.1995  0.0925  0.0892  0.1494  0.0468  0.2309  0.1078  0.2886  0.0739  0.1209  0.0808  0.0532  0.0440
  39  1.7967E-05    0.161553    0.246208  0.1208  0.2323  0.1080  0.1994  0.0927  0.0899  0.1492  0.0390  0.2316  0.1077  0.2892  0.0736  0.1208  0.0816  0.0533  0.0423
  40  3.6529E-06    0.161182    0.244979  0.1209  0.2324  0.1082  0.1995  0.0927  0.0904  0.1483  0.0368  0.2318  0.1076  0.2894  0.0735  0.1207  0.0822  0.0532  0.0417
  41  1.9296E-06    0.160610    0.244225  0.1210  0.2324  0.1082  0.1994  0.0928  0.0906  0.1473  0.0362  0.2320  0.1075  0.2894  0.0735  0.1206  0.0827  0.0530  0.0413
  42  1.3765E-06    0.160313    0.243583  0.1210  0.2324  0.1083  0.1994  0.0929  0.0907  0.1462  0.0360  0.2321  0.1074  0.2895  0.0734  0.1205  0.0831  0.0528  0.0412
  43  1.3903E-06    0.159882    0.242934  0.1211  0.2325  0.1084  0.1994  0.0930  0.0908  0.1453  0.0358  0.2323  0.1073  0.2896  0.0733  0.1205  0.0835  0.0525  0.0411
  44  1.1495E-06    0.159408    0.242468  0.1211  0.2325  0.1085  0.1994  0.0930  0.0910  0.1443  0.0357  0.2324  0.1073  0.2896  0.0733  0.1203  0.0838  0.0522  0.0410
  45  9.8370E-07    0.159030    0.241827  0.1212  0.2326  0.1086  0.1993  0.0930  0.0911  0.1433  0.0354  0.2326  0.1072  0.2898  0.0732  0.1202  0.0842  0.0520  0.0409
  46  1.1270E-06    0.158712    0.241351  0.1212  0.2326  0.1086  0.1993  0.0930  0.0912  0.1423  0.0354  0.2327  0.1071  0.2898  0.0732  0.1201  0.0845  0.0517  0.0409
  47  8.0652E-07    0.158496    0.241030  0.1212  0.2326  0.1087  0.1993  0.0930  0.0913  0.1413  0.0353  0.2328  0.1071  0.2897  0.0732  0.1200  0.0849  0.0515  0.0408
  48  1.0515E-06    0.158115    0.240438  0.1213  0.2327  0.1088  0.1993  0.0930  0.0914  0.1402  0.0352  0.2330  0.1070  0.2898  0.0731  0.1198  0.0852  0.0512  0.0408
  49  6.2755E-06    0.158327    0.240981  0.1215  0.2330  0.1091  0.1997  0.0932  0.0917  0.1396  0.0317  0.2329  0.1073  0.2897  0.0734  0.1199  0.0853  0.0511  0.0402
  50  1.3447E-06    0.158218    0.240569  0.1215  0.2330  0.1092  0.1998  0.0933  0.0918  0.1386  0.0306  0.2329  0.1073  0.2899  0.0734  0.1200  0.0857  0.0509  0.0400
  51  1.3560E-06    0.157886    0.240030  0.1216  0.2331  0.1093  0.1997  0.0933  0.0917  0.1375  0.0300  0.2330  0.1072  0.2901  0.0734  0.1201  0.0859  0.0506  0.0398
  52  1.3059E-06    0.157266    0.239852  0.1216  0.2331  0.1093  0.1997  0.0934  0.0916  0.1359  0.0298  0.2330  0.1072  0.2902  0.0733  0.1201  0.0862  0.0503  0.0398
  53  1.4997E-06    0.157021    0.239233  0.1216  0.2332  0.1094  0.1997  0.0935  0.0915  0.1345  0.0297  0.2330  0.1071  0.2903  0.0732  0.1201  0.0865  0.0500  0.0397
  54  7.8415E-07    0.156833    0.239041  0.1216  0.2332  0.1094  0.1997  0.0935  0.0913  0.1333  0.0296  0.2330  0.1072  0.2903  0.0732  0.1201  0.0869  0.0497  0.0396
  55  7.4137E-07    0.156631    0.238694  0.1216  0.2333  0.1095  0.1998  0.0935  0.0911  0.1322  0.0296  0.2331  0.1071  0.2903  0.0732  0.1201  0.0872  0.0495  0.0396
  56  6.2067E-07    0.156513    0.238378  0.1216  0.2333  0.1096  0.1998  0.0935  0.0909  0.1310  0.0296  0.2330  0.1070  0.2903  0.0732  0.1201  0.0875  0.0492  0.0396
  57  1.0425E-06    0.155967    0.237867  0.1216  0.2334  0.1096  0.1998  0.0935  0.0906  0.1298  0.0296  0.2330  0.1070  0.2904  0.0731  0.1201  0.0878  0.0490  0.0395
  58  1.0178E-06    0.155504    0.237122  0.1216  0.2334  0.1096  0.1997  0.0935  0.0903  0.1286  0.0296  0.2329  0.1070  0.2907  0.0731  0.1199  0.0882  0.0488  0.0395
  59  5.7304E-07    0.155139    0.236921  0.1216  0.2334  0.1097  0.1997  0.0935  0.0899  0.1275  0.0297  0.2329  0.1070  0.2906  0.0730  0.1199  0.0885  0.0485  0.0395
  60  1.4151E-06    0.155051    0.236437  0.1219  0.2337  0.1100  0.1999  0.0938  0.0900  0.1260  0.0274  0.2330  0.1070  0.2907  0.0730  0.1198  0.0889  0.0482  0.0393
  61  5.5542E-07    0.154642    0.236167  0.1218  0.2337  0.1100  0.2000  0.0938  0.0896  0.1247  0.0275  0.2330  0.1070  0.2906  0.0730  0.1197  0.0893  0.0480  0.0393
  62  6.3817E-07    0.154481    0.235843  0.1219  0.2338  0.1102  0.2001  0.0939  0.0894  0.1234  0.0267  0.2330  0.1070  0.2906  0.0730  0.1197  0.0897  0.0478  0.0392
  63  9.5510E-07    0.153954    0.235452  0.1220  0.2340  0.1103  0.2002  0.0940  0.0892  0.1221  0.0259  0.2330  0.1071  0.2907  0.0730  0.1196  0.0900  0.0475  0.0391
  64  6.5235E-07    0.153721    0.234841  0.1220  0.2340  0.1104  0.2002  0.0940  0.0889  0.1208  0.0258  0.2330  0.1071  0.2907  0.0729  0.1195  0.0904  0.0473  0.0390
  65  6.8553E-07    0.153400    0.234423  0.1221  0.2342  0.1105  0.2002  0.0941  0.0886  0.1196  0.0251  0.2332  0.1071  0.2907  0.0729  0.1194  0.0908  0.0470  0.0390
  66  5.2511E-07    0.152983    0.234105  0.1221  0.2342  0.1106  0.2003  0.0941  0.0882  0.1184  0.0251  0.2332  0.1071  0.2907  0.0729  0.1193  0.0911  0.0468  0.0389
  67  9.3036E-07    0.152534    0.233696  0.1222  0.2343  0.1107  0.2004  0.0942  0.0878  0.1173  0.0244  0.2332  0.1071  0.2907  0.0729  0.1192  0.0915  0.0466  0.0388
  68  6.1751E-07    0.152257    0.233257  0.1221  0.2343  0.1107  0.2004  0.0942  0.0873  0.1163  0.0244  0.2332  0.1070  0.2906  0.0729  0.1191  0.0919  0.0463  0.0388
  69  8.5510E-07    0.151925    0.232834  0.1222  0.2344  0.1109  0.2005  0.0943  0.0868  0.1153  0.0236  0.2333  0.1071  0.2906  0.0729  0.1190  0.0924  0.0460  0.0388
  70  1.1292E-06    0.151317    0.232132  0.1222  0.2344  0.1109  0.2005  0.0942  0.0862  0.1143  0.0234  0.2333  0.1070  0.2906  0.0728  0.1189  0.0929  0.0457  0.0387
  71  9.5218E-07    0.150934    0.231571  0.1221  0.2345  0.1109  0.2005  0.0942  0.0858  0.1135  0.0233  0.2332  0.1070  0.2906  0.0728  0.1188  0.0934  0.0455  0.0387
  72  1.3545E-06    0.150492    0.230866  0.1222  0.2346  0.1111  0.2006  0.0944  0.0856  0.1125  0.0221  0.2333  0.1070  0.2907  0.0728  0.1187  0.0938  0.0451  0.0386
  73  1.1150E-06    0.150069    0.230243  0.1222  0.2346  0.1112  0.2006  0.0944  0.0853  0.1117  0.0220  0.2333  0.1070  0.2906  0.0727  0.1187  0.0943  0.0448  0.0385
  74  1.1989E-06    0.149692    0.229698  0.1223  0.2347  0.1113  0.2007  0.0945  0.0850  0.1108  0.0212  0.2333  0.1070  0.2906  0.0727  0.1186  0.0948  0.0446  0.0384
  75  1.0500E-06    0.149354    0.229101  0.1223  0.2348  0.1114  0.2008  0.0945  0.0848  0.1101  0.0206  0.2333  0.1070  0.2906  0.0727  0.1185  0.0952  0.0443  0.0384
  76  1.0077E-06    0.148820    0.228471  0.1223  0.2348  0.1114  0.2008  0.0945  0.0845  0.1094  0.0203  0.2332  0.1069  0.2906  0.0727  0.1184  0.0956  0.0441  0.0383
  77  8.7205E-07    0.148426    0.227855  0.1224  0.2349  0.1115  0.2008  0.0946  0.0843  0.1088  0.0196  0.2333  0.1069  0.2906  0.0727  0.1183  0.0960  0.0439  0.0382
  78  6.3857E-07    0.147973    0.227392  0.1223  0.2350  0.1115  0.2008  0.0946  0.0840  0.1084  0.0194  0.2333  0.1069  0.2906  0.0727  0.1182  0.0964  0.0438  0.0382
  79  7.0461E-07    0.147655    0.226770  0.1224  0.2350  0.1116  0.2009  0.0946  0.0838  0.1081  0.0188  0.2333  0.1069  0.2906  0.0726  0.1181  0.0967  0.0436  0.0381
  80  5.5464E-07    0.147305    0.226254  0.1224  0.2350  0.1117  0.2009  0.0946  0.0837  0.1078  0.0185  0.2333  0.1068  0.2906  0.0726  0.1180  0.0970  0.0436  0.0381
  81  4.5767E-07    0.147044    0.225874  0.1224  0.2351  0.1117  0.2009  0.0946  0.0836  0.1075  0.0179  0.2333  0.1069  0.2905  0.0726  0.1179  0.0973  0.0435  0.0381
  82  3.4323E-07    0.146767    0.225398  0.1224  0.2351  0.1118  0.2010  0.0946  0.0835  0.1072  0.0177  0.2333  0.1068  0.2905  0.0726  0.1178  0.0976  0.0434  0.0380
  83  4.1192E-07    0.146541    0.225063  0.1224  0.2352  0.1118  0.2010  0.0947  0.0835  0.1069  0.0170  0.2333  0.1069  0.2905  0.0726  0.1177  0.0978  0.0433  0.0380
  84  3.3023E-07    0.146358    0.224691  0.1224  0.2352  0.1119  0.2011  0.0947  0.0835  0.1065  0.0165  0.2333  0.1069  0.2904  0.0726  0.1176  0.0980  0.0433  0.0379
  85  3.0458E-07    0.146251    0.224285  0.1225  0.2353  0.1120  0.2011  0.0948  0.0835  0.1062  0.0159  0.2333  0.1069  0.2904  0.0725  0.1175  0.0983  0.0432  0.0378
  86  3.0366E-07    0.146082    0.223918  0.1225  0.2353  0.1120  0.2012  0.0948  0.0835  0.1058  0.0154  0.2333  0.1069  0.2903  0.0726  0.1174  0.0985  0.0432  0.0378
  87  2.9041E-07    0.145912    0.223576  0.1225  0.2354  0.1121  0.2012  0.0948  0.0835  0.1054  0.0148  0.2333  0.1069  0.2902  0.0726  0.1174  0.0987  0.0431  0.0377
  88  2.7122E-07    0.145828    0.223169  0.1225  0.2355  0.1122  0.2013  0.0949  0.0835  0.1050  0.0143  0.2333  0.1069  0.2902  0.0726  0.1173  0.0990  0.0431  0.0377
  89  3.2844E-07    0.145648    0.222856  0.1226  0.2355  0.1122  0.2013  0.0950  0.0835  0.1047  0.0137  0.2334  0.1069  0.2901  0.0726  0.1172  0.0992  0.0431  0.0376
  90  2.7196E-07    0.145549    0.222453  0.1226  0.2356  0.1123  0.2014  0.0950  0.0835  0.1044  0.0132  0.2334  0.1069  0.2901  0.0726  0.1172  0.0994  0.0430  0.0375
  91  2.6191E-07    0.145409    0.222121  0.1226  0.2356  0.1124  0.2014  0.0950  0.0835  0.1041  0.0127  0.2334  0.1069  0.2900  0.0726  0.1171  0.0996  0.0430  0.0375
  92  2.3936E-07    0.145301    0.221773  0.1226  0.2356  0.1124  0.2015  0.0951  0.0835  0.1037  0.0123  0.2334  0.1069  0.2899  0.0726  0.1170  0.0998  0.0429  0.0374
  93  1.9286E-07    0.145134    0.221400  0.1226  0.2357  0.1125  0.2015  0.0951  0.0835  0.1034  0.0120  0.2334  0.1069  0.2899  0.0726  0.1170  0.1000  0.0429  0.0374
  94  3.3976E-07    0.145045    0.221078  0.1226  0.2357  0.1125  0.2016  0.0952  0.0834  0.1030  0.0114  0.2334  0.1069  0.2898  0.0726  0.1169  0.1001  0.0429  0.0373
  95  1.9484E-07    0.144828    0.220732  0.1226  0.2357  0.1126  0.2016  0.0952  0.0833  0.1026  0.0112  0.2334  0.1069  0.2898  0.0726  0.1168  0.1003  0.0428  0.0373
  96  2.5124E-07    0.144731    0.220397  0.1227  0.2358  0.1126  0.2016  0.0952  0.0832  0.1023  0.0108  0.2334  0.1069  0.2898  0.0726  0.1168  0.1005  0.0428  0.0372
  97  2.6303E-07    0.144582    0.220109  0.1227  0.2358  0.1127  0.2017  0.0952  0.0831  0.1020  0.0104  0.2334  0.1069  0.2897  0.0726  0.1167  0.1007  0.0427  0.0372
  98  2.1640E-07    0.144468    0.219679  0.1227  0.2358  0.1127  0.2017  0.0952  0.0830  0.1016  0.0102  0.2334  0.1069  0.2897  0.0726  0.1167  0.1009  0.0427  0.0371
  99  3.6571E-07    0.144381    0.219381  0.1227  0.2359  0.1127  0.2018  0.0953  0.0828  0.1013  0.0098  0.2334  0.1069  0.2896  0.0726  0.1166  0.1010  0.0427  0.0371
 100  3.7383E-07    0.144148    0.219046  0.1228  0.2359  0.1128  0.2018  0.0953  0.0825  0.1008  0.0095  0.2334  0.1070  0.2896  0.0726  0.1166  0.1012  0.0426  0.0370
 101  3.8569E-07    0.143913    0.218692  0.1228  0.2360  0.1128  0.2018  0.0954  0.0823  0.1004  0.0092  0.2334  0.1070  0.2895  0.0726  0.1165  0.1014  0.0426  0.0370
 102  3.2600E-07    0.143759    0.218177  0.1228  0.2360  0.1129  0.2019  0.0954  0.0822  0.0998  0.0090  0.2334  0.1070  0.2895  0.0726  0.1165  0.1017  0.0425  0.0369
 103  4.1726E-07    0.143518    0.217836  0.1229  0.2361  0.1129  0.2019  0.0954  0.0820  0.0994  0.0087  0.2334  0.1070  0.2895  0.0726  0.1164  0.1019  0.0424  0.0369
 104  4.6734E-07    0.143348    0.217504  0.1229  0.2361  0.1130  0.2020  0.0955  0.0817  0.0989  0.0085  0.2334  0.1070  0.2894  0.0726  0.1164  0.1020  0.0424  0.0368
 105  4.2385E-07    0.143199    0.217075  0.1230  0.2361  0.1130  0.2020  0.0955  0.0814  0.0985  0.0082  0.2334  0.1070  0.2894  0.0726  0.1163  0.1022  0.0423  0.0368
 106  4.2695E-07    0.142969    0.216714  0.1230  0.2362  0.1131  0.2020  0.0955  0.0812  0.0980  0.0080  0.2333  0.1070  0.2893  0.0726  0.1163  0.1024  0.0422  0.0368
 107  3.5860E-07    0.142746    0.216214  0.1230  0.2362  0.1131  0.2021  0.0955  0.0809  0.0973  0.0078  0.2333  0.1070  0.2893  0.0726  0.1162  0.1026  0.0422  0.0367
 108  9.3750E-07    0.142665    0.216001  0.1231  0.2363  0.1131  0.2021  0.0956  0.0804  0.0968  0.0078  0.2334  0.1070  0.2892  0.0726  0.1163  0.1027  0.0421  0.0367
 109  4.0521E-07    0.142370    0.215659  0.1232  0.2363  0.1132  0.2021  0.0957  0.0799  0.0962  0.0078  0.2333  0.1070  0.2891  0.0726  0.1162  0.1029  0.0420  0.0367
 110  4.5815E-07    0.142129    0.215275  0.1232  0.2363  0.1132  0.2022  0.0957  0.0794  0.0954  0.0078  0.2333  0.1070  0.2890  0.0726  0.1162  0.1032  0.0419  0.0367
 111  6.0806E-07    0.141819    0.214850  0.1233  0.2364  0.1133  0.2022  0.0958  0.0790  0.0946  0.0077  0.2333  0.1071  0.2890  0.0726  0.1161  0.1034  0.0418  0.0367
 112  5.1439E-07    0.141505    0.214445  0.1234  0.2364  0.1133  0.2023  0.0958  0.0786  0.0939  0.0076  0.2333  0.1070  0.2889  0.0726  0.1161  0.1037  0.0417  0.0367
 113  4.4758E-07    0.141283    0.214032  0.1235  0.2364  0.1134  0.2023  0.0959  0.0784  0.0933  0.0075  0.2333  0.1070  0.2889  0.0726  0.1161  0.1039  0.0416  0.0366
 114  4.1805E-07    0.141034    0.213656  0.1235  0.2365  0.1134  0.2023  0.0959  0.0781  0.0927  0.0074  0.2332  0.1070  0.2889  0.0726  0.1160  0.1041  0.0415  0.0366
 115  3.7115E-07    0.140746    0.213236  0.1235  0.2365  0.1134  0.2024  0.0959  0.0778  0.0921  0.0072  0.2332  0.1070  0.2889  0.0727  0.1159  0.1043  0.0414  0.0366
 116  8.1477E-07    0.140498    0.213056  0.1236  0.2365  0.1135  0.2024  0.0959  0.0773  0.0916  0.0073  0.2332  0.1070  0.2888  0.0727  0.1159  0.1045  0.0413  0.0366
 117  7.6152E-07    0.140179    0.212796  0.1238  0.2367  0.1136  0.2025  0.0961  0.0772  0.0895  0.0075  0.2333  0.1070  0.2887  0.0727  0.1159  0.1048  0.0410  0.0366
 118  5.8174E-07    0.139853    0.212414  0.1238  0.2367  0.1136  0.2026  0.0961  0.0770  0.0888  0.0073  0.2333  0.1070  0.2887  0.0727  0.1158  0.1051  0.0408  0.0366
 119  4.6490E-07    0.139516    0.212097  0.1239  0.2367  0.1137  0.2026  0.0961  0.0769  0.0882  0.0072  0.2332  0.1070  0.2887  0.0727  0.1158  0.1054  0.0407  0.0365
 120  5.3962E-07    0.139264    0.211905  0.1239  0.2367  0.1137  0.2027  0.0961  0.0767  0.0878  0.0072  0.2333  0.1070  0.2887  0.0727  0.1157  0.1056  0.0406  0.0365
 121  2.9630E-07    0.139023    0.211571  0.1240  0.2368  0.1138  0.2027  0.0961  0.0767  0.0873  0.0070  0.2332  0.1070  0.2887  0.0727  0.1156  0.1058  0.0405  0.0365
 122  4.7237E-07    0.138904    0.211409  0.1240  0.2368  0.1138  0.2027  0.0962  0.0765  0.0870  0.0071  0.2333  0.1070  0.2886  0.0727  0.1156  0.1059  0.0405  0.0365
 123  2.8858E-07    0.138663    0.211064  0.1241  0.2368  0.1138  0.2027  0.0962  0.0764  0.0865  0.0069  0.2333  0.1069  0.2886  0.0727  0.1156  0.1060  0.0404  0.0365
 124  3.3239E-07    0.138531    0.210861  0.1241  0.2368  0.1138  0.2028  0.0962  0.0763  0.0862  0.0069  0.2332  0.1069  0.2886  0.0727  0.1156  0.1062  0.0403  0.0365
 125  5.4529E-07    0.138433    0.210853  0.1242  0.2369  0.1139  0.2028  0.0963  0.0761  0.0858  0.0071  0.2333  0.1070  0.2885  0.0727  0.1156  0.1062  0.0403  0.0365
 126  2.2062E-07    0.138364    0.210684  0.1242  0.2369  0.1139  0.2028  0.0963  0.0760  0.0855  0.0071  0.2333  0.1070  0.2885  0.0727  0.1156  0.1063  0.0403  0.0365
 127  2.8184E-07    0.138215    0.210683  0.1242  0.2369  0.1139  0.2028  0.0963  0.0759  0.0852  0.0072  0.2333  0.1070  0.2884  0.0727  0.1156  0.1064  0.0402  0.0365
 128  2.5225E-07    0.138117    0.210494  0.1243  0.2369  0.1139  0.2028  0.0964  0.0758  0.0848  0.0072  0.2333  0.1070  0.2883  0.0727  0.1155  0.1065  0.0402  0.0365
 129  2.7860E-07    0.137990    0.210275  0.1243  0.2370  0.1140  0.2029  0.0964  0.0756  0.0844  0.0072  0.2332  0.1070  0.2883  0.0727  0.1155  0.1066  0.0401  0.0365
 130  3.4182E-07    0.137858    0.210014  0.1244  0.2370  0.1140  0.2029  0.0964  0.0755  0.0840  0.0072  0.2332  0.1070  0.2883  0.0727  0.1155  0.1067  0.0401  0.0365
 131  3.2602E-07    0.137737    0.209768  0.1244  0.2370  0.1140  0.2029  0.0964  0.0755  0.0836  0.0072  0.2332  0.1070  0.2883  0.0727  0.1155  0.1068  0.0400  0.0365
 132  3.0743E-07    0.137642    0.209537  0.1244  0.2371  0.1140  0.2029  0.0964  0.0754  0.0832  0.0071  0.2332  0.1070  0.2883  0.0727  0.1155  0.1070  0.0399  0.0364
 133  3.0642E-07    0.137485    0.209345  0.1245  0.2371  0.1141  0.2030  0.0965  0.0753  0.0828  0.0071  0.2332  0.1070  0.2882  0.0727  0.1154  0.1071  0.0399  0.0364
 134  3.3822E-07    0.137401    0.209152  0.1245  0.2371  0.1141  0.2030  0.0965  0.0752  0.0824  0.0071  0.2333  0.1070  0.2882  0.0727  0.1154  0.1071  0.0398  0.0364
 135  4.0728E-07    0.137194    0.208699  0.1245  0.2371  0.1141  0.2030  0.0965  0.0751  0.0818  0.0070  0.2333  0.1070  0.2882  0.0727  0.1154  0.1073  0.0397  0.0364
 136  3.1654E-07    0.137120    0.208508  0.1245  0.2372  0.1142  0.2031  0.0965  0.0750  0.0813  0.0070  0.2333  0.1070  0.2882  0.0727  0.1154  0.1074  0.0396  0.0364
 137  3.0224E-07    0.137007    0.208334  0.1246  0.2372  0.1142  0.2031  0.0966  0.0749  0.0808  0.0070  0.2333  0.1070  0.2882  0.0727  0.1154  0.1075  0.0396  0.0364
 138  2.7207E-07    0.136860    0.208017  0.1246  0.2372  0.1142  0.2031  0.0966  0.0748  0.0802  0.0069  0.2333  0.1070  0.2882  0.0727  0.1153  0.1076  0.0395  0.0364
 139  5.5644E-07    0.136715    0.207721  0.1246  0.2372  0.1143  0.2032  0.0966  0.0746  0.0797  0.0069  0.2334  0.1070  0.2882  0.0727  0.1153  0.1077  0.0394  0.0364
 140  3.6955E-07    0.136672    0.207571  0.1246  0.2373  0.1143  0.2032  0.0967  0.0745  0.0791  0.0069  0.2333  0.1070  0.2882  0.0727  0.1153  0.1078  0.0393  0.0364
 141  2.9591E-07    0.136483    0.207276  0.1247  0.2373  0.1143  0.2032  0.0967  0.0744  0.0785  0.0068  0.2334  0.1070  0.2882  0.0727  0.1153  0.1080  0.0392  0.0363
 142  6.6048E-07    0.136333    0.207066  0.1247  0.2373  0.1144  0.2032  0.0967  0.0742  0.0780  0.0069  0.2334  0.1070  0.2881  0.0727  0.1153  0.1080  0.0391  0.0363
 143  4.0611E-07    0.136164    0.206996  0.1247  0.2374  0.1144  0.2033  0.0967  0.0740  0.0775  0.0070  0.2334  0.1070  0.2881  0.0727  0.1153  0.1082  0.0390  0.0363
 144  3.1234E-07    0.135990    0.206653  0.1247  0.2374  0.1144  0.2033  0.0967  0.0739  0.0769  0.0069  0.2334  0.1070  0.2881  0.0727  0.1152  0.1084  0.0389  0.0363
 145  8.6258E-07    0.135823    0.206539  0.1248  0.2374  0.1144  0.2033  0.0968  0.0737  0.0764  0.0071  0.2333  0.1070  0.2881  0.0727  0.1153  0.1084  0.0389  0.0364
 146  3.2287E-07    0.135775    0.206387  0.1248  0.2374  0.1144  0.2033  0.0968  0.0735  0.0758  0.0072  0.2333  0.1070  0.2880  0.0727  0.1153  0.1086  0.0388  0.0364
 147  3.0788E-07    0.135520    0.206126  0.1248  0.2375  0.1145  0.2034  0.0968  0.0735  0.0752  0.0070  0.2333  0.1070  0.2880  0.0727  0.1152  0.1087  0.0387  0.0363
 148  2.9662E-07    0.135317    0.205840  0.1249  0.2375  0.1145  0.2034  0.0969  0.0734  0.0746  0.0069  0.2333  0.1070  0.2881  0.0727  0.1152  0.1089  0.0385  0.0363
 149  4.2291E-07    0.135238    0.205758  0.1249  0.2375  0.1146  0.2034  0.0969  0.0733  0.0741  0.0070  0.2333  0.1070  0.2880  0.0727  0.1152  0.1090  0.0385  0.0363
 150  5.2337E-07    0.134961    0.205307  0.1249  0.2375  0.1146  0.2035  0.0969  0.0733  0.0735  0.0069  0.2333  0.1070  0.2881  0.0727  0.1151  0.1092  0.0384  0.0363
 151  3.9107E-07    0.134927    0.205217  0.1249  0.2376  0.1146  0.2035  0.0969  0.0731  0.0729  0.0070  0.2333  0.1070  0.2880  0.0727  0.1151  0.1093  0.0383  0.0363
 152  3.0483E-07    0.134612    0.204989  0.1250  0.2376  0.1147  0.2035  0.0969  0.0731  0.0723  0.0069  0.2334  0.1070  0.2880  0.0727  0.1151  0.1094  0.0382  0.0362
 153  8.9729E-07    0.134579    0.205141  0.1250  0.2376  0.1147  0.2035  0.0970  0.0729  0.0718  0.0073  0.2334  0.1070  0.2879  0.0727  0.1152  0.1094  0.0381  0.0363
 154  2.9761E-07    0.134483    0.205010  0.1250  0.2376  0.1147  0.2036  0.0970  0.0728  0.0712  0.0073  0.2334  0.1070  0.2878  0.0727  0.1152  0.1096  0.0380  0.0363
 155  2.7722E-07    0.134303    0.204743  0.1250  0.2377  0.1147  0.2036  0.0971  0.0728  0.0706  0.0072  0.2334  0.1070  0.2878  0.0727  0.1152  0.1097  0.0379  0.0363
 156  2.7227E-07    0.134138    0.204481  0.1251  0.2377  0.1148  0.2036  0.0971  0.0728  0.0701  0.0071  0.2334  0.1070  0.2879  0.0727  0.1151  0.1098  0.0378  0.0363
 157  2.6443E-07    0.133990    0.204202  0.1251  0.2377  0.1148  0.2037  0.0971  0.0728  0.0695  0.0070  0.2335  0.1069  0.2879  0.0727  0.1151  0.1100  0.0377  0.0362
 158  2.3072E-07    0.133740    0.204319  0.1251  0.2377  0.1149  0.2037  0.0971  0.0727  0.0689  0.0071  0.2336  0.1069  0.2879  0.0727  0.1151  0.1100  0.0376  0.0362
 159  1.9614E-07    0.133776    0.204249  0.1251  0.2378  0.1149  0.2037  0.0972  0.0727  0.0684  0.0072  0.2335  0.1070  0.2878  0.0727  0.1151  0.1100  0.0376  0.0363
 160  8.6649E-08    0.133597    0.204047  0.1252  0.2378  0.1149  0.2038  0.0972  0.0727  0.0678  0.0071  0.2336  0.1070  0.2879  0.0727  0.1151  0.1101  0.0375  0.0362
 161  1.8469E-07    0.133415    0.203734  0.1252  0.2378  0.1150  0.2038  0.0972  0.0728  0.0673  0.0070  0.2336  0.1069  0.2879  0.0727  0.1150  0.1103  0.0374  0.0362
 162  6.1268E-07    0.133517    0.203977  0.1252  0.2378  0.1150  0.2038  0.0972  0.0726  0.0668  0.0073  0.2336  0.1070  0.2878  0.0727  0.1151  0.1102  0.0373  0.0363
 163  6.1689E-08    0.133392    0.203956  0.1252  0.2379  0.1150  0.2038  0.0973  0.0726  0.0664  0.0074  0.2337  0.1070  0.2878  0.0727  0.1151  0.1102  0.0372  0.0363
 164  7.3544E-08    0.133202    0.203727  0.1252  0.2379  0.1150  0.2039  0.0973  0.0727  0.0658  0.0073  0.2338  0.1069  0.2878  0.0727  0.1151  0.1103  0.0372  0.0362
 165  5.8346E-08    0.133120    0.203473  0.1253  0.2379  0.1151  0.2039  0.0973  0.0727  0.0653  0.0072  0.2338  0.1069  0.2878  0.0727  0.1151  0.1104  0.0371  0.0362
 166  6.0605E-08    0.133054    0.203227  0.1253  0.2379  0.1151  0.2039  0.0973  0.0727  0.0648  0.0071  0.2338  0.1069  0.2879  0.0727  0.1150  0.1105  0.0370  0.0362
 167  2.7295E-05    0.134466    0.207326  0.1255  0.2379  0.1150  0.2043  0.0972  0.0728  0.0649  0.0075  0.2329  0.1071  0.2886  0.0733  0.1153  0.1096  0.0367  0.0365
 168  5.6636E-06    0.134867    0.208259  0.1257  0.2379  0.1149  0.2045  0.0972  0.0730  0.0648  0.0073  0.2325  0.1072  0.2892  0.0734  0.1154  0.1094  0.0366  0.0364
 169  3.4748E-06    0.135072    0.208748  0.1260  0.2379  0.1148  0.2045  0.0972  0.0731  0.0647  0.0070  0.2321  0.1071  0.2897  0.0734  0.1155  0.1093  0.0365  0.0363
 170  2.2505E-06    0.135308    0.209016  0.1261  0.2379  0.1148  0.2044  0.0971  0.0733  0.0646  0.0068  0.2318  0.1072  0.2901  0.0734  0.1155  0.1092  0.0364  0.0363
 171  1.5412E-06    0.135314    0.209105  0.1263  0.2379  0.1147  0.2044  0.0971  0.0734  0.0645  0.0067  0.2316  0.1072  0.2904  0.0734  0.1156  0.1093  0.0364  0.0362
 172  1.0616E-06    0.135336    0.209222  0.1264  0.2379  0.1147  0.2044  0.0971  0.0734  0.0644  0.0065  0.2314  0.1072  0.2906  0.0734  0.1157  0.1092  0.0363  0.0361
 173  7.2440E-07    0.135452    0.209257  0.1265  0.2379  0.1147  0.2043  0.0971  0.0735  0.0644  0.0065  0.2312  0.1072  0.2909  0.0734  0.1157  0.1092  0.0363  0.0361
 174  5.4586E-07    0.135462    0.209293  0.1266  0.2379  0.1146  0.2043  0.0971  0.0735  0.0644  0.0064  0.2310  0.1072  0.2910  0.0734  0.1158  0.1092  0.0363  0.0361
 175  4.7816E-07    0.135465    0.209140  0.1267  0.2379  0.1146  0.2043  0.0971  0.0736  0.0644  0.0063  0.2309  0.1072  0.2912  0.0734  0.1158  0.1093  0.0363  0.0360
 176  7.0424E-07    0.135570    0.209597  0.1267  0.2379  0.1146  0.2043  0.0971  0.0735  0.0645  0.0065  0.2307  0.1073  0.2912  0.0734  0.1159  0.1092  0.0363  0.0361
 177  2.1382E-07    0.135522    0.209627  0.1268  0.2379  0.1146  0.2043  0.0971  0.0735  0.0646  0.0064  0.2306  0.1073  0.2913  0.0734  0.1159  0.1091  0.0363  0.0361
 178  1.1318E-07    0.135545    0.209600  0.1268  0.2379  0.1146  0.2043  0.0971  0.0735  0.0647  0.0063  0.2305  0.1073  0.2914  0.0734  0.1159  0.1091  0.0363  0.0361
 179  4.9333E-07    0.135635    0.209830  0.1268  0.2379  0.1145  0.2042  0.0970  0.0735  0.0648  0.0065  0.2304  0.1073  0.2914  0.0734  0.1160  0.1091  0.0364  0.0361
 180  3.3313E-07    0.135789    0.210041  0.1269  0.2379  0.1145  0.2042  0.0971  0.0734  0.0649  0.0067  0.2303  0.1073  0.2914  0.0734  0.1160  0.1090  0.0364  0.0362
 181  1.2432E-07    0.135667    0.209956  0.1269  0.2379  0.1145  0.2042  0.0971  0.0734  0.0649  0.0066  0.2302  0.1073  0.2915  0.0734  0.1160  0.1090  0.0364  0.0361
 182  1.3816E-07    0.135562    0.209738  0.1269  0.2379  0.1145  0.2042  0.0970  0.0734  0.0649  0.0065  0.2302  0.1073  0.2916  0.0734  0.1160  0.1091  0.0364  0.0361
 183  3.4228E-07    0.135585    0.210002  0.1269  0.2379  0.1145  0.2042  0.0970  0.0734  0.0649  0.0067  0.2301  0.1073  0.2915  0.0734  0.1161  0.1090  0.0364  0.0362
 184  2.0926E-07    0.135436    0.209799  0.1269  0.2379  0.1145  0.2042  0.0970  0.0734  0.0649  0.0065  0.2301  0.1073  0.2916  0.0734  0.1161  0.1091  0.0364  0.0361
 185  3.5527E-07    0.135638    0.210037  0.1269  0.2379  0.1145  0.2042  0.0970  0.0733  0.0649  0.0068  0.2300  0.1074  0.2915  0.0734  0.1161  0.1090  0.0364  0.0362
 186  1.5218E-07    0.135540    0.209838  0.1269  0.2379  0.1145  0.2042  0.0970  0.0734  0.0649  0.0067  0.2300  0.1073  0.2916  0.0734  0.1161  0.1091  0.0364  0.0362
 187  1.1672E-07    0.135376    0.209757  0.1269  0.2379  0.1145  0.2042  0.0970  0.0734  0.0648  0.0066  0.2300  0.1073  0.2916  0.0734  0.1161  0.1091  0.0363  0.0361
 188  4.9940E-07    0.135431    0.209929  0.1269  0.2379  0.1144  0.2041  0.0970  0.0733  0.0649  0.0067  0.2299  0.1073  0.2916  0.0734  0.1162  0.1091  0.0364  0.0362
 189  5.3605E-08    0.135505    0.209803  0.1269  0.2379  0.1144  0.2042  0.0970  0.0733  0.0648  0.0067  0.2299  0.1073  0.2916  0.0734  0.1161  0.1091  0.0364  0.0362
 190  9.8126E-07    0.135219    0.210228  0.1269  0.2378  0.1144  0.2041  0.0970  0.0732  0.0649  0.0070  0.2298  0.1073  0.2916  0.0733  0.1163  0.1090  0.0364  0.0362
 191  5.6034E-08    0.135446    0.210249  0.1269  0.2378  0.1144  0.2041  0.0970  0.0732  0.0649  0.0070  0.2298  0.1074  0.2916  0.0733  0.1163  0.1090  0.0364  0.0362
 192  2.3886E-07    0.135313    0.210201  0.1269  0.2378  0.1144  0.2041  0.0970  0.0732  0.0649  0.0070  0.2297  0.1073  0.2916  0.0733  0.1163  0.1090  0.0364  0.0362
