Iter   Tolerance Admix(mean)   Admix(SD)    Fst1    Fst2    Fst3    Fst4    Fst5    Fst6    Fst7   QPop1   QPop2   QPop3   QPop4   QPop5   QPop6   QPop7
   1  3.0972E-04    0.853834    0.005700 -0.0001  0.0126  0.0012  0.0014 -0.0008  0.0009  0.0018  0.1367  0.1481  0.1417  0.1446  0.1403  0.1437  0.1449
   2  3.8852E-03    0.808335    0.083030  0.0051  0.0942  0.0327  0.0170  0.0001  0.0032  0.0067  0.1229  0.1572  0.1604  0.1494  0.1316  0.1354  0.1431
   3  6.0587E-03    0.689742    0.216615  0.0348  0.1846  0.0746  0.0696  0.0034  0.0056  0.0039  0.1274  0.1598  0.1951  0.1469  0.1223  0.1218  0.1266
   4  3.2383E-03    0.586459    0.287739  0.0705  0.2263  0.0935  0.1478  0.0260  0.0132  0.0022  0.1418  0.1513  0.2187  0.1346  0.1258  0.1153  0.1125
   5  2.4764E-03    0.505315    0.290337  0.0980  0.2306  0.0978  0.1942  0.0560  0.0132  0.0031  0.1592  0.1358  0.2360  0.1157  0.1312  0.1131  0.1090
   6  1.8363E-03    0.427594    0.275497  0.1081  0.2237  0.0971  0.2024  0.0743  0.0018  0.0060  0.1774  0.1276  0.2486  0.1028  0.1392  0.1037  0.1007
   7  1.4754E-03    0.354895    0.264143  0.1125  0.2232  0.0992  0.2061  0.0831  0.0185  0.0447  0.1909  0.1224  0.2581  0.0947  0.1450  0.0957  0.0932
   8  6.7956E-04    0.298952    0.265776  0.1017  0.2042  0.0915  0.1767  0.0684  0.0088  0.0456  0.2005  0.1186  0.2663  0.0897  0.1494  0.0908  0.0847
   9  1.9714E-04    0.264126    0.267914  0.1012  0.2041  0.0915  0.1742  0.0679  0.0244  0.0687  0.2077  0.1164  0.2732  0.0865  0.1522  0.0872  0.0767
  10  9.2635E-05    0.240594    0.266836  0.1004  0.2039  0.0908  0.1714  0.0669  0.0321  0.0823  0.2135  0.1148  0.2781  0.0841  0.1541  0.0846  0.0707
  11  5.4412E-05    0.224318    0.265081  0.0996  0.2035  0.0899  0.1692  0.0660  0.0349  0.0897  0.2179  0.1138  0.2816  0.0824  0.1553  0.0823  0.0666
  12  3.7439E-05    0.211550    0.263869  0.0990  0.2032  0.0890  0.1673  0.0653  0.0360  0.0934  0.2217  0.1130  0.2843  0.0811  0.1560  0.0805  0.0635
  13  2.7648E-05    0.202481    0.262350  0.0986  0.2029  0.0883  0.1658  0.0649  0.0367  0.0951  0.2239  0.1123  0.2865  0.0801  0.1569  0.0793  0.0610
  14  1.6265E-05    0.196114    0.261240  0.0983  0.2027  0.0877  0.1647  0.0646  0.0372  0.0961  0.2260  0.1119  0.2876  0.0795  0.1573  0.0782  0.0595
  15  1.2926E-05    0.191686    0.260039  0.0980  0.2024  0.0873  0.1637  0.0644  0.0379  0.0965  0.2275  0.1116  0.2883  0.0790  0.1573  0.0779  0.0585
  16  6.0739E-06    0.189489    0.259273  0.0979  0.2023  0.0870  0.1630  0.0642  0.0386  0.0966  0.2284  0.1114  0.2888  0.0787  0.1573  0.0776  0.0578
  17  3.2155E-06    0.187657    0.258535  0.0977  0.2022  0.0867  0.1623  0.0641  0.0398  0.0966  0.2291  0.1113  0.2892  0.0784  0.1574  0.0771  0.0574
  18  1.3113E-06    0.186876    0.257966  0.0976  0.2021  0.0865  0.1617  0.0640  0.0409  0.0965  0.2298  0.1112  0.2893  0.0782  0.1573  0.0769  0.0572
  19  5.8630E-07    0.186340    0.257495  0.0975  0.2019  0.0863  0.1613  0.0639  0.0420  0.0965  0.2302  0.1111  0.2894  0.0781  0.1573  0.0767  0.0572
  20  5.2219E-07    0.185559    0.257026  0.0974  0.2018  0.0862  0.1608  0.0638  0.0430  0.0962  0.2306  0.1110  0.2896  0.0779  0.1573  0.0765  0.0571
  21  6.1056E-07    0.184403    0.256771  0.0973  0.2016  0.0861  0.1603  0.0636  0.0440  0.0961  0.2309  0.1108  0.2898  0.0777  0.1571  0.0766  0.0570
  22  6.5522E-07    0.183603    0.256112  0.0972  0.2015  0.0859  0.1599  0.0635  0.0448  0.0958  0.2313  0.1107  0.2900  0.0775  0.1571  0.0766  0.0569
  23  4.5395E-07    0.183236    0.255653  0.0971  0.2014  0.0858  0.1595  0.0634  0.0456  0.0955  0.2315  0.1106  0.2901  0.0773  0.1569  0.0766  0.0569
  24  6.7263E-07    0.182149    0.254941  0.0971  0.2013  0.0857  0.1590  0.0633  0.0462  0.0953  0.2317  0.1105  0.2905  0.0771  0.1568  0.0765  0.0569
  25  1.2936E-06    0.181845    0.254653  0.0970  0.2012  0.0856  0.1587  0.0633  0.0469  0.0952  0.2321  0.1104  0.2905  0.0770  0.1566  0.0765  0.0569
  26  6.2219E-07    0.181466    0.254318  0.0969  0.2010  0.0855  0.1584  0.0632  0.0476  0.0950  0.2323  0.1102  0.2905  0.0769  0.1566  0.0766  0.0569
  27  5.9334E-07    0.181005    0.253916  0.0969  0.2009  0.0854  0.1581  0.0631  0.0481  0.0948  0.2324  0.1102  0.2905  0.0768  0.1565  0.0766  0.0570
  28  4.0108E-07    0.180856    0.253722  0.0968  0.2008  0.0853  0.1578  0.0630  0.0487  0.0947  0.2325  0.1100  0.2905  0.0766  0.1564  0.0768  0.0571
  29  4.1843E-07    0.180512    0.253373  0.0967  0.2007  0.0853  0.1575  0.0629  0.0493  0.0945  0.2325  0.1099  0.2906  0.0765  0.1563  0.0770  0.0572
  30  3.6243E-07    0.180158    0.252890  0.0966  0.2006  0.0852  0.1571  0.0628  0.0499  0.0944  0.2325  0.1098  0.2907  0.0764  0.1562  0.0772  0.0573
  31  7.6788E-07    0.179303    0.252471  0.0965  0.2005  0.0851  0.1568  0.0627  0.0504  0.0942  0.2325  0.1097  0.2908  0.0762  0.1562  0.0772  0.0573
  32  7.7215E-07    0.178755    0.251869  0.0965  0.2003  0.0850  0.1565  0.0626  0.0508  0.0939  0.2326  0.1096  0.2908  0.0761  0.1562  0.0773  0.0573
  33  7.9986E-07    0.178291    0.251542  0.0964  0.2002  0.0850  0.1561  0.0625  0.0512  0.0938  0.2325  0.1095  0.2909  0.0760  0.1562  0.0775  0.0574
  34  5.8508E-07    0.178072    0.251145  0.0963  0.2001  0.0849  0.1559  0.0624  0.0517  0.0937  0.2327  0.1094  0.2909  0.0759  0.1561  0.0776  0.0575
  35  5.6741E-07    0.177916    0.250874  0.0962  0.2000  0.0849  0.1557  0.0624  0.0521  0.0936  0.2326  0.1093  0.2909  0.0758  0.1560  0.0778  0.0576
  36  5.9295E-07    0.177684    0.250600  0.0962  0.1999  0.0848  0.1555  0.0623  0.0526  0.0934  0.2326  0.1092  0.2909  0.0757  0.1559  0.0780  0.0578
  37  9.0074E-07    0.177571    0.250067  0.0961  0.1998  0.0848  0.1552  0.0622  0.0530  0.0933  0.2327  0.1091  0.2909  0.0756  0.1557  0.0781  0.0579
  38  4.3180E-07    0.177486    0.249606  0.0960  0.1997  0.0847  0.1550  0.0621  0.0534  0.0932  0.2327  0.1090  0.2909  0.0756  0.1556  0.0783  0.0580
  39  3.9036E-07    0.177385    0.249323  0.0960  0.1996  0.0847  0.1548  0.0620  0.0538  0.0931  0.2327  0.1089  0.2908  0.0755  0.1555  0.0785  0.0582
  40  4.9511E-07    0.177236    0.248897  0.0959  0.1995  0.0846  0.1546  0.0619  0.0542  0.0930  0.2326  0.1088  0.2908  0.0754  0.1555  0.0787  0.0583
  41  3.7666E-07    0.177074    0.248401  0.0958  0.1994  0.0846  0.1543  0.0619  0.0545  0.0929  0.2325  0.1087  0.2908  0.0753  0.1554  0.0788  0.0584
  42  5.5608E-07    0.176891    0.247983  0.0958  0.1993  0.0845  0.1541  0.0618  0.0549  0.0928  0.2325  0.1086  0.2908  0.0752  0.1553  0.0790  0.0585
  43  4.9843E-07    0.176585    0.247475  0.0957  0.1992  0.0845  0.1539  0.0617  0.0553  0.0927  0.2324  0.1085  0.2909  0.0752  0.1552  0.0792  0.0586
  44  6.5747E-07    0.176518    0.247165  0.0956  0.1992  0.0844  0.1537  0.0616  0.0556  0.0926  0.2323  0.1084  0.2908  0.0751  0.1552  0.0793  0.0588
  45  1.4504E-07    0.176524    0.246837  0.0955  0.1990  0.0844  0.1536  0.0615  0.0559  0.0925  0.2322  0.1084  0.2907  0.0751  0.1552  0.0795  0.0589
  46  2.4537E-07    0.176411    0.246472  0.0955  0.1990  0.0844  0.1534  0.0614  0.0563  0.0924  0.2321  0.1083  0.2907  0.0750  0.1551  0.0797  0.0591
  47  3.8775E-07    0.176219    0.246039  0.0954  0.1989  0.0843  0.1532  0.0613  0.0566  0.0923  0.2320  0.1082  0.2907  0.0749  0.1550  0.0799  0.0592
  48  2.7065E-07    0.176056    0.245517  0.0953  0.1988  0.0843  0.1530  0.0612  0.0569  0.0921  0.2320  0.1082  0.2907  0.0749  0.1549  0.0801  0.0593
  49  2.2615E-07    0.175826    0.245138  0.0953  0.1987  0.0842  0.1528  0.0611  0.0572  0.0920  0.2319  0.1081  0.2907  0.0748  0.1549  0.0802  0.0595
  50  2.2730E-07    0.175584    0.244828  0.0952  0.1986  0.0842  0.1526  0.0611  0.0575  0.0919  0.2318  0.1080  0.2906  0.0747  0.1548  0.0804  0.0596
  51  2.0098E-07    0.175507    0.244343  0.0951  0.1986  0.0842  0.1524  0.0610  0.0578  0.0917  0.2318  0.1079  0.2907  0.0746  0.1547  0.0806  0.0598
  52  1.8714E-07    0.175407    0.243958  0.0951  0.1985  0.0841  0.1522  0.0609  0.0581  0.0916  0.2316  0.1079  0.2907  0.0746  0.1545  0.0807  0.0599
  53  2.0293E-07    0.175203    0.243504  0.0950  0.1984  0.0841  0.1521  0.0608  0.0584  0.0915  0.2316  0.1078  0.2906  0.0745  0.1544  0.0809  0.0601
  54  7.7620E-08    0.175144    0.243049  0.0949  0.1984  0.0841  0.1519  0.0607  0.0586  0.0913  0.2315  0.1077  0.2907  0.0745  0.1543  0.0811  0.0602
  55  2.4987E-07    0.174825    0.242606  0.0949  0.1983  0.0841  0.1518  0.0607  0.0589  0.0909  0.2313  0.1077  0.2908  0.0744  0.1542  0.0813  0.0603
  56  2.6496E-07    0.174686    0.242239  0.0948  0.1983  0.0840  0.1516  0.0606  0.0592  0.0907  0.2312  0.1076  0.2907  0.0743  0.1542  0.0815  0.0605
  57  3.6204E-07    0.174282    0.241767  0.0948  0.1982  0.0840  0.1515  0.0605  0.0594  0.0906  0.2310  0.1075  0.2907  0.0743  0.1541  0.0816  0.0607
  58  1.0349E-06    0.173961    0.241071  0.0947  0.1981  0.0839  0.1513  0.0602  0.0601  0.0906  0.2309  0.1075  0.2906  0.0742  0.1538  0.0820  0.0610
  59  3.4673E-07    0.173820    0.240320  0.0946  0.1980  0.0839  0.1511  0.0600  0.0606  0.0903  0.2308  0.1074  0.2907  0.0741  0.1536  0.0823  0.0611
  60  3.3216E-07    0.173638    0.239788  0.0945  0.1980  0.0839  0.1509  0.0599  0.0609  0.0900  0.2307  0.1073  0.2907  0.0740  0.1534  0.0825  0.0613
  61  3.1717E-07    0.173356    0.239376  0.0945  0.1979  0.0839  0.1508  0.0598  0.0612  0.0898  0.2306  0.1073  0.2907  0.0740  0.1532  0.0827  0.0615
