Iter   Tolerance Admix(mean)   Admix(SD)    Fst1    Fst2    Fst3    Fst4    Fst5    Fst6    Fst7    Fst8   QPop1   QPop2   QPop3   QPop4   QPop5   QPop6   QPop7   QPop8
   1  2.6979E-04    0.871762    0.005684 -0.0008  0.0155  0.0018  0.0013 -0.0002  0.0005  0.0015  0.0008  0.1187  0.1301  0.1238  0.1261  0.1233  0.1251  0.1262  0.1267
   2  3.0814E-03    0.829981    0.073613  0.0058  0.1087  0.0382  0.0197  0.0006  0.0018  0.0053  0.0052  0.1062  0.1371  0.1426  0.1313  0.1158  0.1173  0.1237  0.1260
   3  5.1428E-03    0.714709    0.220508  0.0428  0.2017  0.0844  0.0868  0.0066  0.0053  0.0020  0.0030  0.1132  0.1509  0.1754  0.1310  0.1067  0.1046  0.1073  0.1110
   4  2.8049E-03    0.611689    0.295131  0.0840  0.2378  0.1043  0.1711  0.0256  0.0140  0.0017  0.0034  0.1289  0.1453  0.2023  0.1212  0.1070  0.0995  0.0964  0.0994
   5  1.8817E-03    0.533129    0.302014  0.1151  0.2449  0.1111  0.2151  0.0575  0.0184  0.0102  0.0051  0.1500  0.1361  0.2223  0.1056  0.1062  0.0966  0.0922  0.0910
   6  1.9536E-03    0.451573    0.287743  0.1205  0.2344  0.1093  0.2129  0.0791  0.0012  0.0183  0.0036  0.1710  0.1278  0.2373  0.0964  0.1077  0.0891  0.0867  0.0840
   7  1.8200E-03    0.365612    0.279029  0.1236  0.2344  0.1119  0.2150  0.0951  0.0279  0.0670  0.0436  0.1858  0.1231  0.2470  0.0902  0.1087  0.0847  0.0810  0.0795
   8  6.4565E-04    0.304063    0.281384  0.1126  0.2162  0.1043  0.1859  0.0768  0.0223  0.0651  0.0251  0.1963  0.1193  0.2551  0.0864  0.1117  0.0837  0.0735  0.0739
   9  2.0793E-04    0.266937    0.281064  0.1125  0.2163  0.1045  0.1844  0.0763  0.0388  0.0858  0.0335  0.2039  0.1172  0.2623  0.0840  0.1150  0.0825  0.0671  0.0679
  10  1.1258E-04    0.239778    0.276511  0.1118  0.2159  0.1038  0.1820  0.0741  0.0480  0.0995  0.0291  0.2097  0.1152  0.2676  0.0816  0.1175  0.0824  0.0636  0.0623
  11  5.1438E-05    0.220988    0.273526  0.1113  0.2157  0.1029  0.1803  0.0730  0.0510  0.1052  0.0244  0.2141  0.1143  0.2715  0.0802  0.1192  0.0817  0.0609  0.0580
  12  3.6053E-05    0.206888    0.272126  0.1109  0.2155  0.1021  0.1791  0.0725  0.0522  0.1078  0.0197  0.2174  0.1135  0.2743  0.0792  0.1207  0.0811  0.0589  0.0549
  13  3.4121E-05    0.195687    0.269756  0.1109  0.2153  0.1016  0.1780  0.0721  0.0541  0.1094  0.0107  0.2201  0.1125  0.2768  0.0783  0.1216  0.0814  0.0576  0.0519
  14  1.6839E-05    0.188764    0.268339  0.1109  0.2153  0.1012  0.1773  0.0720  0.0550  0.1092  0.0054  0.2218  0.1121  0.2781  0.0777  0.1225  0.0814  0.0565  0.0499
  15  1.3958E-05    0.183209    0.266397  0.1109  0.2152  0.1010  0.1767  0.0719  0.0556  0.1085  0.0012  0.2231  0.1116  0.2793  0.0772  0.1227  0.0819  0.0558  0.0484
  16  7.5021E-06    0.179823    0.265046  0.1215  0.2344  0.1091  0.2075  0.0931  0.0856  0.1516  0.0598  0.2239  0.1113  0.2803  0.0769  0.1229  0.0823  0.0551  0.0472
  17  4.1616E-06    0.178004    0.263993  0.1216  0.2344  0.1090  0.2072  0.0931  0.0855  0.1514  0.0582  0.2247  0.1112  0.2809  0.0767  0.1228  0.0825  0.0546  0.0466
  18  2.6093E-06    0.177364    0.263063  0.1216  0.2343  0.1089  0.2070  0.0931  0.0852  0.1514  0.0569  0.2251  0.1111  0.2810  0.0766  0.1228  0.0828  0.0544  0.0462
  19  2.7646E-06    0.176596    0.262191  0.1216  0.2343  0.1088  0.2068  0.0930  0.0848  0.1513  0.0556  0.2254  0.1111  0.2812  0.0766  0.1227  0.0831  0.0541  0.0459
  20  3.4515E-06    0.175726    0.261093  0.1216  0.2343  0.1088  0.2066  0.0930  0.0843  0.1515  0.0541  0.2256  0.1110  0.2813  0.0765  0.1226  0.0837  0.0538  0.0455
  21  2.5811E-05    0.173962    0.259053  0.1219  0.2342  0.1092  0.2055  0.0933  0.0845  0.1528  0.0447  0.2265  0.1105  0.2820  0.0759  0.1226  0.0846  0.0538  0.0440
  22  8.7400E-06    0.171969    0.257072  0.1219  0.2342  0.1093  0.2051  0.0934  0.0838  0.1516  0.0420  0.2273  0.1104  0.2827  0.0756  0.1223  0.0852  0.0534  0.0432
  23  1.6545E-05    0.169928    0.254422  0.1219  0.2341  0.1094  0.2046  0.0932  0.0847  0.1529  0.0357  0.2274  0.1101  0.2829  0.0753  0.1222  0.0866  0.0535  0.0420
  24  8.9175E-06    0.168134    0.252329  0.1219  0.2341  0.1094  0.2044  0.0931  0.0850  0.1515  0.0337  0.2275  0.1099  0.2831  0.0751  0.1219  0.0878  0.0534  0.0413
  25  4.4952E-06    0.167153    0.250761  0.1219  0.2341  0.1095  0.2042  0.0931  0.0851  0.1494  0.0331  0.2274  0.1098  0.2833  0.0750  0.1217  0.0888  0.0531  0.0410
  26  3.5481E-06    0.166201    0.249499  0.1218  0.2341  0.1095  0.2042  0.0930  0.0853  0.1469  0.0329  0.2273  0.1097  0.2832  0.0749  0.1215  0.0899  0.0527  0.0409
  27  3.2985E-06    0.164590    0.248238  0.1218  0.2341  0.1096  0.2041  0.0930  0.0854  0.1446  0.0327  0.2272  0.1096  0.2835  0.0747  0.1213  0.0907  0.0522  0.0407
  28  3.0586E-06    0.163636    0.246836  0.1218  0.2341  0.1097  0.2040  0.0929  0.0855  0.1424  0.0326  0.2271  0.1096  0.2836  0.0746  0.1210  0.0916  0.0518  0.0407
  29  3.1034E-06    0.162339    0.245510  0.1219  0.2342  0.1098  0.2040  0.0929  0.0854  0.1401  0.0322  0.2272  0.1094  0.2838  0.0745  0.1208  0.0924  0.0513  0.0406
  30  2.8278E-06    0.161537    0.244325  0.1219  0.2343  0.1099  0.2040  0.0928  0.0853  0.1379  0.0322  0.2271  0.1093  0.2838  0.0745  0.1206  0.0933  0.0509  0.0405
  31  2.3554E-06    0.160491    0.243062  0.1219  0.2343  0.1100  0.2039  0.0928  0.0850  0.1356  0.0321  0.2271  0.1092  0.2838  0.0744  0.1204  0.0941  0.0505  0.0405
  32  2.2576E-06    0.159752    0.241962  0.1220  0.2344  0.1101  0.2040  0.0929  0.0845  0.1334  0.0321  0.2270  0.1091  0.2839  0.0743  0.1202  0.0949  0.0501  0.0404
  33  2.2906E-06    0.158604    0.240762  0.1220  0.2344  0.1102  0.2040  0.0929  0.0838  0.1311  0.0319  0.2270  0.1091  0.2839  0.0743  0.1200  0.0957  0.0496  0.0404
  34  2.1451E-06    0.158353    0.239973  0.1221  0.2345  0.1103  0.2040  0.0930  0.0829  0.1289  0.0319  0.2269  0.1091  0.2839  0.0742  0.1199  0.0964  0.0492  0.0404
  35  2.3365E-06    0.157351    0.238924  0.1221  0.2346  0.1104  0.2040  0.0930  0.0820  0.1268  0.0317  0.2268  0.1091  0.2840  0.0742  0.1198  0.0971  0.0488  0.0403
  36  2.3664E-06    0.156763    0.237896  0.1223  0.2347  0.1106  0.2041  0.0931  0.0811  0.1246  0.0310  0.2268  0.1091  0.2841  0.0741  0.1196  0.0978  0.0483  0.0402
  37  2.6586E-06    0.155391    0.237175  0.1223  0.2347  0.1107  0.2041  0.0932  0.0801  0.1228  0.0305  0.2270  0.1091  0.2840  0.0740  0.1195  0.0985  0.0478  0.0401
  38  3.0822E-06    0.154709    0.236159  0.1224  0.2349  0.1108  0.2042  0.0933  0.0793  0.1211  0.0300  0.2272  0.1090  0.2841  0.0740  0.1193  0.0992  0.0472  0.0400
  39  2.5692E-06    0.153759    0.235113  0.1225  0.2350  0.1109  0.2042  0.0934  0.0786  0.1195  0.0294  0.2272  0.1090  0.2842  0.0739  0.1192  0.0999  0.0467  0.0399
  40  2.1320E-06    0.153213    0.234146  0.1226  0.2351  0.1110  0.2043  0.0934  0.0778  0.1183  0.0289  0.2273  0.1090  0.2841  0.0739  0.1190  0.1005  0.0463  0.0399
  41  2.7069E-06    0.152290    0.232891  0.1226  0.2351  0.1110  0.2043  0.0934  0.0771  0.1173  0.0287  0.2272  0.1090  0.2842  0.0738  0.1189  0.1012  0.0458  0.0398
  42  2.4334E-06    0.151913    0.231832  0.1228  0.2352  0.1112  0.2044  0.0936  0.0765  0.1154  0.0281  0.2272  0.1089  0.2841  0.0738  0.1188  0.1020  0.0454  0.0397
  43  2.4658E-06    0.151138    0.230663  0.1228  0.2352  0.1113  0.2044  0.0936  0.0759  0.1146  0.0277  0.2272  0.1088  0.2841  0.0738  0.1187  0.1027  0.0451  0.0397
  44  1.1458E-05    0.150286    0.230110  0.1235  0.2358  0.1118  0.2053  0.0942  0.0764  0.1062  0.0280  0.2273  0.1090  0.2846  0.0740  0.1185  0.1033  0.0439  0.0395
  45  2.9306E-06    0.149448    0.229256  0.1237  0.2360  0.1120  0.2055  0.0944  0.0762  0.1028  0.0279  0.2272  0.1090  0.2848  0.0740  0.1183  0.1038  0.0432  0.0395
  46  2.5297E-06    0.148769    0.228213  0.1238  0.2361  0.1120  0.2056  0.0944  0.0759  0.1004  0.0278  0.2271  0.1091  0.2851  0.0741  0.1181  0.1045  0.0427  0.0394
  47  1.2862E-06    0.148206    0.227471  0.1238  0.2361  0.1121  0.2056  0.0945  0.0756  0.0989  0.0276  0.2271  0.1090  0.2851  0.0740  0.1180  0.1050  0.0424  0.0394
  48  9.1226E-07    0.147910    0.226676  0.1239  0.2362  0.1121  0.2056  0.0945  0.0752  0.0977  0.0275  0.2270  0.1090  0.2852  0.0740  0.1179  0.1055  0.0421  0.0394
  49  1.5085E-06    0.147422    0.225802  0.1240  0.2362  0.1122  0.2057  0.0945  0.0748  0.0965  0.0271  0.2269  0.1090  0.2852  0.0740  0.1178  0.1059  0.0419  0.0393
  50  1.0219E-06    0.146916    0.225065  0.1240  0.2363  0.1122  0.2057  0.0945  0.0743  0.0955  0.0270  0.2267  0.1089  0.2853  0.0740  0.1177  0.1064  0.0417  0.0393
  51  1.2457E-06    0.146451    0.224288  0.1241  0.2363  0.1123  0.2058  0.0945  0.0737  0.0943  0.0268  0.2265  0.1089  0.2853  0.0740  0.1176  0.1068  0.0415  0.0392
  52  1.2381E-06    0.145930    0.223389  0.1242  0.2363  0.1123  0.2058  0.0946  0.0732  0.0932  0.0266  0.2264  0.1090  0.2853  0.0740  0.1175  0.1073  0.0414  0.0392
  53  1.3122E-06    0.145429    0.222596  0.1243  0.2364  0.1124  0.2058  0.0947  0.0728  0.0920  0.0264  0.2262  0.1090  0.2852  0.0740  0.1175  0.1078  0.0412  0.0392
  54  1.2054E-06    0.145076    0.221842  0.1244  0.2364  0.1124  0.2059  0.0947  0.0724  0.0910  0.0261  0.2261  0.1090  0.2851  0.0740  0.1175  0.1082  0.0410  0.0391
  55  8.8134E-07    0.144551    0.221185  0.1245  0.2365  0.1124  0.2059  0.0947  0.0722  0.0902  0.0260  0.2260  0.1090  0.2851  0.0740  0.1174  0.1086  0.0409  0.0391
  56  1.0335E-06    0.144056    0.220517  0.1245  0.2365  0.1125  0.2059  0.0948  0.0719  0.0896  0.0258  0.2258  0.1090  0.2851  0.0740  0.1174  0.1089  0.0408  0.0390
  57  7.4280E-07    0.143684    0.219853  0.1246  0.2365  0.1125  0.2060  0.0947  0.0715  0.0890  0.0257  0.2257  0.1089  0.2851  0.0740  0.1174  0.1093  0.0407  0.0390
  58  8.6037E-07    0.143328    0.219317  0.1247  0.2365  0.1125  0.2060  0.0948  0.0711  0.0883  0.0256  0.2256  0.1089  0.2850  0.0740  0.1173  0.1096  0.0406  0.0389
  59  6.4854E-07    0.143004    0.218605  0.1247  0.2365  0.1125  0.2060  0.0948  0.0707  0.0877  0.0255  0.2255  0.1088  0.2851  0.0740  0.1173  0.1099  0.0404  0.0389
  60  8.6549E-07    0.142436    0.218063  0.1247  0.2365  0.1126  0.2060  0.0948  0.0703  0.0870  0.0254  0.2254  0.1088  0.2851  0.0740  0.1172  0.1103  0.0403  0.0389
  61  7.3527E-07    0.141864    0.217638  0.1248  0.2365  0.1126  0.2061  0.0948  0.0700  0.0864  0.0253  0.2252  0.1088  0.2851  0.0740  0.1172  0.1106  0.0402  0.0388
  62  5.7395E-07    0.141437    0.217018  0.1248  0.2365  0.1126  0.2061  0.0948  0.0697  0.0859  0.0253  0.2251  0.1087  0.2852  0.0740  0.1171  0.1109  0.0401  0.0388
  63  4.0061E-07    0.141279    0.216464  0.1248  0.2365  0.1126  0.2061  0.0947  0.0695  0.0855  0.0252  0.2251  0.1087  0.2852  0.0740  0.1170  0.1111  0.0400  0.0388
  64  2.2864E-07    0.141076    0.216091  0.1248  0.2365  0.1126  0.2061  0.0947  0.0692  0.0851  0.0251  0.2251  0.1087  0.2852  0.0740  0.1170  0.1114  0.0399  0.0387
  65  2.5315E-07    0.140673    0.215850  0.1249  0.2365  0.1126  0.2062  0.0947  0.0690  0.0848  0.0251  0.2250  0.1086  0.2852  0.0740  0.1169  0.1116  0.0399  0.0387
  66  2.6917E-07    0.140422    0.215278  0.1249  0.2365  0.1127  0.2062  0.0947  0.0687  0.0844  0.0251  0.2250  0.1086  0.2853  0.0740  0.1169  0.1118  0.0398  0.0387
  67  4.7147E-07    0.140059    0.214823  0.1249  0.2364  0.1127  0.2062  0.0947  0.0684  0.0840  0.0251  0.2249  0.1085  0.2853  0.0741  0.1168  0.1120  0.0398  0.0387
  68  2.4621E-07    0.139718    0.214532  0.1249  0.2364  0.1127  0.2062  0.0947  0.0681  0.0836  0.0251  0.2249  0.1085  0.2853  0.0740  0.1167  0.1122  0.0397  0.0387
  69  3.7449E-07    0.139428    0.214079  0.1249  0.2364  0.1127  0.2062  0.0947  0.0678  0.0831  0.0251  0.2249  0.1084  0.2854  0.0740  0.1167  0.1124  0.0396  0.0386
  70  2.0927E-07    0.139301    0.213682  0.1249  0.2364  0.1127  0.2062  0.0947  0.0675  0.0826  0.0251  0.2248  0.1084  0.2854  0.0740  0.1166  0.1126  0.0395  0.0386
  71  2.6173E-07    0.138860    0.213488  0.1249  0.2364  0.1127  0.2063  0.0947  0.0673  0.0821  0.0252  0.2248  0.1084  0.2854  0.0741  0.1165  0.1128  0.0394  0.0386
  72  2.9025E-07    0.138698    0.212974  0.1249  0.2364  0.1127  0.2063  0.0946  0.0670  0.0816  0.0253  0.2248  0.1083  0.2855  0.0740  0.1165  0.1131  0.0393  0.0386
  73  5.6894E-07    0.138411    0.212553  0.1250  0.2364  0.1127  0.2063  0.0946  0.0667  0.0811  0.0253  0.2247  0.1083  0.2855  0.0740  0.1164  0.1133  0.0392  0.0386
  74  3.1186E-07    0.138048    0.212441  0.1250  0.2363  0.1127  0.2063  0.0946  0.0665  0.0806  0.0254  0.2247  0.1083  0.2855  0.0740  0.1164  0.1135  0.0390  0.0386
  75  3.1134E-07    0.137850    0.212114  0.1250  0.2363  0.1127  0.2063  0.0946  0.0665  0.0802  0.0255  0.2247  0.1082  0.2856  0.0741  0.1163  0.1136  0.0389  0.0386
  76  1.2309E-07    0.137701    0.211906  0.1250  0.2363  0.1127  0.2063  0.0946  0.0663  0.0800  0.0256  0.2247  0.1082  0.2856  0.0741  0.1163  0.1137  0.0389  0.0385
  77  1.3232E-07    0.137481    0.211720  0.1250  0.2363  0.1127  0.2063  0.0946  0.0662  0.0797  0.0257  0.2247  0.1081  0.2856  0.0741  0.1162  0.1139  0.0389  0.0386
  78  1.1602E-07    0.137290    0.211484  0.1250  0.2363  0.1127  0.2064  0.0946  0.0660  0.0794  0.0258  0.2247  0.1081  0.2856  0.0741  0.1162  0.1140  0.0388  0.0385
  79  1.8301E-07    0.137066    0.211140  0.1250  0.2362  0.1127  0.2063  0.0946  0.0659  0.0792  0.0260  0.2247  0.1081  0.2857  0.0741  0.1161  0.1141  0.0387  0.0386
  80  1.0674E-07    0.136984    0.210928  0.1250  0.2362  0.1127  0.2063  0.0946  0.0657  0.0789  0.0261  0.2247  0.1080  0.2857  0.0741  0.1161  0.1142  0.0387  0.0385
  81  1.0407E-07    0.136911    0.210715  0.1250  0.2362  0.1127  0.2063  0.0945  0.0656  0.0786  0.0263  0.2247  0.1080  0.2858  0.0741  0.1160  0.1143  0.0386  0.0385
  82  1.1979E-07    0.136689    0.210546  0.1250  0.2362  0.1127  0.2063  0.0945  0.0654  0.0783  0.0264  0.2247  0.1080  0.2858  0.0741  0.1160  0.1144  0.0386  0.0386
  83  9.0987E-08    0.136680    0.210302  0.1250  0.2361  0.1127  0.2064  0.0945  0.0653  0.0781  0.0266  0.2247  0.1079  0.2858  0.0741  0.1160  0.1145  0.0385  0.0386
  84  1.0285E-07    0.136537    0.210148  0.1250  0.2361  0.1127  0.2064  0.0945  0.0652  0.0778  0.0268  0.2246  0.1079  0.2858  0.0741  0.1159  0.1145  0.0385  0.0386
  85  9.8791E-08    0.136484    0.209920  0.1250  0.2361  0.1127  0.2064  0.0945  0.0650  0.0775  0.0270  0.2246  0.1079  0.2859  0.0741  0.1159  0.1146  0.0384  0.0386
  86  1.2122E-07    0.136327    0.209757  0.1250  0.2361  0.1127  0.2064  0.0945  0.0648  0.0772  0.0272  0.2246  0.1078  0.2859  0.0741  0.1158  0.1147  0.0384  0.0386
  87  1.3039E-07    0.136222    0.209539  0.1250  0.2361  0.1127  0.2064  0.0945  0.0646  0.0769  0.0274  0.2246  0.1078  0.2859  0.0741  0.1158  0.1148  0.0383  0.0386
  88  1.3340E-07    0.136111    0.209320  0.1250  0.2360  0.1126  0.2064  0.0944  0.0645  0.0766  0.0276  0.2246  0.1078  0.2860  0.0741  0.1158  0.1148  0.0383  0.0386
  89  1.3679E-07    0.135980    0.209126  0.1250  0.2360  0.1126  0.2063  0.0944  0.0643  0.0763  0.0278  0.2246  0.1077  0.2860  0.0742  0.1157  0.1149  0.0382  0.0386
  90  1.1202E-07    0.135901    0.208916  0.1250  0.2360  0.1126  0.2063  0.0944  0.0642  0.0760  0.0281  0.2246  0.1077  0.2860  0.0741  0.1157  0.1150  0.0382  0.0387
  91  1.1082E-07    0.135757    0.208757  0.1250  0.2360  0.1126  0.2063  0.0944  0.0641  0.0757  0.0283  0.2245  0.1077  0.2861  0.0742  0.1157  0.1150  0.0382  0.0387
  92  9.9443E-08    0.135700    0.208565  0.1250  0.2359  0.1126  0.2063  0.0944  0.0640  0.0755  0.0285  0.2245  0.1077  0.2861  0.0741  0.1157  0.1151  0.0381  0.0387
  93  1.0602E-07    0.135546    0.208439  0.1249  0.2359  0.1126  0.2063  0.0944  0.0639  0.0752  0.0288  0.2245  0.1076  0.2862  0.0742  0.1156  0.1151  0.0381  0.0387
  94  1.1751E-07    0.135449    0.208257  0.1249  0.2359  0.1126  0.2063  0.0944  0.0638  0.0750  0.0291  0.2245  0.1076  0.2862  0.0741  0.1156  0.1152  0.0381  0.0387
  95  9.1362E-08    0.135361    0.208114  0.1249  0.2359  0.1125  0.2063  0.0943  0.0638  0.0747  0.0293  0.2244  0.1076  0.2862  0.0742  0.1156  0.1152  0.0380  0.0388
  96  7.9078E-08    0.135318    0.207957  0.1249  0.2358  0.1125  0.2063  0.0943  0.0637  0.0745  0.0296  0.2244  0.1076  0.2863  0.0742  0.1155  0.1152  0.0380  0.0388
  97  8.0511E-08    0.135205    0.207815  0.1249  0.2358  0.1125  0.2062  0.0943  0.0637  0.0743  0.0299  0.2244  0.1076  0.2863  0.0742  0.1155  0.1153  0.0380  0.0388
  98  6.1724E-08    0.135249    0.207639  0.1249  0.2358  0.1125  0.2062  0.0943  0.0637  0.0741  0.0302  0.2244  0.1075  0.2864  0.0742  0.1155  0.1153  0.0380  0.0389
  99  7.2661E-08    0.135157    0.207560  0.1249  0.2357  0.1124  0.2062  0.0942  0.0636  0.0738  0.0305  0.2243  0.1075  0.2864  0.0742  0.1154  0.1153  0.0380  0.0389
 100  6.6101E-08    0.135161    0.207381  0.1249  0.2357  0.1124  0.2062  0.0942  0.0636  0.0736  0.0308  0.2243  0.1075  0.2865  0.0742  0.1154  0.1153  0.0379  0.0389
 101  7.0463E-08    0.135103    0.207246  0.1248  0.2357  0.1124  0.2061  0.0942  0.0635  0.0734  0.0311  0.2243  0.1075  0.2865  0.0742  0.1154  0.1153  0.0379  0.0389
 102  6.6759E-08    0.135088    0.207095  0.1248  0.2357  0.1124  0.2061  0.0942  0.0635  0.0731  0.0314  0.2243  0.1074  0.2865  0.0742  0.1154  0.1153  0.0379  0.0390
 103  7.1292E-08    0.135006    0.206986  0.1248  0.2356  0.1123  0.2061  0.0941  0.0634  0.0729  0.0317  0.2243  0.1074  0.2866  0.0742  0.1153  0.1153  0.0379  0.0390
 104  5.7674E-08    0.135058    0.206813  0.1248  0.2356  0.1123  0.2060  0.0941  0.0634  0.0726  0.0320  0.2243  0.1074  0.2866  0.0742  0.1153  0.1153  0.0379  0.0391
 105  6.9700E-08    0.135000    0.206680  0.1248  0.2356  0.1123  0.2060  0.0941  0.0633  0.0724  0.0324  0.2242  0.1074  0.2867  0.0742  0.1153  0.1153  0.0378  0.0391
 106  7.1547E-08    0.134918    0.206574  0.1248  0.2356  0.1122  0.2060  0.0941  0.0633  0.0721  0.0327  0.2242  0.1074  0.2867  0.0742  0.1153  0.1153  0.0378  0.0391
 107  6.1066E-08    0.134919    0.206431  0.1248  0.2355  0.1122  0.2059  0.0940  0.0633  0.0719  0.0329  0.2242  0.1073  0.2868  0.0742  0.1152  0.1153  0.0378  0.0392
 108  6.0920E-08    0.134919    0.206288  0.1248  0.2355  0.1122  0.2059  0.0940  0.0633  0.0716  0.0332  0.2242  0.1073  0.2868  0.0742  0.1152  0.1153  0.0378  0.0392
 109  6.9810E-08    0.134847    0.206181  0.1248  0.2355  0.1122  0.2058  0.0940  0.0632  0.0713  0.0336  0.2241  0.1073  0.2869  0.0742  0.1152  0.1152  0.0378  0.0393
 110  6.4177E-08    0.134837    0.206002  0.1247  0.2355  0.1121  0.2058  0.0939  0.0632  0.0711  0.0339  0.2241  0.1073  0.2870  0.0742  0.1152  0.1152  0.0377  0.0393
 111  6.7997E-08    0.134796    0.205868  0.1247  0.2355  0.1121  0.2057  0.0939  0.0632  0.0708  0.0343  0.2241  0.1072  0.2870  0.0742  0.1151  0.1152  0.0377  0.0394
 112  6.4045E-08    0.134762    0.205742  0.1247  0.2354  0.1121  0.2057  0.0939  0.0632  0.0705  0.0346  0.2241  0.1072  0.2871  0.0742  0.1151  0.1152  0.0377  0.0394
 113  5.9174E-08    0.134777    0.205592  0.1247  0.2354  0.1120  0.2056  0.0938  0.0631  0.0702  0.0350  0.2240  0.1072  0.2871  0.0742  0.1151  0.1152  0.0377  0.0395
 114  6.4004E-08    0.134736    0.205470  0.1247  0.2354  0.1120  0.2055  0.0938  0.0631  0.0699  0.0354  0.2240  0.1072  0.2872  0.0742  0.1150  0.1152  0.0377  0.0395
 115  6.4305E-08    0.134715    0.205317  0.1247  0.2354  0.1119  0.2054  0.0938  0.0630  0.0696  0.0358  0.2240  0.1072  0.2872  0.0742  0.1150  0.1151  0.0376  0.0396
 116  6.8477E-08    0.134676    0.205148  0.1246  0.2353  0.1119  0.2054  0.0937  0.0630  0.0693  0.0362  0.2240  0.1072  0.2873  0.0742  0.1150  0.1151  0.0376  0.0397
 117  6.9690E-08    0.134597    0.205016  0.1246  0.2353  0.1118  0.2053  0.0937  0.0630  0.0690  0.0366  0.2239  0.1071  0.2874  0.0742  0.1150  0.1151  0.0376  0.0397
 118  6.1355E-08    0.134580    0.204852  0.1246  0.2353  0.1118  0.2052  0.0937  0.0629  0.0687  0.0370  0.2239  0.1071  0.2874  0.0742  0.1149  0.1151  0.0376  0.0398
 119  6.3602E-08    0.134542    0.204683  0.1246  0.2353  0.1117  0.2051  0.0936  0.0629  0.0684  0.0373  0.2239  0.1071  0.2875  0.0742  0.1149  0.1150  0.0375  0.0399
 120  5.8210E-08    0.134565    0.204479  0.1246  0.2352  0.1117  0.2050  0.0936  0.0629  0.0681  0.0377  0.2239  0.1071  0.2876  0.0742  0.1149  0.1150  0.0375  0.0399
 121  6.3055E-08    0.134523    0.204322  0.1246  0.2352  0.1116  0.2049  0.0935  0.0628  0.0678  0.0382  0.2238  0.1071  0.2876  0.0742  0.1148  0.1150  0.0375  0.0400
 122  5.8955E-08    0.134520    0.204130  0.1245  0.2352  0.1116  0.2048  0.0935  0.0628  0.0675  0.0386  0.2238  0.1071  0.2877  0.0742  0.1148  0.1150  0.0375  0.0401
 123  6.9400E-08    0.134441    0.203952  0.1245  0.2352  0.1115  0.2047  0.0935  0.0627  0.0672  0.0390  0.2238  0.1071  0.2878  0.0741  0.1148  0.1149  0.0374  0.0401
 124  5.9479E-08    0.134415    0.203765  0.1245  0.2351  0.1114  0.2046  0.0934  0.0627  0.0669  0.0395  0.2237  0.1071  0.2878  0.0741  0.1147  0.1149  0.0374  0.0402
 125  6.7770E-08    0.134371    0.203542  0.1245  0.2351  0.1113  0.2045  0.0934  0.0627  0.0665  0.0399  0.2237  0.1070  0.2879  0.0741  0.1147  0.1149  0.0374  0.0403
 126  6.1065E-08    0.134334    0.203345  0.1244  0.2351  0.1113  0.2043  0.0933  0.0626  0.0662  0.0404  0.2236  0.1070  0.2880  0.0741  0.1146  0.1149  0.0373  0.0404
 127  5.9366E-08    0.134305    0.203131  0.1244  0.2351  0.1112  0.2042  0.0933  0.0626  0.0659  0.0408  0.2236  0.1070  0.2881  0.0741  0.1146  0.1148  0.0373  0.0404
 128  6.3927E-08    0.134252    0.202895  0.1244  0.2350  0.1111  0.2041  0.0932  0.0625  0.0656  0.0412  0.2236  0.1070  0.2882  0.0741  0.1145  0.1148  0.0373  0.0405
 129  5.9131E-08    0.134247    0.202678  0.1244  0.2350  0.1110  0.2039  0.0932  0.0625  0.0653  0.0416  0.2235  0.1070  0.2883  0.0741  0.1145  0.1148  0.0373  0.0406
 130  6.5740E-08    0.134201    0.202408  0.1243  0.2350  0.1109  0.2038  0.0931  0.0625  0.0650  0.0421  0.2235  0.1070  0.2883  0.0740  0.1145  0.1147  0.0372  0.0407
 131  6.1737E-08    0.134147    0.202166  0.1243  0.2350  0.1108  0.2037  0.0931  0.0624  0.0647  0.0424  0.2235  0.1070  0.2884  0.0740  0.1144  0.1147  0.0372  0.0408
 132  6.4907E-08    0.134078    0.201902  0.1243  0.2350  0.1107  0.2035  0.0931  0.0624  0.0644  0.0428  0.2234  0.1070  0.2885  0.0740  0.1144  0.1147  0.0372  0.0409
 133  6.0933E-08    0.134030    0.201619  0.1243  0.2349  0.1107  0.2034  0.0930  0.0624  0.0641  0.0432  0.2234  0.1070  0.2886  0.0740  0.1143  0.1147  0.0371  0.0409
 134  2.3722E-07    0.133896    0.201225  0.1242  0.2349  0.1106  0.2032  0.0930  0.0623  0.0638  0.0435  0.2234  0.1070  0.2887  0.0739  0.1143  0.1146  0.0371  0.0410
 135  7.0140E-08    0.133822    0.200977  0.1242  0.2349  0.1105  0.2031  0.0930  0.0623  0.0636  0.0439  0.2233  0.1069  0.2888  0.0739  0.1142  0.1146  0.0371  0.0411
 136  6.0046E-08    0.133788    0.200704  0.1242  0.2349  0.1104  0.2029  0.0929  0.0623  0.0633  0.0443  0.2233  0.1069  0.2889  0.0739  0.1142  0.1146  0.0370  0.0412
 137  6.4410E-08    0.133722    0.200417  0.1242  0.2348  0.1103  0.2027  0.0929  0.0622  0.0631  0.0446  0.2232  0.1069  0.2890  0.0738  0.1141  0.1146  0.0370  0.0413
 138  2.6983E-07    0.133551    0.200038  0.1241  0.2348  0.1102  0.2026  0.0929  0.0622  0.0628  0.0450  0.2233  0.1069  0.2891  0.0738  0.1141  0.1145  0.0370  0.0414
 139  6.1283E-08    0.133535    0.199772  0.1241  0.2348  0.1101  0.2024  0.0928  0.0622  0.0626  0.0453  0.2232  0.1069  0.2892  0.0738  0.1140  0.1145  0.0369  0.0415
 140  6.2503E-08    0.133473    0.199460  0.1241  0.2348  0.1100  0.2022  0.0928  0.0622  0.0623  0.0455  0.2232  0.1069  0.2893  0.0737  0.1140  0.1145  0.0369  0.0416
 141  2.0228E-07    0.133320    0.199016  0.1241  0.2348  0.1099  0.2021  0.0928  0.0621  0.0621  0.0458  0.2231  0.1069  0.2894  0.0737  0.1139  0.1145  0.0369  0.0416
 142  6.1761E-08    0.133208    0.198809  0.1241  0.2347  0.1098  0.2019  0.0927  0.0621  0.0619  0.0460  0.2231  0.1069  0.2895  0.0736  0.1138  0.1145  0.0368  0.0417
 143  5.6200E-08    0.133116    0.198555  0.1241  0.2347  0.1097  0.2017  0.0927  0.0621  0.0617  0.0462  0.2230  0.1069  0.2896  0.0736  0.1138  0.1144  0.0368  0.0418
 144  2.2054E-07    0.132796    0.197951  0.1241  0.2347  0.1096  0.2015  0.0927  0.0621  0.0614  0.0463  0.2229  0.1069  0.2897  0.0735  0.1138  0.1146  0.0367  0.0419
 145  2.4159E-07    0.132678    0.197573  0.1241  0.2347  0.1095  0.2014  0.0927  0.0620  0.0612  0.0465  0.2229  0.1069  0.2898  0.0735  0.1137  0.1145  0.0367  0.0420
 146  5.7805E-08    0.132699    0.197321  0.1241  0.2347  0.1094  0.2012  0.0927  0.0620  0.0611  0.0466  0.2228  0.1069  0.2899  0.0734  0.1137  0.1145  0.0367  0.0421
 147  5.6736E-08    0.132541    0.197118  0.1241  0.2347  0.1094  0.2011  0.0927  0.0620  0.0610  0.0466  0.2228  0.1069  0.2900  0.0734  0.1136  0.1145  0.0367  0.0422
 148  1.0494E-07    0.132381    0.196692  0.1241  0.2347  0.1093  0.2009  0.0927  0.0620  0.0607  0.0466  0.2228  0.1068  0.2901  0.0733  0.1135  0.1145  0.0366  0.0423
 149  2.4129E-07    0.132182    0.196281  0.1241  0.2347  0.1093  0.2008  0.0927  0.0620  0.0606  0.0466  0.2227  0.1068  0.2901  0.0733  0.1135  0.1146  0.0366  0.0424
 150  1.2057E-07    0.132080    0.195919  0.1241  0.2347  0.1092  0.2006  0.0927  0.0620  0.0604  0.0466  0.2227  0.1068  0.2902  0.0732  0.1135  0.1146  0.0365  0.0424
 151  5.9416E-08    0.131967    0.195698  0.1241  0.2346  0.1092  0.2005  0.0927  0.0619  0.0604  0.0467  0.2227  0.1068  0.2903  0.0732  0.1134  0.1145  0.0365  0.0425
 152  5.8518E-08    0.131943    0.195413  0.1241  0.2346  0.1091  0.2004  0.0927  0.0619  0.0603  0.0467  0.2227  0.1068  0.2904  0.0731  0.1134  0.1145  0.0365  0.0426
