Iter   Tolerance Admix(mean)   Admix(SD)    Fst1    Fst2    Fst3    Fst4    Fst5    Fst6    Fst7   QPop1   QPop2   QPop3   QPop4   QPop5   QPop6   QPop7
   1  3.1092E-04    0.853823    0.005689 -0.0000  0.0126  0.0012  0.0014 -0.0007  0.0008  0.0018  0.1366  0.1481  0.1416  0.1446  0.1403  0.1439  0.1449
   2  3.8959E-03    0.808201    0.083151  0.0054  0.0942  0.0328  0.0169  0.0001  0.0032  0.0067  0.1226  0.1572  0.1603  0.1494  0.1316  0.1358  0.1432
   3  6.0312E-03    0.689926    0.216513  0.0356  0.1846  0.0746  0.0694  0.0038  0.0048  0.0039  0.1280  0.1598  0.1948  0.1464  0.1226  0.1218  0.1265
   4  3.2644E-03    0.586480    0.287449  0.0715  0.2263  0.0935  0.1483  0.0264  0.0116  0.0025  0.1431  0.1512  0.2183  0.1340  0.1263  0.1146  0.1126
   5  2.5289E-03    0.504208    0.289500  0.0989  0.2307  0.0978  0.1949  0.0565  0.0123  0.0027  0.1600  0.1357  0.2346  0.1156  0.1315  0.1134  0.1091
   6  1.8962E-03    0.424877    0.273270  0.1084  0.2237  0.0968  0.2028  0.0741  0.0036  0.0047  0.1774  0.1272  0.2467  0.1029  0.1384  0.1058  0.1016
   7  1.4553E-03    0.352751    0.261581  0.1124  0.2233  0.0986  0.2064  0.0824  0.0198  0.0416  0.1906  0.1222  0.2561  0.0950  0.1439  0.0982  0.0940
   8  6.4909E-04    0.297703    0.263466  0.1011  0.2043  0.0906  0.1771  0.0671  0.0091  0.0421  0.1999  0.1185  0.2641  0.0901  0.1481  0.0930  0.0863
   9  1.8640E-04    0.264048    0.265151  0.1004  0.2042  0.0906  0.1746  0.0665  0.0242  0.0643  0.2068  0.1164  0.2707  0.0870  0.1509  0.0895  0.0788
  10  9.3549E-05    0.240075    0.264307  0.0996  0.2040  0.0899  0.1719  0.0655  0.0319  0.0773  0.2125  0.1148  0.2757  0.0846  0.1527  0.0870  0.0727
  11  5.2893E-05    0.224093    0.262152  0.0989  0.2037  0.0891  0.1697  0.0647  0.0351  0.0846  0.2167  0.1139  0.2792  0.0829  0.1539  0.0849  0.0686
  12  3.5617E-05    0.210999    0.260800  0.0983  0.2034  0.0882  0.1679  0.0641  0.0364  0.0884  0.2204  0.1130  0.2819  0.0816  0.1545  0.0831  0.0655
  13  3.4308E-05    0.201028    0.258086  0.0978  0.2029  0.0874  0.1661  0.0634  0.0382  0.0902  0.2229  0.1119  0.2840  0.0803  0.1552  0.0825  0.0633
  14  1.6262E-05    0.194798    0.256785  0.0975  0.2027  0.0869  0.1650  0.0629  0.0395  0.0908  0.2249  0.1116  0.2850  0.0796  0.1554  0.0816  0.0618
  15  1.3185E-05    0.190550    0.255206  0.0972  0.2026  0.0865  0.1640  0.0627  0.0407  0.0910  0.2262  0.1112  0.2859  0.0791  0.1552  0.0815  0.0608
  16  6.6487E-06    0.187871    0.254217  0.0971  0.2024  0.0862  0.1633  0.0625  0.0418  0.0909  0.2272  0.1111  0.2863  0.0788  0.1552  0.0812  0.0601
  17  3.7467E-06    0.185965    0.253556  0.0971  0.2024  0.0859  0.1627  0.0624  0.0428  0.0908  0.2280  0.1111  0.2868  0.0786  0.1552  0.0807  0.0596
  18  1.7473E-06    0.185210    0.252871  0.0970  0.2023  0.0858  0.1621  0.0623  0.0439  0.0908  0.2288  0.1111  0.2870  0.0784  0.1549  0.0804  0.0594
  19  1.0151E-06    0.184567    0.252412  0.0970  0.2022  0.0856  0.1617  0.0621  0.0448  0.0907  0.2294  0.1110  0.2870  0.0783  0.1547  0.0803  0.0593
  20  1.0869E-06    0.183501    0.251940  0.0969  0.2022  0.0855  0.1613  0.0620  0.0457  0.0905  0.2299  0.1109  0.2872  0.0781  0.1545  0.0801  0.0592
  21  7.1254E-07    0.182809    0.251412  0.0969  0.2020  0.0854  0.1607  0.0620  0.0466  0.0902  0.2303  0.1109  0.2875  0.0779  0.1542  0.0801  0.0592
  22  8.7649E-07    0.181855    0.250886  0.0968  0.2019  0.0853  0.1603  0.0618  0.0475  0.0901  0.2304  0.1108  0.2876  0.0777  0.1541  0.0802  0.0591
  23  9.5131E-07    0.181531    0.250235  0.0967  0.2019  0.0852  0.1599  0.0617  0.0482  0.0899  0.2307  0.1107  0.2877  0.0776  0.1539  0.0802  0.0591
  24  9.6433E-07    0.180556    0.249448  0.0967  0.2018  0.0851  0.1594  0.0616  0.0489  0.0896  0.2309  0.1107  0.2880  0.0774  0.1537  0.0802  0.0591
  25  8.7165E-07    0.180291    0.249025  0.0966  0.2017  0.0850  0.1591  0.0615  0.0495  0.0895  0.2312  0.1106  0.2880  0.0773  0.1535  0.0803  0.0592
  26  6.4504E-07    0.179757    0.248566  0.0966  0.2016  0.0849  0.1588  0.0614  0.0500  0.0893  0.2315  0.1105  0.2880  0.0771  0.1532  0.0804  0.0592
  27  4.3456E-07    0.179416    0.248252  0.0965  0.2015  0.0848  0.1585  0.0613  0.0506  0.0891  0.2315  0.1105  0.2879  0.0771  0.1531  0.0806  0.0594
  28  5.6080E-07    0.178786    0.248001  0.0964  0.2013  0.0848  0.1582  0.0613  0.0511  0.0890  0.2316  0.1104  0.2879  0.0769  0.1529  0.0808  0.0595
  29  6.5257E-07    0.178084    0.247297  0.0964  0.2013  0.0847  0.1578  0.0611  0.0516  0.0887  0.2316  0.1104  0.2881  0.0768  0.1528  0.0809  0.0595
  30  9.6740E-07    0.177695    0.246929  0.0963  0.2012  0.0846  0.1575  0.0611  0.0520  0.0886  0.2317  0.1103  0.2881  0.0767  0.1526  0.0811  0.0596
  31  6.3914E-07    0.177082    0.246470  0.0962  0.2011  0.0846  0.1572  0.0610  0.0524  0.0885  0.2316  0.1102  0.2881  0.0766  0.1525  0.0813  0.0597
  32  9.4972E-07    0.176480    0.245818  0.0962  0.2011  0.0845  0.1569  0.0609  0.0526  0.0883  0.2318  0.1102  0.2882  0.0764  0.1523  0.0814  0.0597
  33  7.6858E-07    0.176215    0.245377  0.0961  0.2009  0.0845  0.1566  0.0609  0.0529  0.0882  0.2318  0.1102  0.2882  0.0763  0.1522  0.0815  0.0598
  34  7.2325E-07    0.175937    0.244897  0.0961  0.2009  0.0844  0.1563  0.0608  0.0532  0.0880  0.2318  0.1101  0.2882  0.0763  0.1520  0.0818  0.0599
  35  6.0386E-07    0.175712    0.244523  0.0961  0.2008  0.0844  0.1561  0.0608  0.0534  0.0879  0.2317  0.1100  0.2881  0.0762  0.1520  0.0820  0.0600
  36  1.2597E-06    0.175626    0.244567  0.0961  0.2007  0.0843  0.1560  0.0607  0.0535  0.0878  0.2318  0.1099  0.2881  0.0762  0.1520  0.0821  0.0600
  37  6.4792E-07    0.175251    0.244181  0.0960  0.2007  0.0843  0.1558  0.0607  0.0537  0.0877  0.2317  0.1099  0.2881  0.0761  0.1519  0.0823  0.0600
  38  1.0090E-06    0.175177    0.243698  0.0960  0.2006  0.0843  0.1556  0.0606  0.0538  0.0876  0.2318  0.1098  0.2879  0.0761  0.1518  0.0825  0.0601
  39  5.2876E-07    0.175025    0.243225  0.0959  0.2004  0.0843  0.1554  0.0606  0.0539  0.0875  0.2317  0.1098  0.2879  0.0760  0.1517  0.0828  0.0602
  40  5.4456E-07    0.174864    0.242862  0.0959  0.2004  0.0842  0.1552  0.0606  0.0540  0.0874  0.2317  0.1097  0.2878  0.0759  0.1517  0.0830  0.0602
  41  5.0421E-07    0.174740    0.242180  0.0959  0.2004  0.0842  0.1549  0.0605  0.0540  0.0873  0.2317  0.1096  0.2879  0.0758  0.1515  0.0832  0.0603
  42  4.1086E-07    0.174542    0.241853  0.0959  0.2003  0.0842  0.1547  0.0605  0.0539  0.0872  0.2316  0.1096  0.2878  0.0757  0.1514  0.0835  0.0603
  43  5.8423E-07    0.174283    0.241304  0.0959  0.2002  0.0842  0.1545  0.0605  0.0538  0.0872  0.2316  0.1095  0.2877  0.0757  0.1513  0.0838  0.0604
  44  8.0045E-07    0.173881    0.240724  0.0958  0.2001  0.0841  0.1543  0.0605  0.0536  0.0871  0.2315  0.1095  0.2877  0.0756  0.1513  0.0841  0.0604
  45  1.4212E-06    0.174000    0.240717  0.0959  0.2001  0.0841  0.1542  0.0605  0.0533  0.0870  0.2314  0.1094  0.2878  0.0756  0.1512  0.0843  0.0603
  46  1.1479E-06    0.174037    0.240567  0.0959  0.2001  0.0842  0.1541  0.0605  0.0529  0.0869  0.2314  0.1093  0.2878  0.0756  0.1513  0.0845  0.0601
  47  1.0844E-06    0.173785    0.240294  0.0959  0.2000  0.0842  0.1540  0.0605  0.0525  0.0867  0.2313  0.1093  0.2878  0.0756  0.1512  0.0847  0.0600
  48  1.4652E-06    0.173484    0.239694  0.0959  0.2000  0.0842  0.1538  0.0605  0.0520  0.0866  0.2313  0.1092  0.2878  0.0755  0.1511  0.0850  0.0599
  49  1.5350E-06    0.173295    0.239330  0.0959  0.1999  0.0842  0.1536  0.0605  0.0514  0.0864  0.2314  0.1092  0.2879  0.0755  0.1510  0.0853  0.0598
  50  3.0054E-06    0.173229    0.239269  0.0960  0.1999  0.0842  0.1535  0.0605  0.0507  0.0862  0.2317  0.1092  0.2879  0.0754  0.1509  0.0854  0.0595
  51  1.9732E-06    0.173454    0.239319  0.0962  0.1999  0.0843  0.1535  0.0606  0.0497  0.0863  0.2318  0.1091  0.2881  0.0754  0.1508  0.0856  0.0593
  52  1.6419E-06    0.173221    0.239070  0.0962  0.1999  0.0843  0.1533  0.0606  0.0490  0.0864  0.2320  0.1091  0.2880  0.0753  0.1507  0.0858  0.0591
  53  1.6116E-06    0.173025    0.238887  0.0963  0.1998  0.0843  0.1533  0.0606  0.0482  0.0864  0.2321  0.1090  0.2881  0.0753  0.1507  0.0859  0.0589
  54  9.8353E-07    0.172664    0.238474  0.0963  0.1998  0.0843  0.1532  0.0606  0.0477  0.0865  0.2322  0.1090  0.2881  0.0752  0.1506  0.0861  0.0588
  55  2.7758E-06    0.172474    0.238493  0.0964  0.1998  0.0843  0.1532  0.0606  0.0471  0.0863  0.2323  0.1089  0.2886  0.0752  0.1506  0.0861  0.0584
  56  1.9486E-06    0.172459    0.238553  0.0965  0.1998  0.0843  0.1531  0.0606  0.0466  0.0863  0.2325  0.1089  0.2888  0.0751  0.1506  0.0861  0.0580
  57  3.0942E-06    0.172128    0.238173  0.0965  0.1997  0.0843  0.1529  0.0605  0.0466  0.0864  0.2328  0.1088  0.2889  0.0750  0.1504  0.0863  0.0579
  58  2.3832E-06    0.172000    0.238176  0.0965  0.1997  0.0844  0.1528  0.0604  0.0467  0.0859  0.2330  0.1088  0.2891  0.0749  0.1502  0.0864  0.0576
  59  2.4744E-06    0.171922    0.238037  0.0965  0.1997  0.0844  0.1527  0.0604  0.0467  0.0853  0.2333  0.1087  0.2894  0.0748  0.1501  0.0865  0.0573
  60  2.6929E-06    0.171830    0.237965  0.0966  0.1998  0.0845  0.1526  0.0605  0.0467  0.0845  0.2337  0.1087  0.2896  0.0748  0.1500  0.0865  0.0568
  61  2.4635E-06    0.171649    0.238081  0.0967  0.1998  0.0846  0.1526  0.0606  0.0466  0.0836  0.2341  0.1087  0.2898  0.0747  0.1499  0.0864  0.0564
  62  2.6001E-06    0.171462    0.238004  0.0968  0.1999  0.0846  0.1526  0.0607  0.0464  0.0825  0.2345  0.1086  0.2901  0.0746  0.1499  0.0863  0.0559
  63  2.3512E-06    0.171272    0.238039  0.0969  0.2000  0.0848  0.1526  0.0608  0.0462  0.0813  0.2350  0.1086  0.2903  0.0746  0.1499  0.0862  0.0553
  64  9.4891E-07    0.171059    0.238052  0.0969  0.2001  0.0848  0.1526  0.0609  0.0463  0.0805  0.2354  0.1087  0.2904  0.0746  0.1499  0.0862  0.0549
  65  5.9420E-07    0.170973    0.237886  0.0969  0.2001  0.0848  0.1526  0.0609  0.0464  0.0802  0.2356  0.1087  0.2905  0.0745  0.1499  0.0863  0.0545
  66  6.0885E-07    0.170705    0.237648  0.0969  0.2001  0.0849  0.1525  0.0610  0.0464  0.0797  0.2359  0.1086  0.2906  0.0745  0.1498  0.0864  0.0542
  67  5.2430E-07    0.170597    0.237540  0.0969  0.2001  0.0849  0.1525  0.0610  0.0465  0.0791  0.2362  0.1086  0.2906  0.0744  0.1498  0.0865  0.0540
  68  5.1223E-07    0.170437    0.237449  0.0970  0.2001  0.0850  0.1524  0.0611  0.0465  0.0784  0.2364  0.1086  0.2906  0.0744  0.1498  0.0866  0.0537
  69  5.2094E-07    0.170188    0.237372  0.0971  0.2002  0.0850  0.1524  0.0612  0.0466  0.0776  0.2366  0.1085  0.2906  0.0744  0.1497  0.0868  0.0534
  70  4.8238E-07    0.170066    0.237127  0.0971  0.2002  0.0851  0.1524  0.0612  0.0465  0.0767  0.2368  0.1085  0.2906  0.0743  0.1497  0.0869  0.0531
