K Run Tem Iterate    Move%     Time        CurrentLogL           BestLogL     Fst1     Fst2     Fst3     Fst4     Fst5     Fst6     Fst7     Fst8     Fis1     Fis2     Fis3     Fis4     Fis5     Fis6     Fis7     Fis8
8   1   1       0   1.0000 30:04:12 -1.73988820900E+05 -1.73988820900E+05  0.00259  0.01659  0.00397  0.00868 -0.00364 -0.01270 -0.01804  0.00892 -0.17967 -0.08718 -0.16389 -0.17733 -0.16309 -0.17250 -0.20841 -0.17620
8   1   1     100   1.9802 30:04:12 -1.73963059055E+05 -1.73956609088E+05  0.00259  0.01659  0.00397  0.00868 -0.00364 -0.01270 -0.01804  0.00892 -0.17967 -0.08718 -0.16389 -0.17733 -0.16309 -0.17250 -0.20841 -0.17620
8   1   1     200  27.7228 30:04:12 -1.69872827523E+05 -1.69872827523E+05  0.00892  0.00259 -0.01270 -0.00364  0.00397  0.00868  0.01659 -0.01804 -0.17620 -0.17967 -0.17250 -0.16309 -0.16389 -0.17733 -0.08718 -0.20841
8   1   1     400  34.5771 30:04:12 -1.67415490553E+05 -1.67178355956E+05  0.00868 -0.00364  0.00892  0.00259 -0.01270  0.01659  0.00397 -0.01804 -0.17733 -0.16309 -0.17620 -0.17967 -0.17250 -0.08718 -0.16389 -0.20841
8   1   1     800  40.6484 30:04:12 -1.69661284241E+05 -1.67178355956E+05 -0.01270  0.00868 -0.01804  0.00397  0.00259  0.01659  0.00892 -0.00364 -0.17250 -0.17733 -0.20841 -0.16389 -0.17967 -0.08718 -0.17620 -0.16309
8   1   1    1600  44.8814 30:04:12 -1.66544444612E+05 -1.66435076494E+05  0.00892 -0.01804 -0.00364  0.00397  0.00259  0.01659 -0.01270  0.00868 -0.17620 -0.20841 -0.16309 -0.16389 -0.17967 -0.08718 -0.17250 -0.17733
8   1   1    3200  47.3766 30:04:12 -1.67840027032E+05 -1.65546952433E+05 -0.00364 -0.01804 -0.01270  0.00259  0.01659  0.00892  0.00868  0.00397 -0.16309 -0.20841 -0.17250 -0.17967 -0.08718 -0.17620 -0.17733 -0.16389
8   1   2    6400  43.3685 30:04:12 -1.67122764094E+05 -1.64523221400E+05 -0.01804 -0.01270  0.00868  0.00892 -0.00364  0.00259  0.01659  0.00397 -0.20841 -0.17250 -0.17733 -0.17620 -0.16309 -0.17967 -0.08718 -0.16389
8   1   3   12800  36.3218 30:04:12 -1.67101435392E+05 -1.64396526226E+05  1.00000  0.00311  0.01192  0.33134  0.27528  0.35679 -0.00204  1.00000  0.00000 -0.20029 -0.21934 -0.89373 -0.75006 -0.81087 -0.13234  0.00000
8   1   4   24000  37.6942 31:04:12 -1.67412498578E+05 -1.64396526226E+05 -0.00157  1.00000 -0.02136  1.00000  0.32489  0.26828  1.00000  1.00000 -0.15939  0.00000 -0.14902  0.00000 -0.89373 -0.75006  0.00000  0.00000
8   1   4   25600  37.4187 31:04:12 -1.67221460502E+05 -1.64396526226E+05 -0.02136  1.00000 -0.00157  1.00000  0.32489  0.26828  1.00000  1.00000 -0.14902  0.00000 -0.15939  0.00000 -0.89373 -0.75006  0.00000  0.00000
8   1   5   51200  26.4518 32:04:12 -1.66555479867E+05 -1.64396526226E+05  0.00626  0.01170  1.00000 -0.01118  0.33019  0.27403  1.00000  1.00000 -0.13417 -0.23918  0.00000 -0.02962 -0.89373 -0.75006  0.00000  0.00000
8   1   5   64000  26.7752 33:04:12 -1.65104919386E+05 -1.64152151350E+05 -0.01686  1.00000 -0.01162  0.32721  0.27080  1.00000  0.35281  1.00000 -0.15545  0.00000 -0.14699 -0.89373 -0.75006  0.00000 -0.81087  0.00000
8   1   6  102400  19.8487 34:04:12 -1.63729199464E+05 -1.63462030923E+05  0.03611  0.00996  1.00000  0.02834  0.33312  0.27721  0.35850  1.00000 -0.09121 -0.23280  0.00000 -0.17138 -0.89373 -0.75006 -0.81087  0.00000
8   1   6  112000  20.1734 35:04:12 -1.65596004855E+05 -1.63462030923E+05  0.00996  1.00000  0.33312  0.27721  1.00000  0.35850  0.02834  0.03611 -0.23280  0.00000 -0.89373 -0.75006  0.00000 -0.81087 -0.17138 -0.09121
8   1   7  115362  15.8000 35:04:12 -1.65127706945E+05 -1.63462030923E+05  0.01721  0.00736  1.00000  0.33207  0.27607  0.35749  1.00000 -0.01771 -0.11997 -0.25699  0.00000 -0.89373 -0.75006 -0.81087  0.00000 -0.12696
8   1   7  152000  14.7131 37:04:12 -1.64475871002E+05 -1.62946644699E+05  0.03746  0.01854  1.00000  0.33416  0.27833  0.01323  0.35950 -0.00413 -0.06317 -0.17003  0.00000 -0.89373 -0.75006 -0.23109 -0.81087 -0.09104
8   1   8  153265  14.4000 37:04:12 -1.64219764244E+05 -1.62946644699E+05 -0.00064  0.01743  0.32698  0.27055  1.00000  0.35259  1.00000  1.00000 -0.13781 -0.24471 -0.89373 -0.75006  0.00000 -0.81087  0.00000  0.00000
8   1   9  191006   7.0000 38:04:12 -1.63731989354E+05 -1.62934564470E+05  0.03394  0.00728 -0.00350 -0.04309  0.21776  0.33780  0.28227  0.36299 -0.11476 -0.22765 -0.16871  0.00000 -0.65932 -0.89373 -0.75006 -0.81087
8   1   9  196000   9.9700 39:04:12 -1.63160563636E+05 -1.62797992931E+05  0.02159  0.04112  0.06425  0.14495  0.21723  0.33734  0.28178  0.36256 -0.15572 -0.26756 -0.08229 -0.26293 -0.65932 -0.89373 -0.75006 -0.81087
8   1  10  222341   5.2000 40:04:12 -1.63481298149E+05 -1.62536185371E+05  0.05131  0.03869 -0.01098  0.02718  0.06799  0.33791  0.28240  0.36310 -0.14070 -0.26374 -0.18054 -0.09280 -0.33176 -0.89373 -0.75006 -0.81087
8   1  10  236000   8.4915 41:04:12 -1.63228750906E+05 -1.62536185371E+05 -0.00686  0.03758  0.03692  0.01909  0.21559  0.33596  0.28028  0.36123 -0.09627 -0.26506 -0.09293 -0.15243 -0.65932 -0.89373 -0.75006 -0.81087
8   1  11  259241  10.2000 42:04:12 -1.63424508052E+05 -1.62466951131E+05  0.03349  0.03885  0.06814  0.04922  0.04458  0.34038  0.28507  0.11046 -0.39656 -0.26302 -0.12616 -0.09445 -0.15502 -0.89373 -0.75006 -0.26873
8   1  11  280000   7.0683 43:04:12 -1.62924637377E+05 -1.62466951131E+05  0.00917  0.02873  0.05751  1.00000  0.02489  0.33689  0.28129  0.36212 -0.11218 -0.25604 -0.11391  0.00000 -0.16711 -0.89373 -0.75006 -0.81087
8   1  12  283881   2.7000 43:04:12 -1.62908816903E+05 -1.62466951131E+05  0.00917  0.02873  0.05751  1.00000  0.02489  0.33689  0.28129  0.36212 -0.11218 -0.25604 -0.11391  0.00000 -0.16711 -0.89373 -0.75006 -0.81087
8   1  13  292371   7.0000 43:04:12 -1.63100027814E+05 -1.62466951131E+05  0.04759  0.04037  0.02515  0.14506  0.36264  0.09976  0.33743  0.28187 -0.09874 -0.26769 -0.16147 -0.26293 -0.81087 -0.38998 -0.89373 -0.75006
8   1  13  320000   4.4626 45:04:12 -1.62597590386E+05 -1.62466951131E+05  0.05817  0.04425  0.14512  0.09982  0.02281  0.33747  0.28192  0.36268 -0.09251 -0.27230 -0.26293 -0.38998 -0.16431 -0.89373 -0.75006 -0.81087
8   1  14  360000   3.2573 47:04:12 -1.62490301318E+05 -1.62466918373E+05  0.03133  0.03272  0.14572  0.04339  0.10045  0.33793  0.28242  0.36313 -0.11836 -0.25707 -0.26293 -0.15644 -0.38998 -0.89373 -0.75006 -0.81087
8   1  15  363327   3.1000 47:04:12 -1.62510438856E+05 -1.62466918373E+05  0.03133  0.03272  0.14572  0.04339  0.10045  0.33793  0.28242  0.36313 -0.11836 -0.25707 -0.26293 -0.15644 -0.38998 -0.89373 -0.75006 -0.81087
8   1  16  387386   2.4000 48:04:12 -1.62629667991E+05 -1.62466918373E+05  0.05916  0.03171  0.14483  0.00510  0.06536  0.33725  0.28168  0.36246 -0.09865 -0.25707 -0.26293 -0.22105 -0.15562 -0.89373 -0.75006 -0.81087
8   1  17  395919   0.6000 48:04:12 -1.62466951131E+05 -1.62466918373E+05  0.05916  0.03171  0.14483  0.00510  0.06536  0.33725  0.28168  0.36246 -0.09865 -0.25707 -0.26293 -0.22105 -0.15562 -0.89373 -0.75006 -0.81087
8   1  17  400000   1.3506 49:04:12 -1.62585064267E+05 -1.62466918373E+05  0.05971  0.03962  0.14652  0.00541  0.05886  0.33855  0.28309  0.14792 -0.09251 -0.26374 -0.26293 -0.23973 -0.15376 -0.89373 -0.75006 -0.35256
8   1  18  419966   1.4000 50:04:12 -1.62510438856E+05 -1.62466918373E+05  0.05799  0.03185  0.14495  0.00608  0.06550  0.33734  0.28178  0.36256 -0.09251 -0.25707 -0.26293 -0.24574 -0.15562 -0.89373 -0.75006 -0.81087
8   1  18  440000   1.0898 51:04:12 -1.62510406097E+05 -1.62466918373E+05  0.05775  0.03160  0.14473  0.00441  0.07030  0.33717  0.28159  0.36239 -0.09251 -0.25707 -0.26293 -0.23302 -0.15782 -0.89373 -0.75006 -0.81087
8   1  19  444087   0.4000 51:04:12 -1.62625238092E+05 -1.62466918373E+05  0.05775  0.03160  0.14473  0.00441  0.07030  0.33717  0.28159  0.36239 -0.09251 -0.25707 -0.26293 -0.23302 -0.15782 -0.89373 -0.75006 -0.81087
8   1  20  460277   0.6000 51:04:12 -1.62466951131E+05 -1.62466918373E+05  0.05799  0.03185  0.14495  0.00608  0.06550  0.33734  0.28178  0.36256 -0.09251 -0.25707 -0.26293 -0.24574 -0.15562 -0.89373 -0.75006 -0.81087
8   1  21  484000   1.1601 53:04:12 -1.62510438856E+05 -1.62466918373E+05  0.05799  0.03185  0.14495  0.00608  0.06550  0.33734  0.28178  0.36256 -0.09251 -0.25707 -0.26293 -0.24574 -0.15562 -0.89373 -0.75006 -0.81087
8   1  22  508743   0.3000 54:04:12 -1.62490301318E+05 -1.62466918373E+05  0.05775  0.03160  0.14473  0.00441  0.07030  0.33717  0.28159  0.36239 -0.09251 -0.25707 -0.26293 -0.23302 -0.15782 -0.89373 -0.75006 -0.81087
8   1  22  528000   0.3941 55:04:12 -1.62466951131E+05 -1.62466918373E+05  0.05799  0.03185  0.14495  0.00608  0.06550  0.33734  0.28178  0.36256 -0.09251 -0.25707 -0.26293 -0.24574 -0.15562 -0.89373 -0.75006 -0.81087
8   1  23  532885   0.2000 55:04:12 -1.62466951131E+05 -1.62466918373E+05  0.05799  0.03185  0.14495  0.00608  0.06550  0.33734  0.28178  0.36256 -0.09251 -0.25707 -0.26293 -0.24574 -0.15562 -0.89373 -0.75006 -0.81087
8   1  24  541507   0.3000 55:04:12 -1.62466951131E+05 -1.62466918373E+05  0.05799  0.03185  0.14495  0.00608  0.06550  0.33734  0.28178  0.36256 -0.09251 -0.25707 -0.26293 -0.24574 -0.15562 -0.89373 -0.75006 -0.81087
8   1  24  564000   0.2846 57:04:12 -1.62466951131E+05 -1.62466918373E+05  0.05799  0.03185  0.14495  0.00608  0.06550  0.33734  0.28178  0.36256 -0.09251 -0.25707 -0.26293 -0.24574 -0.15562 -0.89373 -0.75006 -0.81087
8   1  25  565933   0.2000 57:04:12 -1.62466951131E+05 -1.62466918373E+05  0.05799  0.03185  0.14495  0.00608  0.06550  0.33734  0.28178  0.36256 -0.09251 -0.25707 -0.26293 -0.24574 -0.15562 -0.89373 -0.75006 -0.81087
8   1  26  590364   0.3000 58:04:12 -1.62466951131E+05 -1.62466918373E+05  0.05799  0.03185  0.14495  0.00608  0.06550  0.33734  0.28178  0.36256 -0.09251 -0.25707 -0.26293 -0.24574 -0.15562 -0.89373 -0.75006 -0.81087
8   1  26  608000   0.1590 59:04:12 -1.62466951131E+05 -1.62466918373E+05  0.05799  0.03185  0.14495  0.00608  0.06550  0.33734  0.28178  0.36256 -0.09251 -0.25707 -0.26293 -0.24574 -0.15562 -0.89373 -0.75006 -0.81087
8   1  27  614845   0.2000 59:04:12 -1.62466951131E+05 -1.62466918373E+05  0.05799  0.03185  0.14495  0.00608  0.06550  0.33734  0.28178  0.36256 -0.09251 -0.25707 -0.26293 -0.24574 -0.15562 -0.89373 -0.75006 -0.81087
8   1  28  616567   0.0000 59:04:12 -1.62466951131E+05 -1.62466918373E+05  0.05799  0.03185  0.14495  0.00608  0.06550  0.33734  0.28178  0.36256 -0.09251 -0.25707 -0.26293 -0.24574 -0.15562 -0.89373 -0.75006 -0.81087
8   1  29  617422   0.1000 59:04:12 -1.62490301318E+05 -1.62466918373E+05  0.05799  0.03185  0.14495  0.00608  0.06550  0.33734  0.28178  0.36256 -0.09251 -0.25707 -0.26293 -0.24574 -0.15562 -0.89373 -0.75006 -0.81087
8   1  30  618278   0.3000 59:04:12 -1.62466951131E+05 -1.62466918373E+05  0.05799  0.03185  0.14495  0.00608  0.06550  0.33734  0.28178  0.36256 -0.09251 -0.25707 -0.26293 -0.24574 -0.15562 -0.89373 -0.75006 -0.81087
8   1  31  640080   0.0000 00:05:12 -1.62466951131E+05 -1.62466918373E+05  0.05799  0.03185  0.14495  0.00608  0.06550  0.33734  0.28178  0.36256 -0.09251 -0.25707 -0.26293 -0.24574 -0.15562 -0.89373 -0.75006 -0.81087
8   1  32  640945   0.0000 00:05:12 -1.62466951131E+05 -1.62466918373E+05  0.05799  0.03185  0.14495  0.00608  0.06550  0.33734  0.28178  0.36256 -0.09251 -0.25707 -0.26293 -0.24574 -0.15562 -0.89373 -0.75006 -0.81087
8   1  33  641827   0.2000 00:05:12 -1.62466951131E+05 -1.62466918373E+05  0.05799  0.03185  0.14495  0.00608  0.06550  0.33734  0.28178  0.36256 -0.09251 -0.25707 -0.26293 -0.24574 -0.15562 -0.89373 -0.75006 -0.81087
8   1  34  650544   0.0000 00:05:12 -1.62466951131E+05 -1.62466918373E+05  0.05799  0.03185  0.14495  0.00608  0.06550  0.33734  0.28178  0.36256 -0.09251 -0.25707 -0.26293 -0.24574 -0.15562 -0.89373 -0.75006 -0.81087
8   1  35  651408   0.0000 00:05:12 -1.62466951131E+05 -1.62466918373E+05  0.05799  0.03185  0.14495  0.00608  0.06550  0.33734  0.28178  0.36256 -0.09251 -0.25707 -0.26293 -0.24574 -0.15562 -0.89373 -0.75006 -0.81087
8   1  36  652287   0.2000 00:05:12 -1.62466951131E+05 -1.62466918373E+05  0.05799  0.03185  0.14495  0.00608  0.06550  0.33734  0.28178  0.36256 -0.09251 -0.25707 -0.26293 -0.24574 -0.15562 -0.89373 -0.75006 -0.81087
8   1  36  656000   0.1515 01:05:12 -1.62466951131E+05 -1.62466918373E+05  0.05799  0.03185  0.14495  0.00608  0.06550  0.33734  0.28178  0.36256 -0.09251 -0.25707 -0.26293 -0.24574 -0.15562 -0.89373 -0.75006 -0.81087
8   1  37  660962   0.0000 01:05:12 -1.62466951131E+05 -1.62466918373E+05  0.05799  0.03185  0.14495  0.00608  0.06550  0.33734  0.28178  0.36256 -0.09251 -0.25707 -0.26293 -0.24574 -0.15562 -0.89373 -0.75006 -0.81087
8   1  38  661842   0.2000 01:05:12 -1.62466951131E+05 -1.62466918373E+05  0.05799  0.03185  0.14495  0.00608  0.06550  0.33734  0.28178  0.36256 -0.09251 -0.25707 -0.26293 -0.24574 -0.15562 -0.89373 -0.75006 -0.81087
8   1  39  663563   0.0000 01:05:12 -1.62466951131E+05 -1.62466918373E+05  0.05799  0.03185  0.14495  0.00608  0.06550  0.33734  0.28178  0.36256 -0.09251 -0.25707 -0.26293 -0.24574 -0.15562 -0.89373 -0.75006 -0.81087
8   1  40  664437   0.1000 01:05:12 -1.62466918373E+05 -1.62466918373E+05  0.05799  0.03185  0.14495  0.00608  0.06550  0.33734  0.28178  0.36256 -0.09251 -0.25707 -0.26293 -0.24574 -0.15562 -0.89373 -0.75006 -0.81087
8   1  41  665319   0.2000 01:05:12 -1.62466918373E+05 -1.62466918373E+05  0.05799  0.03185  0.14495  0.00608  0.06550  0.33734  0.28178  0.36256 -0.09251 -0.25707 -0.26293 -0.24574 -0.15562 -0.89373 -0.75006 -0.81087
8   1  42  667931   0.1000 01:05:12 -1.62466918373E+05 -1.62466918373E+05  0.05799  0.03185  0.14495  0.00608  0.06550  0.33734  0.28178  0.36256 -0.09251 -0.25707 -0.26293 -0.24574 -0.15562 -0.89373 -0.75006 -0.81087
8   1  43  668802   0.1000 01:05:12 -1.62466951131E+05 -1.62466918373E+05  0.05799  0.03185  0.14495  0.00608  0.06550  0.33734  0.28178  0.36256 -0.09251 -0.25707 -0.26293 -0.24574 -0.15562 -0.89373 -0.75006 -0.81087
8   1  44  669676   0.2000 01:05:12 -1.62466951131E+05 -1.62466918373E+05  0.05799  0.03185  0.14495  0.00608  0.06550  0.33734  0.28178  0.36256 -0.09251 -0.25707 -0.26293 -0.24574 -0.15562 -0.89373 -0.75006 -0.81087
8   1  45  685269   0.3000 02:05:12 -1.62466918373E+05 -1.62466918373E+05  0.05799  0.03185  0.14495  0.00608  0.06550  0.33734  0.28178  0.36256 -0.09251 -0.25707 -0.26293 -0.24574 -0.15562 -0.89373 -0.75006 -0.81087
8   1  46  704000   0.0000 03:05:12 -1.62466951131E+05 -1.62466918373E+05  0.05799  0.03185  0.14495  0.00608  0.06550  0.33734  0.28178  0.36256 -0.09251 -0.25707 -0.26293 -0.24574 -0.15562 -0.89373 -0.75006 -0.81087
8   1  46  704457   0.0000 03:05:12 -1.62466951131E+05 -1.62466918373E+05  0.05799  0.03185  0.14495  0.00608  0.06550  0.33734  0.28178  0.36256 -0.09251 -0.25707 -0.26293 -0.24574 -0.15562 -0.89373 -0.75006 -0.81087
8   1  47  705348   0.0000 03:05:12 -1.62466951131E+05 -1.62466918373E+05  0.05799  0.03185  0.14495  0.00608  0.06550  0.33734  0.28178  0.36256 -0.09251 -0.25707 -0.26293 -0.24574 -0.15562 -0.89373 -0.75006 -0.81087
8   1  48  706215   0.0000 03:05:12 -1.62466951131E+05 -1.62466918373E+05  0.05799  0.03185  0.14495  0.00608  0.06550  0.33734  0.28178  0.36256 -0.09251 -0.25707 -0.26293 -0.24574 -0.15562 -0.89373 -0.75006 -0.81087
8   1  49  707092   0.2000 03:05:12 -1.62466951131E+05 -1.62466918373E+05  0.05799  0.03185  0.14495  0.00608  0.06550  0.33734  0.28178  0.36256 -0.09251 -0.25707 -0.26293 -0.24574 -0.15562 -0.89373 -0.75006 -0.81087
8   1  50  708811   0.2000 03:05:12 -1.62466951131E+05 -1.62466918373E+05  0.05799  0.03185  0.14495  0.00608  0.06550  0.33734  0.28178  0.36256 -0.09251 -0.25707 -0.26293 -0.24574 -0.15562 -0.89373 -0.75006 -0.81087
8   1  51  714036   0.2000 03:05:12 -1.62466951131E+05 -1.62466918373E+05  0.06025  0.04018  0.02048  0.00847  0.06774  0.33894  0.28351  0.36409 -0.09251 -0.26374 -0.15408 -0.24574 -0.15562 -0.89373 -0.75006 -0.81087
8   1  52  715745   0.1000 03:05:12 -1.62466918373E+05 -1.62466918373E+05  0.06025  0.04018  0.02048  0.00847  0.06774  0.33894  0.28351  0.36409 -0.09251 -0.26374 -0.15408 -0.24574 -0.15562 -0.89373 -0.75006 -0.81087
8   1  53  716597   0.3000 03:05:12 -1.62466951131E+05 -1.62466918373E+05  0.06025  0.04018  0.02048  0.00847  0.06774  0.33894  0.28351  0.36409 -0.09251 -0.26374 -0.15408 -0.24574 -0.15562 -0.89373 -0.75006 -0.81087
8   1 200  740232   0.0000 04:05:12 -1.62466918373E+05 -1.62466918373E+05  0.05799  0.03185  0.14495  0.06550  0.00608  0.33734  0.28178  0.36256 -0.09251 -0.25707 -0.26293 -0.15562 -0.24574 -0.89373 -0.75006 -0.81087
