K Run Tem Iterate    Move%     Time        CurrentLogL           BestLogL     Fst1     Fst2     Fst3     Fst4     Fst5     Fst6     Fst7     Fis1     Fis2     Fis3     Fis4     Fis5     Fis6     Fis7
7   6   1       0   1.0000 22:02:12 -1.73095036329E+05 -1.73095036329E+05  0.00251  0.00507  0.00391 -0.00947 -0.00834 -0.02189 -0.00108 -0.12820 -0.15993 -0.14124 -0.15881 -0.18259 -0.20554 -0.14389
7   6   1     100   2.9412 22:02:12 -1.72669801655E+05 -1.72669801655E+05  0.00507  0.00391 -0.00947 -0.00834 -0.02189  0.00251 -0.00108 -0.15993 -0.14124 -0.15881 -0.18259 -0.20554 -0.12820 -0.14389
7   6   1     200  33.4975 22:02:12 -1.68374463654E+05 -1.68374463654E+05  0.00391  0.00507 -0.00108  0.00251 -0.02189 -0.00834 -0.00947 -0.14124 -0.15993 -0.14389 -0.12820 -0.20554 -0.18259 -0.15881
7   6   1     400  39.7022 22:02:12 -1.66091654814E+05 -1.65325270670E+05  0.00251  0.00391  0.00507 -0.00108 -0.02189 -0.00834 -0.00947 -0.12820 -0.14124 -0.15993 -0.14389 -0.20554 -0.18259 -0.15881
7   6   1     800  44.4583 22:02:12 -1.66772420433E+05 -1.65325270670E+05  0.00391 -0.00947  0.00251  0.00507 -0.02189 -0.00834 -0.00108 -0.14124 -0.15881 -0.12820 -0.15993 -0.20554 -0.18259 -0.14389
7   6   1    1600  47.2863 22:02:12 -1.66642028538E+05 -1.64468225187E+05 -0.00947  0.00251  0.00507 -0.02189 -0.00834 -0.00108  0.00391 -0.15881 -0.12820 -0.15993 -0.20554 -0.18259 -0.14389 -0.14124
7   6   1    3200  48.0487 22:02:12 -1.65766063735E+05 -1.64468225187E+05 -0.00108  0.00391 -0.00947 -0.02189 -0.00834  0.00251  0.00507 -0.14389 -0.14124 -0.15881 -0.20554 -0.18259 -0.12820 -0.15993
7   6   2    6400  46.7199 22:02:12 -1.66316969762E+05 -1.62930222962E+05  0.00507 -0.00947  0.00251 -0.02189 -0.00834 -0.00108  0.00391 -0.15993 -0.15881 -0.12820 -0.20554 -0.18259 -0.14389 -0.14124
7   6   5   12800  41.5567 23:02:12 -1.68031140475E+05 -1.62830147218E+05  0.02039  0.00850  0.01501  0.28237  0.00540  0.01034  0.19946 -0.07286 -0.23501 -0.16873 -0.75006 -0.13272 -0.12245 -0.56126
7   6   5   25600  32.9990 23:02:12 -1.64079970023E+05 -1.62830147218E+05  1.00000  0.00078  0.33310  0.27718  0.01707  0.00011  1.00000  0.00000 -0.13999 -0.89373 -0.75006 -0.22765 -0.14906  0.00000
7   6   5   32000  32.7538 24:02:12 -1.65343925602E+05 -1.62830147218E+05 -0.00548  1.00000  1.00000  0.32639  0.26991  1.00000 -0.00577 -0.18818  0.00000  0.00000 -0.89373 -0.75006  0.00000 -0.12200
7   6   6   51200  27.5026 24:02:12 -1.63481071458E+05 -1.62621771133E+05 -0.00062  0.34382  0.33392  0.27808 -0.01342  1.00000 -0.01241 -0.11781 -0.90370 -0.89373 -0.75006 -0.04680  0.00000 -0.21518
7   6   7   76000  15.2410 26:02:12 -1.63116469643E+05 -1.61915851788E+05  1.00000  0.01679  0.01179 -0.02572  0.33516  0.27941  0.36045  0.00000 -0.20904 -0.14761 -0.15930 -0.89373 -0.75006 -0.81087
7   6   8  102400  13.3076 27:02:12 -1.62719296315E+05 -1.61507012170E+05  0.00622  0.02581  1.00000  0.33077  0.27466  0.35623  0.20946 -0.13252 -0.25117  0.00000 -0.89373 -0.75006 -0.81087 -0.65932
7   6   8  116000  13.6508 28:02:12 -1.62543961144E+05 -1.61507012170E+05  0.01520  0.04205  0.04290  0.01360  0.33558  0.27987  0.36086 -0.11464 -0.27500 -0.08149 -0.16539 -0.89373 -0.75006 -0.81087
7   6   9  117604   7.8000 28:02:12 -1.62506874348E+05 -1.61507012170E+05  0.01520  0.04205  0.04290  0.01360  0.33558  0.27987  0.36086 -0.11464 -0.27500 -0.08149 -0.16539 -0.89373 -0.75006 -0.81087
7   6  10  131370  12.3000 28:02:12 -1.61868868052E+05 -1.61507012170E+05  0.14036  0.02017  0.01850  0.33378  0.27792  0.35913  0.00449 -0.26293 -0.25583 -0.13649 -0.89373 -0.75006 -0.81087 -0.08122
7   6  11  155055   9.4000 29:02:12 -1.62187543874E+05 -1.61507012170E+05  0.03044  0.03615  0.14343  0.00948  0.33616  0.28050  0.36142 -0.16803 -0.26374 -0.26293 -0.11702 -0.89373 -0.75006 -0.81087
7   6  11  160000   7.4380 30:02:12 -1.61616546619E+05 -1.61507012170E+05  0.04096  0.03486  0.14289  0.02156  0.33575  0.28005  0.36102 -0.09391 -0.26637 -0.26293 -0.16923 -0.89373 -0.75006 -0.81087
7   6  12  168974   4.0000 30:02:12 -1.61544698882E+05 -1.61507012170E+05  0.02775  0.03779  0.03165  0.14550  0.33776  0.28224  0.03446 -0.10828 -0.26637 -0.17978 -0.26293 -0.89373 -0.75006 -0.15133
7   6  13  196000   4.8649 32:02:12 -1.61385008443E+05 -1.61245488541E+05  0.05772  0.02746  0.14208  0.36042  0.02106  0.33512  0.27937 -0.08408 -0.26193 -0.26293 -0.81087 -0.16284 -0.89373 -0.75006
7   6  13  196219   4.9000 32:02:12 -1.61398911483E+05 -1.61245488541E+05  0.05772  0.02746  0.14208  0.36042  0.02106  0.33512  0.27937 -0.08408 -0.26193 -0.26293 -0.81087 -0.16284 -0.89373 -0.75006
7   6  14  218532   4.9000 33:02:12 -1.61237518027E+05 -1.61154150341E+05  0.04066  0.02607  0.00227  0.05729  0.33572  0.28002  0.36100 -0.08717 -0.25039 -0.26570 -0.15380 -0.89373 -0.75006 -0.81087
7   6  14  236000   3.5841 34:02:12 -1.61202894897E+05 -1.61154150341E+05  0.04373  0.03108 -0.00416  0.04736  0.33681  0.28120  0.36205 -0.08166 -0.25707 -0.28401 -0.14558 -0.89373 -0.75006 -0.81087
7   6  15  241784   3.2000 34:02:12 -1.61508487420E+05 -1.61154150341E+05  0.03170  0.03608  0.03726  0.01368  0.33611  0.28045  0.36138 -0.08834 -0.26374 -0.15930 -0.27872 -0.89373 -0.75006 -0.81087
7   6  16  276000   2.1012 36:02:12 -1.61308917763E+05 -1.61154150341E+05  0.03979  0.02861  0.36042  0.02961  0.21460  0.33512  0.27937 -0.08717 -0.25707 -0.81087 -0.16517 -0.65932 -0.89373 -0.75006
7   6  18  301845   1.6000 37:02:12 -1.61154150341E+05 -1.61154150341E+05  0.04042  0.03170  0.01259  0.04379  0.33556  0.27984  0.36084 -0.08717 -0.25989 -0.24851 -0.16462 -0.89373 -0.75006 -0.81087
7   6  18  316000   1.0649 38:02:12 -1.61177500528E+05 -1.61154150341E+05  0.03993  0.02875  0.00290  0.06250  0.33522  0.27948  0.36052 -0.08717 -0.25707 -0.24574 -0.15562 -0.89373 -0.75006 -0.81087
7   6  19  324299   0.7000 38:02:12 -1.61154150341E+05 -1.61154150341E+05  0.03434  0.03550 -0.00946  0.06320  0.33571  0.28002  0.36099 -0.09337 -0.26374 -0.23743 -0.15562 -0.89373 -0.75006 -0.81087
7   6  21  355279   0.0000 39:02:12 -1.61154150341E+05 -1.61154150341E+05  0.03993  0.02875  0.00290  0.06250  0.33522  0.27948  0.36052 -0.08717 -0.25707 -0.24574 -0.15562 -0.89373 -0.75006 -0.81087
7   6  23  356979   0.4000 40:02:12 -1.61154150341E+05 -1.61154150341E+05  0.03993  0.02875  0.00290  0.06250  0.33522  0.27948  0.36052 -0.08717 -0.25707 -0.24574 -0.15562 -0.89373 -0.75006 -0.81087
7   6  23  360000   0.3750 40:02:12 -1.61202894897E+05 -1.61154150341E+05  0.03993  0.02875  0.00290  0.06250  0.33522  0.27948  0.36052 -0.08717 -0.25707 -0.24574 -0.15562 -0.89373 -0.75006 -0.81087
7   6  24  379569   0.6000 41:02:12 -1.61154150341E+05 -1.61154150341E+05  0.03964  0.02845  0.00117  0.06728  0.33501  0.27926  0.36032 -0.08717 -0.25707 -0.23302 -0.15782 -0.89373 -0.75006 -0.81087
7   6  25  402078   0.0000 42:02:12 -1.61154150341E+05 -1.61154150341E+05  0.03993  0.02875  0.00290  0.06250  0.33522  0.27948  0.36052 -0.08717 -0.25707 -0.24574 -0.15562 -0.89373 -0.75006 -0.81087
7   6  26  402934   0.0000 42:02:12 -1.61154150341E+05 -1.61154150341E+05  0.03993  0.02875  0.00290  0.06250  0.33522  0.27948  0.36052 -0.08717 -0.25707 -0.24574 -0.15562 -0.89373 -0.75006 -0.81087
7   6  27  403786   0.3000 42:02:12 -1.61177500528E+05 -1.61154150341E+05  0.03993  0.02875  0.00290  0.06250  0.33522  0.27948  0.36052 -0.08717 -0.25707 -0.24574 -0.15562 -0.89373 -0.75006 -0.81087
7   6  27  404000   0.3182 42:02:12 -1.61154150341E+05 -1.61154150341E+05  0.03993  0.02875  0.00290  0.06250  0.33522  0.27948  0.36052 -0.08717 -0.25707 -0.24574 -0.15562 -0.89373 -0.75006 -0.81087
7   6  28  425204   0.1000 43:02:12 -1.61177500528E+05 -1.61154150341E+05  0.03993  0.02875  0.00290  0.06250  0.33522  0.27948  0.36052 -0.08717 -0.25707 -0.24574 -0.15562 -0.89373 -0.75006 -0.81087
7   6  29  426072   0.1000 43:02:12 -1.61154150341E+05 -1.61154150341E+05  0.03993  0.02875  0.00290  0.06250  0.33522  0.27948  0.36052 -0.08717 -0.25707 -0.24574 -0.15562 -0.89373 -0.75006 -0.81087
7   6  30  426925   0.0000 43:02:12 -1.61154150341E+05 -1.61154150341E+05  0.03993  0.02875  0.00290  0.06250  0.33522  0.27948  0.36052 -0.08717 -0.25707 -0.24574 -0.15562 -0.89373 -0.75006 -0.81087
7   6  31  427795   0.0000 43:02:12 -1.61154150341E+05 -1.61154150341E+05  0.03993  0.02875  0.00290  0.06250  0.33522  0.27948  0.36052 -0.08717 -0.25707 -0.24574 -0.15562 -0.89373 -0.75006 -0.81087
7   6  32  428666   0.2000 43:02:12 -1.61154150341E+05 -1.61154150341E+05  0.03993  0.02875  0.00290  0.06250  0.33522  0.27948  0.36052 -0.08717 -0.25707 -0.24574 -0.15562 -0.89373 -0.75006 -0.81087
7   6  33  430399   0.2000 43:02:12 -1.61154150341E+05 -1.61154150341E+05  0.03993  0.02875  0.00290  0.06250  0.33522  0.27948  0.36052 -0.08717 -0.25707 -0.24574 -0.15562 -0.89373 -0.75006 -0.81087
7   6  34  432112   0.0000 43:02:12 -1.61154150341E+05 -1.61154150341E+05  0.03993  0.02875  0.00290  0.06250  0.33522  0.27948  0.36052 -0.08717 -0.25707 -0.24574 -0.15562 -0.89373 -0.75006 -0.81087
7   6  35  432985   0.0000 43:02:12 -1.61154150341E+05 -1.61154150341E+05  0.03993  0.02875  0.00290  0.06250  0.33522  0.27948  0.36052 -0.08717 -0.25707 -0.24574 -0.15562 -0.89373 -0.75006 -0.81087
7   6  36  433841   0.0000 43:02:12 -1.61154150341E+05 -1.61154150341E+05  0.03993  0.02875  0.00290  0.06250  0.33522  0.27948  0.36052 -0.08717 -0.25707 -0.24574 -0.15562 -0.89373 -0.75006 -0.81087
7   6  37  434700   0.0000 43:02:12 -1.61154150341E+05 -1.61154150341E+05  0.03993  0.02875  0.00290  0.06250  0.33522  0.27948  0.36052 -0.08717 -0.25707 -0.24574 -0.15562 -0.89373 -0.75006 -0.81087
7   6  38  435563   0.0000 43:02:12 -1.61154150341E+05 -1.61154150341E+05  0.03993  0.02875  0.00290  0.06250  0.33522  0.27948  0.36052 -0.08717 -0.25707 -0.24574 -0.15562 -0.89373 -0.75006 -0.81087
7   6 200  435565   0.0000 43:02:12 -1.61154150341E+05 -1.61154150341E+05  0.03993  0.02875  0.06250  0.00290  0.33522  0.27948  0.36052 -0.08717 -0.25707 -0.15562 -0.24574 -0.89373 -0.75006 -0.81087
