Iter   Tolerance Admix(mean)   Admix(SD)    Fst1    Fst2    Fst3    Fst4    Fst5    Fst6   QPop1   QPop2   QPop3   QPop4   QPop5   QPop6
   1  6.9635E-04    0.825590    0.009947  0.0050  0.0150  0.0053  0.0017 -0.0006 -0.0003  0.1644  0.1718  0.1691  0.1674  0.1631  0.1642
   2  1.0474E-02    0.720957    0.140353  0.0252  0.1026  0.0503  0.0338  0.0020  0.0027  0.1479  0.1677  0.2060  0.1805  0.1492  0.1488
   3  7.3041E-03    0.570972    0.242016  0.0536  0.1810  0.0708  0.0876  0.0106  0.0019  0.1662  0.1551  0.2255  0.1604  0.1497  0.1431
   4  4.0642E-03    0.460186    0.257589  0.0726  0.1939  0.0713  0.1314  0.0313  0.0089  0.1817  0.1401  0.2380  0.1383  0.1592  0.1428
   5  2.2738E-03    0.372925    0.246872  0.0872  0.1972  0.0755  0.1627  0.0506  0.0320  0.2010  0.1279  0.2511  0.1178  0.1603  0.1419
   6  7.3026E-04    0.318859    0.239131  0.0897  0.1956  0.0765  0.1698  0.0536  0.0399  0.2116  0.1224  0.2615  0.1042  0.1581  0.1422
   7  2.0940E-04    0.286650    0.235572  0.0889  0.1948  0.0764  0.1678  0.0527  0.0394  0.2185  0.1200  0.2681  0.0964  0.1563  0.1406
   8  1.1303E-04    0.262976    0.232497  0.0875  0.1939  0.0758  0.1634  0.0511  0.0375  0.2232  0.1182  0.2738  0.0909  0.1553  0.1386
   9  6.0593E-05    0.245117    0.231435  0.0862  0.1931  0.0751  0.1595  0.0497  0.0358  0.2264  0.1168  0.2779  0.0873  0.1541  0.1374
  10  3.9940E-05    0.231172    0.230164  0.0852  0.1925  0.0744  0.1566  0.0486  0.0346  0.2290  0.1158  0.2806  0.0849  0.1531  0.1367
  11  3.0599E-05    0.219365    0.228554  0.0844  0.1919  0.0739  0.1543  0.0476  0.0337  0.2309  0.1150  0.2827  0.0829  0.1520  0.1364
  12  2.4748E-05    0.209308    0.227060  0.0838  0.1915  0.0733  0.1526  0.0468  0.0330  0.2326  0.1143  0.2841  0.0817  0.1512  0.1362
  13  2.7492E-05    0.197825    0.227339  0.0833  0.1911  0.0729  0.1513  0.0462  0.0323  0.2339  0.1136  0.2860  0.0803  0.1505  0.1357
  14  2.9278E-05    0.187886    0.226927  0.0828  0.1907  0.0724  0.1502  0.0457  0.0318  0.2340  0.1130  0.2874  0.0793  0.1504  0.1359
  15  2.4580E-05    0.178443    0.226414  0.0823  0.1904  0.0720  0.1493  0.0452  0.0314  0.2341  0.1125  0.2887  0.0785  0.1500  0.1362
  16  1.3540E-05    0.172344    0.225434  0.0820  0.1902  0.0716  0.1486  0.0447  0.0311  0.2341  0.1124  0.2894  0.0781  0.1494  0.1366
  17  1.0912E-05    0.167198    0.223718  0.0818  0.1901  0.0713  0.1481  0.0444  0.0307  0.2344  0.1122  0.2902  0.0778  0.1492  0.1363
  18  9.3737E-06    0.163088    0.221714  0.0816  0.1899  0.0710  0.1476  0.0441  0.0304  0.2347  0.1120  0.2907  0.0776  0.1489  0.1361
  19  5.2080E-06    0.159932    0.220482  0.0814  0.1897  0.0707  0.1472  0.0439  0.0302  0.2349  0.1119  0.2911  0.0773  0.1489  0.1358
  20  3.9471E-06    0.157237    0.219686  0.0812  0.1896  0.0704  0.1468  0.0437  0.0300  0.2346  0.1119  0.2912  0.0771  0.1488  0.1364
  21  4.9475E-06    0.154607    0.219090  0.0811  0.1895  0.0702  0.1465  0.0436  0.0297  0.2345  0.1117  0.2914  0.0769  0.1488  0.1366
  22  4.6951E-06    0.151336    0.218238  0.0808  0.1893  0.0700  0.1462  0.0434  0.0295  0.2344  0.1114  0.2915  0.0767  0.1491  0.1368
  23  3.4822E-06    0.148713    0.217684  0.0807  0.1892  0.0698  0.1459  0.0432  0.0293  0.2342  0.1113  0.2916  0.0766  0.1494  0.1368
  24  4.3605E-06    0.145798    0.216864  0.0805  0.1891  0.0696  0.1456  0.0430  0.0291  0.2339  0.1111  0.2918  0.0764  0.1496  0.1372
  25  3.3345E-06    0.143247    0.216336  0.0804  0.1890  0.0694  0.1454  0.0429  0.0289  0.2338  0.1111  0.2919  0.0762  0.1495  0.1374
  26  2.8208E-06    0.141251    0.215886  0.0803  0.1888  0.0693  0.1452  0.0428  0.0287  0.2335  0.1111  0.2921  0.0761  0.1496  0.1378
  27  2.3197E-06    0.139389    0.215372  0.0801  0.1887  0.0692  0.1450  0.0427  0.0285  0.2333  0.1109  0.2922  0.0759  0.1496  0.1381
  28  1.5947E-06    0.137991    0.214768  0.0800  0.1886  0.0691  0.1449  0.0426  0.0283  0.2334  0.1109  0.2921  0.0758  0.1495  0.1382
  29  2.1151E-06    0.136257    0.214011  0.0799  0.1886  0.0690  0.1447  0.0425  0.0281  0.2331  0.1108  0.2922  0.0758  0.1498  0.1383
  30  2.5213E-06    0.134143    0.213429  0.0798  0.1885  0.0688  0.1445  0.0424  0.0279  0.2329  0.1107  0.2923  0.0756  0.1499  0.1386
  31  1.5186E-06    0.132567    0.213218  0.0797  0.1884  0.0688  0.1444  0.0424  0.0277  0.2327  0.1107  0.2923  0.0756  0.1501  0.1387
  32  1.2337E-06    0.131511    0.212844  0.0796  0.1883  0.0687  0.1442  0.0423  0.0276  0.2325  0.1107  0.2925  0.0754  0.1501  0.1388
  33  1.5000E-06    0.130026    0.212599  0.0795  0.1883  0.0686  0.1441  0.0423  0.0275  0.2324  0.1106  0.2923  0.0754  0.1501  0.1392
  34  1.4195E-06    0.128630    0.212104  0.0795  0.1882  0.0685  0.1440  0.0422  0.0274  0.2322  0.1107  0.2924  0.0753  0.1501  0.1393
  35  9.8888E-07    0.127617    0.211826  0.0794  0.1882  0.0684  0.1439  0.0421  0.0272  0.2321  0.1106  0.2926  0.0753  0.1500  0.1394
  36  5.5291E-07    0.127086    0.211454  0.0794  0.1881  0.0684  0.1438  0.0421  0.0271  0.2320  0.1106  0.2926  0.0751  0.1500  0.1396
  37  3.0617E-07    0.126962    0.211172  0.0793  0.1881  0.0684  0.1438  0.0421  0.0270  0.2318  0.1106  0.2927  0.0752  0.1499  0.1397
  38  1.9190E-07    0.126920    0.210963  0.0793  0.1881  0.0683  0.1438  0.0421  0.0270  0.2318  0.1106  0.2927  0.0752  0.1499  0.1398
  39  4.7408E-07    0.126577    0.210886  0.0793  0.1880  0.0683  0.1437  0.0421  0.0269  0.2319  0.1106  0.2926  0.0752  0.1498  0.1399
  40  1.9281E-07    0.126380    0.210899  0.0793  0.1880  0.0683  0.1437  0.0421  0.0268  0.2318  0.1107  0.2927  0.0752  0.1498  0.1398
  41  2.3076E-07    0.126273    0.210694  0.0792  0.1880  0.0683  0.1437  0.0421  0.0268  0.2318  0.1108  0.2927  0.0752  0.1498  0.1398
  42  3.2860E-07    0.126204    0.210558  0.0792  0.1880  0.0682  0.1437  0.0421  0.0267  0.2318  0.1107  0.2927  0.0752  0.1497  0.1399
  43  3.9350E-07    0.125927    0.210492  0.0792  0.1880  0.0682  0.1436  0.0420  0.0267  0.2318  0.1106  0.2927  0.0752  0.1498  0.1399
  44  2.1208E-07    0.125835    0.210432  0.0792  0.1880  0.0682  0.1436  0.0420  0.0267  0.2318  0.1106  0.2927  0.0752  0.1497  0.1399
  45  3.6248E-07    0.125538    0.210483  0.0792  0.1880  0.0682  0.1436  0.0420  0.0266  0.2319  0.1106  0.2927  0.0752  0.1497  0.1400
  46  1.1480E-07    0.125575    0.210402  0.0792  0.1880  0.0682  0.1436  0.0420  0.0266  0.2319  0.1106  0.2927  0.0752  0.1497  0.1400
  47  1.1557E-07    0.125668    0.210245  0.0792  0.1880  0.0682  0.1435  0.0420  0.0265  0.2318  0.1106  0.2927  0.0752  0.1496  0.1401
  48  1.6585E-07    0.125470    0.210293  0.0792  0.1880  0.0682  0.1435  0.0420  0.0265  0.2318  0.1107  0.2927  0.0751  0.1496  0.1400
  49  1.6135E-07    0.125521    0.210131  0.0792  0.1880  0.0682  0.1435  0.0420  0.0265  0.2318  0.1107  0.2926  0.0752  0.1496  0.1402
  50  1.1628E-07    0.125651    0.209986  0.0792  0.1880  0.0682  0.1435  0.0420  0.0264  0.2318  0.1107  0.2926  0.0752  0.1496  0.1402
  51  1.9339E-07    0.125528    0.209821  0.0792  0.1880  0.0682  0.1435  0.0420  0.0263  0.2318  0.1106  0.2926  0.0751  0.1496  0.1402
