Iter   Tolerance Admix(mean)   Admix(SD)    Fst1    Fst2    Fst3    Fst4    Fst5    Fst6    Fst7   QPop1   QPop2   QPop3   QPop4   QPop5   QPop6   QPop7
   1  3.1078E-04    0.853830    0.005700 -0.0002  0.0126  0.0012  0.0014 -0.0007  0.0008  0.0018  0.1366  0.1481  0.1417  0.1446  0.1402  0.1439  0.1450
   2  3.8879E-03    0.808303    0.083021  0.0051  0.0942  0.0328  0.0170  0.0002  0.0032  0.0067  0.1229  0.1571  0.1604  0.1495  0.1312  0.1358  0.1432
   3  6.0429E-03    0.689892    0.216653  0.0346  0.1845  0.0746  0.0695  0.0043  0.0048  0.0039  0.1272  0.1598  0.1952  0.1469  0.1226  0.1218  0.1265
   4  3.2599E-03    0.586503    0.287746  0.0705  0.2262  0.0935  0.1481  0.0271  0.0117  0.0028  0.1416  0.1510  0.2190  0.1337  0.1271  0.1147  0.1129
   5  2.5361E-03    0.504119    0.289812  0.0981  0.2299  0.0977  0.1944  0.0565  0.0127  0.0039  0.1587  0.1352  0.2357  0.1143  0.1322  0.1138  0.1102
   6  1.8943E-03    0.425318    0.273058  0.1080  0.2228  0.0968  0.2012  0.0742  0.0037  0.0059  0.1767  0.1265  0.2480  0.1015  0.1390  0.1059  0.1025
   7  1.4528E-03    0.353101    0.261072  0.1120  0.2223  0.0987  0.2041  0.0827  0.0197  0.0421  0.1902  0.1216  0.2574  0.0935  0.1444  0.0981  0.0947
   8  6.7051E-04    0.297469    0.262553  0.1009  0.2030  0.0909  0.1737  0.0677  0.0088  0.0424  0.1998  0.1178  0.2657  0.0885  0.1487  0.0928  0.0867
   9  1.9479E-04    0.262888    0.264601  0.1007  0.2030  0.0911  0.1711  0.0673  0.0238  0.0642  0.2070  0.1155  0.2728  0.0853  0.1516  0.0890  0.0788
  10  8.7813E-05    0.240285    0.262579  0.1001  0.2029  0.0906  0.1684  0.0665  0.0315  0.0769  0.2125  0.1139  0.2778  0.0830  0.1537  0.0865  0.0727
  11  5.5990E-05    0.223048    0.261090  0.0994  0.2026  0.0898  0.1662  0.0657  0.0348  0.0842  0.2172  0.1129  0.2813  0.0813  0.1548  0.0842  0.0684
  12  3.4437E-05    0.209975    0.260011  0.0988  0.2024  0.0890  0.1645  0.0652  0.0362  0.0880  0.2209  0.1120  0.2840  0.0800  0.1554  0.0824  0.0652
  13  2.6778E-05    0.200862    0.258193  0.0985  0.2021  0.0883  0.1631  0.0648  0.0372  0.0893  0.2231  0.1114  0.2863  0.0790  0.1563  0.0812  0.0627
  14  1.6434E-05    0.194347    0.256899  0.0982  0.2020  0.0878  0.1620  0.0645  0.0380  0.0900  0.2253  0.1109  0.2874  0.0784  0.1568  0.0800  0.0612
  15  1.3365E-05    0.189906    0.255622  0.0980  0.2018  0.0874  0.1610  0.0643  0.0391  0.0902  0.2268  0.1106  0.2882  0.0779  0.1567  0.0798  0.0600
  16  5.5982E-06    0.187519    0.254815  0.0979  0.2017  0.0871  0.1604  0.0642  0.0400  0.0903  0.2277  0.1104  0.2887  0.0776  0.1567  0.0794  0.0594
  17  3.4469E-06    0.185636    0.254129  0.0979  0.2016  0.0869  0.1598  0.0642  0.0409  0.0901  0.2286  0.1104  0.2892  0.0773  0.1568  0.0788  0.0589
  18  1.4194E-06    0.184727    0.253604  0.0978  0.2016  0.0867  0.1593  0.0641  0.0419  0.0899  0.2294  0.1104  0.2893  0.0772  0.1566  0.0784  0.0587
  19  5.6876E-07    0.184355    0.253006  0.0977  0.2014  0.0866  0.1588  0.0640  0.0432  0.0898  0.2297  0.1103  0.2894  0.0770  0.1566  0.0783  0.0587
  20  4.9593E-07    0.183483    0.252527  0.0976  0.2013  0.0864  0.1584  0.0639  0.0443  0.0894  0.2301  0.1101  0.2896  0.0769  0.1565  0.0782  0.0586
  21  5.8095E-07    0.182373    0.252168  0.0975  0.2012  0.0863  0.1580  0.0638  0.0453  0.0891  0.2303  0.1100  0.2899  0.0767  0.1564  0.0783  0.0585
  22  5.8707E-07    0.181521    0.251435  0.0974  0.2011  0.0862  0.1576  0.0637  0.0462  0.0888  0.2306  0.1099  0.2901  0.0765  0.1563  0.0782  0.0584
  23  4.5936E-07    0.181013    0.250902  0.0974  0.2010  0.0861  0.1573  0.0636  0.0471  0.0884  0.2308  0.1098  0.2902  0.0764  0.1562  0.0782  0.0584
  24  7.9119E-07    0.179943    0.250137  0.0973  0.2009  0.0860  0.1568  0.0635  0.0477  0.0879  0.2311  0.1097  0.2905  0.0761  0.1561  0.0781  0.0583
  25  8.9057E-07    0.179412    0.249800  0.0973  0.2008  0.0859  0.1565  0.0635  0.0484  0.0876  0.2314  0.1096  0.2906  0.0760  0.1560  0.0781  0.0583
  26  1.0692E-06    0.179342    0.249280  0.0974  0.2007  0.0859  0.1563  0.0635  0.0490  0.0866  0.2316  0.1095  0.2906  0.0759  0.1559  0.0782  0.0582
  27  9.1104E-07    0.178577    0.248797  0.0974  0.2006  0.0859  0.1561  0.0635  0.0494  0.0858  0.2319  0.1094  0.2907  0.0758  0.1559  0.0782  0.0581
  28  6.6608E-07    0.178462    0.248424  0.0975  0.2006  0.0859  0.1559  0.0635  0.0498  0.0850  0.2320  0.1093  0.2907  0.0757  0.1559  0.0783  0.0581
  29  4.3621E-07    0.177949    0.247999  0.0975  0.2005  0.0859  0.1556  0.0635  0.0503  0.0845  0.2321  0.1092  0.2908  0.0756  0.1558  0.0784  0.0581
  30  4.2481E-07    0.177534    0.247371  0.0975  0.2005  0.0858  0.1553  0.0634  0.0506  0.0840  0.2322  0.1091  0.2909  0.0755  0.1557  0.0785  0.0581
  31  7.6871E-07    0.176823    0.246924  0.0974  0.2004  0.0858  0.1551  0.0633  0.0511  0.0836  0.2323  0.1090  0.2911  0.0753  0.1555  0.0787  0.0581
  32  7.0606E-07    0.176005    0.246141  0.0974  0.2003  0.0857  0.1548  0.0633  0.0514  0.0833  0.2324  0.1089  0.2911  0.0752  0.1555  0.0787  0.0581
  33  1.0072E-06    0.175811    0.245736  0.0973  0.2002  0.0857  0.1545  0.0632  0.0518  0.0831  0.2325  0.1089  0.2912  0.0751  0.1554  0.0787  0.0582
  34  4.4033E-07    0.175346    0.245363  0.0973  0.2001  0.0856  0.1543  0.0631  0.0521  0.0828  0.2325  0.1087  0.2912  0.0750  0.1554  0.0789  0.0583
  35  6.5364E-07    0.175108    0.244911  0.0972  0.2001  0.0856  0.1541  0.0631  0.0524  0.0826  0.2326  0.1086  0.2912  0.0750  0.1552  0.0790  0.0584
  36  5.1336E-07    0.174756    0.244561  0.0972  0.1999  0.0856  0.1540  0.0630  0.0528  0.0823  0.2326  0.1086  0.2912  0.0749  0.1551  0.0791  0.0585
  37  4.7388E-07    0.174488    0.244073  0.0971  0.1999  0.0855  0.1538  0.0630  0.0531  0.0821  0.2326  0.1085  0.2912  0.0748  0.1551  0.0793  0.0586
  38  8.1580E-07    0.174185    0.243492  0.0971  0.1998  0.0855  0.1536  0.0629  0.0534  0.0818  0.2326  0.1083  0.2913  0.0747  0.1549  0.0794  0.0587
  39  3.6411E-07    0.174076    0.243114  0.0971  0.1997  0.0854  0.1535  0.0628  0.0537  0.0815  0.2325  0.1083  0.2913  0.0747  0.1549  0.0795  0.0588
  40  4.5076E-07    0.173774    0.242682  0.0970  0.1996  0.0854  0.1533  0.0628  0.0540  0.0812  0.2325  0.1082  0.2912  0.0746  0.1549  0.0797  0.0589
  41  3.6302E-07    0.173663    0.242175  0.0970  0.1996  0.0854  0.1531  0.0627  0.0542  0.0810  0.2325  0.1081  0.2912  0.0745  0.1549  0.0798  0.0590
  42  7.4136E-07    0.173377    0.241631  0.0970  0.1995  0.0854  0.1530  0.0627  0.0545  0.0806  0.2324  0.1080  0.2913  0.0744  0.1548  0.0800  0.0591
  43  7.3670E-07    0.173122    0.241008  0.0969  0.1995  0.0854  0.1528  0.0626  0.0547  0.0803  0.2324  0.1079  0.2913  0.0744  0.1547  0.0801  0.0592
  44  5.0372E-07    0.173055    0.240587  0.0969  0.1994  0.0853  0.1526  0.0626  0.0550  0.0800  0.2323  0.1078  0.2913  0.0743  0.1546  0.0803  0.0593
  45  1.3372E-06    0.172761    0.239777  0.0968  0.1993  0.0853  0.1525  0.0623  0.0556  0.0799  0.2323  0.1077  0.2912  0.0743  0.1543  0.0806  0.0596
  46  6.4192E-07    0.172683    0.239278  0.0968  0.1992  0.0853  0.1523  0.0621  0.0560  0.0796  0.2322  0.1077  0.2912  0.0742  0.1540  0.0808  0.0598
  47  3.9390E-07    0.172439    0.238756  0.0968  0.1992  0.0852  0.1522  0.0620  0.0563  0.0792  0.2322  0.1077  0.2912  0.0742  0.1538  0.0810  0.0600
  48  4.0733E-07    0.172063    0.238197  0.0968  0.1991  0.0852  0.1521  0.0619  0.0566  0.0788  0.2322  0.1076  0.2911  0.0741  0.1537  0.0812  0.0601
  49  3.1012E-07    0.171821    0.237592  0.0967  0.1991  0.0852  0.1519  0.0618  0.0568  0.0784  0.2321  0.1075  0.2912  0.0741  0.1535  0.0813  0.0602
  50  5.8705E-07    0.171364    0.237009  0.0967  0.1990  0.0852  0.1518  0.0617  0.0571  0.0780  0.2320  0.1074  0.2912  0.0740  0.1535  0.0815  0.0603
  51  4.2111E-07    0.171241    0.236401  0.0967  0.1989  0.0852  0.1516  0.0617  0.0573  0.0776  0.2320  0.1074  0.2913  0.0739  0.1533  0.0816  0.0604
  52  1.8210E-07    0.171043    0.236024  0.0967  0.1989  0.0852  0.1516  0.0617  0.0574  0.0772  0.2320  0.1073  0.2913  0.0739  0.1532  0.0818  0.0606
  53  2.6960E-07    0.170813    0.235557  0.0967  0.1989  0.0852  0.1515  0.0616  0.0575  0.0769  0.2320  0.1073  0.2913  0.0738  0.1530  0.0819  0.0607
  54  1.1710E-07    0.170687    0.235083  0.0967  0.1989  0.0852  0.1514  0.0616  0.0576  0.0766  0.2319  0.1072  0.2913  0.0738  0.1529  0.0820  0.0609
  55  2.7122E-07    0.170450    0.234620  0.0967  0.1988  0.0852  0.1513  0.0616  0.0577  0.0762  0.2319  0.1072  0.2913  0.0737  0.1528  0.0822  0.0609
  56  1.9365E-07    0.170236    0.233978  0.0967  0.1988  0.0852  0.1512  0.0616  0.0578  0.0759  0.2318  0.1071  0.2915  0.0737  0.1527  0.0823  0.0610
  57  3.8662E-06    0.170301    0.234443  0.0967  0.1988  0.0851  0.1512  0.0615  0.0578  0.0762  0.2316  0.1073  0.2912  0.0738  0.1524  0.0822  0.0615
  58  5.3208E-07    0.170124    0.234340  0.0967  0.1988  0.0851  0.1512  0.0614  0.0580  0.0761  0.2315  0.1073  0.2911  0.0738  0.1523  0.0823  0.0617
  59  3.5710E-07    0.170021    0.233781  0.0967  0.1988  0.0851  0.1510  0.0613  0.0583  0.0760  0.2315  0.1073  0.2912  0.0737  0.1521  0.0825  0.0618
  60  2.8179E-07    0.169807    0.233480  0.0967  0.1988  0.0851  0.1510  0.0613  0.0585  0.0758  0.2314  0.1072  0.2912  0.0737  0.1519  0.0825  0.0620
  61  1.8223E-07    0.169640    0.233021  0.0967  0.1988  0.0851  0.1509  0.0612  0.0587  0.0755  0.2314  0.1072  0.2912  0.0737  0.1518  0.0827  0.0621
