K Run Tem Iterate    Move%     Time        CurrentLogL           BestLogL     Fst1     Fst2     Fst3     Fst4     Fst5     Fst6     Fst7     Fst8     Fis1     Fis2     Fis3     Fis4     Fis5     Fis6     Fis7     Fis8
8  10   1       0   1.0000 03:46:10 -4.46133544218E+05 -4.46133544218E+05 -0.09407  0.01540  0.07798 -0.03054  0.05569 -0.16738  0.06777  0.05427 -0.12701 -0.12947 -0.18841 -0.09523 -0.09676 -0.13713 -0.14211 -0.10297
8  10   1     100   1.9608 03:46:10 -4.46135116379E+05 -4.46130228810E+05 -0.09407  0.01540  0.07798 -0.03054  0.05569 -0.16738  0.06777  0.05427 -0.12701 -0.12947 -0.18841 -0.09523 -0.09676 -0.13713 -0.14211 -0.10297
8  10   1     200  32.5123 03:46:10 -4.24518475705E+05 -4.24518475705E+05 -0.16738  0.01540  0.07798 -0.09407  0.06777  0.05427 -0.03054  0.05569 -0.13713 -0.12947 -0.18841 -0.12701 -0.14211 -0.10297 -0.09523 -0.09676
8  10   1     400  42.4318 03:46:10 -3.92974775880E+05 -3.92974775880E+05  0.05427 -0.03054 -0.16738 -0.09407  0.07798  0.01540  0.05569  0.06777 -0.10297 -0.09523 -0.13713 -0.12701 -0.18841 -0.12947 -0.09676 -0.14211
8  10   1     800  34.4956 03:46:10 -3.76180487014E+05 -3.75920284347E+05  0.05427 -0.03054  0.05569 -0.16738 -0.09407  0.06777  0.01540  0.07798 -0.10297 -0.09523 -0.09676 -0.13713 -0.12701 -0.14211 -0.12947 -0.18841
8  10   1    1600  29.6319 03:46:10 -3.72930596038E+05 -3.70180741687E+05 -0.03054  0.05427 -0.16738  0.01540 -0.09407  0.07798  0.05569  0.06777 -0.09523 -0.10297 -0.13713 -0.12947 -0.12701 -0.18841 -0.09676 -0.14211
8  10   1    3200  34.1867 03:46:10 -3.77545321519E+05 -3.70180741687E+05  0.07798  0.05427  0.01540 -0.09407 -0.03054  0.06777  0.05569 -0.16738 -0.18841 -0.10297 -0.12947 -0.12701 -0.09523 -0.14211 -0.09676 -0.13713
8  10   1    6400  37.7792 03:46:10 -3.74939564719E+05 -3.70180741687E+05  0.05427  0.05569 -0.09407  0.01540  0.07798 -0.16738 -0.03054  0.06777 -0.10297 -0.09676 -0.12701 -0.12947 -0.18841 -0.13713 -0.09523 -0.14211
8  10   1   12800  39.1158 03:46:10 -3.77300686048E+05 -3.70124281926E+05  0.57421  0.37758  0.37905  0.34977  0.00671  0.01328  1.00000  0.01458 -0.88116 -0.17889 -0.11084 -0.17191 -0.93414 -0.81520  0.00000 -0.93629
8  10   2   25600  37.4356 04:46:10 -3.72705158375E+05 -3.67152198725E+05  0.37755  0.42026  0.37619  0.04672  0.04676  0.02914  0.04749  0.47744 -0.21227 -0.16680 -0.17532 -0.95676 -0.80896 -0.90425 -0.92017 -0.47348
8  10   3   44000  37.7674 05:46:10 -3.74343255178E+05 -3.63958576436E+05  0.36660  0.36043  0.00643  0.00410  1.00000  1.00000  1.00000  0.57177 -0.28510 -0.15209 -0.88476 -0.88162  0.00000  0.00000  0.00000 -0.88116
8  10   3   51200  29.3977 05:46:10 -3.69932324176E+05 -3.63958576436E+05  0.32424  0.36966 -0.04248  1.00000  1.00000  1.00000  1.00000  1.00000 -0.20915 -0.17370 -0.88936  0.00000  0.00000  0.00000  0.00000  0.00000
8  10   5   80000  23.3009 07:46:10 -3.74068962882E+05 -3.63958576436E+05  0.36092  0.32369  1.00000  1.00000 -0.04182  1.00000  1.00000  1.00000 -0.16937 -0.21275  0.00000  0.00000 -0.88700  0.00000  0.00000  0.00000
8  10   6  102400  22.0068 08:46:10 -3.67243330162E+05 -3.63958576436E+05  0.35451  0.39922 -0.00065  1.00000  0.00320  1.00000  1.00000  0.48158 -0.21116 -0.19548 -0.90845  0.00000 -0.88157  0.00000  0.00000 -0.55353
8  10   6  108000  19.9510 09:46:10 -3.65595358765E+05 -3.63914316916E+05  0.28917  0.33266 -0.09476  1.00000  1.00000  1.00000  0.40170  1.00000 -0.22657 -0.16252 -0.90476  0.00000  0.00000  0.00000 -0.47348  0.00000
8  10   7  129704  23.6000 10:46:10 -3.66955256884E+05 -3.63288237338E+05  0.29547  0.33756 -0.09709  1.00000  1.00000  1.00000  0.52778  1.00000 -0.20388 -0.21372 -0.90476  0.00000  0.00000  0.00000 -0.88116  0.00000
8  10   7  140000  18.3633 11:46:10 -3.66717015819E+05 -3.63246509382E+05  0.28434  0.38563 -0.10392  1.00000  1.00000  1.00000  0.42709  1.00000 -0.22781 -0.20386 -0.90457  0.00000  0.00000  0.00000 -0.55353  0.00000
8  10   8  167200   7.0000 12:46:10 -3.64146420090E+05 -3.62672401562E+05  0.25174  0.35579  0.54553 -0.16070  1.00000  1.00000  1.00000  0.39750 -0.23512 -0.23547 -0.71811 -0.90878  0.00000  0.00000  0.00000 -0.55353
8  10   8  172000  12.3855 13:46:10 -3.64480987417E+05 -3.62672401562E+05  0.25174  0.35579  0.54553 -0.16070  1.00000  1.00000  1.00000  0.39750 -0.23512 -0.23547 -0.71811 -0.90878  0.00000  0.00000  0.00000 -0.55353
8  10   8  204000  12.5215 15:46:10 -3.60276417732E+05 -3.59713285049E+05  0.21964  0.29970  0.52641  0.52796 -0.21366  1.00000  1.00000  0.33671 -0.25778 -0.17200 -0.72741 -0.90638 -0.90878  0.00000  0.00000 -0.47348
8  10   9  240000  10.4016 17:46:10 -3.57743370611E+05 -3.55651190421E+05  0.50354  0.34036  0.19481  0.51526 -0.24632  1.00000  0.37325  0.31887 -0.87135 -0.22412 -0.25516 -0.90638 -0.90476  0.00000 -0.39850 -0.47348
8  10  10  244203   2.6000 17:46:10 -3.57284154123E+05 -3.55651190421E+05  0.45024  0.33342  0.19444  0.51591 -0.24465  1.00000  0.37409  0.31978 -0.67994 -0.22158 -0.25050 -0.90638 -0.90476  0.00000 -0.39850 -0.47348
8  10  11  276000   3.0116 19:46:10 -3.56422505885E+05 -3.55651190421E+05  0.38124  0.32708  0.20233  0.51744 -0.24053  0.37607  0.32194  1.00000 -0.43677 -0.21543 -0.27915 -0.90638 -0.90158 -0.39850 -0.47348  0.00000
8  10  12  279631   2.9000 19:46:10 -3.56098792991E+05 -3.55651190421E+05  0.38224  0.31881  0.20404  0.51822 -0.23864  0.37708  0.35330  1.00000 -0.43677 -0.20325 -0.28222 -0.90638 -0.88936 -0.39850 -0.54669  0.00000
8  10  13  297616   2.6000 20:46:10 -3.56694452853E+05 -3.55651190421E+05  0.38056  0.33474  0.19889  0.51691 -0.24206  0.37538  1.00000  0.32119 -0.43677 -0.22647 -0.26801 -0.90638 -0.88728 -0.39850  0.00000 -0.47348
8  10  13  308000   2.0249 21:46:10 -3.56097588802E+05 -3.55651190421E+05  0.38125  0.32645  0.20246  0.51745 -0.24052  0.37608  1.00000  0.32194 -0.43677 -0.21473 -0.27913 -0.90638 -0.90158 -0.39850  0.00000 -0.47348
8  10  14  322443   1.6000 21:46:10 -3.56198480070E+05 -3.55651190421E+05  0.38113  0.31437  0.20149  0.51735 -0.23766  1.00000  0.38958  0.32181 -0.43677 -0.20390 -0.28130 -0.90638 -0.89199  0.00000 -0.36313 -0.47348
8  10  15  344000   1.1204 23:46:10 -3.56018873727E+05 -3.55651190421E+05  0.38195  0.31233  0.20726  0.51800 -0.23602  0.37678  1.00000  0.32271 -0.43677 -0.20507 -0.29066 -0.90638 -0.89199 -0.39850  0.00000 -0.47348
8  10  15  376000   2.6460 25:46:10 -3.53811081361E+05 -3.53634475920E+05  0.37134  0.35701  0.24062  0.17850  0.50972 -0.26050  0.36608  0.31108 -0.43677 -0.23675 -0.26953 -0.32266 -0.90638 -0.88936 -0.39850 -0.47348
8  10  17  400000   0.9434 27:46:10 -3.53817385895E+05 -3.53634475920E+05  0.37372  0.35279  0.18336  0.24394  0.51158 -0.25572  0.36849  0.45947 -0.43677 -0.22637 -0.32489 -0.25657 -0.90638 -0.88936 -0.39850 -0.88116
8  10  17  400545   2.9000 27:46:10 -3.53634475920E+05 -3.53634475920E+05  0.37372  0.35279  0.24394  0.18336  0.51158 -0.25572  0.36849  0.45947 -0.43677 -0.22637 -0.25657 -0.32489 -0.90638 -0.88936 -0.39850 -0.88116
8  10  18  428000   1.6881 29:46:10 -3.53640664287E+05 -3.53634475920E+05  0.37021  0.37722  0.23633  0.18290  0.50884 -0.26275  0.36495  0.30985 -0.43677 -0.24392 -0.26041 -0.32973 -0.90638 -0.88936 -0.39850 -0.47348
8  10  19  435103   0.8000 29:46:10 -3.53814393494E+05 -3.53634475920E+05  0.37064  0.37112  0.23987  0.18212  0.50918 -0.26189  0.36538  0.31032 -0.43677 -0.24161 -0.25922 -0.33450 -0.90638 -0.88936 -0.39850 -0.47348
8  10  19  440000   1.2385 31:46:10 -3.53634475920E+05 -3.53634475920E+05  0.37020  0.38150  0.23933  0.18387  0.50883 -0.26279  0.36493  0.30983 -0.43677 -0.25210 -0.25922 -0.32140 -0.90638 -0.88936 -0.39850 -0.47348
8  10  20  441221   0.3000 31:46:10 -3.53763118521E+05 -3.53634475920E+05  0.37020  0.38150  0.23933  0.18387  0.50883 -0.26279  0.36493  0.30983 -0.43677 -0.25210 -0.25922 -0.32140 -0.90638 -0.88936 -0.39850 -0.47348
8  10  20  456000   0.9154 33:46:10 -3.53647202418E+05 -3.53634475920E+05  0.37093  0.36147  0.24022  0.18276  0.50940 -0.26131  0.36567  0.31064 -0.43677 -0.23696 -0.25922 -0.33855 -0.90638 -0.88936 -0.39850 -0.47348
8  10  21  458598   1.3000 33:46:10 -3.53641014051E+05 -3.53634475920E+05  0.37093  0.36147  0.24022  0.18276  0.50940 -0.26131  0.36567  0.31064 -0.43677 -0.23696 -0.25922 -0.33855 -0.90638 -0.88936 -0.39850 -0.47348
8  10  22  475752   0.9000 34:46:10 -3.53641014051E+05 -3.53634475920E+05  0.37137  0.37185  0.24268  0.18306  0.50974 -0.26044  0.34817  0.31112 -0.43677 -0.24161 -0.26116 -0.33450 -0.90638 -0.88936 -0.37515 -0.47348
8  10  22  480000   0.8472 35:46:10 -3.53640664287E+05 -3.53634475920E+05  0.37137  0.37185  0.24268  0.18306  0.50974 -0.26044  0.34817  0.31112 -0.43677 -0.24161 -0.26116 -0.33450 -0.90638 -0.88936 -0.37515 -0.47348
8  10  24  498819   1.1000 36:46:10 -3.53647202418E+05 -3.53634475920E+05  0.37040  0.37740  0.23957  0.18288  0.50898 -0.26239  0.36513  0.31005 -0.43677 -0.24392 -0.25922 -0.33010 -0.90638 -0.88936 -0.39850 -0.47348
8  10  24  504000   0.7723 37:46:10 -3.53640664287E+05 -3.53634475920E+05  0.37040  0.37740  0.23957  0.18288  0.50898 -0.26239  0.36513  0.31005 -0.43677 -0.24392 -0.25922 -0.33010 -0.90638 -0.88936 -0.39850 -0.47348
8  10  25  515908   0.5000 37:46:10 -3.53640664287E+05 -3.53634475920E+05  0.37064  0.37112  0.23987  0.18212  0.50918 -0.26189  0.36538  0.31032 -0.43677 -0.24161 -0.25922 -0.33450 -0.90638 -0.88936 -0.39850 -0.47348
8  10  26  536000   0.6332 39:46:10 -3.53647202418E+05 -3.53634475920E+05  0.37140  0.36977  0.24271  0.18339  0.50976 -0.26039  0.34820  0.31115 -0.43677 -0.23992 -0.26116 -0.33371 -0.90638 -0.88936 -0.37515 -0.47348
8  10  27  544331   0.6000 40:46:10 -3.53640664287E+05 -3.53634475920E+05  0.37113  0.37812  0.24239  0.18383  0.50956 -0.26092  0.34793  0.31085 -0.43677 -0.24392 -0.26116 -0.33010 -0.90638 -0.88936 -0.37515 -0.47348
8  10  27  556000   0.5445 41:46:10 -3.53647202418E+05 -3.53634475920E+05  0.37064  0.37112  0.23987  0.18212  0.50918 -0.26189  0.36538  0.31032 -0.43677 -0.24161 -0.25922 -0.33450 -0.90638 -0.88936 -0.39850 -0.47348
8  10  29  562026   0.4000 42:46:10 -3.53640664287E+05 -3.53634475920E+05  0.37064  0.37112  0.23987  0.18212  0.50918 -0.26189  0.36538  0.31032 -0.43677 -0.24161 -0.25922 -0.33450 -0.90638 -0.88936 -0.39850 -0.47348
8  10  29  568000   0.3872 43:46:10 -3.53640664287E+05 -3.53634475920E+05  0.37040  0.37740  0.23957  0.18288  0.50898 -0.26239  0.36513  0.31005 -0.43677 -0.24392 -0.25922 -0.33010 -0.90638 -0.88936 -0.39850 -0.47348
8  10  30  575932   0.6000 43:46:10 -3.53640664287E+05 -3.53634475920E+05  0.37040  0.37740  0.23957  0.18288  0.50898 -0.26239  0.36513  0.31005 -0.43677 -0.24392 -0.25922 -0.33010 -0.90638 -0.88936 -0.39850 -0.47348
8  10  31  604000   0.4703 45:46:10 -3.53640664287E+05 -3.53634475920E+05  0.37040  0.37740  0.23957  0.18288  0.50898 -0.26239  0.36513  0.31005 -0.43677 -0.24392 -0.25922 -0.33010 -0.90638 -0.88936 -0.39850 -0.47348
8  10 200  632552   0.0000 46:46:10 -3.53634475920E+05 -3.53634475920E+05  0.37064  0.37112  0.23987  0.18212  0.50918 -0.26189  0.36538  0.31032 -0.43677 -0.24161 -0.25922 -0.33450 -0.90638 -0.88936 -0.39850 -0.47348
