Iter   Tolerance Admix(mean)   Admix(SD)    Fst1    Fst2    Fst3    Fst4    Fst5    Fst6    Fst7    Fst8    Fst9   Fst10   QPop1   QPop2   QPop3   QPop4   QPop5   QPop6   QPop7   QPop8   QPop9  QPop10
   1  1.2169E-02    0.625525    0.222576  0.2683 -0.2161  0.3454  0.1208  0.2981  0.2064  0.2443  0.1660  0.1243 -0.0929  0.1513  0.1162  0.1747  0.0614  0.0848  0.1628  0.0856  0.0628  0.0582  0.0423
   2  3.8056E-03    0.445160    0.254853  0.3205 -0.1712  0.3959  0.2269  0.4154  0.2363  0.3354  0.2974  0.2411 -0.2440  0.1745  0.1092  0.1966  0.0510  0.0895  0.1585  0.0905  0.0583  0.0498  0.0221
   3  8.2962E-04    0.348462    0.285789  0.3452 -0.1407  0.4184  0.2522  0.4505  0.2607  0.3672  0.3554  0.3164 -0.3336  0.1832  0.1086  0.2066  0.0427  0.0890  0.1617  0.0928  0.0554  0.0470  0.0130
   4  1.5708E-04    0.309038    0.294063  0.3630 -0.1132  0.4347  0.2680  0.4662  0.2816  0.3849  0.3773  0.3456 -0.3732  0.1869  0.1084  0.2142  0.0386  0.0876  0.1676  0.0931  0.0521  0.0440  0.0075
   5  5.3528E-04    0.283448    0.291022  0.3709 -0.1026  0.4418  0.2755  0.4709  0.2911  0.3913  0.3809  0.3498 -0.2607  0.1877  0.1066  0.2194  0.0361  0.0858  0.1725  0.0920  0.0490  0.0409  0.0099
   6  5.0292E-05    0.271953    0.289894  0.3733 -0.0997  0.4441  0.2785  0.4715  0.2947  0.3927  0.3797  0.3479 -0.2594  0.1874  0.1066  0.2235  0.0352  0.0846  0.1766  0.0911  0.0472  0.0390  0.0089
   7  2.9520E-05    0.264838    0.288996  0.3743 -0.0988  0.4451  0.2803  0.4712  0.2966  0.3930  0.3778  0.3452 -0.2584  0.1868  0.1066  0.2271  0.0347  0.0837  0.1786  0.0902  0.0458  0.0376  0.0088
   8  2.2183E-05    0.259286    0.288569  0.3749 -0.0981  0.4458  0.2818  0.4709  0.2982  0.3931  0.3763  0.3431 -0.2577  0.1864  0.1066  0.2304  0.0344  0.0830  0.1795  0.0894  0.0448  0.0366  0.0088
   9  1.6526E-05    0.254988    0.288503  0.3754 -0.0976  0.4463  0.2831  0.4706  0.2995  0.3931  0.3751  0.3415 -0.2572  0.1862  0.1066  0.2333  0.0342  0.0825  0.1796  0.0888  0.0441  0.0358  0.0089
  10  1.2976E-05    0.251111    0.287781  0.3759 -0.0968  0.4469  0.2840  0.4703  0.3010  0.3933  0.3744  0.3398 -0.2576  0.1862  0.1066  0.2360  0.0340  0.0820  0.1798  0.0882  0.0434  0.0351  0.0088
  11  9.7999E-06    0.247884    0.287387  0.3762 -0.0961  0.4474  0.2848  0.4701  0.3024  0.3934  0.3739  0.3384 -0.2580  0.1862  0.1067  0.2382  0.0338  0.0815  0.1798  0.0877  0.0429  0.0345  0.0087
  12  7.4684E-06    0.245149    0.286975  0.3765 -0.0955  0.4479  0.2854  0.4699  0.3037  0.3936  0.3736  0.3371 -0.2583  0.1862  0.1067  0.2402  0.0336  0.0811  0.1798  0.0873  0.0425  0.0340  0.0086
  13  6.0483E-06    0.242934    0.286724  0.3767 -0.0950  0.4482  0.2857  0.4697  0.3048  0.3937  0.3734  0.3360 -0.2585  0.1863  0.1067  0.2419  0.0334  0.0807  0.1796  0.0870  0.0421  0.0336  0.0085
  14  5.9309E-06    0.240740    0.286247  0.3770 -0.0945  0.4486  0.2860  0.4694  0.3058  0.3938  0.3730  0.3347 -0.2587  0.1864  0.1067  0.2436  0.0333  0.0803  0.1797  0.0867  0.0418  0.0332  0.0085
  15  6.6539E-06    0.238653    0.286795  0.3771 -0.0942  0.4489  0.2863  0.4693  0.3067  0.3939  0.3729  0.3339 -0.2586  0.1861  0.1067  0.2447  0.0331  0.0801  0.1799  0.0865  0.0416  0.0329  0.0085
  16  4.1637E-06    0.236610    0.286544  0.3772 -0.0938  0.4492  0.2865  0.4690  0.3076  0.3939  0.3726  0.3329 -0.2588  0.1860  0.1067  0.2458  0.0330  0.0797  0.1803  0.0861  0.0413  0.0326  0.0084
  17  2.6279E-06    0.235403    0.286214  0.3774 -0.0935  0.4494  0.2868  0.4687  0.3083  0.3939  0.3719  0.3321 -0.2587  0.1863  0.1067  0.2469  0.0329  0.0793  0.1804  0.0859  0.0410  0.0323  0.0084
  18  2.4054E-06    0.234559    0.285906  0.3775 -0.0932  0.4496  0.2870  0.4685  0.3090  0.3939  0.3717  0.3313 -0.2587  0.1867  0.1067  0.2478  0.0328  0.0790  0.1802  0.0856  0.0408  0.0321  0.0083
  19  2.2432E-06    0.233541    0.284985  0.3777 -0.0929  0.4499  0.2871  0.4682  0.3096  0.3938  0.3713  0.3302 -0.2586  0.1873  0.1067  0.2488  0.0327  0.0786  0.1801  0.0853  0.0405  0.0318  0.0083
  20  2.2844E-06    0.232730    0.284268  0.3779 -0.0927  0.4501  0.2874  0.4679  0.3101  0.3938  0.3710  0.3293 -0.2586  0.1877  0.1067  0.2497  0.0326  0.0782  0.1800  0.0850  0.0403  0.0315  0.0083
  21  2.4313E-06    0.231982    0.283484  0.3781 -0.0925  0.4503  0.2875  0.4676  0.3106  0.3937  0.3703  0.3284 -0.2584  0.1884  0.1067  0.2507  0.0326  0.0778  0.1798  0.0847  0.0400  0.0312  0.0083
  22  2.7094E-06    0.231047    0.282504  0.3784 -0.0922  0.4505  0.2876  0.4672  0.3111  0.3936  0.3701  0.3274 -0.2584  0.1891  0.1067  0.2516  0.0325  0.0773  0.1796  0.0844  0.0397  0.0309  0.0082
  23  2.8330E-06    0.230316    0.281748  0.3786 -0.0920  0.4506  0.2878  0.4670  0.3115  0.3935  0.3699  0.3266 -0.2584  0.1897  0.1067  0.2525  0.0324  0.0770  0.1792  0.0841  0.0395  0.0307  0.0082
  24  2.9204E-06    0.229617    0.281049  0.3788 -0.0919  0.4507  0.2879  0.4667  0.3118  0.3934  0.3693  0.3259 -0.2582  0.1904  0.1067  0.2533  0.0323  0.0766  0.1789  0.0838  0.0393  0.0305  0.0082
  25  3.1334E-06    0.228817    0.280103  0.3790 -0.0917  0.4508  0.2880  0.4664  0.3121  0.3933  0.3692  0.3249 -0.2581  0.1911  0.1066  0.2541  0.0323  0.0762  0.1786  0.0835  0.0391  0.0302  0.0082
  26  3.7752E-06    0.227963    0.279098  0.3792 -0.0915  0.4509  0.2881  0.4662  0.3124  0.3932  0.3691  0.3241 -0.2580  0.1918  0.1066  0.2550  0.0322  0.0759  0.1783  0.0832  0.0389  0.0300  0.0081
  27  2.0463E-06    0.227604    0.278817  0.3793 -0.0915  0.4510  0.2881  0.4661  0.3126  0.3932  0.3692  0.3236 -0.2580  0.1923  0.1066  0.2554  0.0322  0.0757  0.1778  0.0831  0.0389  0.0299  0.0082
  28  3.2568E-07    0.226788    0.277878  0.3793 -0.0914  0.4510  0.2883  0.4658  0.3130  0.3931  0.3689  0.3230 -0.2579  0.1925  0.1066  0.2559  0.0322  0.0754  0.1781  0.0828  0.0387  0.0297  0.0082
  29  3.1452E-07    0.225872    0.276739  0.3792 -0.0912  0.4510  0.2883  0.4656  0.3133  0.3930  0.3688  0.3221 -0.2577  0.1927  0.1066  0.2564  0.0321  0.0750  0.1785  0.0825  0.0385  0.0295  0.0082
  30  2.6813E-07    0.225387    0.276190  0.3791 -0.0911  0.4510  0.2884  0.4655  0.3135  0.3929  0.3688  0.3212 -0.2576  0.1929  0.1065  0.2567  0.0321  0.0748  0.1786  0.0824  0.0384  0.0294  0.0082
  31  3.0209E-07    0.224753    0.275392  0.3791 -0.0911  0.4510  0.2885  0.4653  0.3137  0.3929  0.3686  0.3209 -0.2575  0.1931  0.1065  0.2572  0.0321  0.0745  0.1788  0.0822  0.0383  0.0292  0.0082
  32  3.1790E-07    0.223823    0.274087  0.3790 -0.0910  0.4510  0.2886  0.4649  0.3139  0.3927  0.3685  0.3199 -0.2573  0.1933  0.1065  0.2577  0.0320  0.0741  0.1793  0.0818  0.0381  0.0290  0.0082
  33  7.3442E-07    0.223484    0.273647  0.3790 -0.0909  0.4510  0.2886  0.4649  0.3140  0.3925  0.3687  0.3191 -0.2572  0.1937  0.1064  0.2579  0.0320  0.0739  0.1794  0.0815  0.0381  0.0289  0.0082
  34  3.4539E-07    0.222890    0.272921  0.3789 -0.0908  0.4510  0.2887  0.4646  0.3141  0.3925  0.3686  0.3190 -0.2571  0.1939  0.1064  0.2583  0.0320  0.0735  0.1796  0.0813  0.0380  0.0288  0.0082
  35  4.6353E-07    0.222176    0.271947  0.3789 -0.0907  0.4510  0.2887  0.4644  0.3143  0.3924  0.3685  0.3180 -0.2569  0.1942  0.1064  0.2587  0.0319  0.0732  0.1799  0.0811  0.0378  0.0285  0.0083
  36  3.4653E-07    0.221732    0.271334  0.3788 -0.0907  0.4510  0.2888  0.4643  0.3144  0.3922  0.3686  0.3171 -0.2568  0.1944  0.1064  0.2589  0.0319  0.0730  0.1801  0.0809  0.0378  0.0284  0.0083
  37  1.0961E-06    0.221466    0.270946  0.3788 -0.0906  0.4510  0.2889  0.4640  0.3146  0.3922  0.3685  0.3168 -0.2567  0.1948  0.1063  0.2591  0.0319  0.0727  0.1801  0.0807  0.0377  0.0283  0.0083
  38  1.0361E-06    0.221040    0.270555  0.3787 -0.0906  0.4509  0.2889  0.4638  0.3147  0.3921  0.3687  0.3163 -0.2566  0.1952  0.1063  0.2592  0.0319  0.0723  0.1802  0.0806  0.0377  0.0282  0.0083
  39  4.0598E-07    0.220503    0.269899  0.3787 -0.0905  0.4509  0.2890  0.4637  0.3148  0.3919  0.3688  0.3154 -0.2565  0.1955  0.1063  0.2594  0.0319  0.0721  0.1804  0.0803  0.0377  0.0281  0.0083
  40  3.3969E-07    0.220142    0.269398  0.3786 -0.0905  0.4509  0.2890  0.4635  0.3150  0.3919  0.3687  0.3150 -0.2564  0.1958  0.1063  0.2596  0.0319  0.0718  0.1806  0.0801  0.0376  0.0280  0.0083
  41  6.3660E-07    0.219629    0.268919  0.3785 -0.0905  0.4509  0.2890  0.4634  0.3151  0.3918  0.3688  0.3144 -0.2563  0.1960  0.1063  0.2599  0.0318  0.0716  0.1807  0.0799  0.0375  0.0278  0.0084
  42  4.8415E-07    0.219122    0.268288  0.3785 -0.0904  0.4509  0.2891  0.4634  0.3152  0.3917  0.3688  0.3135 -0.2562  0.1962  0.1063  0.2602  0.0318  0.0715  0.1808  0.0797  0.0375  0.0277  0.0084
  43  4.2814E-07    0.218781    0.267815  0.3784 -0.0903  0.4509  0.2892  0.4632  0.3154  0.3917  0.3688  0.3131 -0.2561  0.1966  0.1062  0.2603  0.0318  0.0712  0.1809  0.0795  0.0374  0.0276  0.0084
  44  1.1669E-06    0.218407    0.267589  0.3784 -0.0903  0.4509  0.2892  0.4631  0.3156  0.3916  0.3689  0.3125 -0.2561  0.1968  0.1062  0.2605  0.0318  0.0710  0.1811  0.0794  0.0374  0.0275  0.0084
  45  1.7688E-06    0.218419    0.267547  0.3783 -0.0903  0.4509  0.2892  0.4631  0.3157  0.3915  0.3690  0.3122 -0.2560  0.1972  0.1062  0.2604  0.0318  0.0708  0.1810  0.0792  0.0375  0.0275  0.0084
  46  1.1022E-06    0.218192    0.267360  0.3783 -0.0903  0.4509  0.2892  0.4630  0.3159  0.3915  0.3690  0.3117 -0.2560  0.1975  0.1062  0.2605  0.0318  0.0707  0.1809  0.0791  0.0374  0.0274  0.0084
  47  5.9785E-07    0.217910    0.267169  0.3782 -0.0902  0.4509  0.2893  0.4629  0.3161  0.3914  0.3691  0.3110 -0.2559  0.1978  0.1062  0.2607  0.0318  0.0705  0.1809  0.0789  0.0374  0.0273  0.0084
  48  9.2869E-07    0.217615    0.266824  0.3782 -0.0902  0.4508  0.2893  0.4629  0.3162  0.3913  0.3691  0.3105 -0.2558  0.1980  0.1062  0.2609  0.0318  0.0704  0.1808  0.0788  0.0374  0.0272  0.0084
  49  1.7610E-06    0.217438    0.266782  0.3782 -0.0902  0.4508  0.2893  0.4629  0.3164  0.3913  0.3691  0.3102 -0.2558  0.1983  0.1062  0.2611  0.0318  0.0704  0.1807  0.0787  0.0374  0.0271  0.0084
  50  1.4271E-06    0.217407    0.266997  0.3783 -0.0901  0.4508  0.2894  0.4629  0.3166  0.3913  0.3692  0.3100 -0.2558  0.1985  0.1062  0.2612  0.0318  0.0704  0.1803  0.0787  0.0375  0.0271  0.0085
  51  1.6678E-06    0.217366    0.266959  0.3783 -0.0901  0.4508  0.2894  0.4629  0.3168  0.3912  0.3694  0.3095 -0.2557  0.1989  0.1062  0.2613  0.0318  0.0703  0.1801  0.0785  0.0375  0.0270  0.0085
  52  1.3380E-06    0.217194    0.266804  0.3783 -0.0901  0.4508  0.2894  0.4628  0.3170  0.3912  0.3694  0.3094 -0.2557  0.1992  0.1061  0.2614  0.0318  0.0702  0.1799  0.0784  0.0375  0.0270  0.0085
  53  1.2150E-06    0.216967    0.266598  0.3782 -0.0901  0.4508  0.2894  0.4628  0.3171  0.3911  0.3694  0.3089 -0.2557  0.1996  0.1061  0.2615  0.0318  0.0701  0.1797  0.0783  0.0375  0.0269  0.0085
  54  1.3606E-06    0.216716    0.266301  0.3782 -0.0901  0.4507  0.2894  0.4627  0.3172  0.3910  0.3695  0.3087 -0.2556  0.2000  0.1061  0.2615  0.0318  0.0699  0.1795  0.0782  0.0376  0.0268  0.0085
  55  2.5206E-06    0.216719    0.266371  0.3782 -0.0901  0.4507  0.2895  0.4627  0.3173  0.3910  0.3695  0.3083 -0.2556  0.2005  0.1061  0.2615  0.0318  0.0699  0.1792  0.0781  0.0376  0.0268  0.0085
  56  2.3595E-06    0.216586    0.266331  0.3782 -0.0901  0.4507  0.2895  0.4627  0.3174  0.3910  0.3696  0.3082 -0.2556  0.2010  0.1061  0.2615  0.0318  0.0698  0.1789  0.0780  0.0377  0.0268  0.0085
  57  5.1590E-07    0.216451    0.266160  0.3781 -0.0901  0.4506  0.2895  0.4627  0.3175  0.3909  0.3696  0.3079 -0.2556  0.2012  0.1061  0.2614  0.0318  0.0698  0.1788  0.0779  0.0377  0.0267  0.0085
  58  2.8967E-07    0.216278    0.265917  0.3780 -0.0901  0.4505  0.2895  0.4626  0.3175  0.3909  0.3696  0.3079 -0.2556  0.2013  0.1061  0.2613  0.0318  0.0697  0.1789  0.0779  0.0377  0.0267  0.0085
