Iter   Tolerance Admix(mean)   Admix(SD)    Fst1    Fst2    Fst3    Fst4    Fst5    Fst6    Fst7    Fst8    Fst9   Fst10   QPop1   QPop2   QPop3   QPop4   QPop5   QPop6   QPop7   QPop8   QPop9  QPop10
   1  1.2032E-02    0.628801    0.222318  0.2735 -0.2056  0.3587  0.0853  0.3045  0.2320  0.2507  0.0755  0.0480 -0.0770  0.1760  0.1164  0.1462  0.0555  0.0860  0.1836  0.0865  0.0545  0.0523  0.0430
   2  3.4634E-03    0.459390    0.259304  0.3263 -0.1459  0.4271  0.2258  0.4284  0.2744  0.3500  0.1483  0.0246 -0.1970  0.2078  0.1097  0.1690  0.0438  0.0916  0.1819  0.0933  0.0444  0.0351  0.0233
   3  9.2527E-04    0.366152    0.284233  0.3501 -0.1129  0.4507  0.2734  0.4648  0.3021  0.3839  0.2553  0.0852 -0.2806  0.2168  0.1088  0.1773  0.0345  0.0910  0.1902  0.0967  0.0436  0.0270  0.0141
   4  3.8209E-04    0.318055    0.288370  0.3652 -0.0901  0.4633  0.2772  0.4779  0.3198  0.3989  0.3143  0.1554 -0.3236  0.2198  0.1085  0.1815  0.0294  0.0891  0.1996  0.0968  0.0435  0.0236  0.0083
   5  1.3179E-04    0.292548    0.290529  0.3764 -0.0738  0.4721  0.2826  0.4850  0.3316  0.4077  0.3434  0.1773 -0.3380  0.2213  0.1085  0.1850  0.0271  0.0873  0.2053  0.0955  0.0431  0.0219  0.0050
   6  5.3031E-04    0.273128    0.289803  0.3770 -0.0764  0.4719  0.2772  0.4829  0.3315  0.4061  0.3484  0.1715 -0.2226  0.2216  0.1067  0.1873  0.0257  0.0853  0.2076  0.0935  0.0419  0.0205  0.0098
   7  2.1299E-05    0.265724    0.291868  0.3789 -0.0755  0.4729  0.2775  0.4825  0.3327  0.4061  0.3529  0.1705 -0.2213  0.2222  0.1067  0.1899  0.0254  0.0841  0.2085  0.0921  0.0414  0.0199  0.0098
   8  1.2239E-05    0.261227    0.293346  0.3800 -0.0753  0.4734  0.2774  0.4820  0.3334  0.4057  0.3551  0.1695 -0.2212  0.2228  0.1068  0.1920  0.0253  0.0832  0.2087  0.0910  0.0411  0.0195  0.0098
   9  8.5822E-06    0.258213    0.294498  0.3809 -0.0752  0.4739  0.2774  0.4815  0.3339  0.4054  0.3562  0.1690 -0.2213  0.2234  0.1068  0.1938  0.0252  0.0824  0.2084  0.0900  0.0408  0.0193  0.0098
  10  6.1138E-06    0.255255    0.294019  0.3822 -0.0742  0.4747  0.2769  0.4811  0.3350  0.4054  0.3567  0.1666 -0.2225  0.2241  0.1068  0.1956  0.0251  0.0816  0.2086  0.0891  0.0406  0.0189  0.0096
  11  3.9170E-06    0.253123    0.293698  0.3832 -0.0734  0.4754  0.2764  0.4809  0.3360  0.4054  0.3570  0.1647 -0.2235  0.2245  0.1068  0.1970  0.0249  0.0810  0.2087  0.0883  0.0405  0.0186  0.0095
  12  3.1404E-06    0.251182    0.292661  0.3841 -0.0724  0.4761  0.2760  0.4806  0.3368  0.4055  0.3578  0.1627 -0.2252  0.2250  0.1068  0.1981  0.0248  0.0804  0.2089  0.0877  0.0406  0.0184  0.0093
  13  2.7307E-06    0.249252    0.291450  0.3848 -0.0716  0.4766  0.2756  0.4803  0.3375  0.4056  0.3577  0.1610 -0.2263  0.2256  0.1068  0.1992  0.0246  0.0798  0.2090  0.0870  0.0406  0.0182  0.0092
  14  2.2098E-06    0.248137    0.290791  0.3854 -0.0711  0.4770  0.2753  0.4801  0.3380  0.4056  0.3575  0.1597 -0.2270  0.2260  0.1068  0.2002  0.0245  0.0793  0.2090  0.0865  0.0406  0.0180  0.0091
  15  1.9840E-06    0.246597    0.289484  0.3859 -0.0706  0.4774  0.2750  0.4797  0.3384  0.4055  0.3572  0.1583 -0.2276  0.2266  0.1068  0.2010  0.0244  0.0787  0.2091  0.0860  0.0407  0.0178  0.0090
  16  1.7872E-06    0.245083    0.288047  0.3863 -0.0701  0.4777  0.2747  0.4793  0.3388  0.4054  0.3568  0.1569 -0.2282  0.2272  0.1068  0.2017  0.0243  0.0781  0.2094  0.0854  0.0407  0.0176  0.0089
  17  1.4874E-06    0.244004    0.287012  0.3867 -0.0698  0.4779  0.2745  0.4789  0.3390  0.4052  0.3564  0.1561 -0.2286  0.2276  0.1068  0.2023  0.0242  0.0776  0.2096  0.0850  0.0407  0.0175  0.0088
  18  1.3822E-06    0.242916    0.285800  0.3870 -0.0695  0.4780  0.2744  0.4787  0.3392  0.4050  0.3559  0.1552 -0.2290  0.2282  0.1067  0.2027  0.0241  0.0772  0.2098  0.0845  0.0408  0.0173  0.0087
  19  1.4067E-06    0.241731    0.284543  0.3873 -0.0692  0.4782  0.2742  0.4783  0.3394  0.4050  0.3555  0.1542 -0.2294  0.2287  0.1067  0.2032  0.0240  0.0767  0.2099  0.0841  0.0409  0.0171  0.0086
  20  1.3084E-06    0.240846    0.283603  0.3875 -0.0690  0.4784  0.2740  0.4780  0.3396  0.4048  0.3551  0.1535 -0.2298  0.2293  0.1067  0.2035  0.0239  0.0763  0.2100  0.0838  0.0409  0.0170  0.0086
  21  1.2419E-06    0.239695    0.282214  0.3876 -0.0689  0.4785  0.2739  0.4777  0.3398  0.4046  0.3547  0.1527 -0.2300  0.2298  0.1067  0.2039  0.0238  0.0758  0.2103  0.0833  0.0410  0.0169  0.0085
  22  1.0832E-06    0.238800    0.281239  0.3877 -0.0688  0.4785  0.2737  0.4774  0.3398  0.4045  0.3544  0.1522 -0.2303  0.2303  0.1067  0.2042  0.0238  0.0754  0.2103  0.0830  0.0411  0.0168  0.0085
  23  1.8046E-06    0.237848    0.280268  0.3879 -0.0686  0.4786  0.2736  0.4771  0.3399  0.4043  0.3539  0.1516 -0.2305  0.2306  0.1067  0.2048  0.0237  0.0750  0.2105  0.0826  0.0410  0.0166  0.0084
  24  1.4270E-06    0.237129    0.279554  0.3880 -0.0686  0.4787  0.2735  0.4768  0.3400  0.4042  0.3538  0.1512 -0.2307  0.2311  0.1067  0.2052  0.0236  0.0747  0.2104  0.0824  0.0412  0.0165  0.0084
  25  1.4358E-06    0.236439    0.278714  0.3880 -0.0686  0.4787  0.2734  0.4766  0.3401  0.4040  0.3536  0.1508 -0.2310  0.2317  0.1067  0.2053  0.0236  0.0744  0.2103  0.0821  0.0413  0.0164  0.0083
  26  1.1180E-06    0.235631    0.277749  0.3881 -0.0685  0.4787  0.2733  0.4763  0.3402  0.4039  0.3532  0.1504 -0.2311  0.2321  0.1066  0.2057  0.0235  0.0740  0.2104  0.0818  0.0413  0.0163  0.0083
  27  1.1459E-06    0.234876    0.276819  0.3881 -0.0686  0.4787  0.2732  0.4760  0.3402  0.4037  0.3532  0.1501 -0.2312  0.2325  0.1066  0.2059  0.0235  0.0737  0.2103  0.0815  0.0415  0.0163  0.0083
  28  1.5424E-06    0.234325    0.276291  0.3881 -0.0686  0.4787  0.2731  0.4758  0.3402  0.4036  0.3530  0.1498 -0.2314  0.2329  0.1066  0.2063  0.0234  0.0734  0.2101  0.0813  0.0416  0.0162  0.0083
  29  1.3207E-06    0.233683    0.275650  0.3881 -0.0686  0.4788  0.2730  0.4756  0.3403  0.4035  0.3529  0.1495 -0.2315  0.2332  0.1066  0.2066  0.0234  0.0731  0.2101  0.0811  0.0416  0.0161  0.0082
  30  1.3672E-06    0.233125    0.274941  0.3880 -0.0687  0.4787  0.2729  0.4754  0.3403  0.4034  0.3529  0.1493 -0.2316  0.2334  0.1065  0.2069  0.0233  0.0729  0.2101  0.0809  0.0418  0.0160  0.0082
  31  8.7425E-07    0.232589    0.274317  0.3879 -0.0687  0.4787  0.2728  0.4752  0.3404  0.4032  0.3529  0.1490 -0.2317  0.2336  0.1065  0.2069  0.0233  0.0727  0.2102  0.0807  0.0418  0.0160  0.0082
  32  3.2426E-06    0.232456    0.274094  0.3877 -0.0689  0.4786  0.2727  0.4750  0.3404  0.4031  0.3542  0.1488 -0.2318  0.2335  0.1065  0.2072  0.0233  0.0725  0.2101  0.0806  0.0422  0.0159  0.0083
  33  8.0054E-07    0.232134    0.273670  0.3876 -0.0690  0.4785  0.2726  0.4748  0.3404  0.4030  0.3545  0.1486 -0.2319  0.2335  0.1065  0.2073  0.0233  0.0723  0.2101  0.0804  0.0424  0.0159  0.0083
  34  6.4718E-07    0.231511    0.272869  0.3874 -0.0691  0.4785  0.2725  0.4746  0.3404  0.4028  0.3546  0.1485 -0.2320  0.2336  0.1064  0.2074  0.0232  0.0721  0.2103  0.0802  0.0426  0.0159  0.0083
  35  1.4341E-06    0.231240    0.272408  0.3873 -0.0692  0.4784  0.2724  0.4745  0.3404  0.4028  0.3546  0.1483 -0.2320  0.2336  0.1064  0.2075  0.0232  0.0719  0.2105  0.0801  0.0426  0.0158  0.0083
  36  4.7758E-07    0.230838    0.271925  0.3872 -0.0692  0.4784  0.2724  0.4744  0.3404  0.4027  0.3540  0.1483 -0.2320  0.2337  0.1064  0.2076  0.0232  0.0718  0.2106  0.0800  0.0427  0.0158  0.0083
  37  9.0367E-07    0.230491    0.271534  0.3871 -0.0692  0.4783  0.2724  0.4742  0.3405  0.4027  0.3532  0.1482 -0.2319  0.2340  0.1064  0.2075  0.0232  0.0715  0.2107  0.0800  0.0427  0.0158  0.0083
  38  4.4285E-07    0.230114    0.270924  0.3870 -0.0692  0.4782  0.2724  0.4741  0.3404  0.4026  0.3527  0.1481 -0.2319  0.2342  0.1063  0.2075  0.0232  0.0713  0.2109  0.0798  0.0426  0.0157  0.0083
  39  5.0156E-07    0.229657    0.270301  0.3869 -0.0692  0.4782  0.2724  0.4739  0.3404  0.4026  0.3523  0.1481 -0.2319  0.2343  0.1063  0.2076  0.0232  0.0711  0.2111  0.0797  0.0427  0.0157  0.0083
  40  9.3480E-07    0.229281    0.269796  0.3868 -0.0692  0.4781  0.2724  0.4738  0.3403  0.4025  0.3516  0.1480 -0.2319  0.2344  0.1063  0.2076  0.0231  0.0710  0.2112  0.0797  0.0427  0.0157  0.0084
  41  6.1286E-07    0.229176    0.269643  0.3867 -0.0692  0.4781  0.2723  0.4737  0.3403  0.4025  0.3511  0.1480 -0.2319  0.2344  0.1063  0.2078  0.0231  0.0709  0.2112  0.0796  0.0427  0.0157  0.0084
  42  9.3084E-07    0.228930    0.269401  0.3866 -0.0692  0.4781  0.2723  0.4737  0.3403  0.4025  0.3505  0.1480 -0.2319  0.2346  0.1063  0.2077  0.0231  0.0708  0.2112  0.0796  0.0427  0.0157  0.0084
  43  2.4277E-07    0.228658    0.268933  0.3864 -0.0693  0.4780  0.2723  0.4736  0.3403  0.4024  0.3500  0.1479 -0.2319  0.2348  0.1063  0.2075  0.0231  0.0707  0.2114  0.0795  0.0427  0.0156  0.0084
  44  1.1536E-06    0.228498    0.268763  0.3864 -0.0693  0.4780  0.2723  0.4735  0.3403  0.4024  0.3496  0.1479 -0.2318  0.2348  0.1063  0.2077  0.0231  0.0705  0.2114  0.0794  0.0427  0.0156  0.0084
  45  3.7538E-07    0.228291    0.268479  0.3864 -0.0693  0.4780  0.2723  0.4735  0.3403  0.4024  0.3491  0.1479 -0.2318  0.2349  0.1062  0.2077  0.0231  0.0705  0.2114  0.0794  0.0427  0.0156  0.0084
  46  1.1666E-06    0.228120    0.268327  0.3864 -0.0693  0.4780  0.2723  0.4736  0.3403  0.4024  0.3487  0.1479 -0.2318  0.2350  0.1062  0.2077  0.0231  0.0705  0.2114  0.0794  0.0427  0.0156  0.0084
  47  4.9019E-07    0.227963    0.268127  0.3864 -0.0693  0.4780  0.2723  0.4735  0.3403  0.4023  0.3484  0.1479 -0.2318  0.2350  0.1062  0.2078  0.0231  0.0704  0.2115  0.0793  0.0427  0.0156  0.0084
  48  4.3933E-07    0.227607    0.267729  0.3863 -0.0693  0.4780  0.2723  0.4734  0.3402  0.4023  0.3480  0.1479 -0.2318  0.2351  0.1062  0.2077  0.0231  0.0703  0.2116  0.0793  0.0427  0.0156  0.0084
  49  5.5949E-07    0.227474    0.267568  0.3862 -0.0693  0.4779  0.2723  0.4734  0.3402  0.4023  0.3476  0.1479 -0.2317  0.2353  0.1062  0.2076  0.0231  0.0702  0.2116  0.0792  0.0427  0.0156  0.0085
  50  1.2934E-06    0.227336    0.267377  0.3862 -0.0693  0.4779  0.2723  0.4734  0.3402  0.4022  0.3473  0.1479 -0.2317  0.2354  0.1062  0.2077  0.0231  0.0701  0.2117  0.0792  0.0427  0.0156  0.0085
  51  1.4914E-06    0.227417    0.267450  0.3862 -0.0693  0.4779  0.2723  0.4734  0.3402  0.4022  0.3470  0.1479 -0.2317  0.2353  0.1062  0.2077  0.0231  0.0702  0.2116  0.0792  0.0427  0.0156  0.0085
  52  7.8617E-07    0.227204    0.267221  0.3862 -0.0693  0.4779  0.2723  0.4734  0.3402  0.4022  0.3466  0.1479 -0.2317  0.2354  0.1062  0.2078  0.0231  0.0701  0.2116  0.0791  0.0427  0.0156  0.0085
  53  6.5078E-07    0.227084    0.267073  0.3861 -0.0693  0.4779  0.2723  0.4733  0.3402  0.4022  0.3464  0.1479 -0.2317  0.2354  0.1062  0.2079  0.0231  0.0701  0.2117  0.0791  0.0427  0.0156  0.0085
  54  5.1672E-07    0.226833    0.266743  0.3861 -0.0693  0.4779  0.2723  0.4733  0.3402  0.4021  0.3461  0.1479 -0.2317  0.2355  0.1061  0.2079  0.0231  0.0700  0.2118  0.0790  0.0426  0.0156  0.0085
  55  1.1082E-06    0.226584    0.266443  0.3860 -0.0693  0.4779  0.2723  0.4732  0.3401  0.4021  0.3458  0.1479 -0.2317  0.2357  0.1061  0.2077  0.0231  0.0699  0.2119  0.0789  0.0426  0.0156  0.0085
  56  9.2122E-07    0.226683    0.266485  0.3860 -0.0693  0.4779  0.2723  0.4733  0.3401  0.4021  0.3457  0.1479 -0.2317  0.2355  0.1061  0.2079  0.0231  0.0699  0.2118  0.0789  0.0426  0.0156  0.0085
  57  2.1207E-07    0.226353    0.266129  0.3860 -0.0693  0.4779  0.2723  0.4732  0.3401  0.4021  0.3454  0.1479 -0.2316  0.2355  0.1061  0.2080  0.0231  0.0698  0.2119  0.0789  0.0426  0.0156  0.0085
