K Run Tem Iterate    Move%     Time        CurrentLogL           BestLogL     Fst1     Fst2     Fst3     Fst4     Fst5     Fst6     Fis1     Fis2     Fis3     Fis4     Fis5     Fis6
6   1   1       0   1.0000 57:28:10 -4.40028902398E+05 -4.40028902398E+05 -0.09439 -0.02928  0.08869 -0.03042 -0.04845  0.10290 -0.13419 -0.10083 -0.14738 -0.11998 -0.19733 -0.06050
6   1   1     100   1.0000 57:28:10 -4.40008659591E+05 -4.40008659591E+05 -0.09439 -0.02928  0.08869 -0.03042 -0.04845  0.10290 -0.13419 -0.10083 -0.14738 -0.11998 -0.19733 -0.06050
6   1   1     200  35.5000 57:28:10 -4.04561230553E+05 -4.04143366949E+05  0.10290 -0.09439 -0.04845 -0.02928  0.08869 -0.03042 -0.06050 -0.13419 -0.19733 -0.10083 -0.14738 -0.11998
6   1   1     400  42.5000 57:28:10 -3.82850405627E+05 -3.82649456741E+05  0.10290  0.08869 -0.02928 -0.03042 -0.09439 -0.04845 -0.06050 -0.14738 -0.10083 -0.11998 -0.13419 -0.19733
6   1   1     800  41.1250 57:28:10 -3.72262311441E+05 -3.71967075980E+05 -0.04845  0.10290  0.08869 -0.02928 -0.03042 -0.09439 -0.19733 -0.06050 -0.14738 -0.10083 -0.11998 -0.13419
6   1   1    1600  37.1875 58:28:10 -3.64355425204E+05 -3.64345149533E+05 -0.04845  0.10290 -0.09439 -0.02928 -0.03042  0.08869 -0.19733 -0.06050 -0.13419 -0.10083 -0.11998 -0.14738
6   1   1    3200  29.7500 58:28:10 -3.62917325867E+05 -3.60395694824E+05  0.10290 -0.04845 -0.02928 -0.03042 -0.09439  0.08869 -0.06050 -0.19733 -0.10083 -0.11998 -0.13419 -0.14738
6   1   1    6400  30.1406 58:28:10 -3.67321235958E+05 -3.60395694824E+05  0.33311  0.37594  0.39926 -0.04188 -0.03402  0.45875 -0.23223 -0.18729 -0.28695 -0.90057 -0.88384 -0.54669
6   1   1   12800  33.0781 58:28:10 -3.69769692271E+05 -3.60395694824E+05  0.32798  0.37465  0.32558 -0.04841 -0.03424  0.40213 -0.17057 -0.24930 -0.18494 -0.90447 -0.88507 -0.23702
6   1   2   24000  34.3911 59:28:10 -3.66633843544E+05 -3.60395694824E+05  0.32437  0.36702  0.33970 -0.03558 -0.03958  0.46147 -0.20529 -0.15308 -0.22395 -0.88281 -0.89412 -0.55353
6   1   3   25600  28.0488 59:28:10 -3.66581485623E+05 -3.60395694824E+05  0.32437  0.33970  0.36702 -0.03558 -0.03958  0.46147 -0.20529 -0.22395 -0.15308 -0.88281 -0.89412 -0.55353
6   1   5   51200  23.6364 00:29:10 -3.66177435646E+05 -3.60395694824E+05  0.38470  0.39427  0.04180  0.04580  1.00000  1.00000 -0.21453 -0.16377 -0.89175 -0.93676  0.00000  0.00000
6   1   5   56000  27.3931 01:29:10 -3.70720041405E+05 -3.60395694824E+05  0.37594  0.48368  0.00859  0.00443  0.36590  1.00000 -0.20376 -0.55353 -0.93676 -0.89175 -0.18009  0.00000
6   1   7   88000  21.0870 03:29:10 -3.62780103658E+05 -3.57775089746E+05  0.33826  0.30021 -0.09493  1.00000  1.00000  0.40181 -0.20650 -0.21614 -0.88313  0.00000  0.00000 -0.47348
6   1   8  102400  18.6837 04:29:10 -3.60355782689E+05 -3.57170806613E+05  0.29285  0.36992 -0.10051  1.00000  1.00000  0.39852 -0.22315 -0.23755 -0.88936  0.00000  0.00000 -0.47348
6   1   8  116000  19.6328 05:29:10 -3.61265323111E+05 -3.57006423973E+05  0.34274  0.29429 -0.09371  1.00000  1.00000  0.40069 -0.19407 -0.22473 -0.89199  0.00000  0.00000 -0.47348
6   1   9  118516  15.8000 05:29:10 -3.62742629044E+05 -3.57006423973E+05  0.26709  0.30666 -0.14143  0.57110  1.00000  0.37454 -0.20118 -0.22246 -0.89199 -0.81409  0.00000 -0.47348
6   1  10  144000  12.8485 07:29:10 -3.59274924597E+05 -3.56913606550E+05  0.28435  0.38751 -0.10263  1.00000  1.00000  0.39580 -0.22842 -0.21145 -0.89199  0.00000  0.00000 -0.47348
6   1  10  144154  12.9000 07:29:10 -3.59486305708E+05 -3.56913606550E+05  0.28435  0.38751 -0.10263  1.00000  1.00000  0.39580 -0.22842 -0.21145 -0.89199  0.00000  0.00000 -0.47348
6   1  10  172000   8.2210 09:29:10 -3.53678298786E+05 -3.51606450110E+05  0.21184  0.38518  0.52793 -0.21369  0.38962  0.33667 -0.23211 -0.23771 -0.90638 -0.88936 -0.39850 -0.47348
6   1  11  177715   4.5000 09:29:10 -3.51977914211E+05 -3.51606450110E+05  0.22393  0.34302  0.53101 -0.20575  0.37646  0.34101 -0.25327 -0.22008 -0.90638 -0.88936 -0.37515 -0.47348
6   1  12  188990   7.9000 10:29:10 -3.52959351832E+05 -3.51606450110E+05  0.22968  0.30795  0.53191 -0.20344  0.39478  0.34227 -0.26669 -0.18969 -0.90638 -0.88936 -0.39850 -0.47348
6   1  12  196000   5.4501 11:29:10 -3.51793453626E+05 -3.51606450110E+05  0.22283  0.34347  0.53016 -0.20795  0.39251  0.33981 -0.25552 -0.21746 -0.90638 -0.88936 -0.39850 -0.47348
6   1  13  204045   2.4000 11:29:10 -3.51657929047E+05 -3.51606450110E+05  0.22671  0.32600  0.53099 -0.20582  0.39358  0.34097 -0.25501 -0.21617 -0.90638 -0.88936 -0.39850 -0.47348
6   1  14  211993   3.0000 12:29:10 -3.51692187291E+05 -3.51606450110E+05  0.22072  0.35055  0.52971 -0.20911  0.39193  0.33917 -0.25049 -0.22078 -0.90638 -0.88936 -0.39850 -0.47348
6   1  14  224000   2.9116 13:29:10 -3.52520532695E+05 -3.51606450110E+05  0.22184  0.34998  0.52990 -0.20861  0.39218  0.33944 -0.25482 -0.22075 -0.90638 -0.88936 -0.39850 -0.47348
6   1  15  226689   3.2000 13:29:10 -3.51865683077E+05 -3.51606450110E+05  0.22187  0.34673  0.52996 -0.20845  0.39226  0.33953 -0.25328 -0.21812 -0.90638 -0.88936 -0.39850 -0.47348
6   1  17  250009   1.6000 14:29:10 -3.51606450110E+05 -3.51606450110E+05  0.22173  0.34771  0.52997 -0.20844  0.39226  0.33954 -0.25522 -0.21438 -0.90638 -0.88936 -0.39850 -0.47348
6   1  17  256000   1.7085 15:29:10 -3.51692187291E+05 -3.51606450110E+05  0.22008  0.35479  0.52964 -0.20928  0.39184  0.33908 -0.25224 -0.22192 -0.90638 -0.88936 -0.39850 -0.47348
6   1  19  282327   1.5000 16:29:10 -3.51606450110E+05 -3.51606450109E+05  0.22184  0.34998  0.52990 -0.20861  0.39218  0.33944 -0.25482 -0.22075 -0.90638 -0.88936 -0.39850 -0.47348
6   1  19  284000   1.4504 17:29:10 -3.51721573013E+05 -3.51606450109E+05  0.22184  0.34998  0.52990 -0.20861  0.39218  0.33944 -0.25482 -0.22075 -0.90638 -0.88936 -0.39850 -0.47348
6   1  20  288360   1.3000 17:29:10 -3.51606450110E+05 -3.51606450109E+05  0.22314  0.34480  0.53016 -0.20795  0.39251  0.33981 -0.25692 -0.21777 -0.90638 -0.88936 -0.39850 -0.47348
6   1  21  312000   1.0001 19:29:10 -3.51606450110E+05 -3.51606450109E+05  0.22184  0.34998  0.52990 -0.20861  0.39218  0.33944 -0.25482 -0.22075 -0.90638 -0.88936 -0.39850 -0.47348
6   1 200  313592   0.0000 19:29:10 -3.51606450109E+05 -3.51606450109E+05  0.22184  0.34998  0.52990 -0.20861  0.39218  0.33944 -0.25482 -0.22075 -0.90638 -0.88936 -0.39850 -0.47348
