Iter   Tolerance Admix(mean)   Admix(SD)    Fst1    Fst2    Fst3    Fst4    Fst5    Fst6    Fst7    Fst8    Fst9   Fst10   QPop1   QPop2   QPop3   QPop4   QPop5   QPop6   QPop7   QPop8   QPop9  QPop10
   1  1.1278E-02    0.641445    0.223513  0.2658 -0.2232  0.3501  0.1088  0.2911  0.2116  0.2417  0.1563  0.1997 -0.0990  0.1425  0.1164  0.1536  0.0603  0.0854  0.1593  0.0893  0.0631  0.0870  0.0432
   2  4.0458E-03    0.458270    0.250566  0.3260 -0.1683  0.4120  0.2251  0.4164  0.2477  0.3374  0.2971  0.2765 -0.2797  0.1642  0.1090  0.1775  0.0493  0.0903  0.1499  0.0931  0.0585  0.0872  0.0210
   3  8.5739E-04    0.355720    0.279755  0.3578 -0.1228  0.4412  0.2631  0.4592  0.2806  0.3783  0.3748  0.3145 -0.3917  0.1719  0.1083  0.1882  0.0407  0.0895  0.1498  0.0946  0.0588  0.0886  0.0097
   4  1.7288E-04    0.312123    0.285537  0.3774 -0.0893  0.4595  0.2835  0.4770  0.3035  0.3990  0.4079  0.3349 -0.3937  0.1755  0.1080  0.1951  0.0366  0.0873  0.1536  0.0938  0.0574  0.0890  0.0038
   5  5.2565E-04    0.284044    0.281681  0.3687 -0.1045  0.4528  0.2739  0.4683  0.2944  0.3902  0.4034  0.3245 -0.2692  0.1761  0.1065  0.1989  0.0342  0.0845  0.1563  0.0918  0.0552  0.0880  0.0084
   6  3.3351E-05    0.270199    0.278835  0.3684 -0.1040  0.4534  0.2758  0.4671  0.2947  0.3898  0.4046  0.3237 -0.2686  0.1763  0.1065  0.2018  0.0335  0.0826  0.1592  0.0904  0.0538  0.0875  0.0084
   7  2.2982E-05    0.259811    0.275679  0.3682 -0.1036  0.4537  0.2774  0.4662  0.2948  0.3893  0.4045  0.3231 -0.2683  0.1762  0.1065  0.2041  0.0332  0.0812  0.1617  0.0890  0.0527  0.0870  0.0084
   8  1.7165E-05    0.251255    0.273001  0.3680 -0.1033  0.4539  0.2787  0.4654  0.2949  0.3888  0.4038  0.3227 -0.2680  0.1760  0.1065  0.2059  0.0331  0.0800  0.1639  0.0879  0.0518  0.0866  0.0084
   9  1.2282E-05    0.244202    0.270811  0.3678 -0.1030  0.4540  0.2797  0.4648  0.2951  0.3884  0.4029  0.3223 -0.2677  0.1754  0.1065  0.2073  0.0330  0.0790  0.1659  0.0870  0.0510  0.0863  0.0084
  10  9.2201E-06    0.237811    0.268202  0.3678 -0.1026  0.4543  0.2802  0.4642  0.2954  0.3881  0.4020  0.3220 -0.2680  0.1749  0.1066  0.2086  0.0328  0.0781  0.1681  0.0861  0.0504  0.0860  0.0084
  11  7.4392E-06    0.232017    0.266118  0.3677 -0.1022  0.4544  0.2806  0.4637  0.2957  0.3878  0.4012  0.3217 -0.2681  0.1742  0.1066  0.2098  0.0327  0.0774  0.1700  0.0853  0.0498  0.0859  0.0083
  12  5.1311E-06    0.227067    0.264196  0.3677 -0.1019  0.4545  0.2809  0.4632  0.2960  0.3876  0.4005  0.3215 -0.2683  0.1737  0.1066  0.2107  0.0326  0.0767  0.1718  0.0847  0.0494  0.0856  0.0083
  13  3.8732E-06    0.222889    0.262550  0.3676 -0.1016  0.4546  0.2811  0.4629  0.2962  0.3874  0.3998  0.3212 -0.2684  0.1732  0.1066  0.2114  0.0325  0.0761  0.1733  0.0842  0.0490  0.0854  0.0082
  14  3.0267E-06    0.219209    0.260975  0.3675 -0.1014  0.4546  0.2813  0.4624  0.2963  0.3872  0.3992  0.3209 -0.2685  0.1729  0.1066  0.2120  0.0325  0.0756  0.1747  0.0837  0.0487  0.0852  0.0082
  15  2.2576E-06    0.215985    0.259425  0.3674 -0.1012  0.4547  0.2814  0.4621  0.2965  0.3870  0.3985  0.3207 -0.2685  0.1726  0.1066  0.2127  0.0324  0.0751  0.1760  0.0832  0.0483  0.0850  0.0082
  16  1.6918E-06    0.213445    0.258437  0.3674 -0.1011  0.4547  0.2814  0.4618  0.2965  0.3869  0.3981  0.3204 -0.2685  0.1723  0.1066  0.2131  0.0324  0.0747  0.1769  0.0829  0.0481  0.0848  0.0082
  17  1.3297E-06    0.210937    0.257073  0.3674 -0.1009  0.4548  0.2814  0.4614  0.2966  0.3868  0.3976  0.3202 -0.2685  0.1721  0.1066  0.2137  0.0323  0.0743  0.1780  0.0825  0.0478  0.0846  0.0081
  18  1.0357E-06    0.209120    0.256291  0.3674 -0.1008  0.4548  0.2814  0.4612  0.2967  0.3867  0.3971  0.3201 -0.2684  0.1720  0.1066  0.2142  0.0322  0.0740  0.1787  0.0822  0.0476  0.0845  0.0081
  19  8.1385E-07    0.207347    0.255173  0.3674 -0.1007  0.4549  0.2814  0.4609  0.2967  0.3866  0.3968  0.3199 -0.2684  0.1718  0.1066  0.2146  0.0322  0.0736  0.1794  0.0819  0.0474  0.0843  0.0081
  20  6.8453E-07    0.205617    0.253911  0.3674 -0.1005  0.4549  0.2814  0.4606  0.2967  0.3865  0.3965  0.3198 -0.2684  0.1717  0.1066  0.2151  0.0321  0.0733  0.1802  0.0816  0.0472  0.0841  0.0081
  21  6.1904E-07    0.204386    0.253397  0.3674 -0.1005  0.4550  0.2814  0.4605  0.2967  0.3864  0.3963  0.3197 -0.2684  0.1717  0.1066  0.2154  0.0321  0.0731  0.1806  0.0814  0.0472  0.0840  0.0081
  22  4.5338E-07    0.203191    0.252562  0.3674 -0.1004  0.4550  0.2814  0.4602  0.2967  0.3863  0.3959  0.3196 -0.2683  0.1717  0.1066  0.2158  0.0320  0.0728  0.1811  0.0812  0.0470  0.0838  0.0081
  23  4.7172E-07    0.202139    0.251950  0.3674 -0.1003  0.4550  0.2813  0.4601  0.2968  0.3863  0.3957  0.3195 -0.2683  0.1717  0.1065  0.2160  0.0320  0.0726  0.1816  0.0810  0.0469  0.0837  0.0081
  24  4.1345E-07    0.201243    0.251542  0.3674 -0.1003  0.4550  0.2814  0.4599  0.2968  0.3862  0.3955  0.3195 -0.2682  0.1717  0.1066  0.2162  0.0319  0.0724  0.1819  0.0808  0.0468  0.0835  0.0081
  25  3.3177E-07    0.200434    0.251078  0.3674 -0.1002  0.4550  0.2814  0.4598  0.2968  0.3862  0.3953  0.3194 -0.2682  0.1717  0.1065  0.2165  0.0319  0.0722  0.1822  0.0807  0.0467  0.0834  0.0081
  26  2.9888E-07    0.199490    0.250191  0.3673 -0.1002  0.4550  0.2813  0.4596  0.2968  0.3861  0.3951  0.3193 -0.2681  0.1718  0.1065  0.2168  0.0319  0.0720  0.1826  0.0805  0.0466  0.0833  0.0081
  27  4.1442E-07    0.198837    0.249799  0.3673 -0.1001  0.4550  0.2814  0.4595  0.2968  0.3860  0.3949  0.3193 -0.2681  0.1718  0.1065  0.2170  0.0318  0.0718  0.1828  0.0804  0.0466  0.0832  0.0081
  28  2.5984E-07    0.198366    0.249503  0.3673 -0.1001  0.4550  0.2814  0.4594  0.2969  0.3860  0.3948  0.3192 -0.2680  0.1718  0.1065  0.2172  0.0318  0.0717  0.1830  0.0803  0.0465  0.0831  0.0081
  29  3.1935E-07    0.197771    0.248920  0.3673 -0.1001  0.4550  0.2813  0.4592  0.2969  0.3860  0.3946  0.3192 -0.2679  0.1718  0.1064  0.2174  0.0318  0.0715  0.1832  0.0802  0.0465  0.0830  0.0081
  30  1.4458E-07    0.197345    0.248497  0.3673 -0.1001  0.4550  0.2814  0.4591  0.2969  0.3860  0.3945  0.3191 -0.2678  0.1720  0.1064  0.2175  0.0318  0.0714  0.1834  0.0801  0.0464  0.0830  0.0082
  31  2.3359E-07    0.197027    0.248130  0.3673 -0.1000  0.4550  0.2814  0.4591  0.2969  0.3859  0.3943  0.3191 -0.2677  0.1720  0.1064  0.2177  0.0317  0.0713  0.1835  0.0800  0.0464  0.0829  0.0082
  32  1.7953E-07    0.196553    0.247558  0.3672 -0.1000  0.4550  0.2814  0.4589  0.2969  0.3859  0.3942  0.3190 -0.2677  0.1720  0.1064  0.2179  0.0317  0.0711  0.1837  0.0800  0.0463  0.0828  0.0082
  33  3.3852E-07    0.196323    0.247206  0.3672 -0.1000  0.4550  0.2814  0.4589  0.2969  0.3859  0.3941  0.3190 -0.2676  0.1721  0.1063  0.2180  0.0317  0.0710  0.1837  0.0799  0.0463  0.0827  0.0082
  34  2.4338E-07    0.196006    0.246999  0.3672 -0.1000  0.4550  0.2814  0.4588  0.2970  0.3858  0.3940  0.3189 -0.2675  0.1721  0.1063  0.2182  0.0317  0.0709  0.1838  0.0798  0.0462  0.0827  0.0082
  35  9.2637E-08    0.195623    0.246404  0.3672 -0.1000  0.4550  0.2814  0.4587  0.2970  0.3858  0.3939  0.3189 -0.2674  0.1722  0.1063  0.2183  0.0317  0.0708  0.1840  0.0797  0.0462  0.0826  0.0082
  36  9.2049E-08    0.195432    0.246161  0.3672 -0.1000  0.4550  0.2814  0.4586  0.2970  0.3858  0.3938  0.3189 -0.2674  0.1722  0.1063  0.2184  0.0317  0.0707  0.1841  0.0797  0.0462  0.0826  0.0083
  37  3.6163E-07    0.195242    0.245932  0.3671 -0.1000  0.4550  0.2814  0.4586  0.2970  0.3858  0.3937  0.3188 -0.2673  0.1723  0.1063  0.2185  0.0316  0.0706  0.1841  0.0796  0.0462  0.0825  0.0083
  38  2.0774E-07    0.194906    0.245623  0.3671 -0.0999  0.4550  0.2814  0.4585  0.2970  0.3858  0.3936  0.3188 -0.2673  0.1723  0.1062  0.2186  0.0316  0.0705  0.1842  0.0796  0.0461  0.0825  0.0083
  39  2.8408E-07    0.194801    0.245491  0.3671 -0.0999  0.4549  0.2814  0.4585  0.2970  0.3857  0.3935  0.3188 -0.2672  0.1724  0.1062  0.2187  0.0316  0.0704  0.1842  0.0796  0.0461  0.0825  0.0083
  40  1.5460E-07    0.194653    0.245399  0.3671 -0.0999  0.4549  0.2815  0.4585  0.2970  0.3857  0.3934  0.3188 -0.2672  0.1724  0.1062  0.2188  0.0316  0.0704  0.1843  0.0795  0.0461  0.0824  0.0083
  41  2.9475E-07    0.194232    0.244870  0.3671 -0.0999  0.4549  0.2814  0.4584  0.2970  0.3857  0.3937  0.3187 -0.2672  0.1724  0.1062  0.2189  0.0316  0.0702  0.1844  0.0794  0.0461  0.0824  0.0083
  42  1.4157E-07    0.194194    0.244835  0.3671 -0.0999  0.4549  0.2815  0.4583  0.2970  0.3857  0.3937  0.3187 -0.2672  0.1725  0.1062  0.2190  0.0316  0.0702  0.1844  0.0794  0.0461  0.0823  0.0083
  43  3.9363E-07    0.194068    0.244821  0.3670 -0.0999  0.4549  0.2815  0.4583  0.2970  0.3857  0.3937  0.3187 -0.2671  0.1725  0.1062  0.2190  0.0316  0.0701  0.1844  0.0794  0.0461  0.0823  0.0083
