K Run Tem Iterate    Move%     Time        CurrentLogL           BestLogL     Fst1     Fst2     Fst3     Fst4     Fst5     Fst6     Fis1     Fis2     Fis3     Fis4     Fis5     Fis6
6   7   1       0   1.0000 40:31:10 -4.40825172737E+05 -4.40825172737E+05  0.02589  0.03047 -0.03852 -0.01781  0.08086 -0.09591 -0.11271 -0.15855 -0.10607 -0.15107 -0.14163 -0.09703
6   7   1     100   3.8835 40:31:10 -4.39945869027E+05 -4.39945869027E+05  0.02589  0.03047 -0.03852 -0.01781  0.08086 -0.09591 -0.11271 -0.15855 -0.10607 -0.15107 -0.14163 -0.09703
6   7   1     200  32.5123 40:31:10 -3.97199770291E+05 -3.97199770291E+05 -0.01781  0.08086 -0.03852 -0.09591  0.02589  0.03047 -0.15107 -0.14163 -0.10607 -0.09703 -0.11271 -0.15855
6   7   1     400  31.5136 40:31:10 -3.82394175419E+05 -3.81964387917E+05 -0.01781  0.02589  0.08086 -0.09591 -0.03852  0.03047 -0.15107 -0.11271 -0.14163 -0.09703 -0.10607 -0.15855
6   7   1     800  31.7559 40:31:10 -3.71351482743E+05 -3.70277181260E+05  0.08086 -0.01781 -0.09591 -0.03852  0.02589  0.03047 -0.14163 -0.15107 -0.09703 -0.10607 -0.11271 -0.15855
6   7   1    1600  32.3768 40:31:10 -3.69164552915E+05 -3.63429636768E+05 -0.01781  0.03047  0.08086  0.02589 -0.03852 -0.09591 -0.15107 -0.15855 -0.14163 -0.11271 -0.10607 -0.09703
6   7   1    3200  35.0297 40:31:10 -3.66462147120E+05 -3.63429636768E+05 -0.01781  0.08086  0.02589 -0.03852 -0.09591  0.03047 -0.15107 -0.14163 -0.11271 -0.10607 -0.09703 -0.15855
6   7   1    6400  35.3897 40:31:10 -3.67995735233E+05 -3.62561641843E+05  0.47705  0.32351  0.35088 -0.03741  0.37012 -0.04300 -0.25881 -0.17864 -0.25734 -0.89093 -0.24058 -0.88892
6   7   1   12800  34.9215 40:31:10 -3.64756630805E+05 -3.62361234969E+05  0.33591  0.39560  0.33413 -0.02472 -0.03106  0.36010 -0.12284 -0.34883 -0.16281 -0.88406 -0.89257 -0.43616
6   7   2   25600  32.4395 41:31:10 -3.66278571871E+05 -3.61218571343E+05  0.32477  0.32865 -0.03903 -0.03330  0.41882  0.55445 -0.18829 -0.20423 -0.90653 -0.88033 -0.21731 -0.88116
6   7   4   40000  24.3243 42:31:10 -3.66318084517E+05 -3.61218571343E+05  0.37318  0.49598  1.00000  0.03670 -0.06143  0.03723 -0.16153 -0.54669  0.00000 -0.94060 -0.22798 -0.85164
6   7   4   51200  27.2548 42:31:10 -3.66438052374E+05 -3.58828823504E+05  0.32236  0.45612 -0.04188  1.00000  1.00000  1.00000 -0.15901 -0.54669 -0.91226  0.00000  0.00000  0.00000
6   7   6   76000  25.3709 44:31:10 -3.63297087876E+05 -3.58828823504E+05  0.28985  0.32134  1.00000  1.00000 -0.09394  0.52911 -0.21041 -0.18512  0.00000  0.00000 -0.88936 -0.88116
6   7   7  102400  20.5683 46:31:10 -3.62751525128E+05 -3.57418423954E+05  0.34305  0.29655 -0.09611  1.00000  0.40093  1.00000 -0.20656 -0.21155 -0.88936  0.00000 -0.47348  0.00000
6   7   7  104000  21.0082 46:31:10 -3.61443404390E+05 -3.57418423954E+05  0.34251  0.29483 -0.09547  0.38233  1.00000  1.00000 -0.17255 -0.24307 -0.88936 -0.42198  0.00000  0.00000
6   7   8  105825  20.8000 46:31:10 -3.62505697955E+05 -3.57418423954E+05  0.34251  0.29483 -0.09547  1.00000  0.38233  1.00000 -0.17255 -0.24307 -0.88936  0.00000 -0.42198  0.00000
6   7   9  132000  11.1231 48:31:10 -3.58943326219E+05 -3.56682989348E+05  0.29570  0.35676 -0.09449  1.00000  1.00000  0.40016 -0.21892 -0.22225 -0.90887  0.00000  0.00000 -0.47348
6   7  10  155019  15.1000 49:31:10 -3.55258478111E+05 -3.54319119129E+05  0.24055  0.34727  0.54299 -0.17495  1.00000  0.35784 -0.23991 -0.17642 -0.90638 -0.88936  0.00000 -0.47348
6   7  10  160000  15.2795 50:31:10 -3.52007384883E+05 -3.51949176769E+05  0.26363  0.37520  0.53316 -0.20023  0.22500  0.37696 -0.23654 -0.22991 -0.90638 -0.88936 -0.25477 -0.55353
6   7  11  178955   5.6000 51:31:10 -3.52343793215E+05 -3.51606450110E+05  0.22453  0.34063  0.53105 -0.20567  0.37650  0.34105 -0.25526 -0.21296 -0.90638 -0.88936 -0.37515 -0.47348
6   7  12  184959   4.0000 51:31:10 -3.51641474151E+05 -3.51606450110E+05  0.22032  0.35498  0.52962 -0.20933  0.39182  0.33905 -0.25140 -0.22581 -0.90638 -0.88936 -0.39850 -0.47348
6   7  12  192000   4.0181 52:31:10 -3.52791108355E+05 -3.51606450110E+05  0.22026  0.34808  0.52958 -0.20943  0.40505  0.33899 -0.25601 -0.22028 -0.90638 -0.88936 -0.36313 -0.47348
6   7  13  199692   2.5000 52:31:10 -3.51606450110E+05 -3.51606450110E+05  0.22157  0.34789  0.52997 -0.20844  0.39226  0.33954 -0.25591 -0.21229 -0.90638 -0.88936 -0.39850 -0.47348
6   7  14  208045   2.0000 53:31:10 -3.51860266165E+05 -3.51606450110E+05  0.22584  0.33460  0.53067 -0.20662  0.39318  0.34053 -0.26239 -0.20872 -0.90638 -0.88936 -0.39850 -0.47348
6   7  14  216000   2.1176 54:31:10 -3.51715160004E+05 -3.51606450110E+05  0.22156  0.34851  0.52994 -0.20851  0.39223  0.33950 -0.25519 -0.21551 -0.90638 -0.88936 -0.39850 -0.47348
6   7  16  231594   3.1000 55:31:10 -3.52194054388E+05 -3.51606450110E+05  0.21703  0.36447  0.52910 -0.21067  0.39114  0.33832 -0.24732 -0.22450 -0.90638 -0.88936 -0.39850 -0.47348
6   7  16  244000   2.0943 56:31:10 -3.51641474151E+05 -3.51606450110E+05  0.22023  0.35257  0.52969 -0.20915  0.39191  0.33915 -0.25181 -0.21904 -0.90638 -0.88936 -0.39850 -0.47348
6   7  17  246329   2.1000 56:31:10 -3.51814647644E+05 -3.51606450110E+05  0.22023  0.35257  0.52969 -0.20915  0.39191  0.33915 -0.25181 -0.21904 -0.90638 -0.88936 -0.39850 -0.47348
6   7  18  255759   1.6000 56:31:10 -3.51606450110E+05 -3.51606450110E+05  0.22184  0.34998  0.52990 -0.20861  0.39218  0.33944 -0.25482 -0.22075 -0.90638 -0.88936 -0.39850 -0.47348
6   7  19  270424   1.0000 58:31:10 -3.51699152283E+05 -3.51606450110E+05  0.22181  0.35608  0.53042 -0.20727  0.37567  0.34018 -0.25227 -0.22581 -0.90638 -0.88936 -0.37515 -0.47348
6   7  19  272000   1.2263 58:31:10 -3.51606450110E+05 -3.51606450110E+05  0.22181  0.35608  0.53042 -0.20727  0.37567  0.34018 -0.25227 -0.22581 -0.90638 -0.88936 -0.37515 -0.47348
6   7  20  280862   1.0000 58:31:10 -3.51641474151E+05 -3.51606450110E+05  0.22032  0.35498  0.52962 -0.20933  0.39182  0.33905 -0.25140 -0.22581 -0.90638 -0.88936 -0.39850 -0.47348
6   7  21  304000   0.9937 00:32:10 -3.51606450110E+05 -3.51606450110E+05  0.22184  0.34998  0.52990 -0.20861  0.39218  0.33944 -0.25482 -0.22075 -0.90638 -0.88936 -0.39850 -0.47348
6   7 200  306561   0.0000 00:32:10 -3.51606450110E+05 -3.51606450110E+05  0.22184  0.34998  0.52990 -0.20861  0.39218  0.33944 -0.25482 -0.22075 -0.90638 -0.88936 -0.39850 -0.47348
