Iter   Tolerance Admix(mean)   Admix(SD)    Fst1    Fst2    Fst3    Fst4    Fst5    Fst6    Fst7    Fst8    Fst9   Fst10   QPop1   QPop2   QPop3   QPop4   QPop5   QPop6   QPop7   QPop8   QPop9  QPop10
   1  1.2260E-02    0.623965    0.221419  0.2678 -0.2145  0.3535  0.1218  0.2992  0.2100  0.2442  0.2293  0.0536 -0.0986  0.1753  0.1161  0.1485  0.0611  0.0847  0.1559  0.0854  0.0781  0.0529  0.0420
   2  3.8222E-03    0.438871    0.251744  0.3156 -0.1625  0.4144  0.2312  0.4196  0.2442  0.3394  0.3290  0.0730 -0.2495  0.2030  0.1093  0.1695  0.0504  0.0889  0.1479  0.0904  0.0790  0.0400  0.0216
   3  8.1547E-04    0.343968    0.276224  0.3381 -0.1336  0.4349  0.2545  0.4514  0.2667  0.3694  0.3587  0.1668 -0.3510  0.2088  0.1087  0.1787  0.0421  0.0872  0.1494  0.0925  0.0805  0.0394  0.0126
   4  3.0326E-04    0.301397    0.281759  0.3565 -0.1096  0.4481  0.2683  0.4636  0.2838  0.3845  0.3716  0.2458 -0.4063  0.2073  0.1086  0.1849  0.0381  0.0845  0.1546  0.0921  0.0803  0.0425  0.0070
   5  6.2844E-04    0.272977    0.278618  0.3663 -0.0998  0.4539  0.2755  0.4669  0.2909  0.3898  0.3755  0.2889 -0.3210  0.2039  0.1068  0.1888  0.0357  0.0818  0.1590  0.0905  0.0790  0.0450  0.0096
   6  6.1085E-05    0.260773    0.277454  0.3697 -0.0986  0.4548  0.2774  0.4661  0.2915  0.3899  0.3749  0.3060 -0.3199  0.2014  0.1068  0.1918  0.0349  0.0800  0.1624  0.0892  0.0780  0.0466  0.0089
   7  3.2497E-05    0.252640    0.276286  0.3720 -0.0985  0.4552  0.2788  0.4652  0.2913  0.3894  0.3740  0.3120 -0.3198  0.1998  0.1068  0.1942  0.0345  0.0786  0.1650  0.0880  0.0772  0.0471  0.0089
   8  2.0521E-05    0.246607    0.275070  0.3736 -0.0983  0.4555  0.2800  0.4645  0.2911  0.3890  0.3734  0.3148 -0.3197  0.1987  0.1068  0.1961  0.0342  0.0775  0.1671  0.0870  0.0763  0.0474  0.0089
   9  1.4942E-05    0.241739    0.274184  0.3748 -0.0982  0.4558  0.2810  0.4640  0.2909  0.3887  0.3729  0.3163 -0.3196  0.1977  0.1068  0.1976  0.0340  0.0767  0.1689  0.0862  0.0755  0.0477  0.0089
  10  1.2130E-05    0.237251    0.272244  0.3762 -0.0975  0.4564  0.2816  0.4636  0.2913  0.3886  0.3727  0.3173 -0.3207  0.1969  0.1068  0.1991  0.0337  0.0759  0.1707  0.0854  0.0747  0.0479  0.0088
  11  6.0022E-06    0.233565    0.270778  0.3774 -0.0969  0.4569  0.2821  0.4633  0.2916  0.3885  0.3725  0.3165 -0.3210  0.1964  0.1068  0.2004  0.0335  0.0753  0.1723  0.0847  0.0741  0.0478  0.0087
  12  3.9768E-06    0.230365    0.269365  0.3784 -0.0962  0.4573  0.2825  0.4630  0.2919  0.3884  0.3724  0.3151 -0.3212  0.1962  0.1068  0.2015  0.0333  0.0747  0.1737  0.0841  0.0734  0.0476  0.0086
  13  2.9276E-06    0.227679    0.268086  0.3791 -0.0957  0.4577  0.2828  0.4627  0.2922  0.3883  0.3724  0.3140 -0.3214  0.1961  0.1068  0.2025  0.0332  0.0741  0.1749  0.0836  0.0729  0.0473  0.0086
  14  2.2282E-06    0.225233    0.266700  0.3798 -0.0952  0.4581  0.2829  0.4624  0.2925  0.3883  0.3723  0.3130 -0.3215  0.1961  0.1068  0.2034  0.0330  0.0736  0.1760  0.0831  0.0724  0.0472  0.0085
  15  1.7359E-06    0.223281    0.265899  0.3802 -0.0948  0.4584  0.2831  0.4623  0.2926  0.3882  0.3722  0.3122 -0.3216  0.1962  0.1068  0.2041  0.0329  0.0732  0.1768  0.0827  0.0720  0.0470  0.0084
  16  2.5069E-06    0.221501    0.264829  0.3807 -0.0945  0.4587  0.2831  0.4620  0.2929  0.3882  0.3722  0.3125 -0.3220  0.1963  0.1068  0.2047  0.0327  0.0728  0.1774  0.0823  0.0715  0.0472  0.0083
  17  1.2721E-06    0.219707    0.263684  0.3810 -0.0942  0.4589  0.2832  0.4618  0.2930  0.3882  0.3721  0.3120 -0.3221  0.1964  0.1068  0.2054  0.0326  0.0724  0.1780  0.0819  0.0711  0.0471  0.0082
  18  8.8495E-07    0.218374    0.262932  0.3813 -0.0940  0.4591  0.2832  0.4616  0.2931  0.3881  0.3721  0.3115 -0.3221  0.1965  0.1068  0.2059  0.0325  0.0721  0.1785  0.0816  0.0708  0.0469  0.0082
  19  8.2630E-07    0.216954    0.261967  0.3815 -0.0937  0.4593  0.2833  0.4614  0.2933  0.3881  0.3720  0.3111 -0.3221  0.1968  0.1068  0.2064  0.0324  0.0717  0.1790  0.0814  0.0705  0.0469  0.0081
  20  5.9518E-07    0.215920    0.261449  0.3817 -0.0936  0.4595  0.2833  0.4613  0.2933  0.3881  0.3720  0.3107 -0.3221  0.1969  0.1068  0.2068  0.0323  0.0715  0.1793  0.0811  0.0703  0.0468  0.0081
  21  4.8910E-07    0.214993    0.260992  0.3818 -0.0935  0.4595  0.2833  0.4611  0.2934  0.3880  0.3720  0.3105 -0.3221  0.1969  0.1068  0.2072  0.0322  0.0713  0.1796  0.0809  0.0701  0.0468  0.0081
  22  1.8393E-06    0.214067    0.260391  0.3819 -0.0934  0.4596  0.2833  0.4609  0.2934  0.3880  0.3719  0.3111 -0.3222  0.1970  0.1068  0.2076  0.0322  0.0710  0.1799  0.0807  0.0699  0.0470  0.0080
  23  4.5916E-07    0.213223    0.259981  0.3821 -0.0933  0.4597  0.2833  0.4608  0.2935  0.3879  0.3719  0.3110 -0.3222  0.1971  0.1068  0.2079  0.0321  0.0708  0.1801  0.0805  0.0697  0.0470  0.0080
  24  3.7078E-07    0.212494    0.259489  0.3822 -0.0932  0.4598  0.2834  0.4607  0.2935  0.3879  0.3718  0.3108 -0.3221  0.1972  0.1068  0.2082  0.0320  0.0706  0.1803  0.0804  0.0695  0.0469  0.0080
  25  3.5071E-07    0.211810    0.259068  0.3822 -0.0932  0.4598  0.2834  0.4605  0.2936  0.3879  0.3718  0.3107 -0.3221  0.1974  0.1068  0.2084  0.0320  0.0704  0.1805  0.0803  0.0694  0.0469  0.0080
  26  7.8709E-07    0.211141    0.258443  0.3823 -0.0931  0.4599  0.2834  0.4604  0.2936  0.3878  0.3717  0.3111 -0.3222  0.1976  0.1068  0.2087  0.0319  0.0702  0.1807  0.0800  0.0692  0.0469  0.0079
  27  3.1890E-07    0.210641    0.258008  0.3824 -0.0931  0.4599  0.2834  0.4603  0.2936  0.3877  0.3717  0.3110 -0.3221  0.1977  0.1068  0.2089  0.0319  0.0701  0.1808  0.0799  0.0690  0.0469  0.0079
  28  7.2001E-07    0.210115    0.257582  0.3824 -0.0931  0.4599  0.2834  0.4602  0.2937  0.3876  0.3716  0.3114 -0.3222  0.1978  0.1068  0.2091  0.0319  0.0699  0.1809  0.0798  0.0689  0.0470  0.0079
  29  1.8786E-07    0.209688    0.257201  0.3825 -0.0930  0.4600  0.2834  0.4601  0.2937  0.3876  0.3716  0.3114 -0.3222  0.1979  0.1068  0.2093  0.0318  0.0698  0.1811  0.0796  0.0688  0.0470  0.0079
