Iter   Tolerance Admix(mean)   Admix(SD)    Fst1    Fst2    Fst3    Fst4    Fst5    Fst6    Fst7   QPop1   QPop2   QPop3   QPop4   QPop5   QPop6   QPop7
   1  6.8349E-03    0.797938    0.067044  0.1875 -0.3121  0.2124  0.0875  0.1284  0.1213  0.1185  0.2003  0.1111  0.1651  0.1235  0.1335  0.1341  0.1324
   2  7.2179E-03    0.645694    0.248892  0.2376 -0.2336  0.3219  0.1504  0.1968  0.1720  0.1686  0.2538  0.1241  0.1952  0.0920  0.1124  0.1132  0.1093
   3  2.7775E-03    0.544361    0.276766  0.2618 -0.2215  0.3691  0.1530  0.2571  0.2090  0.1909  0.2926  0.1212  0.2157  0.0735  0.1014  0.1018  0.0938
   4  3.2792E-03    0.442651    0.283033  0.2710 -0.2154  0.3852  0.1369  0.3552  0.2805  0.2525  0.3130  0.1209  0.2174  0.0569  0.1001  0.1045  0.0871
   5  2.2489E-03    0.354073    0.286943  0.2694 -0.2171  0.3888  0.2246  0.4042  0.3151  0.3031  0.3189  0.1213  0.2155  0.0524  0.0991  0.1039  0.0890
   6  1.0634E-03    0.298465    0.286160  0.2694 -0.2155  0.3918  0.3067  0.4175  0.3265  0.3188  0.3226  0.1196  0.2175  0.0563  0.0944  0.1011  0.0885
   7  3.4813E-04    0.264031    0.283588  0.2751 -0.2041  0.3985  0.2844  0.4244  0.3354  0.3264  0.3280  0.1171  0.2226  0.0542  0.0910  0.0993  0.0879
   8  1.4284E-04    0.241271    0.280368  0.2791 -0.1957  0.4033  0.2583  0.4271  0.3399  0.3291  0.3331  0.1155  0.2313  0.0464  0.0890  0.0976  0.0870
   9  6.1197E-05    0.228467    0.276384  0.2820 -0.1906  0.4061  0.2426  0.4277  0.3421  0.3298  0.3360  0.1151  0.2397  0.0403  0.0873  0.0959  0.0858
  10  3.0781E-05    0.221198    0.272947  0.2847 -0.1870  0.4080  0.2312  0.4279  0.3434  0.3301  0.3374  0.1149  0.2461  0.0371  0.0858  0.0943  0.0844
  11  1.8446E-05    0.216223    0.269887  0.2865 -0.1855  0.4088  0.2285  0.4272  0.3438  0.3296  0.3381  0.1144  0.2511  0.0358  0.0846  0.0929  0.0831
  12  9.3976E-06    0.213318    0.267432  0.2879 -0.1847  0.4090  0.2291  0.4264  0.3437  0.3289  0.3384  0.1143  0.2550  0.0351  0.0835  0.0917  0.0819
  13  5.6859E-06    0.211578    0.265441  0.2891 -0.1842  0.4092  0.2298  0.4257  0.3436  0.3284  0.3386  0.1142  0.2581  0.0347  0.0826  0.0908  0.0809
  14  3.7885E-06    0.210420    0.263631  0.2901 -0.1837  0.4094  0.2302  0.4251  0.3436  0.3279  0.3387  0.1142  0.2606  0.0344  0.0819  0.0901  0.0801
  15  2.4943E-06    0.209467    0.262014  0.2910 -0.1832  0.4096  0.2306  0.4247  0.3436  0.3276  0.3389  0.1142  0.2625  0.0342  0.0813  0.0896  0.0794
  16  1.7415E-06    0.208708    0.260570  0.2917 -0.1828  0.4097  0.2308  0.4243  0.3436  0.3273  0.3391  0.1142  0.2641  0.0340  0.0808  0.0891  0.0788
  17  1.2321E-06    0.208044    0.259306  0.2922 -0.1825  0.4098  0.2310  0.4240  0.3436  0.3271  0.3393  0.1142  0.2654  0.0339  0.0803  0.0887  0.0782
  18  8.7776E-07    0.207412    0.258189  0.2927 -0.1822  0.4099  0.2312  0.4237  0.3436  0.3269  0.3396  0.1142  0.2665  0.0338  0.0799  0.0883  0.0777
  19  6.0130E-07    0.206921    0.257230  0.2931 -0.1820  0.4100  0.2313  0.4234  0.3436  0.3267  0.3398  0.1142  0.2673  0.0337  0.0796  0.0880  0.0774
  20  3.9250E-07    0.206540    0.256454  0.2934 -0.1818  0.4101  0.2313  0.4233  0.3436  0.3265  0.3400  0.1142  0.2680  0.0336  0.0793  0.0878  0.0770
  21  2.5405E-07    0.206214    0.255880  0.2937 -0.1816  0.4101  0.2314  0.4231  0.3436  0.3264  0.3402  0.1142  0.2686  0.0335  0.0791  0.0876  0.0768
  22  1.7546E-07    0.205999    0.255390  0.2939 -0.1814  0.4102  0.2314  0.4230  0.3436  0.3264  0.3403  0.1142  0.2690  0.0335  0.0789  0.0875  0.0766
  23  1.4691E-07    0.205887    0.255009  0.2940 -0.1813  0.4102  0.2313  0.4229  0.3436  0.3263  0.3404  0.1142  0.2694  0.0334  0.0788  0.0874  0.0765
  24  1.2573E-07    0.205793    0.254663  0.2942 -0.1812  0.4102  0.2313  0.4228  0.3436  0.3262  0.3404  0.1142  0.2697  0.0334  0.0787  0.0873  0.0763
  25  9.4354E-08    0.205622    0.254354  0.2943 -0.1811  0.4102  0.2312  0.4227  0.3436  0.3262  0.3406  0.1142  0.2700  0.0333  0.0786  0.0872  0.0762
  26  8.8673E-08    0.205468    0.254013  0.2944 -0.1810  0.4103  0.2312  0.4227  0.3436  0.3261  0.3407  0.1142  0.2702  0.0333  0.0785  0.0871  0.0761
  27  7.5516E-08    0.205248    0.253720  0.2945 -0.1809  0.4103  0.2311  0.4226  0.3436  0.3260  0.3408  0.1142  0.2705  0.0332  0.0784  0.0870  0.0759
  28  6.9799E-08    0.205029    0.253422  0.2945 -0.1808  0.4103  0.2310  0.4225  0.3436  0.3260  0.3409  0.1142  0.2707  0.0332  0.0783  0.0869  0.0758
  29  6.2839E-08    0.204825    0.253128  0.2946 -0.1807  0.4103  0.2309  0.4224  0.3436  0.3259  0.3411  0.1142  0.2709  0.0331  0.0782  0.0869  0.0757
  30  7.1696E-08    0.204562    0.252870  0.2946 -0.1806  0.4103  0.2308  0.4224  0.3436  0.3259  0.3412  0.1142  0.2710  0.0331  0.0781  0.0868  0.0756
  31  6.5164E-08    0.204335    0.252580  0.2947 -0.1805  0.4103  0.2307  0.4223  0.3436  0.3258  0.3414  0.1142  0.2712  0.0331  0.0780  0.0867  0.0755
  32  5.8590E-08    0.204130    0.252273  0.2948 -0.1804  0.4103  0.2306  0.4222  0.3436  0.3257  0.3415  0.1142  0.2714  0.0330  0.0779  0.0866  0.0754
  33  5.9946E-08    0.203903    0.251993  0.2948 -0.1804  0.4104  0.2305  0.4221  0.3436  0.3257  0.3416  0.1142  0.2716  0.0330  0.0778  0.0866  0.0752
  34  5.5631E-08    0.203727    0.251679  0.2948 -0.1803  0.4104  0.2304  0.4221  0.3435  0.3256  0.3418  0.1142  0.2717  0.0329  0.0777  0.0865  0.0751
  35  6.6128E-08    0.203491    0.251412  0.2949 -0.1802  0.4104  0.2303  0.4220  0.3435  0.3255  0.3419  0.1142  0.2719  0.0329  0.0777  0.0864  0.0750
  36  6.6475E-08    0.203225    0.251189  0.2949 -0.1802  0.4104  0.2302  0.4219  0.3435  0.3255  0.3421  0.1142  0.2720  0.0329  0.0776  0.0864  0.0749
  37  7.0087E-08    0.202928    0.250986  0.2949 -0.1801  0.4104  0.2301  0.4219  0.3435  0.3254  0.3422  0.1142  0.2721  0.0328  0.0775  0.0863  0.0748
  38  5.9984E-08    0.202745    0.250696  0.2950 -0.1800  0.4104  0.2300  0.4218  0.3435  0.3254  0.3424  0.1142  0.2723  0.0328  0.0774  0.0862  0.0747
  39  5.9876E-08    0.202535    0.250438  0.2950 -0.1800  0.4105  0.2299  0.4218  0.3435  0.3253  0.3425  0.1142  0.2724  0.0328  0.0773  0.0862  0.0747
  40  5.9431E-08    0.202325    0.250179  0.2950 -0.1799  0.4105  0.2298  0.4217  0.3435  0.3253  0.3426  0.1142  0.2725  0.0327  0.0772  0.0861  0.0746
  41  6.3061E-08    0.202096    0.249943  0.2951 -0.1799  0.4105  0.2297  0.4217  0.3435  0.3252  0.3427  0.1142  0.2727  0.0327  0.0772  0.0860  0.0745
  42  5.6436E-08    0.201924    0.249669  0.2951 -0.1798  0.4105  0.2296  0.4216  0.3434  0.3252  0.3429  0.1142  0.2728  0.0327  0.0771  0.0860  0.0744
  43  6.1312E-08    0.201736    0.249408  0.2951 -0.1798  0.4105  0.2295  0.4216  0.3434  0.3251  0.3430  0.1142  0.2729  0.0326  0.0770  0.0859  0.0743
  44  6.7171E-08    0.201497    0.249197  0.2951 -0.1797  0.4105  0.2294  0.4215  0.3434  0.3250  0.3431  0.1142  0.2730  0.0326  0.0769  0.0859  0.0742
  45  5.7480E-08    0.201296    0.248965  0.2952 -0.1797  0.4105  0.2293  0.4215  0.3434  0.3250  0.3433  0.1142  0.2731  0.0326  0.0769  0.0858  0.0741
  46  4.8981E-08    0.201182    0.248662  0.2952 -0.1796  0.4105  0.2292  0.4214  0.3434  0.3249  0.3434  0.1142  0.2733  0.0325  0.0768  0.0858  0.0741
  47  5.8004E-08    0.200981    0.248437  0.2952 -0.1796  0.4106  0.2291  0.4214  0.3434  0.3249  0.3435  0.1142  0.2734  0.0325  0.0767  0.0857  0.0740
  48  6.5084E-08    0.200758    0.248237  0.2952 -0.1795  0.4106  0.2290  0.4214  0.3434  0.3248  0.3436  0.1143  0.2735  0.0325  0.0767  0.0857  0.0739
  49  5.4867E-08    0.200602    0.247989  0.2953 -0.1795  0.4106  0.2290  0.4213  0.3434  0.3248  0.3437  0.1143  0.2736  0.0324  0.0766  0.0856  0.0738
  50  6.8991E-08    0.200396    0.247782  0.2953 -0.1795  0.4106  0.2289  0.4213  0.3434  0.3247  0.3438  0.1143  0.2737  0.0324  0.0765  0.0856  0.0737
  51  7.4363E-08    0.200163    0.247593  0.2953 -0.1794  0.4106  0.2288  0.4213  0.3434  0.3247  0.3439  0.1143  0.2738  0.0324  0.0765  0.0855  0.0737
