K Run Tem Iterate    Move%     Time        CurrentLogL           BestLogL     Fst1     Fst2     Fst3     Fst4     Fst5     Fst6     Fst7     Fst8     Fst9     Fis1     Fis2     Fis3     Fis4     Fis5     Fis6     Fis7     Fis8     Fis9
9   2   1       0   1.0000 53:47:10 -4.43421941230E+05 -4.43421941230E+05 -0.05609  0.17470 -0.08992  0.13358  0.17438 -0.11838 -0.03344 -0.01426 -0.12661 -0.13497 -0.13714 -0.11569 -0.17548 -0.15891 -0.13944 -0.10976 -0.11714 -0.14232
9   2   1     100   0.9901 53:47:10 -4.43052122608E+05 -4.43052122608E+05 -0.05609  0.17470 -0.08992  0.13358  0.17438 -0.11838 -0.03344 -0.01426 -0.12661 -0.13497 -0.13714 -0.11569 -0.17548 -0.15891 -0.13944 -0.10976 -0.11714 -0.14232
9   2   1     200  30.8458 53:47:10 -4.15461255709E+05 -4.15375659800E+05  0.17438  0.17470 -0.05609  0.13358 -0.03344 -0.12661 -0.11838 -0.01426 -0.08992 -0.15891 -0.13714 -0.13497 -0.17548 -0.10976 -0.14232 -0.13944 -0.11714 -0.11569
9   2   1     400  43.3915 53:47:10 -3.93081943188E+05 -3.93081943188E+05  0.17438  0.17470 -0.03344  0.13358 -0.12661 -0.11838 -0.05609 -0.01426 -0.08992 -0.15891 -0.13714 -0.10976 -0.17548 -0.14232 -0.13944 -0.13497 -0.11714 -0.11569
9   2   1     800  39.9501 53:47:10 -3.82388329599E+05 -3.78585167733E+05  0.17438  0.17470  0.13358 -0.05609 -0.11838 -0.12661 -0.01426 -0.03344 -0.08992 -0.15891 -0.13714 -0.17548 -0.13497 -0.13944 -0.14232 -0.11714 -0.10976 -0.11569
9   2   1    1600  43.6602 53:47:10 -3.82503103893E+05 -3.78585167733E+05  0.17438  0.13358 -0.05609 -0.08992  0.17470 -0.11838 -0.12661 -0.03344 -0.01426 -0.15891 -0.17548 -0.13497 -0.11569 -0.13714 -0.13944 -0.14232 -0.10976 -0.11714
9   2   1    3200  41.2996 53:47:10 -3.77033024875E+05 -3.73990559870E+05  0.17470 -0.01426 -0.12661 -0.08992 -0.11838 -0.03344  0.13358  0.17438 -0.05609 -0.13714 -0.11714 -0.14232 -0.11569 -0.13944 -0.10976 -0.17548 -0.15891 -0.13497
9   2   2    6400  48.3487 54:47:10 -3.80007892726E+05 -3.73666187051E+05  0.17470 -0.01426 -0.08992 -0.11838 -0.12661  0.13358  0.17438 -0.03344 -0.05609 -0.13714 -0.11714 -0.11569 -0.13944 -0.14232 -0.17548 -0.15891 -0.10976 -0.13497
9   2   3   12800  15.6084 54:47:10 -3.78235124214E+05 -3.73439672196E+05  0.38714  0.45368 -0.00581 -0.00659  1.00000 -0.01281  0.32251  0.56563  0.34468 -0.16334 -0.38216 -0.83080 -0.93700  0.00000 -0.89368 -0.10511 -0.88116 -0.22343
9   2   3   24000  22.1805 55:47:10 -3.75628214117E+05 -3.69247088191E+05  0.45314  0.42471 -0.00588  0.00183  1.00000  1.00000  1.00000  0.35203  1.00000 -0.47348 -0.21209 -0.88613 -0.90204  0.00000  0.00000  0.00000 -0.21230  0.00000
9   2   3   25600  23.5686 55:47:10 -3.76142534460E+05 -3.69247088191E+05  0.28396  0.33400 -0.09399  1.00000  1.00000  1.00000  1.00000  1.00000  0.40024 -0.21490 -0.16069 -0.89929  0.00000  0.00000  0.00000  0.00000  0.00000 -0.47348
9   2   4   56000  26.8892 57:47:10 -3.74065836012E+05 -3.67981949634E+05  0.35013  0.42005 -0.00278  1.00000  1.00000  1.00000  1.00000  0.00267  0.56917 -0.23645 -0.17126 -0.86518  0.00000  0.00000  0.00000  0.00000 -0.93868 -0.88116
9   2   5   84000  24.5130 59:47:10 -3.68877290335E+05 -3.67468230171E+05  0.37955  0.42025  0.03978  0.04244  1.00000  1.00000  0.02874  1.00000  0.47564 -0.20116 -0.20247 -0.80781 -0.90898  0.00000  0.00000 -0.84232  0.00000 -0.47348
9   2   6  104450  17.9000 00:48:10 -3.70494284493E+05 -3.67468230171E+05  0.38556  0.41542  0.04170  1.00000  0.03822  1.00000  0.04785  1.00000  0.47662 -0.22779 -0.18554 -0.87268  0.00000 -0.84601  0.00000 -0.96018  0.00000 -0.47348
9   2   6  112000  21.9464 01:48:10 -3.68433664352E+05 -3.67468230171E+05  0.33693  0.40250  1.00000 -0.03132  1.00000 -0.02360  1.00000  0.31914  0.43924 -0.20777 -0.21944  0.00000 -0.85089  0.00000 -0.90919  0.00000 -0.33913 -0.47348
9   2   7  116943  18.5000 01:48:10 -3.69713407470E+05 -3.67468230171E+05  0.33693  0.40250 -0.03132  1.00000  1.00000 -0.02360  1.00000  0.43924  0.31914 -0.20777 -0.21944 -0.85089  0.00000  0.00000 -0.90919  0.00000 -0.47348 -0.33913
9   2   7  144000  14.1511 03:48:10 -3.68052893324E+05 -3.63824345699E+05  0.25726  0.29047  1.00000  0.54766 -0.16367  1.00000  1.00000  1.00000  0.36424 -0.24233 -0.17201  0.00000 -0.90660 -0.88753  0.00000  0.00000  0.00000 -0.47348
9   2   7  172000  12.2008 05:48:10 -3.60836881214E+05 -3.59267103187E+05  0.45115  0.31078  0.20099  0.51671 -0.24240  0.37635  1.00000  1.00000  0.32091 -0.67994 -0.21076 -0.26794 -0.90638 -0.90158 -0.35282  0.00000  0.00000 -0.47348
9   2   8  178338   4.7000 05:48:10 -3.60509646711E+05 -3.59267103187E+05  0.50435  0.32726  0.19538  0.51605 -0.24410  1.00000  0.37427  1.00000  0.35413 -0.87135 -0.21504 -0.25445 -0.90638 -0.90158  0.00000 -0.39850  0.00000 -0.55353
9   2   8  212000   6.2756 07:48:10 -3.60669017875E+05 -3.57971673096E+05  0.38505  0.33714  0.19706  0.51661 -0.24278  1.00000  0.37500  1.00000  0.32077 -0.44473 -0.22581 -0.27127 -0.90638 -0.88936  0.00000 -0.39850  0.00000 -0.47348
9   2   9  232918   5.5000 08:48:10 -3.58997075698E+05 -3.57971673096E+05  0.38332  0.28918  0.21396  0.51907 -0.23306  1.00000  0.37817  1.00000  0.32422 -0.43677 -0.21279 -0.28386 -0.90638 -0.90887  0.00000 -0.39850  0.00000 -0.47348
9   2   9  244000   4.3947 09:48:10 -3.60442342510E+05 -3.57971673096E+05  0.38539  0.33070  0.19948  0.51714 -0.24179  1.00000  0.37567  1.00000  0.32150 -0.47449 -0.21490 -0.26899 -0.90638 -0.90104  0.00000 -0.39850  0.00000 -0.47348
9   2  10  259128   4.2000 09:48:10 -3.60673193740E+05 -3.57971673096E+05  0.55462  0.41872  0.27478  0.56514 -0.11614 -0.11977  1.00000  0.43774  0.38896 -0.87135 -0.23468 -0.24213 -0.90638 -0.88034 -0.92950  0.00000 -0.39850 -0.47348
9   2  11  267892   1.3000 10:48:10 -3.60473099503E+05 -3.57971673096E+05  0.49331  0.37183  0.55237  0.26258  0.55384 -0.14597 -0.14806  0.42312  0.40455 -0.67994 -0.21374 -0.72741 -0.27840 -0.90638 -0.86095 -0.90284 -0.39850 -0.55353
9   2  11  280000   2.7373 11:48:10 -3.58984747034E+05 -3.57971673096E+05  0.43573  0.31018  0.50151  0.17882  0.50313 -0.27744  1.00000  0.35757  0.30183 -0.67994 -0.22142 -0.72741 -0.27825 -0.90638 -0.88936  0.00000 -0.39850 -0.47348
9   2  12  289043   2.0000 11:48:10 -3.59089285977E+05 -3.57971673096E+05  0.49247  0.29604  0.50284  0.18235  0.50446 -0.27403  0.34115  0.33483  1.00000 -0.87135 -0.20204 -0.72741 -0.28471 -0.90638 -0.88936 -0.37515 -0.54669  0.00000
9   2  13  312000   2.9230 13:48:10 -3.58465220379E+05 -3.57971673096E+05  0.49115  0.29765  0.50154  0.18065  0.50316 -0.27736  0.35760  1.00000  0.30187 -0.87135 -0.20652 -0.72741 -0.28279 -0.90638 -0.88936 -0.39850  0.00000 -0.47348
9   2  14  338902   2.7000 14:48:10 -3.56826825112E+05 -3.56599647189E+05  0.43096  0.33707  0.49729  0.22400  0.16621  0.49893 -0.28823  0.36628  0.44548 -0.67994 -0.23069 -0.72741 -0.25922 -0.33103 -0.90638 -0.88936 -0.36313 -0.88116
9   2  14  340000   3.8151 15:48:10 -3.56989243930E+05 -3.56599647189E+05  0.43096  0.33707  0.49729  0.22400  0.16621  0.49893 -0.28823  0.36628  0.44548 -0.67994 -0.23069 -0.72741 -0.25922 -0.33103 -0.90638 -0.88936 -0.36313 -0.88116
9   2  15  358668   2.2000 16:48:10 -3.57012598614E+05 -3.56599647189E+05  0.42885  0.36230  0.49543  0.22291  0.16075  0.49708 -0.29300  0.34974  0.29332 -0.67994 -0.24392 -0.72741 -0.26478 -0.31568 -0.90638 -0.88936 -0.39850 -0.47348
9   2  16  365104   1.0000 16:48:10 -3.57187565456E+05 -3.56599647189E+05  0.42895  0.35262  0.49552  0.16214  0.22171  0.49716 -0.29278  0.34985  0.29344 -0.67994 -0.24083 -0.72741 -0.32752 -0.25949 -0.90638 -0.88936 -0.39850 -0.47348
9   2  16  368000   1.9486 17:48:10 -3.57183922897E+05 -3.56599647189E+05  0.42895  0.35262  0.49552  0.22171  0.16214  0.49716 -0.29278  0.34985  0.29344 -0.67994 -0.24083 -0.72741 -0.25949 -0.32752 -0.90638 -0.88936 -0.39850 -0.47348
9   2  17  396000   1.6158 19:48:10 -3.56677003816E+05 -3.56599647189E+05  0.42839  0.36762  0.49502  0.22050  0.16346  0.49667 -0.29405  0.34921  0.29275 -0.67994 -0.24436 -0.72741 -0.25922 -0.32565 -0.90638 -0.88936 -0.39850 -0.47348
9   2  19  428000   1.1039 21:48:10 -3.56730138103E+05 -3.56599647189E+05  0.42858  0.36199  0.49519  0.22075  0.16266  0.49683 -0.29363  0.34942  0.29298 -0.67994 -0.24392 -0.72741 -0.25922 -0.33010 -0.90638 -0.88936 -0.39850 -0.47348
9   2  20  429383   1.1000 21:48:10 -3.56612373687E+05 -3.56599647189E+05  0.42858  0.36199  0.49519  0.22075  0.16266  0.49683 -0.29363  0.34942  0.29298 -0.67994 -0.24392 -0.72741 -0.25922 -0.33010 -0.90638 -0.88936 -0.39850 -0.47348
9   2  21  456000   0.7362 23:48:10 -3.56539010633E+05 -3.56532472502E+05  0.42858  0.36199  0.22075  0.16266  0.49683 -0.29363  0.49519  0.34942  0.29298 -0.67994 -0.24392 -0.25922 -0.33010 -0.90638 -0.88936 -0.72741 -0.39850 -0.47348
9   2  22  483215   0.4000 24:48:10 -3.56669938437E+05 -3.56526284135E+05  0.37007  0.38277  0.23615  0.18383  0.50873 -0.26292  0.36481  1.00000  0.30970 -0.43677 -0.24436 -0.26041 -0.32522 -0.90638 -0.90158 -0.39850  0.00000 -0.47348
9   2  22  488000   0.5181 25:48:10 -3.56565733746E+05 -3.56526284135E+05  0.37007  0.38277  0.23615  0.18383  0.50873 -0.26292  0.36481  1.00000  0.30970 -0.43677 -0.24436 -0.26041 -0.32522 -0.90638 -0.90158 -0.39850  0.00000 -0.47348
9   2  23  509222   0.5000 26:48:10 -3.56636829635E+05 -3.56526284135E+05  0.37062  0.37762  0.23984  0.18317  0.50916 -0.26200  1.00000  0.36536  0.31030 -0.43677 -0.24392 -0.25922 -0.33010 -0.90638 -0.90476  0.00000 -0.39850 -0.47348
9   2  23  524000   0.3749 27:48:10 -3.56641190248E+05 -3.56526284135E+05  0.37116  0.36295  0.24049  0.18289  0.50958 -0.26093  1.00000  0.36590  0.31089 -0.43677 -0.23912 -0.25922 -0.33844 -0.90638 -0.90476  0.00000 -0.39850 -0.47348
9   2  24  525417   0.1000 27:48:10 -3.56532472502E+05 -3.56526284135E+05  0.37116  0.36295  0.24049  0.18289  0.50958 -0.26093  1.00000  0.36590  0.31089 -0.43677 -0.23912 -0.25922 -0.33844 -0.90638 -0.90476  0.00000 -0.39850 -0.47348
9   2  25  526293   0.7000 27:48:10 -3.56539010633E+05 -3.56526284135E+05  0.37116  0.36295  0.24049  0.18289  0.50958 -0.26093  1.00000  0.36590  0.31089 -0.43677 -0.23912 -0.25922 -0.33844 -0.90638 -0.90476  0.00000 -0.39850 -0.47348
9   2  26  568000   0.3412 29:48:10 -3.56532472502E+05 -3.56526284135E+05  0.37087  0.37135  0.24014  0.18241  0.50935 -0.26151  1.00000  0.36561  0.31057 -0.43677 -0.24161 -0.25922 -0.33450 -0.90638 -0.90476  0.00000 -0.39850 -0.47348
9   2  27  579954   0.6000 29:48:10 -3.56539010633E+05 -3.56526284135E+05  0.37135  0.37835  0.24266  0.18412  0.50973 -0.26053  1.00000  0.34816  0.31110 -0.43677 -0.24392 -0.26116 -0.33010 -0.90638 -0.90476  0.00000 -0.37515 -0.47348
9   2  27  604000   0.2656 31:48:10 -3.56539010633E+05 -3.56526284135E+05  0.37062  0.37762  0.23984  0.18317  0.50916 -0.26200  1.00000  0.36536  0.31030 -0.43677 -0.24392 -0.25922 -0.33010 -0.90638 -0.90476  0.00000 -0.39850 -0.47348
9   2  28  606111   0.4000 31:48:10 -3.56532472502E+05 -3.56526284135E+05  0.37062  0.37762  0.23984  0.18317  0.50916 -0.26200  1.00000  0.36536  0.31030 -0.43677 -0.24392 -0.25922 -0.33010 -0.90638 -0.90476  0.00000 -0.39850 -0.47348
9   2  29  632930   0.1000 32:48:10 -3.56532472502E+05 -3.56526284135E+05  0.37087  0.37135  0.24014  0.18241  0.50935 -0.26151  1.00000  0.36561  0.31057 -0.43677 -0.24161 -0.25922 -0.33450 -0.90638 -0.90476  0.00000 -0.39850 -0.47348
9   2  30  633818   0.4000 32:48:10 -3.56532472502E+05 -3.56526284135E+05  0.37087  0.37135  0.24014  0.18241  0.50935 -0.26151  1.00000  0.36561  0.31057 -0.43677 -0.24161 -0.25922 -0.33450 -0.90638 -0.90476  0.00000 -0.39850 -0.47348
9   2  30  648000   0.3020 33:48:10 -3.56539010633E+05 -3.56526284135E+05  0.37062  0.37762  0.23984  0.18317  0.50916 -0.26200  1.00000  0.36536  0.31030 -0.43677 -0.24392 -0.25922 -0.33010 -0.90638 -0.90476  0.00000 -0.39850 -0.47348
9   2  32  687497   0.0000 35:48:10 -3.56532472502E+05 -3.56526284135E+05  0.37062  0.37762  0.23984  0.18317  0.50916 -0.26200  1.00000  0.36536  0.31030 -0.43677 -0.24392 -0.25922 -0.33010 -0.90638 -0.90476  0.00000 -0.39850 -0.47348
9   2  33  688000   0.1789 35:48:10 -3.56539010633E+05 -3.56526284135E+05  0.37062  0.37762  0.23984  0.18317  0.50916 -0.26200  1.00000  0.36536  0.31030 -0.43677 -0.24392 -0.25922 -0.33010 -0.90638 -0.90476  0.00000 -0.39850 -0.47348
9   2  33  688401   0.3000 35:48:10 -3.56526284135E+05 -3.56526284135E+05  0.37062  0.37762  0.23984  0.18317  0.50916 -0.26200  1.00000  0.36536  0.31030 -0.43677 -0.24392 -0.25922 -0.33010 -0.90638 -0.90476  0.00000 -0.39850 -0.47348
9   2  34  697389   0.5000 35:48:10 -3.56532472502E+05 -3.56526284135E+05  0.37062  0.37762  0.23984  0.18317  0.50916 -0.26200  1.00000  0.36536  0.31030 -0.43677 -0.24392 -0.25922 -0.33010 -0.90638 -0.90476  0.00000 -0.39850 -0.47348
9   2  35  724143   0.2000 36:48:10 -3.56532472502E+05 -3.56526284135E+05  0.37087  0.37135  0.24014  0.18241  0.50935 -0.26151  1.00000  0.36561  0.31057 -0.43677 -0.24161 -0.25922 -0.33450 -0.90638 -0.90476  0.00000 -0.39850 -0.47348
9   2  35  732000   0.2151 37:48:10 -3.56526284135E+05 -3.56526284135E+05  0.37087  0.37135  0.24014  0.18241  0.50935 -0.26151  1.00000  0.36561  0.31057 -0.43677 -0.24161 -0.25922 -0.33450 -0.90638 -0.90476  0.00000 -0.39850 -0.47348
9   2  36  751054   0.2000 38:48:10 -3.56539010633E+05 -3.56526284135E+05  0.37087  0.37135  0.24014  0.18241  0.50935 -0.26151  1.00000  0.36561  0.31057 -0.43677 -0.24161 -0.25922 -0.33450 -0.90638 -0.90476  0.00000 -0.39850 -0.47348
9   2  36  772000   0.2291 39:48:10 -3.56526284135E+05 -3.56526284135E+05  0.37135  0.37835  0.24266  0.18412  0.50973 -0.26053  1.00000  0.34816  0.31110 -0.43677 -0.24392 -0.26116 -0.33010 -0.90638 -0.90476  0.00000 -0.37515 -0.47348
9   2  37  777844   0.2000 39:48:10 -3.56532472502E+05 -3.56526284135E+05  0.37087  0.37135  0.24014  0.18241  0.50935 -0.26151  1.00000  0.36561  0.31057 -0.43677 -0.24161 -0.25922 -0.33450 -0.90638 -0.90476  0.00000 -0.39850 -0.47348
9   2  38  789116   0.2000 39:48:10 -3.56532472502E+05 -3.56526284135E+05  0.37159  0.37207  0.24295  0.18336  0.50992 -0.26006  1.00000  0.34841  0.31136 -0.43677 -0.24161 -0.26116 -0.33450 -0.90638 -0.90476  0.00000 -0.37515 -0.47348
9   2  38  812000   0.2103 41:48:10 -3.56532472502E+05 -3.56526284135E+05  0.37135  0.37835  0.24266  0.18412  0.50973 -0.26053  1.00000  0.34816  0.31110 -0.43677 -0.24392 -0.26116 -0.33010 -0.90638 -0.90476  0.00000 -0.37515 -0.47348
9   2 200  815031   0.0000 41:48:10 -3.56526284135E+05 -3.56526284135E+05  0.37135  0.37835  0.24266  0.18412  0.50973 -0.26053  1.00000  0.34816  0.31110 -0.43677 -0.24392 -0.26116 -0.33010 -0.90638 -0.90476  0.00000 -0.37515 -0.47348
