Iter   Tolerance Admix(mean)   Admix(SD)    Fst1    Fst2    Fst3    Fst4    Fst5    Fst6    Fst7    Fst8    Fst9   Fst10   QPop1   QPop2   QPop3   QPop4   QPop5   QPop6   QPop7   QPop8   QPop9  QPop10
   1  1.1320E-02    0.640508    0.223570  0.2644 -0.2268  0.3484  0.1063  0.2895  0.2033  0.2343  0.2191  0.1973 -0.1039  0.1461  0.1165  0.1530  0.0601  0.0850  0.1472  0.0848  0.0779  0.0865  0.0429
   2  4.1721E-03    0.451459    0.245766  0.3253 -0.1695  0.4117  0.2243  0.4161  0.2408  0.3358  0.3251  0.2756 -0.2898  0.1660  0.1090  0.1759  0.0490  0.0894  0.1374  0.0889  0.0774  0.0863  0.0206
   3  8.7265E-04    0.345142    0.270822  0.3581 -0.1221  0.4417  0.2627  0.4588  0.2753  0.3774  0.3671  0.3143 -0.3995  0.1718  0.1083  0.1862  0.0403  0.0885  0.1376  0.0914  0.0793  0.0874  0.0091
   4  5.8217E-04    0.292253    0.272252  0.3669 -0.1078  0.4507  0.2700  0.4669  0.2863  0.3874  0.3746  0.3231 -0.2774  0.1734  0.1070  0.1924  0.0355  0.0856  0.1409  0.0908  0.0788  0.0871  0.0085
   5  6.4447E-05    0.268205    0.272815  0.3676 -0.1059  0.4523  0.2720  0.4665  0.2877  0.3882  0.3739  0.3231 -0.2737  0.1736  0.1067  0.1966  0.0337  0.0832  0.1439  0.0896  0.0780  0.0867  0.0080
   6  3.4854E-05    0.253004    0.271124  0.3673 -0.1054  0.4527  0.2737  0.4654  0.2879  0.3879  0.3728  0.3224 -0.2728  0.1733  0.1066  0.1994  0.0331  0.0814  0.1465  0.0883  0.0772  0.0862  0.0080
   7  2.4024E-05    0.241653    0.268965  0.3670 -0.1050  0.4530  0.2752  0.4645  0.2879  0.3875  0.3719  0.3219 -0.2724  0.1728  0.1065  0.2017  0.0327  0.0800  0.1488  0.0871  0.0764  0.0859  0.0081
   8  1.6965E-05    0.232844    0.266771  0.3667 -0.1047  0.4532  0.2764  0.4638  0.2879  0.3872  0.3713  0.3215 -0.2721  0.1724  0.1065  0.2035  0.0326  0.0789  0.1508  0.0861  0.0755  0.0855  0.0081
   9  1.2370E-05    0.225617    0.264931  0.3665 -0.1046  0.4533  0.2774  0.4632  0.2879  0.3868  0.3708  0.3210 -0.2719  0.1718  0.1065  0.2051  0.0325  0.0780  0.1525  0.0853  0.0748  0.0854  0.0081
  10  9.6050E-06    0.219048    0.262688  0.3663 -0.1043  0.4535  0.2779  0.4625  0.2879  0.3865  0.3703  0.3207 -0.2719  0.1713  0.1065  0.2066  0.0324  0.0771  0.1542  0.0846  0.0740  0.0852  0.0081
  11  7.1730E-06    0.213402    0.260948  0.3662 -0.1041  0.4536  0.2783  0.4620  0.2880  0.3862  0.3700  0.3203 -0.2719  0.1709  0.1066  0.2078  0.0324  0.0764  0.1556  0.0839  0.0733  0.0850  0.0080
  12  5.1747E-06    0.208712    0.259181  0.3662 -0.1039  0.4536  0.2787  0.4615  0.2881  0.3859  0.3697  0.3200 -0.2719  0.1705  0.1066  0.2090  0.0323  0.0758  0.1570  0.0834  0.0728  0.0848  0.0080
  13  4.0758E-06    0.204633    0.257704  0.3661 -0.1038  0.4537  0.2790  0.4611  0.2881  0.3857  0.3694  0.3196 -0.2719  0.1703  0.1066  0.2099  0.0322  0.0752  0.1580  0.0829  0.0722  0.0846  0.0080
  14  2.9417E-06    0.201129    0.256414  0.3660 -0.1037  0.4537  0.2792  0.4608  0.2881  0.3855  0.3692  0.3193 -0.2719  0.1700  0.1066  0.2106  0.0322  0.0748  0.1590  0.0825  0.0718  0.0845  0.0080
  15  2.1532E-06    0.198129    0.255110  0.3659 -0.1036  0.4537  0.2793  0.4604  0.2881  0.3853  0.3690  0.3190 -0.2718  0.1697  0.1066  0.2113  0.0321  0.0743  0.1600  0.0822  0.0714  0.0843  0.0080
  16  1.5185E-06    0.195780    0.254421  0.3659 -0.1035  0.4537  0.2793  0.4602  0.2881  0.3852  0.3688  0.3188 -0.2718  0.1695  0.1066  0.2118  0.0321  0.0740  0.1607  0.0819  0.0711  0.0842  0.0080
  17  1.2081E-06    0.193555    0.253223  0.3659 -0.1034  0.4538  0.2793  0.4599  0.2881  0.3851  0.3687  0.3186 -0.2719  0.1693  0.1066  0.2123  0.0320  0.0737  0.1615  0.0817  0.0708  0.0841  0.0080
  18  8.6557E-07    0.191810    0.252362  0.3659 -0.1033  0.4538  0.2793  0.4596  0.2881  0.3851  0.3686  0.3184 -0.2718  0.1692  0.1066  0.2128  0.0320  0.0734  0.1621  0.0814  0.0705  0.0840  0.0080
  19  6.8130E-07    0.190332    0.251654  0.3659 -0.1032  0.4538  0.2793  0.4594  0.2881  0.3850  0.3685  0.3182 -0.2717  0.1690  0.1066  0.2131  0.0320  0.0731  0.1627  0.0812  0.0703  0.0839  0.0080
  20  6.2354E-07    0.188907    0.250730  0.3658 -0.1032  0.4538  0.2793  0.4592  0.2881  0.3848  0.3684  0.3181 -0.2717  0.1691  0.1066  0.2135  0.0319  0.0729  0.1633  0.0810  0.0700  0.0837  0.0080
  21  4.4923E-07    0.187538    0.249724  0.3658 -0.1031  0.4538  0.2793  0.4589  0.2880  0.3847  0.3683  0.3180 -0.2716  0.1690  0.1066  0.2139  0.0319  0.0725  0.1638  0.0808  0.0699  0.0835  0.0080
  22  3.7870E-07    0.186650    0.249221  0.3658 -0.1031  0.4538  0.2793  0.4587  0.2880  0.3846  0.3683  0.3179 -0.2716  0.1691  0.1066  0.2142  0.0319  0.0724  0.1642  0.0806  0.0697  0.0834  0.0080
  23  4.3500E-07    0.185784    0.248605  0.3658 -0.1031  0.4538  0.2793  0.4585  0.2880  0.3846  0.3682  0.3178 -0.2715  0.1692  0.1065  0.2144  0.0318  0.0722  0.1645  0.0805  0.0696  0.0833  0.0080
  24  3.1765E-07    0.184911    0.247969  0.3658 -0.1030  0.4538  0.2792  0.4584  0.2880  0.3845  0.3681  0.3177 -0.2715  0.1692  0.1065  0.2147  0.0318  0.0720  0.1648  0.0804  0.0694  0.0832  0.0080
  25  3.4025E-07    0.184242    0.247594  0.3658 -0.1030  0.4538  0.2792  0.4582  0.2880  0.3844  0.3681  0.3176 -0.2714  0.1692  0.1065  0.2149  0.0318  0.0718  0.1651  0.0803  0.0693  0.0831  0.0080
  26  2.4991E-07    0.183518    0.246939  0.3657 -0.1030  0.4538  0.2793  0.4580  0.2880  0.3843  0.3680  0.3175 -0.2714  0.1693  0.1065  0.2151  0.0318  0.0716  0.1654  0.0801  0.0692  0.0830  0.0080
  27  3.8591E-07    0.182937    0.246683  0.3657 -0.1030  0.4538  0.2793  0.4579  0.2880  0.3843  0.3680  0.3175 -0.2713  0.1694  0.1065  0.2152  0.0317  0.0714  0.1656  0.0801  0.0691  0.0830  0.0081
  28  2.1490E-07    0.182344    0.246061  0.3657 -0.1029  0.4538  0.2792  0.4578  0.2880  0.3842  0.3680  0.3174 -0.2713  0.1695  0.1065  0.2154  0.0317  0.0712  0.1658  0.0799  0.0690  0.0829  0.0081
  29  1.6114E-07    0.181995    0.245657  0.3657 -0.1029  0.4538  0.2793  0.4577  0.2879  0.3841  0.3679  0.3174 -0.2712  0.1695  0.1064  0.2155  0.0317  0.0711  0.1660  0.0798  0.0690  0.0828  0.0081
  30  1.8088E-07    0.181645    0.245264  0.3656 -0.1029  0.4538  0.2793  0.4576  0.2879  0.3841  0.3679  0.3173 -0.2711  0.1695  0.1064  0.2157  0.0317  0.0710  0.1661  0.0798  0.0689  0.0828  0.0081
  31  2.7331E-07    0.181269    0.244780  0.3656 -0.1029  0.4538  0.2793  0.4574  0.2879  0.3841  0.3679  0.3173 -0.2711  0.1696  0.1064  0.2159  0.0317  0.0708  0.1663  0.0797  0.0689  0.0827  0.0081
  32  1.4899E-07    0.180965    0.244382  0.3656 -0.1029  0.4538  0.2793  0.4574  0.2879  0.3840  0.3678  0.3172 -0.2710  0.1697  0.1064  0.2160  0.0316  0.0707  0.1664  0.0796  0.0688  0.0827  0.0082
  33  9.5839E-08    0.180749    0.244062  0.3656 -0.1029  0.4538  0.2793  0.4573  0.2879  0.3840  0.3678  0.3172 -0.2709  0.1696  0.1063  0.2161  0.0316  0.0706  0.1665  0.0795  0.0688  0.0826  0.0082
  34  2.4226E-07    0.180354    0.243471  0.3656 -0.1029  0.4537  0.2793  0.4572  0.2879  0.3839  0.3678  0.3171 -0.2709  0.1698  0.1063  0.2162  0.0316  0.0705  0.1667  0.0794  0.0687  0.0825  0.0082
  35  2.7081E-07    0.180129    0.243199  0.3655 -0.1029  0.4537  0.2793  0.4571  0.2879  0.3839  0.3677  0.3171 -0.2708  0.1698  0.1063  0.2163  0.0316  0.0704  0.1668  0.0793  0.0686  0.0825  0.0082
  36  9.0626E-08    0.179899    0.242838  0.3655 -0.1029  0.4537  0.2793  0.4570  0.2879  0.3838  0.3677  0.3171 -0.2707  0.1700  0.1063  0.2164  0.0316  0.0703  0.1669  0.0793  0.0686  0.0825  0.0083
  37  2.8659E-07    0.179562    0.242346  0.3655 -0.1029  0.4537  0.2793  0.4570  0.2879  0.3838  0.3676  0.3170 -0.2707  0.1701  0.1062  0.2165  0.0316  0.0702  0.1671  0.0792  0.0685  0.0824  0.0083
  38  1.6333E-07    0.179344    0.242164  0.3655 -0.1029  0.4537  0.2793  0.4569  0.2879  0.3837  0.3676  0.3170 -0.2706  0.1701  0.1062  0.2166  0.0316  0.0701  0.1671  0.0791  0.0685  0.0823  0.0083
  39  1.9543E-07    0.179122    0.241763  0.3655 -0.1028  0.4537  0.2793  0.4568  0.2879  0.3837  0.3676  0.3170 -0.2706  0.1702  0.1062  0.2167  0.0316  0.0700  0.1673  0.0791  0.0684  0.0823  0.0083
  40  9.9808E-08    0.178851    0.241641  0.3655 -0.1028  0.4537  0.2793  0.4568  0.2879  0.3837  0.3676  0.3170 -0.2706  0.1702  0.1062  0.2168  0.0316  0.0699  0.1674  0.0790  0.0684  0.0823  0.0083
  41  3.5467E-07    0.178690    0.241365  0.3654 -0.1028  0.4537  0.2793  0.4567  0.2879  0.3836  0.3675  0.3169 -0.2705  0.1703  0.1062  0.2168  0.0316  0.0698  0.1674  0.0790  0.0684  0.0822  0.0083
  42  1.1723E-07    0.178590    0.241222  0.3654 -0.1028  0.4536  0.2794  0.4567  0.2879  0.3836  0.3675  0.3169 -0.2705  0.1703  0.1062  0.2169  0.0316  0.0698  0.1674  0.0789  0.0683  0.0822  0.0083
  43  2.1125E-07    0.178352    0.240979  0.3654 -0.1028  0.4536  0.2794  0.4567  0.2879  0.3836  0.3674  0.3169 -0.2705  0.1704  0.1062  0.2169  0.0316  0.0697  0.1675  0.0789  0.0683  0.0822  0.0083
  44  2.9636E-07    0.178148    0.240672  0.3654 -0.1028  0.4536  0.2794  0.4566  0.2879  0.3836  0.3674  0.3169 -0.2705  0.1705  0.1062  0.2170  0.0316  0.0696  0.1676  0.0788  0.0682  0.0821  0.0084
  45  2.1520E-07    0.178059    0.240538  0.3654 -0.1028  0.4536  0.2794  0.4566  0.2879  0.3835  0.3674  0.3168 -0.2704  0.1706  0.1062  0.2170  0.0316  0.0695  0.1677  0.0788  0.0682  0.0821  0.0084
