Iter   Tolerance Admix(mean)   Admix(SD)    Fst1    Fst2    Fst3    Fst4    Fst5    Fst6   QPop1   QPop2   QPop3   QPop4   QPop5   QPop6
   1  1.2046E-02    0.745484    0.107518  0.1975 -0.3073  0.2389  0.1069  0.1356  0.1381  0.2183  0.1377  0.2005  0.1414  0.1501  0.1520
   2  7.7162E-03    0.585949    0.234608  0.2547 -0.2067  0.3422  0.1774  0.1968  0.2021  0.2724  0.1236  0.2474  0.1050  0.1235  0.1282
   3  3.0339E-03    0.481654    0.255256  0.2785 -0.1924  0.3742  0.2025  0.2338  0.2541  0.2961  0.1219  0.2720  0.0853  0.1073  0.1175
   4  2.9947E-03    0.388284    0.255516  0.2886 -0.1866  0.3817  0.2486  0.2980  0.3141  0.3031  0.1208  0.2786  0.0734  0.1065  0.1175
   5  1.6630E-03    0.312945    0.260307  0.2962 -0.1764  0.3873  0.2851  0.3342  0.3452  0.3072  0.1175  0.2867  0.0694  0.1046  0.1145
   6  4.0239E-04    0.266907    0.264376  0.3001 -0.1684  0.3908  0.2914  0.3476  0.3570  0.3147  0.1159  0.2988  0.0577  0.1019  0.1110
   7  1.4521E-04    0.241579    0.261947  0.3030 -0.1625  0.3932  0.2783  0.3515  0.3615  0.3199  0.1156  0.3103  0.0486  0.0984  0.1072
   8  7.1401E-05    0.226179    0.258803  0.3055 -0.1584  0.3948  0.2636  0.3521  0.3633  0.3228  0.1152  0.3197  0.0435  0.0951  0.1038
   9  4.0231E-05    0.216301    0.255782  0.3072 -0.1567  0.3952  0.2577  0.3511  0.3636  0.3243  0.1148  0.3269  0.0409  0.0922  0.1010
  10  1.9998E-05    0.210383    0.253456  0.3083 -0.1560  0.3952  0.2567  0.3497  0.3633  0.3250  0.1147  0.3323  0.0396  0.0898  0.0987
  11  1.1598E-05    0.206677    0.251524  0.3093 -0.1556  0.3951  0.2564  0.3485  0.3630  0.3253  0.1146  0.3365  0.0388  0.0878  0.0969
  12  7.0934E-06    0.204289    0.249758  0.3101 -0.1553  0.3949  0.2563  0.3475  0.3628  0.3254  0.1146  0.3398  0.0384  0.0862  0.0955
  13  4.3847E-06    0.202546    0.248291  0.3108 -0.1551  0.3948  0.2563  0.3468  0.3626  0.3255  0.1147  0.3423  0.0382  0.0848  0.0944
  14  2.8053E-06    0.201283    0.246983  0.3113 -0.1550  0.3947  0.2563  0.3462  0.3625  0.3257  0.1146  0.3442  0.0381  0.0838  0.0935
  15  1.7973E-06    0.200340    0.245814  0.3117 -0.1549  0.3947  0.2563  0.3457  0.3624  0.3259  0.1146  0.3457  0.0381  0.0829  0.0929
  16  1.1489E-06    0.199652    0.244816  0.3120 -0.1548  0.3946  0.2563  0.3453  0.3623  0.3260  0.1146  0.3467  0.0380  0.0822  0.0923
  17  7.4545E-07    0.199132    0.244015  0.3122 -0.1548  0.3946  0.2562  0.3449  0.3622  0.3262  0.1146  0.3475  0.0380  0.0816  0.0920
  18  4.2757E-07    0.198777    0.243478  0.3123 -0.1547  0.3945  0.2562  0.3447  0.3622  0.3263  0.1147  0.3481  0.0380  0.0813  0.0917
  19  2.3563E-07    0.198600    0.243113  0.3124 -0.1547  0.3944  0.2561  0.3445  0.3621  0.3264  0.1146  0.3484  0.0380  0.0810  0.0915
  20  1.5553E-07    0.198367    0.242985  0.3125 -0.1548  0.3944  0.2560  0.3444  0.3621  0.3264  0.1147  0.3487  0.0380  0.0808  0.0913
  21  8.8237E-08    0.198280    0.242832  0.3125 -0.1548  0.3943  0.2560  0.3443  0.3621  0.3265  0.1147  0.3489  0.0381  0.0807  0.0912
  22  9.5574E-08    0.198120    0.242743  0.3125 -0.1548  0.3943  0.2559  0.3442  0.3621  0.3265  0.1147  0.3490  0.0381  0.0806  0.0911
  23  9.1833E-08    0.197949    0.242663  0.3125 -0.1548  0.3942  0.2558  0.3442  0.3621  0.3266  0.1147  0.3492  0.0381  0.0804  0.0911
  24  7.9612E-08    0.197827    0.242547  0.3125 -0.1548  0.3942  0.2557  0.3441  0.3621  0.3266  0.1147  0.3493  0.0381  0.0803  0.0910
  25  7.4917E-08    0.197704    0.242434  0.3125 -0.1548  0.3941  0.2556  0.3440  0.3621  0.3267  0.1147  0.3494  0.0381  0.0802  0.0909
  26  8.7536E-08    0.197530    0.242370  0.3125 -0.1549  0.3941  0.2555  0.3439  0.3620  0.3267  0.1147  0.3494  0.0382  0.0801  0.0908
  27  7.3465E-08    0.197416    0.242262  0.3125 -0.1549  0.3940  0.2554  0.3439  0.3620  0.3268  0.1147  0.3495  0.0382  0.0801  0.0908
  28  9.8165E-08    0.197209    0.242240  0.3125 -0.1549  0.3940  0.2553  0.3438  0.3620  0.3268  0.1147  0.3496  0.0382  0.0800  0.0907
  29  7.7570E-08    0.197082    0.242151  0.3125 -0.1549  0.3939  0.2551  0.3438  0.3620  0.3269  0.1147  0.3496  0.0382  0.0799  0.0906
  30  8.5158E-08    0.196941    0.242086  0.3124 -0.1549  0.3939  0.2550  0.3437  0.3619  0.3269  0.1148  0.3497  0.0382  0.0798  0.0906
  31  8.3953E-08    0.196800    0.242026  0.3124 -0.1549  0.3939  0.2549  0.3436  0.3619  0.3270  0.1148  0.3497  0.0382  0.0797  0.0905
  32  7.3027E-08    0.196698    0.241938  0.3124 -0.1550  0.3938  0.2548  0.3436  0.3619  0.3271  0.1148  0.3498  0.0383  0.0797  0.0905
  33  6.2891E-08    0.196642    0.241824  0.3124 -0.1550  0.3938  0.2547  0.3435  0.3618  0.3271  0.1147  0.3498  0.0383  0.0796  0.0905
  34  7.8327E-08    0.196526    0.241756  0.3124 -0.1550  0.3938  0.2546  0.3435  0.3618  0.3272  0.1147  0.3498  0.0383  0.0795  0.0904
  35  8.1408E-08    0.196396    0.241709  0.3123 -0.1550  0.3937  0.2545  0.3434  0.3618  0.3272  0.1148  0.3499  0.0383  0.0795  0.0904
  36  1.0224E-07    0.196163    0.241744  0.3123 -0.1551  0.3937  0.2544  0.3434  0.3617  0.3273  0.1148  0.3499  0.0383  0.0794  0.0903
  37  8.9399E-08    0.195983    0.241744  0.3123 -0.1551  0.3936  0.2542  0.3434  0.3617  0.3273  0.1148  0.3499  0.0383  0.0794  0.0903
  38  6.3128E-08    0.195924    0.241652  0.3123 -0.1551  0.3936  0.2541  0.3433  0.3617  0.3274  0.1148  0.3499  0.0384  0.0793  0.0902
  39  6.4311E-08    0.195855    0.241568  0.3122 -0.1551  0.3936  0.2540  0.3433  0.3617  0.3274  0.1147  0.3500  0.0384  0.0793  0.0902
  40  9.8649E-08    0.195649    0.241578  0.3122 -0.1551  0.3936  0.2539  0.3432  0.3616  0.3275  0.1148  0.3500  0.0384  0.0792  0.0901
  41  7.1060E-08    0.195576    0.241512  0.3122 -0.1552  0.3935  0.2538  0.3432  0.3616  0.3275  0.1148  0.3500  0.0384  0.0792  0.0901
  42  6.0221E-08    0.195528    0.241437  0.3122 -0.1552  0.3935  0.2536  0.3432  0.3616  0.3275  0.1148  0.3500  0.0384  0.0791  0.0901
  43  8.7065E-08    0.195386    0.241411  0.3122 -0.1552  0.3935  0.2535  0.3431  0.3615  0.3276  0.1148  0.3500  0.0385  0.0791  0.0901
  44  8.3082E-08    0.195239    0.241421  0.3122 -0.1552  0.3934  0.2534  0.3431  0.3615  0.3276  0.1148  0.3500  0.0385  0.0790  0.0900
  45  7.8778E-08    0.195134    0.241377  0.3121 -0.1552  0.3934  0.2533  0.3430  0.3615  0.3277  0.1148  0.3501  0.0385  0.0790  0.0900
  46  9.4444E-08    0.194957    0.241386  0.3121 -0.1553  0.3934  0.2532  0.3430  0.3614  0.3277  0.1148  0.3500  0.0385  0.0790  0.0900
  47  5.6035E-08    0.194903    0.241347  0.3121 -0.1553  0.3934  0.2531  0.3430  0.3614  0.3277  0.1148  0.3501  0.0385  0.0789  0.0900
  48  8.0651E-08    0.194768    0.241339  0.3121 -0.1553  0.3933  0.2530  0.3429  0.3614  0.3277  0.1149  0.3501  0.0385  0.0789  0.0899
  49  7.8186E-08    0.194667    0.241311  0.3121 -0.1553  0.3933  0.2529  0.3429  0.3614  0.3277  0.1149  0.3501  0.0385  0.0788  0.0899
  50  9.5346E-08    0.194480    0.241353  0.3120 -0.1553  0.3933  0.2528  0.3429  0.3614  0.3278  0.1149  0.3502  0.0385  0.0788  0.0899
  51  6.6118E-08    0.194441    0.241270  0.3120 -0.1554  0.3933  0.2526  0.3429  0.3613  0.3278  0.1148  0.3502  0.0386  0.0788  0.0898
