Iter   Tolerance Admix(mean)   Admix(SD)    Fst1    Fst2    Fst3    Fst4    Fst5    Fst6    Fst7    Fst8    Fst9   Fst10   QPop1   QPop2   QPop3   QPop4   QPop5   QPop6   QPop7   QPop8   QPop9  QPop10
   1  1.1413E-02    0.639090    0.223921  0.2666 -0.2224  0.3485  0.1083  0.2913  0.2095  0.2368  0.1565 -0.0996  0.2000  0.1464  0.1164  0.1607  0.0601  0.0851  0.1537  0.0850  0.0629  0.0430  0.0867
   2  4.0295E-03    0.455952    0.249449  0.3262 -0.1675  0.4082  0.2251  0.4165  0.2461  0.3368  0.2973 -0.2803  0.2768  0.1667  0.1090  0.1839  0.0492  0.0899  0.1452  0.0897  0.0584  0.0210  0.0870
   3  8.7997E-04    0.352841    0.277892  0.3584 -0.1213  0.4382  0.2630  0.4595  0.2797  0.3782  0.3750 -0.3927  0.3152  0.1731  0.1083  0.1946  0.0404  0.0893  0.1454  0.0923  0.0586  0.0095  0.0884
   4  5.7598E-04    0.303039    0.279693  0.3682 -0.1055  0.4484  0.2712  0.4688  0.2917  0.3892  0.3970 -0.2739  0.3249  0.1753  0.1070  0.2015  0.0356  0.0867  0.1487  0.0918  0.0564  0.0087  0.0882
   5  6.3099E-05    0.280979    0.279139  0.3691 -0.1034  0.4504  0.2732  0.4685  0.2934  0.3900  0.4020 -0.2701  0.3250  0.1760  0.1067  0.2063  0.0337  0.0845  0.1517  0.0905  0.0546  0.0081  0.0879
   6  3.4770E-05    0.266957    0.276516  0.3690 -0.1028  0.4511  0.2749  0.4673  0.2938  0.3896  0.4028 -0.2692  0.3244  0.1761  0.1066  0.2096  0.0330  0.0826  0.1544  0.0892  0.0531  0.0081  0.0873
   7  2.2997E-05    0.256617    0.273672  0.3689 -0.1024  0.4515  0.2765  0.4663  0.2941  0.3893  0.4025 -0.2687  0.3239  0.1757  0.1065  0.2121  0.0327  0.0812  0.1568  0.0879  0.0520  0.0082  0.0869
   8  1.6727E-05    0.248094    0.271368  0.3687 -0.1021  0.4518  0.2777  0.4656  0.2944  0.3889  0.4017 -0.2684  0.3234  0.1753  0.1065  0.2140  0.0325  0.0800  0.1589  0.0868  0.0511  0.0082  0.0866
   9  1.1853E-05    0.241162    0.269403  0.3685 -0.1018  0.4519  0.2787  0.4650  0.2947  0.3886  0.4007 -0.2681  0.3231  0.1748  0.1065  0.2155  0.0324  0.0791  0.1608  0.0860  0.0503  0.0082  0.0864
  10  9.0466E-06    0.234822    0.267452  0.3684 -0.1015  0.4521  0.2794  0.4645  0.2951  0.3883  0.3999 -0.2682  0.3227  0.1743  0.1066  0.2167  0.0323  0.0782  0.1626  0.0853  0.0497  0.0082  0.0862
  11  6.6710E-06    0.229238    0.265689  0.3683 -0.1013  0.4522  0.2799  0.4640  0.2954  0.3880  0.3991 -0.2682  0.3224  0.1737  0.1066  0.2177  0.0323  0.0775  0.1643  0.0846  0.0491  0.0081  0.0861
  12  4.9433E-06    0.224663    0.263959  0.3682 -0.1010  0.4522  0.2804  0.4635  0.2956  0.3878  0.3990 -0.2685  0.3221  0.1733  0.1066  0.2186  0.0322  0.0769  0.1657  0.0840  0.0488  0.0081  0.0858
  13  3.6482E-06    0.220687    0.262753  0.3681 -0.1009  0.4522  0.2807  0.4631  0.2957  0.3876  0.3982 -0.2684  0.3218  0.1731  0.1066  0.2193  0.0322  0.0763  0.1669  0.0835  0.0484  0.0081  0.0856
  14  2.8218E-06    0.217103    0.261288  0.3680 -0.1008  0.4523  0.2811  0.4627  0.2958  0.3874  0.3976 -0.2684  0.3215  0.1728  0.1066  0.2200  0.0321  0.0758  0.1681  0.0831  0.0480  0.0081  0.0854
  15  2.0977E-06    0.214128    0.259938  0.3680 -0.1006  0.4523  0.2812  0.4623  0.2959  0.3872  0.3970 -0.2684  0.3211  0.1727  0.1066  0.2206  0.0321  0.0753  0.1691  0.0826  0.0478  0.0080  0.0851
  16  1.5922E-06    0.211564    0.258932  0.3680 -0.1005  0.4523  0.2813  0.4620  0.2960  0.3870  0.3964 -0.2683  0.3209  0.1726  0.1066  0.2212  0.0320  0.0749  0.1700  0.0823  0.0474  0.0080  0.0850
  17  1.3486E-06    0.209330    0.257934  0.3680 -0.1004  0.4523  0.2814  0.4617  0.2960  0.3869  0.3960 -0.2683  0.3207  0.1725  0.1066  0.2217  0.0320  0.0745  0.1707  0.0820  0.0472  0.0080  0.0849
  18  9.5414E-07    0.207615    0.257109  0.3679 -0.1003  0.4523  0.2814  0.4614  0.2961  0.3868  0.3956 -0.2682  0.3205  0.1725  0.1066  0.2220  0.0320  0.0742  0.1713  0.0817  0.0471  0.0080  0.0847
  19  8.1842E-07    0.205947    0.256236  0.3679 -0.1002  0.4524  0.2815  0.4611  0.2961  0.3867  0.3952 -0.2681  0.3203  0.1726  0.1066  0.2224  0.0319  0.0738  0.1719  0.0814  0.0468  0.0080  0.0845
  20  5.8559E-07    0.204441    0.255274  0.3679 -0.1001  0.4524  0.2815  0.4608  0.2961  0.3866  0.3949 -0.2681  0.3202  0.1726  0.1066  0.2228  0.0319  0.0735  0.1725  0.0812  0.0467  0.0080  0.0843
  21  4.7103E-07    0.203495    0.255047  0.3678 -0.1001  0.4523  0.2815  0.4608  0.2961  0.3866  0.3947 -0.2681  0.3200  0.1726  0.1066  0.2229  0.0319  0.0734  0.1727  0.0810  0.0467  0.0080  0.0842
  22  5.7867E-07    0.202347    0.254253  0.3678 -0.1000  0.4524  0.2816  0.4605  0.2961  0.3865  0.3944 -0.2680  0.3199  0.1727  0.1066  0.2233  0.0318  0.0731  0.1732  0.0808  0.0465  0.0080  0.0840
  23  4.3844E-07    0.201398    0.253650  0.3678 -0.1000  0.4523  0.2816  0.4604  0.2961  0.3864  0.3942 -0.2679  0.3199  0.1727  0.1065  0.2236  0.0318  0.0729  0.1735  0.0806  0.0464  0.0080  0.0838
  24  3.5750E-07    0.200737    0.253377  0.3678 -0.0999  0.4523  0.2816  0.4603  0.2962  0.3863  0.3941 -0.2679  0.3198  0.1728  0.1065  0.2237  0.0318  0.0728  0.1738  0.0805  0.0464  0.0080  0.0838
  25  3.5704E-07    0.199983    0.252831  0.3678 -0.0999  0.4523  0.2817  0.4602  0.2962  0.3862  0.3939 -0.2678  0.3197  0.1729  0.1065  0.2239  0.0318  0.0726  0.1740  0.0804  0.0462  0.0081  0.0836
  26  4.6785E-07    0.199114    0.252092  0.3677 -0.0999  0.4523  0.2817  0.4600  0.2962  0.3861  0.3938 -0.2678  0.3196  0.1730  0.1065  0.2241  0.0317  0.0724  0.1744  0.0802  0.0462  0.0081  0.0834
  27  2.2205E-07    0.198650    0.251946  0.3677 -0.0998  0.4523  0.2817  0.4599  0.2962  0.3861  0.3937 -0.2677  0.3195  0.1731  0.1065  0.2242  0.0317  0.0723  0.1745  0.0801  0.0462  0.0081  0.0834
  28  3.4764E-07    0.198097    0.251407  0.3677 -0.0998  0.4523  0.2817  0.4598  0.2962  0.3860  0.3935 -0.2676  0.3194  0.1732  0.1064  0.2244  0.0317  0.0721  0.1747  0.0799  0.0461  0.0081  0.0833
  29  1.6740E-07    0.197488    0.250738  0.3676 -0.0998  0.4522  0.2817  0.4597  0.2962  0.3859  0.3934 -0.2676  0.3194  0.1732  0.1064  0.2246  0.0317  0.0720  0.1750  0.0798  0.0460  0.0081  0.0832
  30  2.3096E-07    0.197032    0.250297  0.3676 -0.0998  0.4522  0.2818  0.4596  0.2962  0.3859  0.3933 -0.2675  0.3193  0.1733  0.1064  0.2247  0.0317  0.0719  0.1752  0.0797  0.0460  0.0081  0.0831
  31  6.8972E-07    0.196863    0.250173  0.3676 -0.0998  0.4522  0.2818  0.4596  0.2963  0.3858  0.3932 -0.2674  0.3193  0.1734  0.1064  0.2248  0.0317  0.0718  0.1752  0.0796  0.0460  0.0082  0.0830
  32  3.1296E-07    0.196495    0.249903  0.3676 -0.0998  0.4522  0.2818  0.4595  0.2963  0.3858  0.3931 -0.2673  0.3192  0.1735  0.1063  0.2249  0.0317  0.0717  0.1753  0.0795  0.0460  0.0082  0.0829
  33  9.1472E-08    0.196182    0.249345  0.3675 -0.0998  0.4522  0.2818  0.4594  0.2963  0.3858  0.3930 -0.2673  0.3192  0.1736  0.1063  0.2249  0.0317  0.0716  0.1755  0.0795  0.0459  0.0082  0.0828
  34  2.0949E-07    0.195946    0.249197  0.3675 -0.0997  0.4521  0.2818  0.4593  0.2963  0.3857  0.3929 -0.2672  0.3191  0.1737  0.1063  0.2250  0.0317  0.0715  0.1756  0.0794  0.0459  0.0082  0.0828
  35  3.0807E-07    0.195574    0.248748  0.3675 -0.0997  0.4521  0.2819  0.4593  0.2963  0.3857  0.3929 -0.2672  0.3190  0.1738  0.1063  0.2251  0.0316  0.0714  0.1757  0.0793  0.0459  0.0083  0.0826
  36  2.1887E-07    0.195229    0.248149  0.3674 -0.0997  0.4521  0.2819  0.4592  0.2963  0.3857  0.3928 -0.2671  0.3190  0.1738  0.1063  0.2252  0.0316  0.0713  0.1759  0.0792  0.0459  0.0083  0.0825
  37  2.9159E-07    0.195052    0.248134  0.3674 -0.0997  0.4521  0.2819  0.4591  0.2963  0.3856  0.3927 -0.2670  0.3189  0.1739  0.1063  0.2253  0.0316  0.0712  0.1759  0.0792  0.0458  0.0083  0.0825
  38  3.4865E-07    0.194815    0.247863  0.3674 -0.0997  0.4521  0.2819  0.4591  0.2963  0.3856  0.3927 -0.2670  0.3189  0.1739  0.1062  0.2254  0.0316  0.0711  0.1760  0.0791  0.0458  0.0083  0.0824
  39  5.6281E-07    0.194737    0.247773  0.3674 -0.0997  0.4521  0.2819  0.4591  0.2963  0.3856  0.3926 -0.2670  0.3189  0.1740  0.1062  0.2254  0.0316  0.0711  0.1760  0.0791  0.0458  0.0083  0.0824
  40  2.4265E-07    0.194514    0.247575  0.3674 -0.0997  0.4520  0.2819  0.4590  0.2963  0.3856  0.3925 -0.2669  0.3188  0.1741  0.1062  0.2255  0.0316  0.0710  0.1761  0.0791  0.0458  0.0083  0.0823
  41  1.7370E-07    0.194278    0.247288  0.3673 -0.0997  0.4520  0.2819  0.4590  0.2963  0.3855  0.3925 -0.2669  0.3188  0.1741  0.1062  0.2255  0.0316  0.0710  0.1762  0.0790  0.0458  0.0083  0.0823
  42  4.0966E-07    0.194060    0.246969  0.3673 -0.0997  0.4520  0.2820  0.4589  0.2963  0.3855  0.3924 -0.2669  0.3188  0.1742  0.1062  0.2256  0.0316  0.0709  0.1763  0.0789  0.0458  0.0083  0.0822
  43  1.7681E-07    0.193911    0.246873  0.3673 -0.0997  0.4520  0.2820  0.4588  0.2963  0.3855  0.3924 -0.2668  0.3188  0.1742  0.1062  0.2257  0.0316  0.0708  0.1763  0.0789  0.0457  0.0084  0.0822
  44  2.2632E-07    0.193732    0.246652  0.3673 -0.0997  0.4520  0.2820  0.4588  0.2963  0.3855  0.3923 -0.2668  0.3187  0.1743  0.1062  0.2257  0.0316  0.0708  0.1764  0.0788  0.0457  0.0084  0.0821
  45  4.2265E-07    0.193475    0.246300  0.3673 -0.0997  0.4520  0.2820  0.4587  0.2963  0.3855  0.3923 -0.2668  0.3187  0.1743  0.1062  0.2259  0.0316  0.0707  0.1765  0.0788  0.0457  0.0084  0.0820
  46  8.7433E-08    0.193365    0.246178  0.3672 -0.0997  0.4520  0.2820  0.4587  0.2963  0.3855  0.3922 -0.2668  0.3187  0.1743  0.1061  0.2259  0.0316  0.0706  0.1765  0.0787  0.0457  0.0084  0.0820
  47  3.1213E-07    0.193313    0.246086  0.3672 -0.0997  0.4519  0.2820  0.4587  0.2963  0.3854  0.3922 -0.2667  0.3187  0.1744  0.1061  0.2259  0.0316  0.0706  0.1765  0.0787  0.0457  0.0084  0.0820
