Iter   Tolerance Admix(mean)   Admix(SD)    Fst1    Fst2    Fst3    Fst4    Fst5    Fst6    Fst7    Fst8    Fst9   Fst10   QPop1   QPop2   QPop3   QPop4   QPop5   QPop6   QPop7   QPop8   QPop9  QPop10
   1  1.2065E-02    0.627030    0.221409  0.2633 -0.2172  0.3497  0.1220  0.2980  0.2152  0.2428  0.1649  0.1232 -0.0981  0.1862  0.1161  0.1352  0.0616  0.0854  0.1659  0.0860  0.0630  0.0584  0.0423
   2  4.0036E-03    0.442248    0.251812  0.3039 -0.1714  0.4157  0.2263  0.4151  0.2444  0.3342  0.2967  0.2408 -0.2575  0.2175  0.1093  0.1563  0.0509  0.0892  0.1560  0.0910  0.0582  0.0497  0.0218
   3  8.4574E-04    0.341361    0.281321  0.3224 -0.1425  0.4381  0.2509  0.4476  0.2668  0.3646  0.3515  0.3130 -0.3487  0.2302  0.1088  0.1654  0.0432  0.0878  0.1570  0.0928  0.0548  0.0467  0.0132
   4  1.5950E-04    0.297995    0.287072  0.3364 -0.1169  0.4528  0.2658  0.4608  0.2848  0.3806  0.3700  0.3383 -0.3976  0.2372  0.1086  0.1714  0.0393  0.0854  0.1626  0.0925  0.0513  0.0435  0.0082
   5  6.5778E-05    0.275025    0.284739  0.3483 -0.0951  0.4645  0.2804  0.4698  0.2990  0.3922  0.3794  0.3486 -0.4163  0.2412  0.1086  0.1757  0.0374  0.0832  0.1680  0.0913  0.0486  0.0409  0.0050
   6  3.4695E-05    0.261527    0.281377  0.3570 -0.0794  0.4731  0.2919  0.4761  0.3087  0.4003  0.3851  0.3537 -0.4052  0.2430  0.1086  0.1786  0.0364  0.0814  0.1723  0.0901  0.0467  0.0390  0.0039
   7  2.1418E-05    0.252559    0.278418  0.3626 -0.0695  0.4787  0.2998  0.4799  0.3145  0.4053  0.3884  0.3562 -0.3845  0.2435  0.1086  0.1809  0.0358  0.0801  0.1757  0.0889  0.0452  0.0375  0.0037
   8  1.4993E-05    0.245700    0.276067  0.3659 -0.0635  0.4824  0.3049  0.4820  0.3179  0.4081  0.3900  0.3572 -0.3671  0.2434  0.1086  0.1827  0.0355  0.0790  0.1787  0.0879  0.0441  0.0364  0.0037
   9  1.2424E-04    0.237568    0.270241  0.3580 -0.0757  0.4768  0.2959  0.4747  0.3091  0.4001  0.3797  0.3451 -0.3665  0.2426  0.1105  0.1836  0.0347  0.0776  0.1809  0.0866  0.0427  0.0351  0.0056
  10  8.4200E-06    0.232132    0.267672  0.3554 -0.0799  0.4755  0.2931  0.4718  0.3062  0.3973  0.3760  0.3402 -0.3825  0.2422  0.1106  0.1851  0.0344  0.0767  0.1836  0.0858  0.0419  0.0343  0.0054
  11  6.2800E-06    0.227503    0.265317  0.3544 -0.0816  0.4754  0.2918  0.4702  0.3049  0.3959  0.3747  0.3377 -0.3888  0.2417  0.1106  0.1864  0.0341  0.0759  0.1860  0.0851  0.0414  0.0337  0.0052
  12  4.5869E-06    0.223447    0.263146  0.3541 -0.0819  0.4760  0.2912  0.4694  0.3045  0.3953  0.3737  0.3357 -0.3912  0.2412  0.1106  0.1875  0.0338  0.0752  0.1882  0.0845  0.0409  0.0331  0.0051
  13  3.4752E-06    0.220020    0.261174  0.3543 -0.0815  0.4768  0.2910  0.4690  0.3046  0.3952  0.3733  0.3344 -0.3925  0.2408  0.1106  0.1885  0.0336  0.0746  0.1902  0.0839  0.0404  0.0326  0.0050
  14  2.7931E-06    0.217086    0.259487  0.3548 -0.0807  0.4778  0.2911  0.4689  0.3050  0.3953  0.3733  0.3335 -0.3937  0.2405  0.1105  0.1893  0.0333  0.0741  0.1919  0.0834  0.0400  0.0322  0.0048
  15  2.0712E-06    0.214495    0.257871  0.3552 -0.0800  0.4788  0.2912  0.4687  0.3053  0.3955  0.3730  0.3329 -0.3939  0.2402  0.1105  0.1900  0.0331  0.0736  0.1935  0.0830  0.0397  0.0318  0.0047
  16  1.8648E-06    0.212122    0.256490  0.3556 -0.0794  0.4796  0.2913  0.4686  0.3057  0.3956  0.3732  0.3323 -0.3940  0.2400  0.1105  0.1906  0.0329  0.0731  0.1948  0.0826  0.0394  0.0315  0.0046
  17  1.3099E-06    0.210253    0.255385  0.3559 -0.0788  0.4804  0.2914  0.4686  0.3060  0.3957  0.3734  0.3317 -0.3940  0.2397  0.1105  0.1911  0.0328  0.0727  0.1960  0.0822  0.0392  0.0312  0.0046
  18  1.0142E-06    0.208336    0.253876  0.3562 -0.0784  0.4811  0.2913  0.4684  0.3062  0.3958  0.3735  0.3310 -0.3929  0.2394  0.1105  0.1916  0.0326  0.0723  0.1973  0.0819  0.0390  0.0309  0.0045
  19  8.9805E-07    0.206926    0.253129  0.3561 -0.0785  0.4815  0.2911  0.4681  0.3061  0.3956  0.3732  0.3306 -0.3892  0.2392  0.1104  0.1919  0.0325  0.0720  0.1982  0.0817  0.0388  0.0307  0.0046
  20  1.1764E-06    0.205698    0.252542  0.3558 -0.0790  0.4817  0.2907  0.4677  0.3058  0.3953  0.3730  0.3297 -0.3828  0.2390  0.1103  0.1921  0.0324  0.0717  0.1990  0.0815  0.0387  0.0306  0.0047
  21  1.6509E-06    0.204330    0.251601  0.3554 -0.0799  0.4817  0.2900  0.4671  0.3053  0.3947  0.3726  0.3285 -0.3744  0.2388  0.1101  0.1924  0.0323  0.0715  0.1999  0.0812  0.0386  0.0304  0.0048
  22  2.1810E-06    0.202891    0.250427  0.3549 -0.0809  0.4816  0.2893  0.4664  0.3047  0.3941  0.3718  0.3275 -0.3657  0.2388  0.1099  0.1926  0.0322  0.0711  0.2008  0.0810  0.0384  0.0302  0.0050
  23  1.8725E-06    0.202096    0.250000  0.3543 -0.0820  0.4815  0.2886  0.4659  0.3041  0.3935  0.3714  0.3265 -0.3583  0.2387  0.1096  0.1927  0.0321  0.0710  0.2014  0.0808  0.0383  0.0301  0.0052
  24  1.8752E-06    0.200720    0.248968  0.3538 -0.0829  0.4815  0.2880  0.4653  0.3035  0.3930  0.3710  0.3253 -0.3524  0.2386  0.1094  0.1930  0.0320  0.0707  0.2021  0.0806  0.0382  0.0299  0.0054
  25  2.5206E-06    0.199828    0.248379  0.3533 -0.0841  0.4814  0.2873  0.4647  0.3028  0.3924  0.3706  0.3242 -0.3453  0.2385  0.1091  0.1931  0.0320  0.0706  0.2026  0.0805  0.0382  0.0298  0.0057
  26  8.4294E-06    0.198454    0.247507  0.3524 -0.0858  0.4810  0.2863  0.4639  0.3019  0.3915  0.3696  0.3231 -0.3334  0.2384  0.1086  0.1933  0.0319  0.0704  0.2031  0.0804  0.0381  0.0297  0.0062
  27  1.5825E-05    0.196926    0.246765  0.3516 -0.0873  0.4807  0.2854  0.4632  0.3011  0.3908  0.3691  0.3218 -0.3222  0.2383  0.1078  0.1933  0.0319  0.0702  0.2035  0.0803  0.0381  0.0296  0.0069
  28  7.1186E-06    0.195311    0.245979  0.3514 -0.0878  0.4808  0.2851  0.4628  0.3008  0.3905  0.3689  0.3209 -0.3179  0.2383  0.1073  0.1935  0.0318  0.0700  0.2041  0.0801  0.0380  0.0295  0.0074
  29  2.5441E-06    0.194328    0.245875  0.3513 -0.0880  0.4810  0.2850  0.4627  0.3007  0.3904  0.3688  0.3207 -0.3165  0.2383  0.1070  0.1936  0.0317  0.0699  0.2044  0.0800  0.0379  0.0294  0.0077
  30  6.7094E-07    0.193709    0.245699  0.3513 -0.0880  0.4812  0.2849  0.4626  0.3007  0.3903  0.3690  0.3202 -0.3161  0.2382  0.1069  0.1937  0.0317  0.0698  0.2047  0.0799  0.0380  0.0293  0.0078
  31  4.0012E-07    0.193177    0.245233  0.3513 -0.0879  0.4815  0.2849  0.4626  0.3007  0.3903  0.3692  0.3197 -0.3160  0.2382  0.1068  0.1938  0.0317  0.0696  0.2049  0.0798  0.0380  0.0293  0.0078
  32  2.7659E-07    0.192710    0.244928  0.3513 -0.0879  0.4818  0.2849  0.4625  0.3007  0.3903  0.3691  0.3196 -0.3160  0.2382  0.1068  0.1940  0.0316  0.0695  0.2052  0.0798  0.0379  0.0292  0.0079
  33  2.8280E-07    0.192462    0.244554  0.3514 -0.0878  0.4820  0.2849  0.4624  0.3007  0.3903  0.3693  0.3191 -0.3160  0.2382  0.1068  0.1941  0.0316  0.0694  0.2054  0.0797  0.0379  0.0291  0.0078
  34  1.3499E-07    0.192032    0.244278  0.3514 -0.0878  0.4823  0.2849  0.4624  0.3007  0.3902  0.3695  0.3186 -0.3159  0.2382  0.1068  0.1941  0.0316  0.0693  0.2057  0.0796  0.0379  0.0290  0.0078
