 K Run Tem Iterate    Move%     Time        CurrentLogL           BestLogL     Fst1     Fst2     Fst3     Fst4     Fst5     Fst6     Fst7     Fst8     Fst9    Fst10     Fis1     Fis2     Fis3     Fis4     Fis5     Fis6     Fis7     Fis8     Fis9    Fis10
10   4   1       0   1.0000 16:57:10 -4.50093607123E+05 -4.50093607123E+05 -0.13320  0.02490  0.05528  0.03255  0.16171 -0.06164 -0.15676  0.15229  0.04129 -0.13596 -0.15996 -0.11341 -0.11732 -0.13435 -0.15210 -0.07032 -0.12696 -0.11258 -0.14879 -0.13865
10   4   1     100   1.9231 16:57:10 -4.49029625556E+05 -4.49029625556E+05 -0.13320  0.02490  0.05528  0.03255  0.16171 -0.06164 -0.15676  0.15229  0.04129 -0.13596 -0.15996 -0.11341 -0.11732 -0.13435 -0.15210 -0.07032 -0.12696 -0.11258 -0.14879 -0.13865
10   4   1     200  35.2941 16:57:10 -4.13938824404E+05 -4.13938824404E+05  0.15229  0.04129 -0.13596 -0.13320  0.16171  0.02490 -0.15676  0.05528  0.03255 -0.06164 -0.11258 -0.14879 -0.13865 -0.15996 -0.15210 -0.11341 -0.12696 -0.11732 -0.13435 -0.07032
10   4   1     400  35.6436 16:57:10 -3.88282473857E+05 -3.88282473857E+05  0.16171  0.05528  0.15229  0.03255 -0.13596 -0.06164  0.04129 -0.13320  0.02490 -0.15676 -0.15210 -0.11732 -0.11258 -0.13435 -0.13865 -0.07032 -0.14879 -0.15996 -0.11341 -0.12696
10   4   1     800  30.5970 16:57:10 -3.84317757534E+05 -3.82017364338E+05  0.16171  0.04129  0.15229  0.05528 -0.13320 -0.15676 -0.06164  0.02490  0.03255 -0.13596 -0.15210 -0.14879 -0.11258 -0.11732 -0.15996 -0.12696 -0.07032 -0.11341 -0.13435 -0.13865
10   4   1    1600  33.6658 16:57:10 -3.81391616342E+05 -3.78737844060E+05  0.04129  0.15229  0.03255 -0.15676 -0.06164  0.02490  0.16171  0.05528 -0.13320 -0.13596 -0.14879 -0.11258 -0.13435 -0.12696 -0.07032 -0.11341 -0.15210 -0.11732 -0.15996 -0.13865
10   4   1    3200  36.8914 16:57:10 -3.84975163060E+05 -3.77174212883E+05  0.16171 -0.13596  0.04129 -0.06164 -0.13320  0.05528  0.02490 -0.15676  0.15229  0.03255 -0.15210 -0.13865 -0.14879 -0.07032 -0.15996 -0.11732 -0.11341 -0.12696 -0.11258 -0.13435
10   4   2    6400  42.2482 16:57:10 -3.86844461929E+05 -3.77060864744E+05  0.04129  0.16171  0.15229 -0.06164  0.02490  0.03255 -0.13596 -0.13320 -0.15676  0.05528 -0.14879 -0.15210 -0.11258 -0.07032 -0.11341 -0.13435 -0.13865 -0.15996 -0.12696 -0.11732
10   4   3   12800  32.3305 17:57:10 -3.81134440089E+05 -3.75308319782E+05  0.37064  0.01945  0.01742  1.00000 -0.24274  0.02216  0.57759  0.36142  1.00000  0.49995 -0.17786 -0.90585 -0.86442  0.00000  0.01505 -0.93304 -0.88116 -0.16209  0.00000 -0.56734
10   4   3   25600  23.2568 17:57:10 -3.80743655895E+05 -3.75308319782E+05  0.36763  1.00000  1.00000  1.00000  0.03062  1.00000  0.01322  1.00000  1.00000  0.58180 -0.15878  0.00000  0.00000  0.00000 -0.90055  0.00000 -0.76896  0.00000  0.00000 -0.88116
10   4   3   32000  23.5177 18:57:10 -3.85918399052E+05 -3.75308319782E+05  0.38979  1.00000  1.00000  0.07556  1.00000  1.00000  1.00000  0.07111  1.00000  1.00000 -0.14777  0.00000  0.00000 -0.91408  0.00000  0.00000  0.00000 -0.82653  0.00000  0.00000
10   4   4   51200  31.4594 19:57:10 -3.82651536583E+05 -3.73590194885E+05  0.36764  0.58175  1.00000  0.03029  0.03191  1.00000  1.00000  1.00000  1.00000  1.00000 -0.16065 -0.88116  0.00000 -0.88925 -0.89689  0.00000  0.00000  0.00000  0.00000  0.00000
10   4   4   72000  26.7455 20:57:10 -3.82352420587E+05 -3.73590194885E+05  0.38205  1.00000  1.00000  0.04582  1.00000  1.00000  0.03277  1.00000  1.00000  0.40337 -0.23091  0.00000  0.00000 -0.86833  0.00000  0.00000 -0.91518  0.00000  0.00000 -0.15071
10   4   6  102400  26.7553 21:57:10 -3.75480805228E+05 -3.72273764414E+05  0.39310  0.35877  0.00009  1.00000  1.00000  1.00000  0.00252  1.00000  1.00000  0.57037 -0.19694 -0.21202 -0.86552  0.00000  0.00000  0.00000 -0.90129  0.00000  0.00000 -0.88116
10   4   6  112000  28.3027 22:57:10 -3.78003583796E+05 -3.71864372962E+05  0.39369  0.35354  0.00061  1.00000  1.00000  1.00000  0.00318  1.00000  1.00000  0.57037 -0.17888 -0.21637 -0.87675  0.00000  0.00000  0.00000 -0.94732  0.00000  0.00000 -0.88116
10   4   7  120773  17.9000 22:57:10 -3.77860025728E+05 -3.71864372962E+05  0.35354  0.57037  1.00000  0.00061  0.39369  1.00000  1.00000  1.00000  0.00318  1.00000 -0.21637 -0.88116  0.00000 -0.87675 -0.17888  0.00000  0.00000  0.00000 -0.94732  0.00000
10   4   7  148000  24.1340 24:57:10 -3.73999165317E+05 -3.70592849381E+05  0.39068  0.35426  0.00002  0.00468  1.00000  1.00000  1.00000  1.00000  1.00000  0.45500 -0.18335 -0.21830 -0.91245 -0.84188  0.00000  0.00000  0.00000  0.00000  0.00000 -0.47348
10   4   8  161110  19.4000 25:57:10 -3.73687704719E+05 -3.70592849381E+05  0.35621  0.40434 -0.00465  0.00097  1.00000  1.00000  1.00000  1.00000  0.56916  1.00000 -0.21444 -0.20888 -0.91322 -0.84188  0.00000  0.00000  0.00000  0.00000 -0.88116  0.00000
10   4   8  180000  21.2561 26:57:10 -3.76845701363E+05 -3.69723165263E+05  0.31377  0.38386 -0.06941 -0.06527  0.47688  0.45535  1.00000  1.00000  1.00000  0.53991 -0.24909 -0.21179 -0.87600 -0.96366 -0.28861 -0.56734  0.00000  0.00000  0.00000 -0.88116
10   4   8  216000  18.6785 28:57:10 -3.69396640039E+05 -3.65574381742E+05  0.52024  0.37295  0.29983  0.57755 -0.08709 -0.08227  1.00000  1.00000  1.00000  0.40639 -0.67994 -0.17764 -0.24488 -0.90638 -0.88006 -0.92797  0.00000  0.00000  0.00000 -0.47348
10   4   9  217106   8.9000 28:57:10 -3.67821376184E+05 -3.65574381742E+05  0.52024  0.37295  0.29983  0.57755 -0.08709 -0.08227  1.00000  1.00000  1.00000  0.40639 -0.67994 -0.17764 -0.24488 -0.90638 -0.88006 -0.92797  0.00000  0.00000  0.00000 -0.47348
10   4  10  245574   8.7000 29:57:10 -3.69833784533E+05 -3.65574381742E+05  0.50410  0.30768  0.19725  0.51581 -0.24497  1.00000  1.00000  1.00000  0.46416  0.36567 -0.87135 -0.21594 -0.22923 -0.90638 -0.89977  0.00000  0.00000  0.00000 -0.88116 -0.56734
10   4  10  252000   8.5979 30:57:10 -3.65948694159E+05 -3.65574381742E+05  0.50410  0.30768  0.19725  0.51581 -0.24497  1.00000  0.36567  1.00000  1.00000  0.46416 -0.87135 -0.21594 -0.22923 -0.90638 -0.89977  0.00000 -0.56734  0.00000  0.00000 -0.88116
10   4  10  292000   8.2769 32:57:10 -3.65587635876E+05 -3.62238422583E+05  0.44349  0.28135  0.19162  0.50997 -0.25661  0.36262  1.00000  1.00000  0.13897  0.34600 -0.67994 -0.21288 -0.25225 -0.90638 -0.89199 -0.43204  0.00000  0.00000 -0.04365 -0.55353
10   4  10  328000   8.0546 34:57:10 -3.63450747426E+05 -3.60520258847E+05  0.55450  0.40125  0.27580  0.56502 -0.11954 -0.11659  0.44986  1.00000  1.00000  0.38878 -0.87135 -0.21849 -0.25302 -0.90638 -0.93187 -0.84437 -0.36313  0.00000  0.00000 -0.47348
10   4  12  362381   4.6000 35:57:10 -3.62681873079E+05 -3.60520258847E+05  0.38343  0.31538  0.20623  0.51915 -0.23306  1.00000  0.37827  1.00000  1.00000  0.46785 -0.43677 -0.21751 -0.26750 -0.90638 -0.89199  0.00000 -0.39850  0.00000  0.00000 -0.88116
10   4  12  364000   4.0592 36:57:10 -3.62596430511E+05 -3.60520258847E+05  0.38343  0.31538  0.20623  0.51915 -0.23306  1.00000  0.37827  1.00000  1.00000  0.46785 -0.43677 -0.21751 -0.26750 -0.90638 -0.89199  0.00000 -0.39850  0.00000  0.00000 -0.88116
10   4  13  371033   2.8000 36:57:10 -3.61857869618E+05 -3.60520258847E+05  0.38684  0.31347  0.20561  0.51803 -0.23929  1.00000  0.37682  1.00000  1.00000  0.32276 -0.44473 -0.20982 -0.28175 -0.90638 -0.90367  0.00000 -0.39850  0.00000  0.00000 -0.47348
10   4  14  398533   0.8000 37:57:10 -3.62019781831E+05 -3.60520258847E+05  0.38161  0.32229  0.20394  0.51773 -0.23650  1.00000  0.37644  1.00000  0.32233  1.00000 -0.43677 -0.21303 -0.28630 -0.90638 -0.90887  0.00000 -0.39850  0.00000 -0.47348  0.00000
10   4  14  408000   1.9477 38:57:10 -3.61902527573E+05 -3.60520258847E+05  0.38367  0.27633  0.21667  0.51933 -0.23221  1.00000  0.37852  1.00000  1.00000  0.32460 -0.43677 -0.22190 -0.27221 -0.90638 -0.90540  0.00000 -0.39850  0.00000  0.00000 -0.47348
10   4  15  427043   2.0000 39:57:10 -3.62031011983E+05 -3.60520258847E+05  0.37214  0.32855  0.18814  0.51034 -0.25900  0.36689  1.00000  1.00000  0.45810  0.35851 -0.43677 -0.22581 -0.27069 -0.90638 -0.90116 -0.39850  0.00000  0.00000 -0.88116 -0.56734
10   4  16  438811   1.5000 39:57:10 -3.62177110012E+05 -3.60520258847E+05  0.37227  0.32308  0.19014  0.51045 -0.25887  0.36702  1.00000  1.00000  0.45822  0.35864 -0.43677 -0.22075 -0.27785 -0.90638 -0.88533 -0.39850  0.00000  0.00000 -0.88116 -0.56734
10   4  16  444000   1.3725 40:57:10 -3.62385262392E+05 -3.60520258847E+05  0.37227  0.32308  0.19014  0.51045 -0.25887  0.36702  1.00000  1.00000  0.45822  0.35864 -0.43677 -0.22075 -0.27785 -0.90638 -0.88533 -0.39850  0.00000  0.00000 -0.88116 -0.56734
10   4  17  484000   1.9276 42:57:10 -3.61888388890E+05 -3.60520258847E+05  0.37343  0.30719  0.19570  0.51135 -0.25305  0.36819  1.00000  1.00000  0.45922  0.35983 -0.43677 -0.20650 -0.29404 -0.90638 -0.89199 -0.39850  0.00000  0.00000 -0.88116 -0.56734
10   4  18  488800   1.7000 42:57:10 -3.61916636272E+05 -3.60520258847E+05  0.37363  0.30801  0.19598  0.51151 -0.25596  1.00000  0.36840  1.00000  0.45939  0.36003 -0.43677 -0.20932 -0.29311 -0.90638 -0.90476  0.00000 -0.39850  0.00000 -0.88116 -0.56734
10   4  19  504183   0.8000 43:57:10 -3.61751372339E+05 -3.60520258847E+05  0.37314  0.31302  0.19298  0.51113 -0.25695  1.00000  0.36790  1.00000  0.45897  0.35953 -0.43677 -0.21303 -0.28571 -0.90638 -0.90476  0.00000 -0.39850  0.00000 -0.88116 -0.56734
10   4  19  520000   1.1812 44:57:10 -3.61713655171E+05 -3.60520258847E+05  0.37274  0.31703  0.19148  0.51081 -0.25405  0.36750  1.00000  1.00000  0.45862  0.35912 -0.43677 -0.21592 -0.27840 -0.90638 -0.90540 -0.39850  0.00000  0.00000 -0.88116 -0.56734
10   4  20  532169   1.4000 44:57:10 -3.61706248142E+05 -3.60520258847E+05  0.37339  0.30716  0.19494  0.51132 -0.25276  0.36815  1.00000  1.00000  0.45918  0.35979 -0.43677 -0.20872 -0.28598 -0.90638 -0.90540 -0.39850  0.00000  0.00000 -0.88116 -0.56734
10   4  21  560039   1.2000 45:57:10 -3.61962553862E+05 -3.60520258847E+05  0.38165  0.32104  0.20542  0.51776 -0.23625  0.37648  1.00000  1.00000  1.00000  0.32238 -0.43677 -0.21279 -0.28600 -0.90638 -0.90540 -0.39850  0.00000  0.00000  0.00000 -0.47348
10   4  21  564000   0.9676 46:57:10 -3.61837110845E+05 -3.60520258847E+05  0.38165  0.32104  0.20542  0.51776 -0.23625  0.37648  1.00000  1.00000  1.00000  0.32238 -0.43677 -0.21279 -0.28600 -0.90638 -0.90540 -0.39850  0.00000  0.00000  0.00000 -0.47348
10   4  22  581361   1.1000 46:57:10 -3.61597909602E+05 -3.60520258847E+05  0.37249  0.30693  0.19349  0.51061 -0.25457  0.36724  0.52844  1.00000  1.00000  0.31234 -0.43677 -0.20829 -0.29533 -0.90638 -0.90540 -0.39850 -0.81409  0.00000  0.00000 -0.47348
10   4  22  604000   1.0082 48:57:10 -3.61684986404E+05 -3.60520258847E+05  0.37190  0.32268  0.18903  0.51016 -0.25609  1.00000  0.36665  0.52800  1.00000  0.31170 -0.43677 -0.22075 -0.28299 -0.90638 -0.89840  0.00000 -0.39850 -0.81409  0.00000 -0.47348
10   4  23  607448   1.9000 48:57:10 -3.61732893569E+05 -3.60520258847E+05  0.37190  0.32268  0.18903  0.51016 -0.25609  1.00000  0.36665  0.52800  1.00000  0.31170 -0.43677 -0.22075 -0.28299 -0.90638 -0.89840  0.00000 -0.39850 -0.81409  0.00000 -0.47348
10   4  24  633182   0.7000 49:57:10 -3.61615304079E+05 -3.60520258847E+05  0.37271  0.30698  0.19370  0.51078 -0.25797  1.00000  1.00000  0.36746  0.52861  0.31258 -0.43677 -0.20932 -0.29447 -0.90638 -0.91226  0.00000  0.00000 -0.39850 -0.81409 -0.47348
10   4  24  644000   0.8306 50:57:10 -3.61615304079E+05 -3.60520258847E+05  0.37234  0.31676  0.19077  0.51050 -0.25869  1.00000  1.00000  0.36709  0.52833  0.31218 -0.43677 -0.21473 -0.28714 -0.90638 -0.91226  0.00000  0.00000 -0.39850 -0.81409 -0.47348
10   4  25  656907   0.6000 50:57:10 -3.61639829241E+05 -3.60520258847E+05  0.37214  0.32294  0.18934  0.51034 -0.25911  1.00000  1.00000  0.36689  0.52818  0.31196 -0.43677 -0.22075 -0.28299 -0.90638 -0.91226  0.00000  0.00000 -0.39850 -0.81409 -0.47348
10   4  25  684000   0.8861 52:57:10 -3.61706839415E+05 -3.60520258847E+05  0.38153  0.32660  0.20280  0.51767 -0.23649  1.00000  1.00000  0.37636  1.00000  0.32225 -0.43677 -0.21592 -0.27840 -0.90638 -0.91740  0.00000  0.00000 -0.39850  0.00000 -0.47348
10   4 200  684215   0.0000 52:57:10 -3.60520258847E+05 -3.60520258847E+05  0.38153  1.00000  1.00000 -0.23649  0.51767  0.20280  1.00000  0.37636  0.32660  0.32225 -0.43677  0.00000  0.00000 -0.91740 -0.90638 -0.27840  0.00000 -0.39850 -0.21592 -0.47348
