Iter   Tolerance Admix(mean)   Admix(SD)    Fst1    Fst2    Fst3    Fst4    Fst5    Fst6    Fst7    Fst8    Fst9   QPop1   QPop2   QPop3   QPop4   QPop5   QPop6   QPop7   QPop8   QPop9
   1  4.3648E-03    0.841911    0.070598  0.1601 -0.3109  0.1975  0.0686  0.1165  0.1473  0.1046  0.0779  0.1082  0.1368  0.0942  0.1280  0.0965  0.1058  0.1291  0.1048  0.0981  0.1066
   2  4.8828E-03    0.715606    0.258224  0.2276 -0.2536  0.3114  0.1018  0.1729  0.1608  0.1359  0.1098  0.1429  0.1764  0.1227  0.1550  0.0731  0.0925  0.1221  0.0888  0.0765  0.0929
   3  2.7330E-03    0.614497    0.290670  0.2624 -0.2416  0.3675  0.0913  0.2496  0.1606  0.1589  0.0990  0.1908  0.2176  0.1238  0.1836  0.0589  0.0870  0.1037  0.0770  0.0622  0.0861
   4  2.8777E-03    0.507037    0.310029  0.2736 -0.2327  0.3850  0.0700  0.3555  0.1642  0.2341  0.0751  0.2757  0.2355  0.1239  0.1889  0.0470  0.0927  0.0909  0.0751  0.0500  0.0960
   5  1.6099E-03    0.414284    0.330097  0.2767 -0.2247  0.3901  0.0642  0.4061  0.1818  0.2984  0.0631  0.3168  0.2392  0.1240  0.1885  0.0389  0.0955  0.0869  0.0833  0.0417  0.1020
   6  4.7775E-04    0.362686    0.342517  0.2775 -0.2195  0.3926  0.0735  0.4236  0.2014  0.3211  0.0659  0.3314  0.2386  0.1240  0.1880  0.0344  0.0948  0.0907  0.0889  0.0371  0.1035
   7  1.8510E-04    0.333611    0.346786  0.2778 -0.2157  0.3944  0.0877  0.4296  0.2141  0.3284  0.0762  0.3367  0.2376  0.1240  0.1884  0.0317  0.0934  0.0965  0.0909  0.0344  0.1032
   8  9.7715E-05    0.315162    0.347687  0.2784 -0.2123  0.3959  0.1004  0.4319  0.2221  0.3314  0.0891  0.3392  0.2369  0.1240  0.1890  0.0296  0.0921  0.1021  0.0913  0.0326  0.1023
   9  5.3815E-05    0.302566    0.347693  0.2787 -0.2101  0.3971  0.1139  0.4329  0.2262  0.3327  0.1056  0.3404  0.2359  0.1240  0.1899  0.0280  0.0912  0.1066  0.0912  0.0316  0.1015
  10  4.4450E-05    0.293137    0.347115  0.2785 -0.2095  0.3977  0.1307  0.4327  0.2277  0.3325  0.1254  0.3403  0.2346  0.1240  0.1912  0.0270  0.0905  0.1103  0.0907  0.0313  0.1005
  11  3.0086E-04    0.283382    0.342315  0.2737 -0.2172  0.3938  0.2242  0.4271  0.2224  0.3261  0.1278  0.3349  0.2325  0.1244  0.1918  0.0313  0.0890  0.1121  0.0890  0.0314  0.0984
  12  3.9190E-04    0.271207    0.335038  0.2750 -0.2159  0.3943  0.2703  0.4266  0.2232  0.3258  0.1204  0.3354  0.2310  0.1236  0.1917  0.0379  0.0875  0.1138  0.0876  0.0299  0.0970
  13  2.1338E-04    0.258143    0.333738  0.2788 -0.2104  0.3972  0.2678  0.4286  0.2271  0.3284  0.1361  0.3389  0.2306  0.1207  0.1920  0.0413  0.0865  0.1161  0.0868  0.0293  0.0966
  14  2.1403E-05    0.252912    0.333551  0.2793 -0.2099  0.3977  0.2774  0.4283  0.2277  0.3281  0.1545  0.3390  0.2301  0.1202  0.1929  0.0404  0.0860  0.1179  0.0862  0.0300  0.0962
  15  1.0927E-05    0.250271    0.332603  0.2792 -0.2104  0.3977  0.2835  0.4276  0.2277  0.3275  0.1694  0.3386  0.2295  0.1200  0.1937  0.0396  0.0856  0.1193  0.0857  0.0307  0.0958
  16  4.3689E-06    0.248384    0.331927  0.2795 -0.2103  0.3981  0.2863  0.4272  0.2283  0.3272  0.1775  0.3385  0.2291  0.1198  0.1944  0.0392  0.0852  0.1206  0.0853  0.0309  0.0955
  17  2.5920E-06    0.246867    0.331493  0.2801 -0.2099  0.3986  0.2876  0.4270  0.2291  0.3271  0.1821  0.3386  0.2289  0.1196  0.1951  0.0389  0.0849  0.1218  0.0849  0.0308  0.0952
  18  1.8314E-06    0.245648    0.330945  0.2806 -0.2094  0.3991  0.2878  0.4268  0.2298  0.3271  0.1858  0.3386  0.2287  0.1195  0.1956  0.0387  0.0846  0.1228  0.0846  0.0306  0.0949
  19  1.2994E-06    0.244613    0.330384  0.2810 -0.2090  0.3995  0.2875  0.4267  0.2304  0.3271  0.1889  0.3386  0.2287  0.1193  0.1961  0.0385  0.0843  0.1238  0.0843  0.0304  0.0946
  20  4.2682E-06    0.243560    0.329569  0.2815 -0.2084  0.3999  0.2854  0.4263  0.2312  0.3270  0.1923  0.3388  0.2288  0.1192  0.1964  0.0380  0.0839  0.1249  0.0840  0.0303  0.0945
  21  1.5043E-06    0.242415    0.328631  0.2817 -0.2082  0.4002  0.2841  0.4258  0.2317  0.3267  0.1954  0.3388  0.2288  0.1190  0.1967  0.0377  0.0835  0.1259  0.0837  0.0304  0.0943
  22  9.6224E-07    0.241370    0.327795  0.2819 -0.2080  0.4004  0.2832  0.4253  0.2321  0.3264  0.1977  0.3388  0.2288  0.1188  0.1970  0.0375  0.0831  0.1268  0.0834  0.0304  0.0941
  23  7.4973E-07    0.240462    0.326924  0.2821 -0.2077  0.4006  0.2820  0.4249  0.2324  0.3261  0.1991  0.3386  0.2289  0.1187  0.1972  0.0374  0.0828  0.1277  0.0831  0.0304  0.0939
  24  5.8017E-07    0.239607    0.326129  0.2823 -0.2075  0.4008  0.2810  0.4246  0.2328  0.3259  0.1991  0.3386  0.2290  0.1185  0.1974  0.0372  0.0825  0.1286  0.0829  0.0302  0.0937
  25  3.0589E-06    0.238490    0.325071  0.2824 -0.2072  0.4011  0.2786  0.4240  0.2332  0.3256  0.2007  0.3384  0.2292  0.1184  0.1977  0.0368  0.0821  0.1296  0.0825  0.0304  0.0934
  26  1.0525E-06    0.237536    0.324060  0.2826 -0.2069  0.4012  0.2774  0.4236  0.2336  0.3252  0.2009  0.3382  0.2293  0.1183  0.1979  0.0365  0.0817  0.1305  0.0822  0.0305  0.0931
  27  7.3179E-07    0.236653    0.323206  0.2828 -0.2066  0.4014  0.2764  0.4232  0.2339  0.3249  0.2002  0.3381  0.2294  0.1181  0.1982  0.0364  0.0814  0.1313  0.0819  0.0304  0.0929
  28  5.3600E-07    0.235849    0.322168  0.2830 -0.2063  0.4017  0.2753  0.4228  0.2343  0.3247  0.1990  0.3380  0.2295  0.1180  0.1984  0.0362  0.0811  0.1322  0.0817  0.0304  0.0926
  29  4.7134E-07    0.235089    0.321195  0.2832 -0.2059  0.4019  0.2743  0.4224  0.2346  0.3244  0.1973  0.3379  0.2296  0.1178  0.1986  0.0361  0.0808  0.1330  0.0814  0.0304  0.0924
  30  4.4397E-07    0.234270    0.320126  0.2834 -0.2054  0.4021  0.2731  0.4221  0.2350  0.3242  0.1951  0.3378  0.2298  0.1177  0.1988  0.0359  0.0805  0.1339  0.0811  0.0302  0.0921
  31  2.2228E-06    0.233268    0.318723  0.2837 -0.2049  0.4024  0.2713  0.4218  0.2354  0.3239  0.1933  0.3377  0.2300  0.1175  0.1991  0.0356  0.0801  0.1349  0.0807  0.0302  0.0918
  32  2.9680E-06    0.232140    0.317339  0.2839 -0.2044  0.4027  0.2692  0.4213  0.2358  0.3236  0.1921  0.3376  0.2302  0.1174  0.1994  0.0351  0.0797  0.1360  0.0803  0.0302  0.0916
  33  1.4401E-06    0.231173    0.316028  0.2841 -0.2040  0.4028  0.2679  0.4209  0.2361  0.3232  0.1912  0.3375  0.2303  0.1173  0.1997  0.0349  0.0793  0.1371  0.0799  0.0303  0.0913
  34  8.4825E-07    0.230273    0.314923  0.2844 -0.2036  0.4031  0.2668  0.4205  0.2365  0.3229  0.1895  0.3373  0.2304  0.1172  0.2001  0.0347  0.0790  0.1380  0.0796  0.0302  0.0910
  35  6.8342E-07    0.229637    0.313667  0.2846 -0.2031  0.4033  0.2658  0.4202  0.2368  0.3226  0.1875  0.3372  0.2305  0.1170  0.2004  0.0346  0.0787  0.1390  0.0792  0.0300  0.0907
  36  6.3666E-07    0.228605    0.312429  0.2849 -0.2026  0.4036  0.2646  0.4198  0.2371  0.3224  0.1853  0.3372  0.2305  0.1169  0.2007  0.0344  0.0783  0.1400  0.0789  0.0299  0.0904
  37  5.4986E-07    0.227665    0.311092  0.2852 -0.2021  0.4038  0.2635  0.4195  0.2374  0.3222  0.1827  0.3371  0.2306  0.1168  0.2010  0.0342  0.0780  0.1410  0.0786  0.0297  0.0901
  38  5.2737E-07    0.226791    0.309757  0.2855 -0.2014  0.4041  0.2625  0.4192  0.2377  0.3220  0.1797  0.3371  0.2307  0.1166  0.2013  0.0341  0.0776  0.1419  0.0783  0.0295  0.0899
  39  5.1234E-07    0.225814    0.308356  0.2859 -0.2008  0.4044  0.2615  0.4189  0.2380  0.3219  0.1765  0.3371  0.2309  0.1165  0.2017  0.0340  0.0773  0.1430  0.0779  0.0292  0.0896
  40  5.3919E-07    0.224978    0.307076  0.2862 -0.2001  0.4048  0.2603  0.4187  0.2384  0.3218  0.1730  0.3371  0.2310  0.1164  0.2020  0.0338  0.0770  0.1439  0.0777  0.0289  0.0894
  41  5.7859E-07    0.223879    0.305612  0.2866 -0.1993  0.4051  0.2591  0.4184  0.2387  0.3216  0.1698  0.3372  0.2312  0.1163  0.2023  0.0336  0.0767  0.1449  0.0773  0.0286  0.0891
  42  5.6926E-07    0.222874    0.304022  0.2870 -0.1986  0.4054  0.2580  0.4182  0.2390  0.3215  0.1662  0.3372  0.2314  0.1162  0.2027  0.0334  0.0763  0.1459  0.0770  0.0283  0.0888
  43  6.5856E-07    0.221691    0.302463  0.2874 -0.1978  0.4058  0.2569  0.4180  0.2393  0.3215  0.1622  0.3373  0.2316  0.1161  0.2030  0.0332  0.0760  0.1469  0.0767  0.0280  0.0885
  44  6.6956E-07    0.220443    0.300811  0.2879 -0.1969  0.4062  0.2557  0.4178  0.2396  0.3215  0.1576  0.3374  0.2319  0.1160  0.2034  0.0330  0.0756  0.1479  0.0763  0.0276  0.0882
  45  7.1764E-07    0.219392    0.299174  0.2884 -0.1958  0.4066  0.2548  0.4177  0.2399  0.3215  0.1520  0.3376  0.2321  0.1159  0.2038  0.0329  0.0753  0.1489  0.0760  0.0272  0.0879
  46  8.9019E-07    0.218089    0.297435  0.2890 -0.1947  0.4071  0.2540  0.4176  0.2403  0.3217  0.1456  0.3379  0.2324  0.1158  0.2043  0.0326  0.0750  0.1499  0.0757  0.0267  0.0876
  47  8.2442E-07    0.216933    0.295677  0.2896 -0.1934  0.4077  0.2535  0.4177  0.2407  0.3219  0.1378  0.3382  0.2327  0.1157  0.2047  0.0325  0.0746  0.1509  0.0754  0.0262  0.0874
  48  4.7458E-06    0.215127    0.293259  0.2902 -0.1923  0.4081  0.2524  0.4176  0.2410  0.3220  0.1321  0.3385  0.2330  0.1155  0.2053  0.0324  0.0741  0.1518  0.0749  0.0260  0.0870
  49  3.8848E-06    0.213705    0.291003  0.2905 -0.1916  0.4083  0.2501  0.4174  0.2410  0.3219  0.1287  0.3386  0.2331  0.1153  0.2057  0.0321  0.0738  0.1529  0.0747  0.0257  0.0868
  50  2.4304E-06    0.212318    0.289153  0.2907 -0.1912  0.4084  0.2482  0.4171  0.2407  0.3218  0.1252  0.3386  0.2334  0.1151  0.2061  0.0319  0.0735  0.1538  0.0744  0.0252  0.0866
  51  1.6212E-06    0.211114    0.287226  0.2910 -0.1907  0.4085  0.2467  0.4169  0.2405  0.3216  0.1213  0.3385  0.2336  0.1151  0.2066  0.0317  0.0732  0.1548  0.0741  0.0247  0.0863
  52  1.7985E-06    0.209620    0.285167  0.2912 -0.1902  0.4085  0.2454  0.4166  0.2403  0.3214  0.1170  0.3385  0.2338  0.1150  0.2070  0.0314  0.0729  0.1558  0.0739  0.0241  0.0860
  53  1.7157E-06    0.208344    0.283154  0.2915 -0.1897  0.4086  0.2447  0.4164  0.2402  0.3213  0.1125  0.3385  0.2341  0.1149  0.2074  0.0312  0.0726  0.1567  0.0736  0.0236  0.0858
  54  1.5550E-06    0.207039    0.281332  0.2918 -0.1890  0.4088  0.2438  0.4163  0.2401  0.3213  0.1077  0.3386  0.2342  0.1149  0.2078  0.0310  0.0724  0.1576  0.0734  0.0231  0.0855
  55  3.2235E-06    0.205711    0.279177  0.2920 -0.1886  0.4088  0.2432  0.4160  0.2399  0.3211  0.1048  0.3386  0.2344  0.1148  0.2082  0.0310  0.0720  0.1585  0.0731  0.0227  0.0853
  56  2.9473E-06    0.204257    0.277030  0.2924 -0.1879  0.4089  0.2414  0.4160  0.2400  0.3212  0.1015  0.3387  0.2347  0.1148  0.2085  0.0307  0.0717  0.1595  0.0728  0.0224  0.0850
  57  6.9249E-06    0.202885    0.274927  0.2927 -0.1875  0.4089  0.2380  0.4159  0.2399  0.3211  0.1025  0.3387  0.2348  0.1146  0.2088  0.0304  0.0714  0.1604  0.0726  0.0222  0.0848
  58  8.0393E-06    0.201293    0.272643  0.2929 -0.1872  0.4086  0.2340  0.4157  0.2397  0.3209  0.1053  0.3387  0.2350  0.1145  0.2090  0.0301  0.0712  0.1613  0.0723  0.0220  0.0846
  59  8.7854E-06    0.199655    0.270216  0.2931 -0.1869  0.4085  0.2295  0.4155  0.2394  0.3208  0.1084  0.3386  0.2354  0.1145  0.2092  0.0296  0.0710  0.1622  0.0721  0.0217  0.0843
  60  9.9770E-06    0.198048    0.267920  0.2933 -0.1866  0.4083  0.2245  0.4153  0.2391  0.3208  0.1118  0.3386  0.2355  0.1145  0.2094  0.0292  0.0708  0.1631  0.0719  0.0215  0.0841
  61  1.6244E-05    0.196617    0.265833  0.2937 -0.1861  0.4083  0.2191  0.4154  0.2390  0.3209  0.1143  0.3388  0.2359  0.1144  0.2096  0.0285  0.0707  0.1641  0.0718  0.0209  0.0840
  62  1.3421E-05    0.195186    0.264168  0.2942 -0.1854  0.4085  0.2147  0.4156  0.2389  0.3211  0.1145  0.3391  0.2361  0.1144  0.2096  0.0281  0.0707  0.1650  0.0716  0.0205  0.0839
  63  1.1241E-05    0.193774    0.262530  0.2950 -0.1841  0.4091  0.2111  0.4162  0.2393  0.3217  0.1116  0.3397  0.2363  0.1144  0.2100  0.0276  0.0707  0.1658  0.0715  0.0199  0.0838
  64  1.0767E-05    0.192383    0.261065  0.2960 -0.1824  0.4098  0.2089  0.4170  0.2399  0.3225  0.1069  0.3404  0.2365  0.1143  0.2107  0.0271  0.0706  0.1665  0.0713  0.0193  0.0836
  65  1.0493E-05    0.191080    0.259695  0.2971 -0.1807  0.4106  0.2078  0.4178  0.2408  0.3233  0.1010  0.3413  0.2366  0.1143  0.2115  0.0267  0.0705  0.1672  0.0712  0.0186  0.0834
  66  9.7090E-06    0.189872    0.258334  0.2981 -0.1790  0.4114  0.2070  0.4186  0.2415  0.3241  0.0951  0.3421  0.2368  0.1143  0.2124  0.0264  0.0704  0.1678  0.0710  0.0178  0.0832
  67  7.5588E-06    0.188846    0.256800  0.2989 -0.1778  0.4120  0.2067  0.4190  0.2420  0.3247  0.0897  0.3426  0.2369  0.1143  0.2132  0.0262  0.0703  0.1683  0.0708  0.0171  0.0830
  68  4.6962E-06    0.188011    0.255420  0.2995 -0.1768  0.4125  0.2072  0.4193  0.2423  0.3252  0.0834  0.3431  0.2369  0.1143  0.2140  0.0262  0.0702  0.1686  0.0707  0.0165  0.0828
  69  2.2805E-06    0.187112    0.254032  0.3003 -0.1755  0.4131  0.2072  0.4198  0.2428  0.3258  0.0762  0.3437  0.2369  0.1143  0.2147  0.0260  0.0700  0.1690  0.0705  0.0161  0.0826
  70  9.8853E-06    0.185182    0.252712  0.3003 -0.1756  0.4131  0.2030  0.4195  0.2425  0.3257  0.0808  0.3436  0.2369  0.1143  0.2154  0.0252  0.0698  0.1693  0.0703  0.0165  0.0824
  71  1.3528E-06    0.184084    0.251526  0.3004 -0.1754  0.4131  0.2020  0.4194  0.2422  0.3256  0.0811  0.3436  0.2368  0.1143  0.2159  0.0249  0.0696  0.1697  0.0701  0.0165  0.0822
