K Run Tem Iterate    Move%     Time        CurrentLogL           BestLogL     Fst1     Fst2     Fst3     Fst4     Fst5     Fst6     Fst7     Fst8     Fst9     Fis1     Fis2     Fis3     Fis4     Fis5     Fis6     Fis7     Fis8     Fis9
9   5   1       0   1.0000 19:50:10 -4.48278623149E+05 -4.48278623149E+05 -0.02846  0.07516 -0.10190  0.18275 -0.06958 -0.09784  0.03558  0.05606 -0.06792 -0.07947 -0.09405 -0.12990 -0.13822 -0.15966 -0.15759 -0.11531 -0.11711 -0.15178
9   5   1     100   1.9802 19:50:10 -4.46279888710E+05 -4.46279888710E+05 -0.02846  0.07516 -0.10190  0.18275 -0.06958 -0.09784  0.03558  0.05606 -0.06792 -0.07947 -0.09405 -0.12990 -0.13822 -0.15966 -0.15759 -0.11531 -0.11711 -0.15178
9   5   1     200  36.4532 19:50:10 -4.18210295212E+05 -4.18210295212E+05  0.18275  0.07516 -0.09784 -0.10190 -0.02846  0.05606 -0.06958  0.03558 -0.06792 -0.13822 -0.09405 -0.15759 -0.12990 -0.07947 -0.11711 -0.15966 -0.11531 -0.15178
9   5   1     400  43.9206 19:50:10 -3.91344297589E+05 -3.91344297589E+05  0.18275  0.05606  0.07516 -0.09784 -0.06792 -0.06958 -0.02846  0.03558 -0.10190 -0.13822 -0.11711 -0.09405 -0.15759 -0.15178 -0.15966 -0.07947 -0.11531 -0.12990
9   5   1     800  38.6052 19:50:10 -3.84001688498E+05 -3.81594552424E+05  0.18275  0.07516 -0.06958  0.05606 -0.06792 -0.09784  0.03558 -0.02846 -0.10190 -0.13822 -0.09405 -0.15966 -0.11711 -0.15178 -0.15759 -0.11531 -0.07947 -0.12990
9   5   1    1600  39.8004 19:50:10 -3.77831146836E+05 -3.75433073276E+05  0.07516  0.18275 -0.06792 -0.06958  0.05606 -0.10190 -0.02846 -0.09784  0.03558 -0.09405 -0.13822 -0.15178 -0.15966 -0.11711 -0.12990 -0.07947 -0.15759 -0.11531
9   5   1    3200  37.6522 19:50:10 -3.78008493823E+05 -3.73907140550E+05 -0.02846  0.18275 -0.06958 -0.06792 -0.10190  0.05606  0.07516 -0.09784  0.03558 -0.07947 -0.13822 -0.15966 -0.15178 -0.12990 -0.11711 -0.09405 -0.15759 -0.11531
9   5   1    6400  39.4659 19:50:10 -3.79439931282E+05 -3.73907140550E+05 -0.02846  0.07516 -0.09784  0.05606 -0.06792  0.18275  0.03558 -0.06958 -0.10190 -0.07947 -0.09405 -0.15759 -0.11711 -0.15178 -0.13822 -0.11531 -0.15966 -0.12990
9   5   3   12800  36.0925 20:50:10 -3.78041438121E+05 -3.72529705545E+05  0.36022 -0.10535  0.56737  0.28016 -0.11230  1.00000  0.44503  0.26752  0.31147 -0.12222 -0.92467 -0.91554 -0.25242 -0.87328  0.00000 -0.22296 -0.22682 -0.26198
9   5   3   25600  28.1723 20:50:10 -3.89682564446E+05 -3.72529705545E+05  0.38050  0.29949  1.00000  1.00000  1.00000  0.05004  0.05203  1.00000  1.00000 -0.17305 -0.13505  0.00000  0.00000  0.00000 -0.87316 -0.93342  0.00000  0.00000
9   5   3   32000  23.7598 21:50:10 -3.81399270491E+05 -3.72529705545E+05  0.05203  0.38050  1.00000  1.00000  0.29949  1.00000  0.05004  1.00000  1.00000 -0.93342 -0.17305  0.00000  0.00000 -0.13505  0.00000 -0.87316  0.00000  0.00000
9   5   4   51200  34.3221 22:50:10 -3.79938706830E+05 -3.68632309568E+05  0.41700  0.39473  0.07259  0.07242  0.07544  0.06278  1.00000  1.00000  1.00000 -0.17705 -0.18380 -0.88302 -0.81079 -0.88763 -0.92069  0.00000  0.00000  0.00000
9   5   4   68000  32.5735 23:50:10 -3.76929273048E+05 -3.68632309568E+05  0.39214  0.41517  0.06429  1.00000  1.00000  0.06797  1.00000  1.00000  0.07587 -0.16908 -0.19431 -0.89577  0.00000  0.00000 -0.87922  0.00000  0.00000 -0.96029
9   5   6  102400  21.4760 25:50:10 -3.73764409549E+05 -3.67754464594E+05  0.35566  0.40430  1.00000  1.00000  0.00424  1.00000 -0.01327  1.00000  0.57030 -0.24746 -0.17724  0.00000  0.00000 -0.88419  0.00000 -0.88468  0.00000 -0.88116
9   5   6  104000  21.5435 25:50:10 -3.71085320932E+05 -3.67754464594E+05  0.35566  0.40430  1.00000  0.00424  1.00000  1.00000 -0.01327  1.00000  0.57030 -0.24746 -0.17724  0.00000 -0.88419  0.00000  0.00000 -0.88468  0.00000 -0.88116
9   5   7  116458  15.2000 25:50:10 -3.71209137063E+05 -3.67754464594E+05  0.34724  1.00000  0.29069 -0.09936  1.00000  1.00000  1.00000  0.52680  1.00000 -0.16167  0.00000 -0.25320 -0.88499  0.00000  0.00000  0.00000 -0.88116  0.00000
9   5   7  140000  20.9301 27:50:10 -3.69148771624E+05 -3.67241860564E+05  0.29698  0.33132  1.00000 -0.09611  1.00000  1.00000  1.00000  1.00000  0.52827 -0.22966 -0.19276  0.00000 -0.88533  0.00000  0.00000  0.00000  0.00000 -0.88116
9   5   8  159484  17.2000 28:50:10 -3.72445158093E+05 -3.65526862719E+05  0.29427  0.34171 -0.09795  1.00000  1.00000  1.00000  1.00000  0.52756  1.00000 -0.24478 -0.18296 -0.88753  0.00000  0.00000  0.00000  0.00000 -0.88116  0.00000
9   5   8  172000  15.7340 29:50:10 -3.70415805981E+05 -3.65526862719E+05  0.28867  0.38449  1.00000 -0.10352  1.00000  1.00000  1.00000  1.00000  0.39707 -0.23169 -0.22158  0.00000 -0.89756  0.00000  0.00000  0.00000  0.00000 -0.47348
9   5   8  208000  11.0723 31:50:10 -3.62969326684E+05 -3.59818877165E+05  0.38845  0.29145  0.20589  0.51972 -0.23140  0.37971  1.00000  0.46848  1.00000 -0.45833 -0.19965 -0.27399 -0.90638 -0.90887 -0.33875  0.00000 -0.88116  0.00000
9   5   9  226098   6.3000 32:50:10 -3.62802356355E+05 -3.58362056204E+05  0.50589  0.29444  1.00000  0.51767 -0.24035  0.34954  1.00000  0.35241  0.20681 -0.87135 -0.21593  0.00000 -0.90660 -0.88936 -0.33331  0.00000 -0.54669 -0.26595
9   5   9  244000   9.4083 33:50:10 -3.60203942274E+05 -3.58013932857E+05  0.37234  1.00000  0.31173  0.51086 -0.25849  0.36709  0.18794  0.35871  0.45827 -0.43677  0.00000 -0.21849 -0.91927 -0.88936 -0.39850 -0.26876 -0.56734 -0.88116
9   5   9  272000   9.0151 35:50:10 -3.61246441655E+05 -3.56997366641E+05  0.36953  0.32707  0.25356  0.23284  0.17377  0.50442 -0.27413  0.35923  0.30363 -0.44473 -0.22721 -0.22756 -0.29743 -0.32480 -0.90638 -0.88936 -0.39850 -0.47348
9   5  10  289680  11.5000 36:50:10 -3.61357366647E+05 -3.56997366641E+05  0.37349  0.35484  0.18318  0.20420  0.50797 -0.26488  0.37771  1.00000  0.30863 -0.45833 -0.23263 -0.28851 -0.27497 -0.90638 -0.90158 -0.36313  0.00000 -0.47348
9   5  11  310152  10.8000 37:50:10 -3.60110846894E+05 -3.56997366641E+05  0.28916  0.45342  0.32008  0.56894 -0.10383  0.44265 -0.11091  0.42138  1.00000 -0.28424 -0.24392 -0.26301 -0.90638 -0.88970 -0.39850 -0.88845 -0.54669  0.00000
9   5  11  316000  10.1473 37:50:10 -3.59287076428E+05 -3.56997366641E+05  0.20803  0.35697  0.25327  0.52267 -0.22721  0.38282  1.00000  0.47174  1.00000 -0.29201 -0.22135 -0.26638 -0.90638 -0.88936 -0.39850  0.00000 -0.88116  0.00000
9   5  12  333076   2.0000 38:50:10 -3.60843627982E+05 -3.56997366641E+05  0.38101  0.27407  0.20183  0.51285 -0.25246  0.35230  0.46087  1.00000  0.36179 -0.44809 -0.20494 -0.28165 -0.90638 -0.88936 -0.37515 -0.88116  0.00000 -0.56734
9   5  12  336000   3.0002 39:50:10 -3.59566437026E+05 -3.56997366641E+05  0.38101  0.27407  0.20183  0.51285 -0.25246  0.35230  0.36179  0.46087  1.00000 -0.44809 -0.20494 -0.28165 -0.90638 -0.88936 -0.37515 -0.56734 -0.88116  0.00000
9   5  13  355350   2.8000 40:50:10 -3.58955105363E+05 -3.56997366641E+05  0.37259  0.29752  0.19409  0.51070 -0.25474  0.36735  0.52852  1.00000  0.31246 -0.43677 -0.20450 -0.29376 -0.90638 -0.89199 -0.39850 -0.81409  0.00000 -0.47348
9   5  13  372000   2.4292 41:50:10 -3.58847580828E+05 -3.56997366641E+05  0.38166  0.32235  0.20412  0.51777 -0.23986  1.00000  0.37649  1.00000  0.32239 -0.43677 -0.21303 -0.28239 -0.90638 -0.90878  0.00000 -0.39850  0.00000 -0.47348
9   5  14  380127   3.2000 41:50:10 -3.59904101025E+05 -3.56997366641E+05  0.38166  0.32235  0.20412  0.51777  1.00000 -0.23986  0.37649  1.00000  0.32239 -0.43677 -0.21303 -0.28239 -0.90638  0.00000 -0.90878 -0.39850  0.00000 -0.47348
9   5  15  408000   2.2268 43:50:10 -3.59073995230E+05 -3.56997366641E+05  0.38171  0.31349  0.20554  0.51781 -0.23994  0.37654  1.00000  1.00000  0.32245 -0.43677 -0.20734 -0.28680 -0.90638 -0.88533 -0.39850  0.00000  0.00000 -0.47348
9   5  16  414131   1.1000 43:50:10 -3.59266058156E+05 -3.56997366641E+05  0.37127  0.30540  0.19511  0.50967  0.37152 -0.26063  0.36602  1.00000  0.31101 -0.43677 -0.20932 -0.28112 -0.90638 -0.89931 -0.88936 -0.39850  0.00000 -0.47348
9   5  17  440000   2.2026 45:50:10 -3.56958369802E+05 -3.56615302690E+05  0.36199  0.34613  0.24182  0.16658  0.50243 -0.27925  0.33845  0.53079  0.30084 -0.43677 -0.23378 -0.29348 -0.32433 -0.90638 -0.88936 -0.37515 -0.83914 -0.47348
9   5  17  472000   2.1004 47:50:10 -3.56753462058E+05 -3.56526284135E+05  0.37135  0.37682  0.24266  0.18406  0.50973 -0.26054  1.00000  0.34816  0.31110 -0.43677 -0.24167 -0.26116 -0.32964 -0.90638 -0.90476  0.00000 -0.37515 -0.47348
9   5  18  491178   0.8000 48:50:10 -3.56539010633E+05 -3.56526284135E+05  0.37124  0.37748  0.24252  0.18626  0.50964 -0.26077  1.00000  0.34804  0.31097 -0.43677 -0.24856 -0.26116 -0.32021 -0.90638 -0.90476  0.00000 -0.37515 -0.47348
9   5  18  508000   1.3629 49:50:10 -3.56751379281E+05 -3.56526284135E+05  0.37113  0.36385  0.18201  0.24046  0.50956 -0.26098  1.00000  0.36588  0.31086 -0.43677 -0.23835 -0.33850 -0.25922 -0.90638 -0.90476  0.00000 -0.39850 -0.47348
9   5  19  517027   1.2000 49:50:10 -3.56607201278E+05 -3.56526284135E+05  0.37081  0.37781  0.18279  0.24061  0.50931 -0.26163  1.00000  0.36555  0.31050 -0.43677 -0.24392 -0.32158 -0.26388 -0.90638 -0.90476  0.00000 -0.39850 -0.47348
9   5  20  525774   0.8000 50:50:10 -3.56674451492E+05 -3.56526284135E+05  0.37094  0.37142  0.24089  0.18116  0.50941 -0.26119  0.36568  1.00000  0.31064 -0.43677 -0.24161 -0.26517 -0.32352 -0.90638 -0.90158 -0.39850  0.00000 -0.47348
9   5  20  548000   0.9900 51:50:10 -3.56737235161E+05 -3.56526284135E+05  0.37135  0.37835  0.24266  0.18412  0.50973 -0.26053  0.34816  1.00000  0.31110 -0.43677 -0.24392 -0.26116 -0.33010 -0.90638 -0.90476 -0.37515  0.00000 -0.47348
9   5  21  551370   0.5000 51:50:10 -3.56669938437E+05 -3.56526284135E+05  0.37040  0.37740  0.23957  0.18288  0.50899 -0.25912  0.36513  1.00000  0.31005 -0.43677 -0.24392 -0.25922 -0.33010 -0.90638 -0.89199 -0.39850  0.00000 -0.47348
9   5  22  577987   0.7000 53:50:10 -3.56601012912E+05 -3.56526284135E+05  0.37104  0.37152  0.18091  0.24149  0.50948 -0.26117  1.00000  0.36578  0.31075 -0.43677 -0.24161 -0.32784 -0.25996 -0.90638 -0.90476  0.00000 -0.39850 -0.47348
9   5  22  580000   0.3688 53:50:10 -3.56539010633E+05 -3.56526284135E+05  0.37104  0.37152  0.24149  0.18091  0.50948 -0.26117  1.00000  0.36578  0.31075 -0.43677 -0.24161 -0.25996 -0.32784 -0.90638 -0.90476  0.00000 -0.39850 -0.47348
9   5  23  587503   0.7000 53:50:10 -3.56539010633E+05 -3.56526284135E+05  0.37062  0.37762  0.23984  0.18317  0.50916 -0.26200  1.00000  0.36536  0.31030 -0.43677 -0.24392 -0.25922 -0.33010 -0.90638 -0.90476  0.00000 -0.39850 -0.47348
9   5  24  616000   0.4759 55:50:10 -3.56532472502E+05 -3.56526284135E+05  0.37062  0.37762  0.23984  0.18317  0.50916 -0.26200  1.00000  0.36536  0.31030 -0.43677 -0.24392 -0.25922 -0.33010 -0.90638 -0.90476  0.00000 -0.39850 -0.47348
9   5  25  637122   0.7000 56:50:10 -3.56572271877E+05 -3.56526284135E+05  0.37033  0.37733  0.23647  0.18305  0.50893 -0.26241  0.36507  1.00000  0.30998 -0.43677 -0.24392 -0.26041 -0.32973 -0.90638 -0.90158 -0.39850  0.00000 -0.47348
9   5  26  653164   0.1000 57:50:10 -3.56559545379E+05 -3.56526284135E+05  0.37051  0.37751  0.23971  0.18303  0.50907 -0.26204  0.36525  1.00000  0.31018 -0.43677 -0.24392 -0.25922 -0.33010 -0.90638 -0.90158 -0.39850  0.00000 -0.47348
9   5  27  654039   0.3000 57:50:10 -3.56565733746E+05 -3.56526284135E+05  0.37051  0.37751  0.23971  0.18303  0.50907 -0.26204  0.36525  1.00000  0.31018 -0.43677 -0.24392 -0.25922 -0.33010 -0.90638 -0.90158 -0.39850  0.00000 -0.47348
9   5  27  656000   0.3700 57:50:10 -3.56572271877E+05 -3.56526284135E+05  0.37051  0.37751  0.23971  0.18303  0.50907 -0.26204  0.36525  1.00000  0.31018 -0.43677 -0.24392 -0.25922 -0.33010 -0.90638 -0.90158 -0.39850  0.00000 -0.47348
9   5  28  692000   0.6007 59:50:10 -3.56532472502E+05 -3.56526284135E+05  0.37159  0.37207  0.24295  0.18336  0.50992 -0.26006  1.00000  0.34841  0.31136 -0.43677 -0.24161 -0.26116 -0.33450 -0.90638 -0.90476  0.00000 -0.37515 -0.47348
9   5  30  716956   0.5000 00:51:10 -3.56539010633E+05 -3.56526284135E+05  0.37135  0.37835  0.24266  0.18412  0.50973 -0.26053  1.00000  0.34816  0.31110 -0.43677 -0.24392 -0.26116 -0.33010 -0.90638 -0.90476  0.00000 -0.37515 -0.47348
9   5  30  732000   0.5100 01:51:10 -3.56539010633E+05 -3.56526284135E+05  0.37087  0.37135  0.24014  0.18241  0.50935 -0.26151  1.00000  0.36561  0.31057 -0.43677 -0.24161 -0.25922 -0.33450 -0.90638 -0.90476  0.00000 -0.39850 -0.47348
9   5  31  738257   0.4000 01:51:10 -3.56532472502E+05 -3.56526284135E+05  0.37087  0.37135  0.24014  0.18241  0.50935 -0.26151  1.00000  0.36561  0.31057 -0.43677 -0.24161 -0.25922 -0.33450 -0.90638 -0.90476  0.00000 -0.39850 -0.47348
9   5  32  768000   0.3212 03:51:10 -3.56526284135E+05 -3.56526284135E+05  0.37135  0.37835  0.24266  0.18412  0.50973 -0.26053  1.00000  0.34816  0.31110 -0.43677 -0.24392 -0.26116 -0.33010 -0.90638 -0.90476  0.00000 -0.37515 -0.47348
9   5 200  787277   0.0000 04:51:10 -3.56526284135E+05 -3.56526284135E+05  0.37062  0.37762  0.23984  0.18317  0.50916 -0.26200  1.00000  0.36536  0.31030 -0.43677 -0.24392 -0.25922 -0.33010 -0.90638 -0.90476  0.00000 -0.39850 -0.47348
