Iter   Tolerance Admix(mean)   Admix(SD)    Fst1    Fst2    Fst3    Fst4    Fst5    Fst6   QPop1   QPop2   QPop3   QPop4   QPop5   QPop6
   1  1.2914E-02    0.741472    0.148989  0.1804 -0.3188  0.2271  0.1058  0.1750  0.1351  0.1844  0.1539  0.1887  0.1417  0.1795  0.1519
   2  6.3450E-03    0.611794    0.237528  0.2555 -0.2128  0.3383  0.1792  0.2151  0.1996  0.2309  0.1270  0.2285  0.1077  0.1754  0.1305
   3  3.4513E-03    0.507522    0.258861  0.2848 -0.1964  0.3762  0.2065  0.2318  0.2491  0.2590  0.1248  0.2533  0.0884  0.1551  0.1195
   4  2.3025E-03    0.421951    0.269757  0.2942 -0.1920  0.3841  0.2537  0.2554  0.3085  0.2678  0.1240  0.2587  0.0777  0.1501  0.1216
   5  1.5773E-03    0.353147    0.276999  0.2993 -0.1850  0.3877  0.2954  0.2780  0.3412  0.2698  0.1215  0.2611  0.0758  0.1524  0.1194
   6  5.0702E-04    0.307087    0.287807  0.3016 -0.1786  0.3898  0.3087  0.2930  0.3551  0.2736  0.1189  0.2651  0.0698  0.1561  0.1165
   7  1.2674E-04    0.282435    0.293287  0.3018 -0.1754  0.3905  0.3103  0.3014  0.3600  0.2770  0.1185  0.2703  0.0630  0.1576  0.1136
   8  5.1863E-05    0.268258    0.296281  0.3018 -0.1734  0.3907  0.3047  0.3071  0.3621  0.2791  0.1182  0.2748  0.0591  0.1575  0.1113
   9  2.8066E-05    0.259426    0.298205  0.3020 -0.1720  0.3908  0.2960  0.3114  0.3632  0.2805  0.1178  0.2783  0.0571  0.1566  0.1096
  10  1.7636E-05    0.253766    0.299535  0.3019 -0.1718  0.3904  0.2923  0.3145  0.3635  0.2816  0.1175  0.2811  0.0561  0.1555  0.1083
  11  1.0254E-05    0.250317    0.300609  0.3018 -0.1718  0.3899  0.2901  0.3172  0.3635  0.2824  0.1175  0.2833  0.0554  0.1541  0.1073
  12  7.7159E-06    0.248122    0.301384  0.3017 -0.1719  0.3895  0.2882  0.3198  0.3634  0.2831  0.1175  0.2852  0.0551  0.1527  0.1065
  13  6.5128E-06    0.246634    0.301985  0.3017 -0.1720  0.3892  0.2867  0.3223  0.3633  0.2837  0.1175  0.2868  0.0549  0.1513  0.1059
  14  5.5642E-06    0.245681    0.302376  0.3017 -0.1721  0.3889  0.2855  0.3249  0.3632  0.2843  0.1175  0.2881  0.0548  0.1499  0.1054
  15  3.5132E-06    0.244955    0.302545  0.3016 -0.1723  0.3887  0.2845  0.3273  0.3631  0.2847  0.1175  0.2889  0.0548  0.1489  0.1051
  16  3.0054E-06    0.244468    0.302634  0.3015 -0.1724  0.3884  0.2838  0.3294  0.3630  0.2851  0.1175  0.2896  0.0549  0.1480  0.1048
  17  2.5887E-06    0.244049    0.302707  0.3014 -0.1725  0.3883  0.2832  0.3314  0.3629  0.2855  0.1176  0.2902  0.0549  0.1471  0.1046
  18  1.2341E-06    0.243655    0.302767  0.3013 -0.1726  0.3881  0.2828  0.3332  0.3628  0.2858  0.1176  0.2906  0.0550  0.1465  0.1045
  19  7.1171E-07    0.243284    0.302805  0.3011 -0.1727  0.3879  0.2824  0.3347  0.3628  0.2859  0.1176  0.2909  0.0551  0.1462  0.1044
  20  7.2823E-07    0.242890    0.302880  0.3010 -0.1728  0.3877  0.2822  0.3359  0.3627  0.2861  0.1176  0.2910  0.0552  0.1458  0.1043
  21  3.7246E-07    0.242699    0.302874  0.3008 -0.1728  0.3876  0.2819  0.3370  0.3626  0.2862  0.1176  0.2912  0.0552  0.1456  0.1042
  22  3.5436E-07    0.242458    0.302920  0.3007 -0.1729  0.3875  0.2817  0.3378  0.3626  0.2863  0.1176  0.2913  0.0553  0.1453  0.1041
  23  2.6850E-07    0.242285    0.302973  0.3006 -0.1729  0.3874  0.2816  0.3385  0.3625  0.2864  0.1177  0.2914  0.0553  0.1452  0.1041
  24  1.2460E-07    0.242216    0.302990  0.3006 -0.1730  0.3873  0.2815  0.3392  0.3625  0.2864  0.1177  0.2915  0.0553  0.1450  0.1041
  25  9.4309E-08    0.242106    0.303048  0.3005 -0.1730  0.3872  0.2814  0.3397  0.3624  0.2865  0.1177  0.2916  0.0553  0.1449  0.1040
  26  6.8734E-08    0.242066    0.303073  0.3004 -0.1730  0.3872  0.2814  0.3401  0.3624  0.2865  0.1177  0.2916  0.0553  0.1448  0.1040
  27  5.7134E-08    0.242049    0.303080  0.3004 -0.1731  0.3871  0.2813  0.3405  0.3623  0.2865  0.1177  0.2917  0.0553  0.1447  0.1040
  28  6.1440E-08    0.241999    0.303119  0.3003 -0.1731  0.3870  0.2813  0.3409  0.3623  0.2865  0.1178  0.2918  0.0554  0.1446  0.1040
  29  7.8838E-08    0.241886    0.303214  0.3003 -0.1731  0.3870  0.2813  0.3412  0.3623  0.2865  0.1178  0.2918  0.0554  0.1445  0.1040
  30  5.5628E-08    0.241856    0.303241  0.3002 -0.1731  0.3869  0.2812  0.3414  0.3623  0.2865  0.1178  0.2918  0.0554  0.1445  0.1039
  31  8.1346E-08    0.241745    0.303343  0.3002 -0.1731  0.3869  0.2812  0.3416  0.3622  0.2865  0.1179  0.2919  0.0554  0.1444  0.1039
  32  7.4702E-08    0.241666    0.303419  0.3002 -0.1732  0.3868  0.2812  0.3418  0.3622  0.2866  0.1179  0.2919  0.0554  0.1443  0.1039
  33  4.7052E-08    0.241696    0.303410  0.3001 -0.1732  0.3868  0.2812  0.3420  0.3622  0.2866  0.1179  0.2919  0.0554  0.1443  0.1039
  34  5.0283E-08    0.241700    0.303430  0.3001 -0.1732  0.3868  0.2812  0.3422  0.3622  0.2866  0.1179  0.2920  0.0554  0.1442  0.1039
  35  7.2973E-08    0.241607    0.303525  0.3001 -0.1732  0.3867  0.2812  0.3423  0.3621  0.2866  0.1180  0.2920  0.0554  0.1442  0.1039
  36  6.3080E-08    0.241556    0.303589  0.3000 -0.1732  0.3867  0.2811  0.3424  0.3621  0.2866  0.1179  0.2920  0.0554  0.1441  0.1039
  37  7.8160E-08    0.241412    0.303726  0.3000 -0.1732  0.3867  0.2811  0.3425  0.3621  0.2866  0.1180  0.2920  0.0554  0.1441  0.1038
  38  3.8567E-08    0.241461    0.303712  0.3000 -0.1732  0.3866  0.2811  0.3427  0.3621  0.2866  0.1180  0.2921  0.0555  0.1440  0.1038
  39  7.4354E-08    0.241359    0.303817  0.3000 -0.1732  0.3866  0.2811  0.3428  0.3620  0.2866  0.1181  0.2921  0.0555  0.1440  0.1038
  40  4.1088E-08    0.241403    0.303809  0.3000 -0.1732  0.3866  0.2811  0.3428  0.3620  0.2866  0.1181  0.2921  0.0555  0.1439  0.1038
  41  6.2926E-08    0.241343    0.303886  0.2999 -0.1733  0.3866  0.2811  0.3429  0.3620  0.2866  0.1181  0.2921  0.0555  0.1439  0.1038
  42  5.1796E-08    0.241358    0.303904  0.2999 -0.1733  0.3865  0.2811  0.3430  0.3620  0.2866  0.1181  0.2922  0.0555  0.1438  0.1038
  43  8.6043E-08    0.241216    0.304044  0.2999 -0.1733  0.3865  0.2811  0.3431  0.3620  0.2866  0.1181  0.2922  0.0555  0.1438  0.1038
  44  5.6142E-08    0.241213    0.304078  0.2999 -0.1733  0.3865  0.2811  0.3431  0.3620  0.2866  0.1181  0.2922  0.0555  0.1437  0.1038
  45  9.1285E-08    0.241044    0.304243  0.2999 -0.1733  0.3865  0.2811  0.3432  0.3619  0.2866  0.1182  0.2922  0.0555  0.1437  0.1038
  46  6.0083E-08    0.240999    0.304309  0.2998 -0.1733  0.3864  0.2811  0.3432  0.3619  0.2866  0.1182  0.2922  0.0555  0.1437  0.1038
  47  5.7354E-08    0.240971    0.304365  0.2998 -0.1733  0.3864  0.2812  0.3433  0.3619  0.2866  0.1182  0.2922  0.0555  0.1436  0.1038
  48  5.9544E-08    0.240944    0.304421  0.2998 -0.1733  0.3864  0.2812  0.3433  0.3619  0.2866  0.1183  0.2923  0.0555  0.1436  0.1038
  49  5.1381E-08    0.240942    0.304459  0.2998 -0.1733  0.3864  0.2812  0.3434  0.3619  0.2866  0.1183  0.2923  0.0556  0.1435  0.1038
  50  7.2368E-08    0.240850    0.304565  0.2998 -0.1733  0.3864  0.2812  0.3434  0.3619  0.2866  0.1183  0.2923  0.0556  0.1435  0.1038
  51  7.8921E-08    0.240708    0.304709  0.2998 -0.1733  0.3864  0.2812  0.3435  0.3619  0.2865  0.1183  0.2924  0.0556  0.1434  0.1037
