Iter   Tolerance Admix(mean)   Admix(SD)    Fst1    Fst2    Fst3    Fst4    Fst5    Fst6    Fst7    Fst8   QPop1   QPop2   QPop3   QPop4   QPop5   QPop6   QPop7   QPop8
   1  5.3171E-03    0.823806    0.075423  0.1659 -0.3177  0.1850  0.0786  0.1220  0.1140  0.1109  0.1558  0.1542  0.1050  0.1351  0.1082  0.1180  0.1187  0.1169  0.1440
   2  5.2820E-03    0.696993    0.256555  0.2332 -0.2507  0.3032  0.1315  0.1874  0.1561  0.1512  0.1792  0.1995  0.1237  0.1516  0.0827  0.1034  0.1036  0.0995  0.1359
   3  2.9040E-03    0.600781    0.286122  0.2629 -0.2418  0.3659  0.1350  0.2576  0.1975  0.1736  0.1776  0.2414  0.1244  0.1728  0.0678  0.0970  0.0960  0.0871  0.1134
   4  3.0876E-03    0.497629    0.305816  0.2706 -0.2375  0.3877  0.1302  0.3505  0.2709  0.2372  0.1711  0.2553  0.1244  0.1785  0.0552  0.1019  0.1054  0.0849  0.0945
   5  1.5659E-03    0.414154    0.331421  0.2715 -0.2338  0.3952  0.1434  0.4008  0.3105  0.2937  0.1741  0.2560  0.1244  0.1796  0.0478  0.1050  0.1101  0.0934  0.0837
   6  5.9174E-04    0.369349    0.345331  0.2708 -0.2339  0.3981  0.1952  0.4193  0.3241  0.3142  0.1872  0.2546  0.1242  0.1821  0.0472  0.1034  0.1092  0.0967  0.0826
   7  8.0726E-04    0.338254    0.341706  0.2677 -0.2388  0.3959  0.3032  0.4202  0.3243  0.3150  0.1989  0.2537  0.1245  0.1813  0.0555  0.0990  0.1052  0.0946  0.0862
   8  3.4925E-04    0.314835    0.335794  0.2683 -0.2371  0.3956  0.3279  0.4217  0.3266  0.3166  0.2108  0.2534  0.1233  0.1787  0.0596  0.0957  0.1033  0.0932  0.0927
   9  1.4186E-04    0.297971    0.331728  0.2710 -0.2314  0.3978  0.2972  0.4242  0.3301  0.3191  0.2191  0.2529  0.1217  0.1784  0.0599  0.0940  0.1019  0.0922  0.0990
  10  1.1459E-04    0.283222    0.329591  0.2727 -0.2267  0.3997  0.2706  0.4258  0.3324  0.3206  0.2230  0.2523  0.1193  0.1801  0.0587  0.0929  0.1009  0.0913  0.1046
  11  4.5466E-05    0.274011    0.326099  0.2728 -0.2250  0.4003  0.2606  0.4258  0.3330  0.3204  0.2230  0.2513  0.1186  0.1826  0.0559  0.0920  0.0999  0.0904  0.1092
  12  3.0923E-05    0.267179    0.322906  0.2726 -0.2244  0.4003  0.2577  0.4254  0.3329  0.3199  0.2216  0.2500  0.1182  0.1846  0.0543  0.0912  0.0992  0.0896  0.1130
  13  2.1637E-05    0.262222    0.320112  0.2726 -0.2240  0.4004  0.2566  0.4249  0.3328  0.3194  0.2200  0.2487  0.1180  0.1861  0.0532  0.0905  0.0986  0.0888  0.1161
  14  1.6690E-05    0.258141    0.317880  0.2727 -0.2236  0.4006  0.2558  0.4246  0.3326  0.3191  0.2186  0.2475  0.1178  0.1875  0.0525  0.0899  0.0980  0.0882  0.1187
  15  1.3039E-05    0.254638    0.316012  0.2729 -0.2232  0.4008  0.2549  0.4242  0.3325  0.3188  0.2174  0.2464  0.1177  0.1886  0.0519  0.0894  0.0975  0.0875  0.1210
  16  1.0077E-05    0.251617    0.314536  0.2732 -0.2229  0.4010  0.2542  0.4240  0.3324  0.3186  0.2165  0.2455  0.1175  0.1895  0.0516  0.0889  0.0970  0.0870  0.1230
  17  7.7708E-06    0.248893    0.313349  0.2734 -0.2225  0.4012  0.2535  0.4237  0.3322  0.3185  0.2159  0.2447  0.1174  0.1903  0.0512  0.0885  0.0966  0.0866  0.1247
  18  5.9574E-06    0.246524    0.312370  0.2737 -0.2222  0.4014  0.2528  0.4234  0.3321  0.3183  0.2155  0.2442  0.1173  0.1910  0.0509  0.0881  0.0962  0.0861  0.1261
  19  1.4731E-05    0.244018    0.310987  0.2740 -0.2217  0.4017  0.2509  0.4230  0.3317  0.3181  0.2156  0.2442  0.1172  0.1915  0.0503  0.0877  0.0956  0.0857  0.1279
  20  6.6153E-06    0.241770    0.309993  0.2742 -0.2213  0.4019  0.2498  0.4227  0.3315  0.3179  0.2156  0.2441  0.1170  0.1920  0.0499  0.0873  0.0951  0.0852  0.1294
  21  4.1782E-06    0.239885    0.309221  0.2744 -0.2210  0.4020  0.2491  0.4224  0.3314  0.3177  0.2157  0.2439  0.1169  0.1924  0.0495  0.0869  0.0947  0.0848  0.1307
  22  1.7186E-05    0.237751    0.307692  0.2748 -0.2202  0.4024  0.2459  0.4216  0.3316  0.3172  0.2162  0.2442  0.1168  0.1928  0.0485  0.0863  0.0946  0.0842  0.1326
  23  7.3701E-06    0.235890    0.306634  0.2750 -0.2197  0.4027  0.2442  0.4211  0.3316  0.3171  0.2166  0.2442  0.1167  0.1932  0.0478  0.0857  0.0944  0.0838  0.1342
  24  9.9461E-06    0.234117    0.305430  0.2753 -0.2191  0.4030  0.2421  0.4205  0.3315  0.3171  0.2170  0.2442  0.1166  0.1937  0.0470  0.0851  0.0941  0.0834  0.1358
  25  4.8423E-06    0.232592    0.304491  0.2755 -0.2186  0.4032  0.2413  0.4201  0.3314  0.3170  0.2173  0.2441  0.1165  0.1942  0.0464  0.0846  0.0938  0.0831  0.1373
  26  3.3098E-06    0.231235    0.303668  0.2757 -0.2183  0.4035  0.2407  0.4197  0.3312  0.3169  0.2175  0.2439  0.1164  0.1946  0.0460  0.0842  0.0935  0.0828  0.1386
  27  2.3458E-06    0.230012    0.302956  0.2758 -0.2179  0.4037  0.2405  0.4194  0.3311  0.3168  0.2177  0.2437  0.1163  0.1950  0.0457  0.0839  0.0932  0.0825  0.1397
  28  1.7411E-06    0.228932    0.302242  0.2760 -0.2176  0.4039  0.2403  0.4191  0.3310  0.3167  0.2178  0.2436  0.1162  0.1953  0.0455  0.0835  0.0929  0.0823  0.1408
  29  1.2885E-06    0.228009    0.301496  0.2762 -0.2172  0.4041  0.2401  0.4188  0.3308  0.3166  0.2179  0.2434  0.1161  0.1957  0.0452  0.0832  0.0926  0.0820  0.1417
  30  1.0457E-06    0.227055    0.300820  0.2763 -0.2169  0.4043  0.2399  0.4186  0.3308  0.3165  0.2180  0.2434  0.1160  0.1959  0.0450  0.0829  0.0924  0.0818  0.1426
  31  9.3399E-07    0.226099    0.300157  0.2765 -0.2166  0.4044  0.2396  0.4183  0.3307  0.3164  0.2181  0.2433  0.1160  0.1962  0.0447  0.0827  0.0921  0.0815  0.1435
  32  7.8695E-07    0.225326    0.299353  0.2767 -0.2162  0.4047  0.2392  0.4181  0.3306  0.3163  0.2183  0.2433  0.1159  0.1965  0.0444  0.0824  0.0919  0.0813  0.1443
  33  6.7464E-06    0.224254    0.298052  0.2769 -0.2156  0.4049  0.2379  0.4177  0.3305  0.3161  0.2186  0.2436  0.1158  0.1967  0.0439  0.0820  0.0916  0.0810  0.1455
  34  2.4304E-06    0.223299    0.297054  0.2771 -0.2152  0.4051  0.2375  0.4174  0.3304  0.3159  0.2188  0.2436  0.1157  0.1970  0.0435  0.0817  0.0914  0.0807  0.1465
  35  1.6908E-06    0.222507    0.296015  0.2773 -0.2148  0.4053  0.2372  0.4171  0.3303  0.3157  0.2190  0.2436  0.1157  0.1972  0.0432  0.0814  0.0911  0.0804  0.1475
  36  5.0657E-06    0.221473    0.294651  0.2775 -0.2143  0.4056  0.2361  0.4168  0.3302  0.3155  0.2193  0.2437  0.1156  0.1975  0.0427  0.0811  0.0908  0.0799  0.1487
  37  2.1621E-06    0.220395    0.293503  0.2778 -0.2138  0.4059  0.2355  0.4166  0.3301  0.3153  0.2195  0.2438  0.1155  0.1979  0.0423  0.0808  0.0904  0.0796  0.1498
  38  1.3636E-06    0.219724    0.292338  0.2779 -0.2134  0.4061  0.2353  0.4163  0.3300  0.3151  0.2196  0.2437  0.1154  0.1981  0.0420  0.0805  0.0902  0.0793  0.1508
  39  1.0609E-06    0.218957    0.291352  0.2781 -0.2130  0.4063  0.2351  0.4161  0.3299  0.3149  0.2197  0.2437  0.1154  0.1984  0.0418  0.0802  0.0899  0.0790  0.1517
  40  9.2987E-07    0.218221    0.290348  0.2784 -0.2126  0.4065  0.2347  0.4158  0.3299  0.3148  0.2199  0.2437  0.1153  0.1986  0.0415  0.0800  0.0896  0.0787  0.1526
  41  7.7555E-07    0.217380    0.289430  0.2786 -0.2122  0.4068  0.2344  0.4156  0.3298  0.3147  0.2200  0.2436  0.1153  0.1987  0.0412  0.0797  0.0894  0.0785  0.1535
  42  6.7037E-07    0.216824    0.288378  0.2788 -0.2118  0.4070  0.2341  0.4154  0.3297  0.3146  0.2201  0.2436  0.1152  0.1989  0.0410  0.0795  0.0892  0.0782  0.1543
  43  6.1707E-07    0.216182    0.287408  0.2790 -0.2114  0.4072  0.2338  0.4152  0.3297  0.3145  0.2203  0.2437  0.1151  0.1991  0.0408  0.0793  0.0889  0.0780  0.1551
  44  6.2125E-07    0.215362    0.286478  0.2792 -0.2109  0.4074  0.2333  0.4150  0.3296  0.3144  0.2204  0.2437  0.1151  0.1992  0.0405  0.0791  0.0887  0.0778  0.1560
  45  5.5197E-07    0.214650    0.285581  0.2794 -0.2105  0.4076  0.2329  0.4148  0.3296  0.3143  0.2206  0.2437  0.1151  0.1993  0.0402  0.0789  0.0885  0.0776  0.1567
  46  4.8261E-07    0.214022    0.284540  0.2796 -0.2101  0.4079  0.2325  0.4146  0.3296  0.3142  0.2207  0.2437  0.1150  0.1995  0.0400  0.0787  0.0883  0.0773  0.1575
  47  5.5508E-07    0.213183    0.283552  0.2798 -0.2097  0.4081  0.2319  0.4143  0.3295  0.3141  0.2209  0.2437  0.1150  0.1996  0.0397  0.0785  0.0881  0.0771  0.1583
  48  4.6478E-07    0.212426    0.282586  0.2800 -0.2093  0.4083  0.2314  0.4141  0.3295  0.3140  0.2211  0.2437  0.1150  0.1998  0.0394  0.0782  0.0878  0.0769  0.1591
  49  4.3030E-07    0.211709    0.281610  0.2802 -0.2089  0.4085  0.2308  0.4139  0.3295  0.3139  0.2212  0.2438  0.1149  0.1999  0.0392  0.0781  0.0876  0.0767  0.1599
  50  4.3920E-07    0.210998    0.280543  0.2804 -0.2084  0.4087  0.2302  0.4137  0.3294  0.3138  0.2214  0.2439  0.1149  0.2000  0.0389  0.0778  0.0874  0.0764  0.1606
  51  5.2755E-07    0.210129    0.279402  0.2806 -0.2080  0.4090  0.2294  0.4135  0.3294  0.3137  0.2216  0.2439  0.1148  0.2002  0.0386  0.0776  0.0872  0.0762  0.1614
  52  3.9241E-07    0.209465    0.278247  0.2808 -0.2076  0.4092  0.2286  0.4133  0.3293  0.3136  0.2218  0.2440  0.1148  0.2004  0.0383  0.0774  0.0869  0.0760  0.1622
