 K Run Tem Iterate    Move%     Time        CurrentLogL           BestLogL     Fst1     Fst2     Fst3     Fst4     Fst5     Fst6     Fst7     Fst8     Fst9    Fst10     Fis1     Fis2     Fis3     Fis4     Fis5     Fis6     Fis7     Fis8     Fis9    Fis10
10   1   1       0   1.0000 13:55:10 -4.53108587056E+05 -4.53108587056E+05  0.04059 -0.05104 -0.15241  0.06931 -0.05362  0.04451 -0.05100  0.05200  0.02621  0.04119 -0.03294 -0.07139 -0.17307 -0.12528 -0.08518 -0.14169 -0.11434 -0.16893 -0.16295 -0.18911
10   1   1     100   1.0000 13:55:10 -4.50150982632E+05 -4.50150982632E+05  0.04059 -0.05104 -0.15241  0.06931 -0.05362  0.04451  0.04119  0.05200  0.02621 -0.05100 -0.03294 -0.07139 -0.17307 -0.12528 -0.08518 -0.14169 -0.18911 -0.16893 -0.16295 -0.11434
10   1   1     200  34.5000 13:55:10 -4.26061659692E+05 -4.25869544595E+05  0.05200 -0.05104  0.06931  0.04059  0.04119 -0.05362 -0.15241 -0.05100  0.04451  0.02621 -0.16893 -0.07139 -0.12528 -0.03294 -0.18911 -0.08518 -0.17307 -0.11434 -0.14169 -0.16295
10   1   1     400  46.5000 13:55:10 -3.86448387708E+05 -3.86448387708E+05  0.04059  0.06931 -0.05104  0.05200 -0.15241 -0.05362  0.04451  0.02621 -0.05100  0.04119 -0.03294 -0.12528 -0.07139 -0.16893 -0.17307 -0.08518 -0.14169 -0.16295 -0.11434 -0.18911
10   1   1     800  42.5000 13:55:10 -3.82134543935E+05 -3.80441433568E+05  0.04059  0.06931 -0.05104  0.04451  0.02621 -0.05362 -0.15241  0.04119 -0.05100  0.05200 -0.03294 -0.12528 -0.07139 -0.14169 -0.16295 -0.08518 -0.17307 -0.18911 -0.11434 -0.16893
10   1   1    1600  39.1250 13:55:10 -3.79944438775E+05 -3.77610948876E+05 -0.05104  0.05200  0.04119  0.04059 -0.05100 -0.15241  0.06931 -0.05362  0.04451  0.02621 -0.07139 -0.16893 -0.18911 -0.03294 -0.11434 -0.17307 -0.12528 -0.08518 -0.14169 -0.16295
10   1   1    3200  40.4688 13:55:10 -3.81971069860E+05 -3.75185182598E+05  0.06931  0.04451  0.04059 -0.05104 -0.05362 -0.15241 -0.05100  0.04119  0.02621  0.05200 -0.12528 -0.14169 -0.03294 -0.07139 -0.08518 -0.17307 -0.11434 -0.18911 -0.16295 -0.16893
10   1   2    6400  26.1637 14:55:10 -3.77725057165E+05 -3.70336732401E+05  0.06931  0.05200  0.04451  0.04119  0.04059 -0.05362 -0.15241 -0.05104 -0.05100  0.02621 -0.12528 -0.16893 -0.14169 -0.18911 -0.03294 -0.08518 -0.17307 -0.07139 -0.11434 -0.16295
10   1   2   12800  29.8343 14:55:10 -3.79142600163E+05 -3.70336732401E+05  0.38927  0.43787  0.46227  0.29508 -0.03487  0.32354 -0.03706  1.00000 -0.03191  0.31482  0.05066 -0.27373 -0.55353 -0.15464 -0.87444 -0.17683 -0.87968  0.00000 -0.95512 -0.24834
10   1   2   25600  31.2117 15:55:10 -3.80048281794E+05 -3.70336732401E+05  0.28950  0.30200  0.46546  1.00000 -0.10517 -0.11607  1.00000  0.39691  0.32633  0.52307 -0.24252 -0.22634 -0.25747  0.00000 -0.90448 -0.83753  0.00000 -0.29594 -0.20263 -0.88116
10   1   2   28000  31.2881 15:55:10 -3.78753843525E+05 -3.70336732401E+05  0.46546  0.39691  0.30200 -0.11607 -0.10517  0.32633  0.28950  1.00000  1.00000  0.52307 -0.25747 -0.29594 -0.22634 -0.83753 -0.90448 -0.20263 -0.24252  0.00000  0.00000 -0.88116
10   1   3   51200  28.0373 16:55:10 -3.77871613313E+05 -3.70336732401E+05  0.43391  0.48469  0.05986  1.00000  0.06136  0.05510  0.39538  1.00000  1.00000  0.05857 -0.18373 -0.47348 -0.93261  0.00000 -0.94106 -0.80902 -0.23468  0.00000  0.00000 -0.81697
10   1   4   68000  22.3964 17:55:10 -3.78403404127E+05 -3.70336732401E+05  0.46310  0.39120  0.05770  0.06467  0.06465  1.00000  1.00000  1.00000  1.00000  1.00000 -0.18379 -0.21151 -0.90714 -0.81694 -0.90760  0.00000  0.00000  0.00000  0.00000  0.00000
10   1   5  100000  23.8237 19:55:10 -3.76456541865E+05 -3.70336732401E+05  0.42240  0.38156  0.03313  0.04373  0.04516  1.00000  1.00000  1.00000  1.00000  0.47587 -0.18542 -0.22514 -0.90696 -0.81290 -0.93731  0.00000  0.00000  0.00000  0.00000 -0.47348
10   1   5  102400  23.9944 19:55:10 -3.74269008923E+05 -3.70336732401E+05  0.38158  0.42741  0.03292  0.04353  0.04496  1.00000  1.00000  1.00000  1.00000  0.47575 -0.22822 -0.19019 -0.90696 -0.81290 -0.93731  0.00000  0.00000  0.00000  0.00000 -0.47348
10   1   6  108597  20.1000 19:55:10 -3.71764374762E+05 -3.70336732401E+05  0.38158  0.42741  0.03292  0.04353  0.04496  1.00000  1.00000  1.00000  1.00000  0.47575 -0.22822 -0.19019 -0.90696 -0.81290 -0.93731  0.00000  0.00000  0.00000  0.00000 -0.47348
10   1   7  117845  14.7000 20:55:10 -3.72435825321E+05 -3.70336732401E+05  0.41272  0.39751  0.03645  0.04493  0.04441  1.00000  1.00000  1.00000  1.00000  0.47669 -0.19770 -0.23838 -0.86080 -0.87545 -0.90131  0.00000  0.00000  0.00000  0.00000 -0.47348
10   1   7  136000   8.2089 21:55:10 -3.70014062334E+05 -3.68693061302E+05  0.58245  0.43367  0.32138 -0.04981 -0.04893  1.00000  1.00000  1.00000  1.00000  0.42714 -0.87135 -0.24031 -0.22975 -0.89889 -0.80522  0.00000  0.00000  0.00000  0.00000 -0.47348
10   1   7  176000   9.5013 23:55:10 -3.64373186209E+05 -3.62285674173E+05  0.37796  0.31509  0.20243  0.51910  1.00000 -0.23620  1.00000  0.37821  1.00000  0.46780 -0.40848 -0.21197 -0.26497 -0.90638  0.00000 -0.91929  0.00000 -0.39850  0.00000 -0.88116
10   1   7  216000   9.1743 25:55:10 -3.64124062767E+05 -3.60771550031E+05  0.43132  0.28944  0.21996  0.16323  0.49925 -0.28743  0.36668  0.49736  1.00000  0.29637 -0.67994 -0.20721 -0.26956 -0.31525 -0.90638 -0.88936 -0.36313 -0.79248  0.00000 -0.47348
10   1   8  244000   8.9913 27:55:10 -3.64028814988E+05 -3.60771550031E+05  0.34747  0.31974  0.20093  0.51763 -0.24040  0.37631  1.00000  1.00000  1.00000  0.32220 -0.36465 -0.21013 -0.28096 -0.90638 -0.88443 -0.39850  0.00000  0.00000  0.00000 -0.47348
10   1   9  246358   3.5000 27:55:10 -3.63970843039E+05 -3.60771550031E+05  0.34747  0.31974  0.20093  0.51763 -0.24040  1.00000  0.37631  1.00000  0.32220  1.00000 -0.36465 -0.21013 -0.28096 -0.90638 -0.88443  0.00000 -0.39850  0.00000 -0.47348  0.00000
10   1  10  273461   1.8000 28:55:10 -3.63487201678E+05 -3.60771550031E+05  0.44528  0.38687  0.28615  0.56739 -0.10967  1.00000  0.44064  1.00000 -0.13289  0.39211 -0.43677 -0.20885 -0.28192 -0.90638 -0.88190  0.00000 -0.39850  0.00000 -0.89978 -0.47348
10   1  10  284000   2.1727 29:55:10 -3.63395329910E+05 -3.60771550031E+05  0.44541  0.38569  0.28811  0.56748 -0.10942  1.00000  0.44077  1.00000 -0.13263  0.39225 -0.43677 -0.20028 -0.29311 -0.90638 -0.88190  0.00000 -0.39850  0.00000 -0.89978 -0.47348
10   1  11  324000   2.6494 31:55:10 -3.62139346333E+05 -3.60771550031E+05  0.37207  0.32847  0.18880  0.51029 -0.25928  0.36682  1.00000  1.00000  0.35843  0.45804 -0.43677 -0.22581 -0.26884 -0.90638 -0.88806 -0.39850  0.00000  0.00000 -0.56734 -0.88116
10   1  12  327066   1.0000 31:55:10 -3.62057432094E+05 -3.60771550031E+05  0.38092  0.33240  0.20046  0.51719 -0.24169  1.00000  0.37574  1.00000  1.00000  0.32158 -0.43677 -0.22075 -0.27877 -0.90638 -0.90052  0.00000 -0.39850  0.00000  0.00000 -0.47348
10   1  13  339823   1.7000 32:55:10 -3.61756126107E+05 -3.60771550031E+05  0.38084  0.33411  0.19899  0.51713 -0.23773  1.00000  0.37567  1.00000  1.00000  0.32150 -0.43677 -0.21553 -0.27148 -0.90638 -0.91357  0.00000 -0.39850  0.00000  0.00000 -0.47348
10   1  13  360000   1.5804 33:55:10 -3.62232672800E+05 -3.60771550031E+05  0.38184  0.32196  0.20434  0.51791 -0.23546  1.00000  0.37667  1.00000  1.00000  0.32259 -0.43677 -0.21012 -0.28328 -0.90638 -0.92504  0.00000 -0.39850  0.00000  0.00000 -0.47348
10   1  14  363384   1.5000 33:55:10 -3.61990404628E+05 -3.60771550031E+05  0.38184  0.32196  0.20434  0.51791 -0.23546  1.00000  0.37667  1.00000  1.00000  0.32259 -0.43677 -0.21012 -0.28328 -0.90638 -0.92504  0.00000 -0.39850  0.00000  0.00000 -0.47348
10   1  15  386458   0.9000 34:55:10 -3.61611188171E+05 -3.60771550031E+05  0.38124  0.33275  0.20131  0.51744 -0.23666  1.00000  0.37607  1.00000  1.00000  0.32193 -0.43677 -0.22075 -0.27524 -0.90638 -0.92504  0.00000 -0.39850  0.00000  0.00000 -0.47348
10   1  15  400000   1.2103 35:55:10 -3.61611188171E+05 -3.60771550031E+05  0.38124  0.33275  0.20131  0.51744 -0.23666  1.00000  0.37607  1.00000  1.00000  0.32193 -0.43677 -0.22075 -0.27524 -0.90638 -0.92504  0.00000 -0.39850  0.00000  0.00000 -0.47348
10   1  17  426516   1.0000 36:55:10 -3.61677146296E+05 -3.60771550031E+05  0.38183  0.32196  0.20448  0.51790 -0.23548  1.00000  0.37666  1.00000  1.00000  0.32258 -0.43677 -0.21243 -0.28239 -0.90638 -0.92504  0.00000 -0.39850  0.00000  0.00000 -0.47348
10   1  17  436000   1.2056 37:55:10 -3.61601556761E+05 -3.60771550031E+05  0.38238  0.31280  0.20781  0.51833 -0.23439  1.00000  0.37722  1.00000  1.00000  0.32318 -0.43677 -0.20507 -0.29066 -0.90638 -0.92504  0.00000 -0.39850  0.00000  0.00000 -0.47348
10   1  18  449840   1.3000 37:55:10 -3.61611188171E+05 -3.60771550031E+05  0.38211  0.31756  0.20606  0.51812 -0.23492  1.00000  0.37695  1.00000  1.00000  0.32289 -0.43677 -0.20829 -0.28680 -0.90638 -0.92504  0.00000 -0.39850  0.00000  0.00000 -0.47348
10   1  19  469700   0.4000 38:55:10 -3.61601556761E+05 -3.60771550031E+05  0.38154  0.32741  0.20272  0.51768 -0.23605  1.00000  0.37637  1.00000  1.00000  0.32227 -0.43677 -0.21543 -0.27915 -0.90638 -0.92504  0.00000 -0.39850  0.00000  0.00000 -0.47348
10   1  19  476000   0.8691 39:55:10 -3.61678587707E+05 -3.60771550031E+05  0.38154  0.32741  0.20272  0.51768 -0.23605  1.00000  0.37637  1.00000  1.00000  0.32227 -0.43677 -0.21543 -0.27915 -0.90638 -0.92504  0.00000 -0.39850  0.00000  0.00000 -0.47348
10   1  20  493013   1.2000 39:55:10 -3.61656656290E+05 -3.60771550031E+05  0.38210  0.31736  0.20600  0.51811 -0.23494  1.00000  0.37693  1.00000  1.00000  0.32288 -0.43677 -0.20932 -0.28600 -0.90638 -0.92504  0.00000 -0.39850  0.00000  0.00000 -0.47348
10   1  20  512000   0.9822 41:55:10 -3.61671609769E+05 -3.60771550031E+05  0.38211  0.31756  0.20606  0.51812 -0.23492  1.00000  0.37695  1.00000  1.00000  0.32289 -0.43677 -0.20829 -0.28680 -0.90638 -0.92504  0.00000 -0.39850  0.00000  0.00000 -0.47348
10   1  22  552000   0.8173 43:55:10 -3.61611188171E+05 -3.60771550031E+05  0.38124  0.33275  0.20131  0.51744 -0.23666  1.00000  0.37607  1.00000  1.00000  0.32193 -0.43677 -0.22075 -0.27524 -0.90638 -0.92504  0.00000 -0.39850  0.00000  0.00000 -0.47348
10   1  23  562176   0.7000 43:55:10 -3.61621981366E+05 -3.60771550031E+05  0.38153  0.32738  0.20284  0.51767 -0.23608  1.00000  0.37636  1.00000  1.00000  0.32225 -0.43677 -0.21777 -0.27825 -0.90638 -0.92504  0.00000 -0.39850  0.00000  0.00000 -0.47348
10   1 200  584813   0.0000 44:55:10 -3.60771550031E+05 -3.60771550031E+05  0.38154  0.20272  1.00000  0.32741  1.00000  0.51768 -0.23605  0.37637  1.00000  0.32227 -0.43677 -0.27915  0.00000 -0.21543  0.00000 -0.90638 -0.92504 -0.39850  0.00000 -0.47348
